<?xml version="1.0" encoding="UTF-8" standalone="yes"?>

<cvg classname="ThumboDocument">
    <title>unnamed1</title>
    <desc>a2dCanvasDocument generated by wxArt2D</desc>
    <o classname="a2dLayers" id="8789681" hitflags=" visible">
        <o classname="a2dLayerInfo" id="8789773" name="Layer 0" hitflags=" visible" layervisible="true" layerselectable="true" readlayer="true" inmap="0" outmap="0" order="0" description="" feature="" subfeature="" type="" polarity="true" span="" area="0">
            
            <properties>
                <o classname="a2dStrokeProperty" name="Stroke">
                    <o classname="a2dStroke" type="a2dSTROKE_ONE_COLOUR" colour="BLACK" width="0.1">
                    </o>
                </o>
                <o classname="a2dFillProperty" name="Fill">
                    <o classname="a2dFill" type="a2dFILL_ONE_COLOUR" colour="#FFFFC0">
                    </o>
                </o>
                <o classname="a2dBoolProperty" name="TemporaryObject" value="false">
                </o>
            </properties>
            
        </o>
        <o classname="a2dLayerInfo" id="8789912" name="Layer 1" layer="1" hitflags=" visible" layervisible="true" layerselectable="true" readlayer="true" inmap="1" outmap="1" order="1" description="" feature="" subfeature="" type="" polarity="true" span="" area="0">
            
            <properties>
                <o classname="a2dStrokeProperty" name="Stroke">
                    <o classname="a2dStroke" type="a2dSTROKE_ONE_COLOUR" colour="#04C9ED">
                    </o>
                </o>
                <o classname="a2dFillProperty" name="Fill">
                    <o classname="a2dFill" type="a2dFILL_BITMAP" colour="#CD7550" colour2="#373FA7" style="a2dFILL_STIPPLE_MASK_OPAQUE_TRANSPARENT" filename="pat01.bmp">
                    </o>
                </o>
            </properties>
            
        </o>
    </o>
    <o classname="a2dDrawing" id="8875897" name="top" rootobject="8876208" initialSizeX="100" initialSizeY="100" units_accuracy="0.001" units_scale="1" normalize_scale="1" units="non" units_measure="non" drawAsSymbol="false" hitflags=" visible">
        <o classname="a2dLayers" refid="8789681">
        </o>
        <drawing>
            <o classname="a2dCanvasObject" id="8876208" hitflags=" visible">
                <o classname="a2dCameleon" id="8876667" name="aap" hitflags=" visible"
                     transform="matrix( 1 0 0 1 0 -1 )"
                     appearances="8876733">
                    
                    <properties>
                        <o classname="a2dStringProperty" name="Name" value="aap">
                        </o>
                    </properties>
                    
                    <appearances>
                        <o classname="a2dDrawing" id="8876733" name="" rootobject="8963017" initialSizeX="100" initialSizeY="100" units_accuracy="0.001" units_scale="1" normalize_scale="1" units="non" units_measure="non" drawAsSymbol="false" hitflags=" visible">
                            <o classname="a2dLayers" hitflags=" visible">
                                <o classname="a2dLayerInfo" id="8876893" name="Layer 0" hitflags=" visible" layervisible="true" layerselectable="true" readlayer="true" inmap="0" outmap="0" order="0" description="" feature="" subfeature="" type="" polarity="true" span="" area="0">
                                    
                                    <properties>
                                        <o classname="a2dStrokeProperty" name="Stroke">
                                            <o classname="a2dStroke" type="a2dSTROKE_ONE_COLOUR" colour="#269430">
                                            </o>
                                        </o>
                                        <o classname="a2dFillProperty" name="Fill">
                                            <o classname="a2dFill" type="a2dFILL_BITMAP" colour="#EEB329" colour2="#E67754" style="a2dFILL_STIPPLE_MASK_OPAQUE_TRANSPARENT" filename="pat00.bmp">
                                            </o>
                                        </o>
                                    </properties>
                                    
                                </o>
                                <o classname="a2dLayerInfo" id="8877032" name="Layer 1" layer="1" hitflags=" visible" layervisible="true" layerselectable="true" readlayer="true" inmap="1" outmap="1" order="1" description="" feature="" subfeature="" type="" polarity="true" span="" area="0">
                                    
                                    <properties>
                                        <o classname="a2dStrokeProperty" name="Stroke">
                                            <o classname="a2dStroke" type="a2dSTROKE_ONE_COLOUR" colour="#04C9ED">
                                            </o>
                                        </o>
                                        <o classname="a2dFillProperty" name="Fill">
                                            <o classname="a2dFill" type="a2dFILL_BITMAP" colour="#CD7550" colour2="#373FA7" style="a2dFILL_STIPPLE_MASK_OPAQUE_TRANSPARENT" filename="pat01.bmp">
                                            </o>
                                        </o>
                                    </properties>
                                    
                                </o>
                            </o>
                            <drawing>
                                <o classname="a2dCanvasObject" id="8963017" hitflags=" visible">
                                    <o classname="a2dSymbol" id="8963586" hitflags=" visible" drawing="8963625">
                                        <drawing>
                                            <o classname="a2dDrawing" id="8963625" name="" rootobject="9049880" initialSizeX="100" initialSizeY="100" units_accuracy="0.001" units_scale="1" normalize_scale="1" units="non" units_measure="non" drawAsSymbol="false" hitflags=" visible">
                                                <o classname="a2dLayers" hitflags=" visible">
                                                    <o classname="a2dLayerInfo" id="8963756" name="Layer 0" hitflags=" visible" layervisible="true" layerselectable="true" readlayer="true" inmap="0" outmap="0" order="0" description="" feature="" subfeature="" type="" polarity="true" span="" area="0">
                                                        
                                                        <properties>
                                                            <o classname="a2dStrokeProperty" name="Stroke">
                                                                <o classname="a2dStroke" type="a2dSTROKE_ONE_COLOUR" colour="#269430">
                                                                </o>
                                                            </o>
                                                            <o classname="a2dFillProperty" name="Fill">
                                                                <o classname="a2dFill" type="a2dFILL_BITMAP" colour="#EEB329" colour2="#E67754" style="a2dFILL_STIPPLE_MASK_OPAQUE_TRANSPARENT" filename="pat00.bmp">
                                                                </o>
                                                            </o>
                                                            <o classname="a2dBoolProperty" name="TemporaryObject" value="false">
                                                            </o>
                                                        </properties>
                                                        
                                                    </o>
                                                    <o classname="a2dLayerInfo" id="8963895" name="Layer 1" layer="1" hitflags=" visible" layervisible="true" layerselectable="true" readlayer="true" inmap="1" outmap="1" order="1" description="" feature="" subfeature="" type="" polarity="true" span="" area="0">
                                                        
                                                        <properties>
                                                            <o classname="a2dStrokeProperty" name="Stroke">
                                                                <o classname="a2dStroke" type="a2dSTROKE_ONE_COLOUR" colour="#04C9ED">
                                                                </o>
                                                            </o>
                                                            <o classname="a2dFillProperty" name="Fill">
                                                                <o classname="a2dFill" type="a2dFILL_BITMAP" colour="#CD7550" colour2="#373FA7" style="a2dFILL_STIPPLE_MASK_OPAQUE_TRANSPARENT" filename="pat01.bmp">
                                                                </o>
                                                            </o>
                                                        </properties>
                                                        
                                                    </o>
                                                </o>
                                                <drawing>
                                                    <o classname="a2dCanvasObject" id="9049880" hitflags=" visible">
                                                        <o classname="a2dRect" hitflags=" visible"
                                                             transform="matrix( 1 0 0 1 0 -25 )"
                                                             width="100" height="150">
                                                        </o>
                                                        <o classname="a2dPort" id="9050369" name="aap_1" hitflags=" visible">
                                                            
                                                            <properties>
                                                                <o classname="a2dStringProperty" name="Name" value="aap_1">
                                                                </o>
                                                            </properties>
                                                            
                                                            <o classname="a2dPin" id="9050445" name="1" hitflags=" visible" width="9" height="9" pinclass="standard">
                                                            </o>
                                                        </o>
                                                    </o>
                                                </drawing>
                                                
                                                <properties>
                                                    <o classname="a2dStringProperty" name="Name" value="">
                                                    </o>
                                                </properties>
                                                
                                            </o>
                                        </drawing>
                                    </o>
                                </o>
                            </drawing>
                            
                            <properties>
                                <o classname="a2dStringProperty" name="Name" value="">
                                </o>
                            </properties>
                            
                        </o>
                    </appearances>
                </o>
                <o classname="a2dCameleon" id="9050862" name="top" flags=" selected" hitflags=" visible"
                     transform="matrix( 1 0 0 1 0 -12 )"
                     appearances="9050928">
                    
                    <properties>
                        <o classname="a2dStringProperty" name="Name" value="top">
                        </o>
                    </properties>
                    
                    <appearances>
                        <o classname="a2dDrawing" id="9050928" name="" rootobject="9137212" initialSizeX="100" initialSizeY="100" units_accuracy="0.001" units_scale="1" normalize_scale="1" units="non" units_measure="non" drawAsSymbol="false" hitflags=" visible">
                            <o classname="a2dLayers" hitflags=" visible">
                                <o classname="a2dLayerInfo" id="9051088" name="Layer 0" hitflags=" visible" layervisible="true" layerselectable="true" readlayer="true" inmap="0" outmap="0" order="0" description="" feature="" subfeature="" type="" polarity="true" span="" area="0">
                                    
                                    <properties>
                                        <o classname="a2dStrokeProperty" name="Stroke">
                                            <o classname="a2dStroke" type="a2dSTROKE_ONE_COLOUR" colour="#269430">
                                            </o>
                                        </o>
                                        <o classname="a2dFillProperty" name="Fill">
                                            <o classname="a2dFill" type="a2dFILL_BITMAP" colour="#EEB329" colour2="#E67754" style="a2dFILL_STIPPLE_MASK_OPAQUE_TRANSPARENT" filename="pat00.bmp">
                                            </o>
                                        </o>
                                        <o classname="a2dBoolProperty" name="TemporaryObject" value="false">
                                        </o>
                                    </properties>
                                    
                                </o>
                                <o classname="a2dLayerInfo" id="9051227" name="Layer 1" layer="1" hitflags=" visible" layervisible="true" layerselectable="true" readlayer="true" inmap="1" outmap="1" order="1" description="" feature="" subfeature="" type="" polarity="true" span="" area="0">
                                    
                                    <properties>
                                        <o classname="a2dStrokeProperty" name="Stroke">
                                            <o classname="a2dStroke" type="a2dSTROKE_ONE_COLOUR" colour="#04C9ED">
                                            </o>
                                        </o>
                                        <o classname="a2dFillProperty" name="Fill">
                                            <o classname="a2dFill" type="a2dFILL_BITMAP" colour="#CD7550" colour2="#373FA7" style="a2dFILL_STIPPLE_MASK_OPAQUE_TRANSPARENT" filename="pat01.bmp">
                                            </o>
                                        </o>
                                    </properties>
                                    
                                </o>
                            </o>
                            <drawing>
                                <o classname="a2dCanvasObject" id="9137212" hitflags=" visible">
                                    <o classname="a2dDiagram" name="top cameleon overview" flags=" selected" hitflags=" visible" drawing="9137686">
                                        
                                        <properties>
                                            <o classname="a2dStringProperty" name="Name" value="top cameleon overview">
                                            </o>
                                        </properties>
                                        
                                        <drawing>
                                            <o classname="a2dDrawing" id="9137686" name="" rootobject="9223978" initialSizeX="100" initialSizeY="100" units_accuracy="0.001" units_scale="1" normalize_scale="1" units="non" units_measure="non" drawAsSymbol="false" hitflags=" visible">
                                                <o classname="a2dLayers" hitflags=" visible">
                                                    <o classname="a2dLayerInfo" id="9137846" name="Layer 0" hitflags=" visible" layervisible="true" layerselectable="true" readlayer="true" inmap="0" outmap="0" order="0" description="" feature="" subfeature="" type="" polarity="true" span="" area="0">
                                                        
                                                        <properties>
                                                            <o classname="a2dStrokeProperty" name="Stroke">
                                                                <o classname="a2dStroke" type="a2dSTROKE_ONE_COLOUR" colour="#269430">
                                                                </o>
                                                            </o>
                                                            <o classname="a2dFillProperty" name="Fill">
                                                                <o classname="a2dFill" type="a2dFILL_BITMAP" colour="#EEB329" colour2="#E67754" style="a2dFILL_STIPPLE_MASK_OPAQUE_TRANSPARENT" filename="pat00.bmp">
                                                                </o>
                                                            </o>
                                                            <o classname="a2dBoolProperty" name="TemporaryObject" value="false">
                                                            </o>
                                                        </properties>
                                                        
                                                    </o>
                                                    <o classname="a2dLayerInfo" id="9137985" name="Layer 1" layer="1" hitflags=" visible" layervisible="true" layerselectable="true" readlayer="true" inmap="1" outmap="1" order="1" description="" feature="" subfeature="" type="" polarity="true" span="" area="0">
                                                        
                                                        <properties>
                                                            <o classname="a2dStrokeProperty" name="Stroke">
                                                                <o classname="a2dStroke" type="a2dSTROKE_ONE_COLOUR" colour="#04C9ED">
                                                                </o>
                                                            </o>
                                                            <o classname="a2dFillProperty" name="Fill">
                                                                <o classname="a2dFill" type="a2dFILL_BITMAP" colour="#CD7550" colour2="#373FA7" style="a2dFILL_STIPPLE_MASK_OPAQUE_TRANSPARENT" filename="pat01.bmp">
                                                                </o>
                                                            </o>
                                                        </properties>
                                                        
                                                    </o>
                                                </o>
                                                <drawing>
                                                    <o classname="a2dCanvasObject" id="9223978" hitflags=" visible">
                                                        <o classname="a2dCameleonInst" name="ref1" hitflags=" visible"
                                                             transform="matrix( 1 0 0 1 20 50 )"
                                                             cameleon="8876667" appearance="8963586">
                                                            
                                                            <properties>
                                                                <o classname="a2dStringProperty" name="Name" value="ref1">
                                                                </o>
                                                            </properties>
                                                            
                                                            <o classname="a2dParPin" id="9224531" name="" hitflags=" visible" width="9" height="9" pinclass="standard" portid="9050369">
                                                            </o>
                                                        </o>
                                                        <o classname="a2dRect" hitflags=" visible"
                                                             transform="matrix( 1 0 0 1 60 -35 )"
                                                             width="200" height="50">
                                                        </o>
                                                        <o classname="a2dRect" hitflags=" visible"
                                                             transform="matrix( 1 0 0 1 160 -85 )"
                                                             width="200" height="50">
                                                        </o>
                                                        <o classname="a2dPolygonL" id="9431663" hitflags=" visible"
                                                             transform="matrix( 1 0 0 1 330.103 241.066 )"
                                                             points="0" contourwidth="0">
                                                        </o>
                                                        <o classname="a2dCircle" id="9828835" hitflags=" visible"
                                                             transform="matrix( 1 0 0 1 176.717 129.76 )"
                                                             radius="73.6846" contourwidth="0">
                                                            
                                                            <properties>
                                                                <o classname="a2dFillProperty" name="Fill">
                                                                    <o classname="a2dFill">
                                                                    </o>
                                                                </o>
                                                                <o classname="a2dStrokeProperty" name="Stroke">
                                                                    <o classname="a2dStroke">
                                                                    </o>
                                                                </o>
                                                            </properties>
                                                            
                                                        </o>
                                                        <o classname="a2dCircle" id="9895381" hitflags=" visible"
                                                             transform="matrix( 1 0 0 1 353.236 122.931 )"
                                                             radius="73.6846" contourwidth="0">
                                                            
                                                            <properties>
                                                                <o classname="a2dFillProperty" name="Fill">
                                                                    <o classname="a2dFill">
                                                                    </o>
                                                                </o>
                                                                <o classname="a2dStrokeProperty" name="Stroke">
                                                                    <o classname="a2dStroke">
                                                                    </o>
                                                                </o>
                                                            </properties>
                                                            
                                                        </o>
                                                    </o>
                                                </drawing>
                                                
                                                <properties>
                                                    <o classname="a2dStringProperty" name="Name" value="">
                                                    </o>
                                                </properties>
                                                
                                            </o>
                                        </drawing>
                                    </o>
                                </o>
                            </drawing>
                            
                            <properties>
                                <o classname="a2dStringProperty" name="Name" value="">
                                </o>
                            </properties>
                            
                        </o>
                    </appearances>
                </o>
                <o classname="a2dCameleon" id="9476287" name="a2dCircle" hitflags=" visible"
                     transform="matrix( 1 0 0 1 0 -23 )"
                     appearances="9475188">
                    
                    <properties>
                        <o classname="a2dStringProperty" name="Name" value="a2dCircle">
                        </o>
                    </properties>
                    
                    <appearances>
                        <o classname="a2dDrawing" id="9475188" name="" rootobject="9509006" initialSizeX="100" initialSizeY="100" units_accuracy="0.001" units_scale="1" normalize_scale="1" units="non" units_measure="non" drawAsSymbol="false" hitflags=" visible">
                            <o classname="a2dLayers" hitflags=" visible">
                                <o classname="a2dLayerInfo" id="9475541" name="Layer 0" hitflags=" visible" layervisible="true" layerselectable="true" readlayer="true" inmap="0" outmap="0" order="0" description="" feature="" subfeature="" type="" polarity="true" span="" area="0">
                                    
                                    <properties>
                                        <o classname="a2dStrokeProperty" name="Stroke">
                                            <o classname="a2dStroke" type="a2dSTROKE_ONE_COLOUR" colour="#269430">
                                            </o>
                                        </o>
                                        <o classname="a2dFillProperty" name="Fill">
                                            <o classname="a2dFill" type="a2dFILL_BITMAP" colour="#EEB329" colour2="#E67754" style="a2dFILL_STIPPLE_MASK_OPAQUE_TRANSPARENT" filename="pat00.bmp">
                                            </o>
                                        </o>
                                        <o classname="a2dBoolProperty" name="TemporaryObject" value="false">
                                        </o>
                                    </properties>
                                    
                                </o>
                                <o classname="a2dLayerInfo" id="9476382" name="Layer 1" layer="1" hitflags=" visible" layervisible="true" layerselectable="true" readlayer="true" inmap="1" outmap="1" order="1" description="" feature="" subfeature="" type="" polarity="true" span="" area="0">
                                    
                                    <properties>
                                        <o classname="a2dStrokeProperty" name="Stroke">
                                            <o classname="a2dStroke" type="a2dSTROKE_ONE_COLOUR" colour="#04C9ED">
                                            </o>
                                        </o>
                                        <o classname="a2dFillProperty" name="Fill">
                                            <o classname="a2dFill" type="a2dFILL_BITMAP" colour="#CD7550" colour2="#373FA7" style="a2dFILL_STIPPLE_MASK_OPAQUE_TRANSPARENT" filename="pat01.bmp">
                                            </o>
                                        </o>
                                    </properties>
                                    
                                </o>
                            </o>
                            <drawing>
                                <o classname="a2dCanvasObject" id="9509006" hitflags=" visible">
                                    <o classname="a2dBuildIn" name="a2dCircle" flags=" selected" hitflags=" visible" drawing="9509461">
                                        
                                        <properties>
                                            <o classname="a2dStringProperty" name="Name" value="a2dCircle">
                                            </o>
                                        </properties>
                                        
                                        <drawing>
                                            <o classname="a2dDrawing" id="9509461" name="" rootobject="9649504" initialSizeX="100" initialSizeY="100" units_accuracy="0.001" units_scale="1" normalize_scale="1" units="non" units_measure="non" drawAsSymbol="false" hitflags=" visible">
                                                <o classname="a2dLayers" hitflags=" visible">
                                                    <o classname="a2dLayerInfo" id="9509621" name="Layer 0" hitflags=" visible" layervisible="true" layerselectable="true" readlayer="true" inmap="0" outmap="0" order="0" description="" feature="" subfeature="" type="" polarity="true" span="" area="0">
                                                        
                                                        <properties>
                                                            <o classname="a2dStrokeProperty" name="Stroke">
                                                                <o classname="a2dStroke" type="a2dSTROKE_ONE_COLOUR" colour="#269430">
                                                                </o>
                                                            </o>
                                                            <o classname="a2dFillProperty" name="Fill">
                                                                <o classname="a2dFill" type="a2dFILL_BITMAP" colour="#EEB329" colour2="#E67754" style="a2dFILL_STIPPLE_MASK_OPAQUE_TRANSPARENT" filename="pat00.bmp">
                                                                </o>
                                                            </o>
                                                            <o classname="a2dBoolProperty" name="TemporaryObject" value="false">
                                                            </o>
                                                        </properties>
                                                        
                                                    </o>
                                                    <o classname="a2dLayerInfo" id="9509760" name="Layer 1" layer="1" hitflags=" visible" layervisible="true" layerselectable="true" readlayer="true" inmap="1" outmap="1" order="1" description="" feature="" subfeature="" type="" polarity="true" span="" area="0">
                                                        
                                                        <properties>
                                                            <o classname="a2dStrokeProperty" name="Stroke">
                                                                <o classname="a2dStroke" type="a2dSTROKE_ONE_COLOUR" colour="#04C9ED">
                                                                </o>
                                                            </o>
                                                            <o classname="a2dFillProperty" name="Fill">
                                                                <o classname="a2dFill" type="a2dFILL_BITMAP" colour="#CD7550" colour2="#373FA7" style="a2dFILL_STIPPLE_MASK_OPAQUE_TRANSPARENT" filename="pat01.bmp">
                                                                </o>
                                                            </o>
                                                        </properties>
                                                        
                                                    </o>
                                                </o>
                                                <drawing>
                                                    <o classname="a2dCanvasObject" id="9649504" hitflags=" visible">
                                                        <o classname="a2dCircle" id="9828657" hitflags=" visible"
                                                             transform="matrix( 1 0 0 1 -0.804974 0.274869 )"
                                                             radius="73.6846" contourwidth="0">
                                                            
                                                            <properties>
                                                                <o classname="a2dFillProperty" name="Fill">
                                                                    <o classname="a2dFill">
                                                                    </o>
                                                                </o>
                                                                <o classname="a2dStrokeProperty" name="Stroke">
                                                                    <o classname="a2dStroke">
                                                                    </o>
                                                                </o>
                                                            </properties>
                                                            
                                                        </o>
                                                    </o>
                                                </drawing>
                                                
                                                <properties>
                                                    <o classname="a2dStringProperty" name="Name" value="">
                                                    </o>
                                                </properties>
                                                
                                            </o>
                                        </drawing>
                                    </o>
                                </o>
                            </drawing>
                            
                            <properties>
                                <o classname="a2dStringProperty" name="Name" value="">
                                </o>
                            </properties>
                            
                        </o>
                    </appearances>
                </o>
                <o classname="a2dCameleon" name="a2dPolygonL" hitflags=" visible"
                     transform="matrix( 1 0 0 1 0 -34 )"
                     appearances="9716753">
                    
                    <properties>
                        <o classname="a2dStringProperty" name="Name" value="a2dPolygonL">
                        </o>
                    </properties>
                    
                    <appearances>
                        <o classname="a2dDrawing" id="9716753" name="" rootobject="9737109" initialSizeX="100" initialSizeY="100" units_accuracy="0.001" units_scale="1" normalize_scale="1" units="non" units_measure="non" drawAsSymbol="false" hitflags=" visible">
                            <o classname="a2dLayers" hitflags=" visible">
                                <o classname="a2dLayerInfo" id="9716904" name="Layer 0" hitflags=" visible" layervisible="true" layerselectable="true" readlayer="true" inmap="0" outmap="0" order="0" description="" feature="" subfeature="" type="" polarity="true" span="" area="0">
                                    
                                    <properties>
                                        <o classname="a2dStrokeProperty" name="Stroke">
                                            <o classname="a2dStroke" type="a2dSTROKE_ONE_COLOUR" colour="#269430">
                                            </o>
                                        </o>
                                        <o classname="a2dFillProperty" name="Fill">
                                            <o classname="a2dFill" type="a2dFILL_BITMAP" colour="#EEB329" colour2="#E67754" style="a2dFILL_STIPPLE_MASK_OPAQUE_TRANSPARENT" filename="pat00.bmp">
                                            </o>
                                        </o>
                                    </properties>
                                    
                                </o>
                                <o classname="a2dLayerInfo" id="9717043" name="Layer 1" layer="1" hitflags=" visible" layervisible="true" layerselectable="true" readlayer="true" inmap="1" outmap="1" order="1" description="" feature="" subfeature="" type="" polarity="true" span="" area="0">
                                    
                                    <properties>
                                        <o classname="a2dStrokeProperty" name="Stroke">
                                            <o classname="a2dStroke" type="a2dSTROKE_ONE_COLOUR" colour="#04C9ED">
                                            </o>
                                        </o>
                                        <o classname="a2dFillProperty" name="Fill">
                                            <o classname="a2dFill" type="a2dFILL_BITMAP" colour="#CD7550" colour2="#373FA7" style="a2dFILL_STIPPLE_MASK_OPAQUE_TRANSPARENT" filename="pat01.bmp">
                                            </o>
                                        </o>
                                    </properties>
                                    
                                </o>
                            </o>
                            <drawing>
                                <o classname="a2dCanvasObject" id="9737109" hitflags=" visible">
                                    <o classname="a2dBuildIn" name="a2dPolygonL" hitflags=" visible" drawing="9737564">
                                        
                                        <properties>
                                            <o classname="a2dStringProperty" name="Name" value="a2dPolygonL">
                                            </o>
                                        </properties>
                                        
                                        <drawing>
                                            <o classname="a2dDrawing" id="9737564" name="" rootobject="9823848" initialSizeX="100" initialSizeY="100" units_accuracy="0.001" units_scale="1" normalize_scale="1" units="non" units_measure="non" drawAsSymbol="false" hitflags=" visible">
                                                <o classname="a2dLayers" hitflags=" visible">
                                                    <o classname="a2dLayerInfo" id="9737724" name="Layer 0" hitflags=" visible" layervisible="true" layerselectable="true" readlayer="true" inmap="0" outmap="0" order="0" description="" feature="" subfeature="" type="" polarity="true" span="" area="0">
                                                        
                                                        <properties>
                                                            <o classname="a2dStrokeProperty" name="Stroke">
                                                                <o classname="a2dStroke" type="a2dSTROKE_ONE_COLOUR" colour="#269430">
                                                                </o>
                                                            </o>
                                                            <o classname="a2dFillProperty" name="Fill">
                                                                <o classname="a2dFill" type="a2dFILL_BITMAP" colour="#EEB329" colour2="#E67754" style="a2dFILL_STIPPLE_MASK_OPAQUE_TRANSPARENT" filename="pat00.bmp">
                                                                </o>
                                                            </o>
                                                        </properties>
                                                        
                                                    </o>
                                                    <o classname="a2dLayerInfo" id="9737863" name="Layer 1" layer="1" hitflags=" visible" layervisible="true" layerselectable="true" readlayer="true" inmap="1" outmap="1" order="1" description="" feature="" subfeature="" type="" polarity="true" span="" area="0">
                                                        
                                                        <properties>
                                                            <o classname="a2dStrokeProperty" name="Stroke">
                                                                <o classname="a2dStroke" type="a2dSTROKE_ONE_COLOUR" colour="#04C9ED">
                                                                </o>
                                                            </o>
                                                            <o classname="a2dFillProperty" name="Fill">
                                                                <o classname="a2dFill" type="a2dFILL_BITMAP" colour="#CD7550" colour2="#373FA7" style="a2dFILL_STIPPLE_MASK_OPAQUE_TRANSPARENT" filename="pat01.bmp">
                                                                </o>
                                                            </o>
                                                        </properties>
                                                        
                                                    </o>
                                                </o>
                                                <drawing>
                                                    <o classname="a2dCanvasObject" id="9823848" hitflags=" visible">
                                                        <o classname="a2dPolygonL" hitflags=" visible" points="0" contourwidth="0">
                                                        </o>
                                                    </o>
                                                </drawing>
                                                
                                                <properties>
                                                    <o classname="a2dStringProperty" name="Name" value="">
                                                    </o>
                                                </properties>
                                                
                                            </o>
                                        </drawing>
                                    </o>
                                </o>
                            </drawing>
                            
                            <properties>
                                <o classname="a2dStringProperty" name="Name" value="">
                                </o>
                            </properties>
                            
                        </o>
                    </appearances>
                </o>
            </o>
        </drawing>
        
        <properties>
            <o classname="a2dStringProperty" name="Name" value="top">
            </o>
        </properties>
        
    </o>
</cvg>