<?xml version="1.0" encoding="UTF-8" standalone="yes"?>

<cvg classname="a2dCanvasDocument">
    <title>unnamed2</title>
    <desc>a2dCanvasDocument generated by wxArt2D</desc>
    <o classname="a2dLayers" id="15743463" hitflags="">
        <o classname="a2dLayerInfo" id="15844566" name="layer0" hitflags="" layervisible="true" layerselectable="true" readlayer="true" inmap="0" outmap="0" order="0" description="" feature="" subfeature="" type="SIGNAL" polarity="true" span="" area="0">
            
            <properties>
                <o classname="a2dStrokeProperty" name="Stroke">
                    <o classname="a2dStroke" type="a2dSTROKE_ONE_COLOUR" colour="RED">
                    </o>
                </o>
                <o classname="a2dFillProperty" name="Fill">
                    <o classname="a2dFill" type="a2dFILL_BITMAP" colour="#FA00F0" colour2="BLACK" filename="pat_59.bmp">
                    </o>
                </o>
                <o classname="a2dBoolProperty" name="TemporaryObject" value="false">
                </o>
            </properties>
            
        </o>
    </o>
    <o classname="a2dDrawing" id="15841835" rootobject="15841900" initialSizeX="100" initialSizeY="100" units_accuracy="0.001" units_scale="1" normalize_scale="1" units="non" units_measure="non" drawAsSymbol="false" hitflags=" visible">
        <o classname="a2dLayers" refid="15743463">
        </o>
        <drawing>
            <o classname="a2dCanvasObject" id="15841900" hitflags=" visible">
                <o classname="a2dEllipse" id="15856969" hitflags=" visible"
                     transform="matrix( 1 0 0 1 38 24 )"
                     width="10" height="20" contourwidth="0">
                    <o classname="a2dPin" id="15862407" name="pin1" hitflags=" visible"
                         transform="matrix( 1 0 0 1 0 10 )"
                         width="7" height="7" pinclass="standard" resolveid="15864919">
                        
                        <properties>
                            <o classname="a2dFillProperty" name="Fill">
                                <o classname="a2dFill" type="a2dFILL_ONE_COLOUR" colour="GREEN">
                                </o>
                            </o>
                            <o classname="a2dStrokeProperty" name="Stroke">
                                <o classname="a2dStroke" type="a2dSTROKE_ONE_COLOUR" colour="#429FEB" pixelwidth="true">
                                </o>
                            </o>
                        </properties>
                        
                    </o>
                    <o classname="a2dPin" id="15866548" name="pin3" hitflags=" visible"
                         transform="matrix( 1 0 0 1 5 0 )"
                         width="9" height="9" pinclass="standard" resolveid="15844367">
                        
                        <properties>
                            <o classname="a2dFillProperty" name="Fill">
                                <o classname="a2dFill" type="a2dFILL_ONE_COLOUR" colour="GREEN">
                                </o>
                            </o>
                            <o classname="a2dStrokeProperty" name="Stroke">
                                <o classname="a2dStroke" type="a2dSTROKE_ONE_COLOUR" colour="#429FEB" pixelwidth="true">
                                </o>
                            </o>
                        </properties>
                        
                    </o>
                    <o classname="a2dPin" id="15863436" name="pin5" hitflags=" visible"
                         transform="matrix( 1 0 0 1 0 -10 )"
                         width="9" height="9" pinclass="standard" resolveid="15843333">
                        
                        <properties>
                            <o classname="a2dFillProperty" name="Fill">
                                <o classname="a2dFill" type="a2dFILL_ONE_COLOUR" colour="GREEN">
                                </o>
                            </o>
                            <o classname="a2dStrokeProperty" name="Stroke">
                                <o classname="a2dStroke" type="a2dSTROKE_ONE_COLOUR" colour="#429FEB" pixelwidth="true">
                                </o>
                            </o>
                        </properties>
                        
                    </o>
                </o>
                <o classname="a2dWirePolylineL" id="15862957" flags=" draggable" hitflags=" visible" points="6" contourwidth="0" invert="true" pcobjbegin="standard" pcwirebegin="standard" pcwireend="standard">
                    
                    <properties>
                        <o classname="a2dStrokeProperty" name="Stroke">
                            <o classname="a2dStroke" type="a2dSTROKE_ONE_COLOUR" colour="#AA00AA" pixelwidth="true" width="2">
                            </o>
                        </o>
                    </properties>
                    
                    <o classname="a2dPin" id="15864919" name="begin" hitflags=" visible"
                         transform="matrix( 1 0 0 1 38 34 )"
                         width="7" height="7" pinclass="standard" resolveid="15862407">
                        
                        <properties>
                            <o classname="a2dFillProperty" name="Fill">
                                <o classname="a2dFill" type="a2dFILL_ONE_COLOUR" colour="GREEN">
                                </o>
                            </o>
                            <o classname="a2dStrokeProperty" name="Stroke">
                                <o classname="a2dStroke" type="a2dSTROKE_ONE_COLOUR" colour="#429FEB" pixelwidth="true">
                                </o>
                            </o>
                        </properties>
                        
                    </o>
                    <o classname="a2dPin" id="15867068" name="end" hitflags=" visible"
                         transform="matrix( 1 0 0 1 70.8385 66.1822 )"
                         width="7" height="7" pinclass="standard" resolveid="15863839">
                        
                        <properties>
                            <o classname="a2dFillProperty" name="Fill">
                                <o classname="a2dFill" type="a2dFILL_ONE_COLOUR" colour="GREEN">
                                </o>
                            </o>
                            <o classname="a2dStrokeProperty" name="Stroke">
                                <o classname="a2dStroke" type="a2dSTROKE_ONE_COLOUR" colour="#429FEB" pixelwidth="true">
                                </o>
                            </o>
                        </properties>
                        
                    </o>
                    
                    <xy x="38" y="34"/>
                    <xy x="38" y="38"/>
                    <xy x="46" y="38"/>
                    <xy x="46" y="66"/>
                    <xy x="70.8385" y="66"/>
                    <xy x="70.8385" y="66.1822"/>
                </o>
                <o classname="a2dWirePolylineL" id="15844158" flags=" draggable" hitflags=" visible" points="5" contourwidth="0" invert="true" pcobjbegin="standard" pcwirebegin="standard" pcwireend="standard">
                    
                    <properties>
                        <o classname="a2dStrokeProperty" name="Stroke">
                            <o classname="a2dStroke" type="a2dSTROKE_ONE_COLOUR" colour="#AA00AA" pixelwidth="true" width="2">
                            </o>
                        </o>
                    </properties>
                    
                    <o classname="a2dPin" id="15844367" name="begin" hitflags=" visible"
                         transform="matrix( 1 0 0 1 43 24 )"
                         width="9" height="9" pinclass="standard" resolveid="15866548">
                        
                        <properties>
                            <o classname="a2dFillProperty" name="Fill">
                                <o classname="a2dFill" type="a2dFILL_ONE_COLOUR" colour="GREEN">
                                </o>
                            </o>
                            <o classname="a2dStrokeProperty" name="Stroke">
                                <o classname="a2dStroke" type="a2dSTROKE_ONE_COLOUR" colour="#429FEB" pixelwidth="true">
                                </o>
                            </o>
                        </properties>
                        
                    </o>
                    <o classname="a2dPin" id="15866139" name="end" hitflags=" visible"
                         transform="matrix( 1 0 0 1 70.8385 66.1822 )"
                         width="9" height="9" pinclass="standard" resolveid="15863839">
                        
                        <properties>
                            <o classname="a2dFillProperty" name="Fill">
                                <o classname="a2dFill" type="a2dFILL_ONE_COLOUR" colour="GREEN">
                                </o>
                            </o>
                            <o classname="a2dStrokeProperty" name="Stroke">
                                <o classname="a2dStroke" type="a2dSTROKE_ONE_COLOUR" colour="#429FEB" pixelwidth="true">
                                </o>
                            </o>
                        </properties>
                        
                    </o>
                    
                    <xy x="43" y="24"/>
                    <xy x="44" y="24"/>
                    <xy x="70" y="24"/>
                    <xy x="70" y="66.1822"/>
                    <xy x="70.8385" y="66.1822"/>
                </o>
                <o classname="a2dWirePolylineL" id="15847517" flags=" draggable" hitflags=" visible" points="5" contourwidth="0" invert="true" pcobjbegin="standard" pcwirebegin="standard" pcwireend="standard">
                    
                    <properties>
                        <o classname="a2dStrokeProperty" name="Stroke">
                            <o classname="a2dStroke" type="a2dSTROKE_ONE_COLOUR" colour="#AA00AA" pixelwidth="true" width="2">
                            </o>
                        </o>
                    </properties>
                    
                    <o classname="a2dPin" id="15863651" name="begin" hitflags=" visible"
                         transform="matrix( 1 0 0 1 70.8385 66.1822 )"
                         width="7" height="7" pinclass="standard" resolveid="15863839">
                        
                        <properties>
                            <o classname="a2dFillProperty" name="Fill">
                                <o classname="a2dFill" type="a2dFILL_ONE_COLOUR" colour="GREEN">
                                </o>
                            </o>
                            <o classname="a2dStrokeProperty" name="Stroke">
                                <o classname="a2dStroke" type="a2dSTROKE_ONE_COLOUR" colour="#429FEB" pixelwidth="true">
                                </o>
                            </o>
                        </properties>
                        
                    </o>
                    <o classname="a2dPin" id="15875236" name="end" hitflags=" visible"
                         transform="matrix( 1 0 0 1 99 51 )"
                         width="9" height="9" pinclass="standard" resolveid="15874845">
                        
                        <properties>
                            <o classname="a2dFillProperty" name="Fill">
                                <o classname="a2dFill" type="a2dFILL_ONE_COLOUR" colour="GREEN">
                                </o>
                            </o>
                            <o classname="a2dStrokeProperty" name="Stroke">
                                <o classname="a2dStroke" type="a2dSTROKE_ONE_COLOUR" colour="#429FEB" pixelwidth="true">
                                </o>
                            </o>
                        </properties>
                        
                    </o>
                    
                    <xy x="70.8385" y="66.1822"/>
                    <xy x="70" y="66.1822"/>
                    <xy x="70" y="52"/>
                    <xy x="100" y="52"/>
                    <xy x="99" y="51"/>
                </o>
                <o classname="a2dWirePolylineL" id="15843115" flags=" draggable" hitflags=" visible" points="7" contourwidth="0" invert="true" pcobjbegin="standard" pcwirebegin="standard" pcwireend="standard">
                    
                    <properties>
                        <o classname="a2dStrokeProperty" name="Stroke">
                            <o classname="a2dStroke" type="a2dSTROKE_ONE_COLOUR" colour="#AA00AA" pixelwidth="true" width="2">
                            </o>
                        </o>
                    </properties>
                    
                    <o classname="a2dPin" id="15843333" name="begin" hitflags=" visible"
                         transform="matrix( 1 0 0 1 38 14 )"
                         width="9" height="9" pinclass="standard" resolveid="15863436">
                        
                        <properties>
                            <o classname="a2dFillProperty" name="Fill">
                                <o classname="a2dFill" type="a2dFILL_ONE_COLOUR" colour="GREEN">
                                </o>
                            </o>
                            <o classname="a2dStrokeProperty" name="Stroke">
                                <o classname="a2dStroke" type="a2dSTROKE_ONE_COLOUR" colour="#429FEB" pixelwidth="true">
                                </o>
                            </o>
                        </properties>
                        
                    </o>
                    <o classname="a2dPin" id="15843561" name="end" hitflags=" visible"
                         transform="matrix( 1 0 0 1 70.8385 66.1822 )"
                         width="9" height="9" pinclass="standard" resolveid="15863839">
                        
                        <properties>
                            <o classname="a2dFillProperty" name="Fill">
                                <o classname="a2dFill" type="a2dFILL_ONE_COLOUR" colour="GREEN">
                                </o>
                            </o>
                            <o classname="a2dStrokeProperty" name="Stroke">
                                <o classname="a2dStroke" type="a2dSTROKE_ONE_COLOUR" colour="#429FEB" pixelwidth="true">
                                </o>
                            </o>
                        </properties>
                        
                    </o>
                    
                    <xy x="38" y="14"/>
                    <xy x="38" y="4"/>
                    <xy x="44" y="4"/>
                    <xy x="44" y="14"/>
                    <xy x="72" y="14"/>
                    <xy x="72" y="66.1822"/>
                    
                    <xy x="70.8385" y="66.1822"/>
                </o>
                <o classname="a2dRect" id="15876159" hitflags=" visible"
                     transform="matrix( 1 0 0 1 99 46 )"
                     width="10" height="10">
                    <o classname="a2dPin" id="15874845" name="pin2" hitflags=" visible"
                         transform="matrix( 1 0 0 1 0 5 )"
                         width="9" height="9" pinclass="standard" resolveid="15875236">
                        
                        <properties>
                            <o classname="a2dFillProperty" name="Fill">
                                <o classname="a2dFill" type="a2dFILL_ONE_COLOUR" colour="GREEN">
                                </o>
                            </o>
                            <o classname="a2dStrokeProperty" name="Stroke">
                                <o classname="a2dStroke" type="a2dSTROKE_ONE_COLOUR" colour="#429FEB" pixelwidth="true">
                                </o>
                            </o>
                        </properties>
                        
                    </o>
                </o>
                <o classname="a2dEllipse" id="15876265" hitflags=" visible"
                     transform="matrix( 1 0 0 1 31.5355 59.0711 )"
                     width="10" height="20" contourwidth="0">
                    <o classname="a2dPin" id="15876893" name="pin3" hitflags=" visible"
                         transform="matrix( 1 0 0 1 5 0 )"
                         width="9" height="9" pinclass="standard" resolveid="15877186">
                        
                        <properties>
                            <o classname="a2dFillProperty" name="Fill">
                                <o classname="a2dFill" type="a2dFILL_ONE_COLOUR" colour="GREEN">
                                </o>
                            </o>
                            <o classname="a2dStrokeProperty" name="Stroke">
                                <o classname="a2dStroke" type="a2dSTROKE_ONE_COLOUR" colour="#429FEB" pixelwidth="true">
                                </o>
                            </o>
                        </properties>
                        
                    </o>
                </o>
                <o classname="a2dWirePolylineL" id="15876968" flags=" draggable" hitflags=" visible" points="4" contourwidth="0" invert="true" pcobjbegin="standard" pcwirebegin="standard" pcwireend="standard">
                    
                    <properties>
                        <o classname="a2dStrokeProperty" name="Stroke">
                            <o classname="a2dStroke" type="a2dSTROKE_ONE_COLOUR" colour="#AA00AA" pixelwidth="true" width="2">
                            </o>
                        </o>
                    </properties>
                    
                    <o classname="a2dPin" id="15877186" name="begin" hitflags=" visible"
                         transform="matrix( 1 0 0 1 36.5355 59.0711 )"
                         width="9" height="9" pinclass="standard" resolveid="15876893">
                        
                        <properties>
                            <o classname="a2dFillProperty" name="Fill">
                                <o classname="a2dFill" type="a2dFILL_ONE_COLOUR" colour="GREEN">
                                </o>
                            </o>
                            <o classname="a2dStrokeProperty" name="Stroke">
                                <o classname="a2dStroke" type="a2dSTROKE_ONE_COLOUR" colour="#429FEB" pixelwidth="true">
                                </o>
                            </o>
                        </properties>
                        
                    </o>
                    <o classname="a2dPin" id="15863839" name="end" hitflags=" visible"
                         transform="matrix( 1 0 0 1 70.8385 66.1822 )"
                         width="7" height="7" pinclass="standard">
                        
                        <properties>
                            <o classname="a2dFillProperty" name="Fill">
                                <o classname="a2dFill" type="a2dFILL_ONE_COLOUR" colour="GREEN">
                                </o>
                            </o>
                            <o classname="a2dStrokeProperty" name="Stroke">
                                <o classname="a2dStroke" type="a2dSTROKE_ONE_COLOUR" colour="#429FEB" pixelwidth="true">
                                </o>
                            </o>
                        </properties>
                        
                        <connect resolveid="15867068"/>
                        <connect resolveid="15866139"/>
                        <connect resolveid="15863651"/>
                        <connect resolveid="15843561"/>
                    </o>
                    
                    <xy x="36.5355" y="59.0711"/>
                    <xy x="36" y="60"/>
                    <xy x="70.8385" y="60"/>
                    <xy x="70.8385" y="66.1822"/>
                </o>
            </o>
        </drawing>
    </o>
</cvg>