<?xml version="1.0" encoding="UTF-8" standalone="yes"?>

<cvg classname="a2dCanvasDocument">
    <title>unnamed2</title>
    <desc>a2dCanvasDocument generated by wxArt2D</desc>
    <o classname="a2dLayers" id="4786752" hitflags="">
        <o classname="a2dLayerInfo" id="9279329" name="layer0" hitflags="" layervisible="true" layerselectable="true" readlayer="true" inmap="0" outmap="0" order="0" description="" feature="" subfeature="" type="SIGNAL" polarity="true" span="" area="0">
            
            <properties>
                <o classname="a2dStrokeProperty" name="Stroke">
                    <o classname="a2dStroke" type="a2dSTROKE_ONE_COLOUR" colour="RED">
                    </o>
                </o>
                <o classname="a2dFillProperty" name="Fill">
                    <o classname="a2dFill" type="a2dFILL_BITMAP" colour="#FA00F0" colour2="BLACK" filename="pat_59.bmp">
                    </o>
                </o>
                <o classname="a2dBoolProperty" name="TemporaryObject" value="false">
                </o>
            </properties>
            
        </o>
        <o classname="a2dLayerInfo" id="9277372" name="layer1" layer="1" hitflags="" layervisible="true" layerselectable="true" readlayer="true" inmap="1" outmap="1" order="1" description="" feature="" subfeature="" type="SIGNAL" polarity="true" span="" area="0">
            
            <properties>
                <o classname="a2dStrokeProperty" name="Stroke">
                    <o classname="a2dStroke" type="a2dSTROKE_ONE_COLOUR" colour="YELLOW">
                    </o>
                </o>
                <o classname="a2dFillProperty" name="Fill">
                    <o classname="a2dFill" type="a2dFILL_BITMAP" colour="GREEN" colour2="BLACK" filename="pat_60.bmp">
                    </o>
                </o>
            </properties>
            
        </o>
        <o classname="a2dLayerInfo" id="9277895" name="layer2" layer="2" hitflags="" layervisible="true" layerselectable="true" readlayer="true" inmap="2" outmap="2" order="2" description="" feature="" subfeature="" type="SIGNAL" polarity="true" span="" area="0">
            
            <properties>
                <o classname="a2dStrokeProperty" name="Stroke">
                    <o classname="a2dStroke" type="a2dSTROKE_ONE_COLOUR" colour="YELLOW">
                    </o>
                </o>
                <o classname="a2dFillProperty" name="Fill">
                    <o classname="a2dFill" type="a2dFILL_BITMAP" colour="RED" colour2="BLACK" filename="pat_61.bmp">
                    </o>
                </o>
            </properties>
            
        </o>
        <o classname="a2dLayerInfo" id="9277514" name="layer3" layer="3" hitflags="" layervisible="true" layerselectable="true" readlayer="true" inmap="3" outmap="3" order="3" description="" feature="" subfeature="" type="SIGNAL" polarity="true" span="" area="0">
            
            <properties>
                <o classname="a2dFillProperty" name="Fill">
                    <o classname="a2dFill" type="a2dFILL_ONE_COLOUR" colour="BLACK">
                    </o>
                </o>
                <o classname="a2dStrokeProperty" name="Stroke">
                    <o classname="a2dStroke" type="a2dSTROKE_ONE_COLOUR" colour="RED">
                    </o>
                </o>
            </properties>
            
        </o>
        <o classname="a2dLayerInfo" id="9277791" name="layer4" layer="4" hitflags="" layervisible="true" layerselectable="true" readlayer="true" inmap="4" outmap="4" order="4" description="" feature="" subfeature="" type="SIGNAL" polarity="true" span="" area="0">
            
            <properties>
                <o classname="a2dFillProperty" name="Fill">
                    <o classname="a2dFill" type="a2dFILL_ONE_COLOUR" colour="BLACK">
                    </o>
                </o>
                <o classname="a2dStrokeProperty" name="Stroke">
                    <o classname="a2dStroke" type="a2dSTROKE_ONE_COLOUR" colour="RED">
                    </o>
                </o>
            </properties>
            
        </o>
        <o classname="a2dLayerInfo" id="9277057" name="layer5" layer="5" hitflags="" layervisible="true" layerselectable="true" readlayer="true" inmap="5" outmap="5" order="5" description="" feature="" subfeature="" type="SIGNAL" polarity="true" span="" area="0">
            
            <properties>
                <o classname="a2dFillProperty" name="Fill">
                    <o classname="a2dFill" type="a2dFILL_ONE_COLOUR" style="a2dFILL_CROSSDIAG_HATCH" colour="#0AD902">
                    </o>
                </o>
                <o classname="a2dStrokeProperty" name="Stroke">
                    <o classname="a2dStroke" type="a2dSTROKE_ONE_COLOUR" colour="#097340">
                    </o>
                </o>
            </properties>
            
        </o>
        <o classname="a2dLayerInfo" id="9278161" name="layer6" layer="6" hitflags="" layervisible="true" layerselectable="true" readlayer="true" inmap="6" outmap="6" order="6" description="" feature="" subfeature="" type="SIGNAL" polarity="true" span="" area="0">
            
            <properties>
                <o classname="a2dFillProperty" name="Fill">
                    <o classname="a2dFill" type="a2dFILL_ONE_COLOUR" colour="BLACK">
                    </o>
                </o>
                <o classname="a2dStrokeProperty" name="Stroke">
                    <o classname="a2dStroke" type="a2dSTROKE_ONE_COLOUR" colour="#097340">
                    </o>
                </o>
            </properties>
            
        </o>
        <o classname="a2dLayerInfo" id="9277136" name="layer7" layer="7" hitflags="" layervisible="true" layerselectable="true" readlayer="true" inmap="7" outmap="7" order="7" description="" feature="" subfeature="" type="SIGNAL" polarity="true" span="" area="0">
            
            <properties>
                <o classname="a2dFillProperty" name="Fill">
                    <o classname="a2dFill" type="a2dFILL_ONE_COLOUR" colour="#0078F0">
                    </o>
                </o>
                <o classname="a2dStrokeProperty" name="Stroke">
                    <o classname="a2dStroke" type="a2dSTROKE_ONE_COLOUR" colour="BLACK">
                    </o>
                </o>
            </properties>
            
        </o>
        <o classname="a2dLayerInfo" id="9279708" name="layer8" layer="8" hitflags="" layervisible="true" layerselectable="true" readlayer="true" inmap="8" outmap="8" order="8" description="" feature="" subfeature="" type="SIGNAL" polarity="true" span="" area="0">
            
            <properties>
                <o classname="a2dFillProperty" name="Fill">
                    <o classname="a2dFill" type="a2dFILL_ONE_COLOUR" colour="#C878F0">
                    </o>
                </o>
                <o classname="a2dStrokeProperty" name="Stroke">
                    <o classname="a2dStroke" type="a2dSTROKE_ONE_COLOUR" colour="BLACK">
                    </o>
                </o>
            </properties>
            
        </o>
        <o classname="a2dLayerInfo" id="9277974" name="layer9" layer="9" hitflags="" layervisible="true" layerselectable="true" readlayer="true" inmap="9" outmap="9" order="9" description="" feature="" subfeature="" type="SIGNAL" polarity="true" span="" area="0">
            
            <properties>
                <o classname="a2dFillProperty" name="Fill">
                    <o classname="a2dFill" type="a2dFILL_ONE_COLOUR" colour="GREEN">
                    </o>
                </o>
                <o classname="a2dStrokeProperty" name="Stroke">
                    <o classname="a2dStroke" type="a2dSTROKE_ONE_COLOUR" colour="LIGHT MAGENTA">
                    </o>
                </o>
            </properties>
            
        </o>
        <o classname="a2dLayerInfo" id="9281196" name="layer10" layer="10" hitflags="" layervisible="true" layerselectable="true" readlayer="true" inmap="10" outmap="10" order="10" description="" feature="" subfeature="" type="SIGNAL" polarity="true" span="" area="0">
            
            <properties>
                <o classname="a2dFillProperty" name="Fill">
                    <o classname="a2dFill" type="a2dFILL_ONE_COLOUR" colour="GREEN">
                    </o>
                </o>
                <o classname="a2dStrokeProperty" name="Stroke">
                    <o classname="a2dStroke" type="a2dSTROKE_ONE_COLOUR" colour="LIGHT MAGENTA">
                    </o>
                </o>
            </properties>
            
        </o>
        <o classname="a2dLayerInfo" id="9278252" name="layer11" layer="11" hitflags="" layervisible="true" layerselectable="true" readlayer="true" inmap="11" outmap="11" order="11" description="" feature="" subfeature="" type="SIGNAL" polarity="true" span="" area="0">
            
            <properties>
                <o classname="a2dFillProperty" name="Fill">
                    <o classname="a2dFill" type="a2dFILL_ONE_COLOUR" colour="GREEN">
                    </o>
                </o>
                <o classname="a2dStrokeProperty" name="Stroke">
                    <o classname="a2dStroke" type="a2dSTROKE_ONE_COLOUR" colour="LIGHT MAGENTA">
                    </o>
                </o>
            </properties>
            
        </o>
        <o classname="a2dLayerInfo" id="9278053" name="layer12" layer="12" hitflags="" layervisible="true" layerselectable="true" readlayer="true" inmap="12" outmap="12" order="12" description="" feature="" subfeature="" type="SIGNAL" polarity="true" span="" area="0">
            
            <properties>
                <o classname="a2dFillProperty" name="Fill">
                    <o classname="a2dFill" type="a2dFILL_ONE_COLOUR" colour="GREEN">
                    </o>
                </o>
                <o classname="a2dStrokeProperty" name="Stroke">
                    <o classname="a2dStroke" type="a2dSTROKE_ONE_COLOUR" colour="LIGHT MAGENTA">
                    </o>
                </o>
            </properties>
            
        </o>
        <o classname="a2dLayerInfo" id="9275272" name="layer13" layer="13" hitflags="" layervisible="true" layerselectable="true" readlayer="true" inmap="13" outmap="13" order="13" description="" feature="" subfeature="" type="SIGNAL" polarity="true" span="" area="0">
            
            <properties>
                <o classname="a2dFillProperty" name="Fill">
                    <o classname="a2dFill" type="a2dFILL_ONE_COLOUR" colour="BLACK">
                    </o>
                </o>
                <o classname="a2dStrokeProperty" name="Stroke">
                    <o classname="a2dStroke" type="a2dSTROKE_ONE_COLOUR" colour="LIGHT MAGENTA">
                    </o>
                </o>
            </properties>
            
        </o>
        <o classname="a2dLayerInfo" id="9281771" name="layer14" layer="14" hitflags="" layervisible="true" layerselectable="true" readlayer="true" inmap="14" outmap="14" order="14" description="" feature="" subfeature="" type="SIGNAL" polarity="true" span="" area="0">
            
            <properties>
                <o classname="a2dFillProperty" name="Fill">
                    <o classname="a2dFill" type="a2dFILL_ONE_COLOUR" colour="BLACK">
                    </o>
                </o>
                <o classname="a2dStrokeProperty" name="Stroke">
                    <o classname="a2dStroke" type="a2dSTROKE_ONE_COLOUR" colour="LIGHT MAGENTA">
                    </o>
                </o>
            </properties>
            
        </o>
        <o classname="a2dLayerInfo" id="9275351" name="layer15" layer="15" hitflags="" layervisible="true" layerselectable="true" readlayer="true" inmap="15" outmap="15" order="15" description="" feature="" subfeature="" type="SIGNAL" polarity="true" span="" area="0">
            
            <properties>
                <o classname="a2dFillProperty" name="Fill">
                    <o classname="a2dFill" type="a2dFILL_ONE_COLOUR" colour="BLACK">
                    </o>
                </o>
                <o classname="a2dStrokeProperty" name="Stroke">
                    <o classname="a2dStroke" type="a2dSTROKE_ONE_COLOUR" colour="LIGHT MAGENTA">
                    </o>
                </o>
            </properties>
            
        </o>
        <o classname="a2dLayerInfo" id="9276212" name="layer16" layer="16" hitflags="" layervisible="true" layerselectable="true" readlayer="true" inmap="16" outmap="16" order="16" description="" feature="" subfeature="" type="SIGNAL" polarity="true" span="" area="0">
            
            <properties>
                <o classname="a2dFillProperty" name="Fill">
                    <o classname="a2dFill" type="a2dFILL_ONE_COLOUR" colour="BLACK">
                    </o>
                </o>
                <o classname="a2dStrokeProperty" name="Stroke">
                    <o classname="a2dStroke" type="a2dSTROKE_ONE_COLOUR" colour="LIGHT MAGENTA">
                    </o>
                </o>
            </properties>
            
        </o>
        <o classname="a2dLayerInfo" id="9274608" name="layer17" layer="17" hitflags="" layervisible="true" layerselectable="true" readlayer="true" inmap="17" outmap="17" order="17" description="" feature="" subfeature="" type="SIGNAL" polarity="true" span="" area="0">
            
            <properties>
                <o classname="a2dFillProperty" name="Fill">
                    <o classname="a2dFill" type="a2dFILL_ONE_COLOUR" colour="BLACK">
                    </o>
                </o>
                <o classname="a2dStrokeProperty" name="Stroke">
                    <o classname="a2dStroke" type="a2dSTROKE_ONE_COLOUR" colour="LIGHT MAGENTA">
                    </o>
                </o>
            </properties>
            
        </o>
        <o classname="a2dLayerInfo" id="9282182" name="layer18" layer="18" hitflags="" layervisible="true" layerselectable="true" readlayer="true" inmap="18" outmap="18" order="18" description="" feature="" subfeature="" type="SIGNAL" polarity="true" span="" area="0">
            
            <properties>
                <o classname="a2dFillProperty" name="Fill">
                    <o classname="a2dFill" type="a2dFILL_ONE_COLOUR" colour="BLACK">
                    </o>
                </o>
                <o classname="a2dStrokeProperty" name="Stroke">
                    <o classname="a2dStroke" type="a2dSTROKE_ONE_COLOUR" colour="LIGHT MAGENTA">
                    </o>
                </o>
            </properties>
            
        </o>
        <o classname="a2dLayerInfo" id="9274701" name="layer19" layer="19" hitflags="" layervisible="true" layerselectable="true" readlayer="true" inmap="19" outmap="19" order="19" description="" feature="" subfeature="" type="SIGNAL" polarity="true" span="" area="0">
            
            <properties>
                <o classname="a2dFillProperty" name="Fill">
                    <o classname="a2dFill" type="a2dFILL_ONE_COLOUR" colour="BLACK">
                    </o>
                </o>
                <o classname="a2dStrokeProperty" name="Stroke">
                    <o classname="a2dStroke" type="a2dSTROKE_ONE_COLOUR" colour="LIGHT MAGENTA">
                    </o>
                </o>
            </properties>
            
        </o>
        <o classname="a2dLayerInfo" id="9280411" name="layer20" layer="20" hitflags="" layervisible="true" layerselectable="true" readlayer="true" inmap="20" outmap="20" order="20" description="" feature="" subfeature="" type="SIGNAL" polarity="true" span="" area="0">
            
            <properties>
                <o classname="a2dFillProperty" name="Fill">
                    <o classname="a2dFill" type="a2dFILL_ONE_COLOUR" colour="BLACK">
                    </o>
                </o>
                <o classname="a2dStrokeProperty" name="Stroke">
                    <o classname="a2dStroke" type="a2dSTROKE_ONE_COLOUR" colour="LIGHT MAGENTA">
                    </o>
                </o>
            </properties>
            
        </o>
        <o classname="a2dLayerInfo" id="9281021" name="layer21" layer="21" hitflags="" layervisible="true" layerselectable="true" readlayer="true" inmap="21" outmap="21" order="21" description="" feature="" subfeature="" type="SIGNAL" polarity="true" span="" area="0">
            
            <properties>
                <o classname="a2dFillProperty" name="Fill">
                    <o classname="a2dFill" type="a2dFILL_ONE_COLOUR" colour="BLACK">
                    </o>
                </o>
                <o classname="a2dStrokeProperty" name="Stroke">
                    <o classname="a2dStroke" type="a2dSTROKE_ONE_COLOUR" colour="LIGHT MAGENTA">
                    </o>
                </o>
            </properties>
            
        </o>
        <o classname="a2dLayerInfo" id="9282444" name="layer22" layer="22" hitflags="" layervisible="true" layerselectable="true" readlayer="true" inmap="22" outmap="22" order="22" description="" feature="" subfeature="" type="SIGNAL" polarity="true" span="" area="0">
            
            <properties>
                <o classname="a2dFillProperty" name="Fill">
                    <o classname="a2dFill" type="a2dFILL_ONE_COLOUR" colour="BLACK">
                    </o>
                </o>
                <o classname="a2dStrokeProperty" name="Stroke">
                    <o classname="a2dStroke" type="a2dSTROKE_ONE_COLOUR" colour="LIGHT MAGENTA">
                    </o>
                </o>
            </properties>
            
        </o>
        <o classname="a2dLayerInfo" id="9278331" name="layer23" layer="23" hitflags="" layervisible="true" layerselectable="true" readlayer="true" inmap="23" outmap="23" order="23" description="" feature="" subfeature="" type="SIGNAL" polarity="true" span="" area="0">
            
            <properties>
                <o classname="a2dFillProperty" name="Fill">
                    <o classname="a2dFill" type="a2dFILL_ONE_COLOUR" colour="BLACK">
                    </o>
                </o>
                <o classname="a2dStrokeProperty" name="Stroke">
                    <o classname="a2dStroke" type="a2dSTROKE_ONE_COLOUR" colour="LIGHT MAGENTA">
                    </o>
                </o>
            </properties>
            
        </o>
        <o classname="a2dLayerInfo" id="9276726" name="layer24" layer="24" hitflags="" layervisible="true" layerselectable="true" readlayer="true" inmap="24" outmap="24" order="24" description="" feature="" subfeature="" type="SIGNAL" polarity="true" span="" area="0">
            
            <properties>
                <o classname="a2dFillProperty" name="Fill">
                    <o classname="a2dFill" type="a2dFILL_ONE_COLOUR" colour="BLACK">
                    </o>
                </o>
                <o classname="a2dStrokeProperty" name="Stroke">
                    <o classname="a2dStroke" type="a2dSTROKE_ONE_COLOUR" colour="LIGHT MAGENTA">
                    </o>
                </o>
            </properties>
            
        </o>
        <o classname="a2dLayerInfo" id="9280490" name="layer25" layer="25" hitflags="" layervisible="true" layerselectable="true" readlayer="true" inmap="25" outmap="25" order="25" description="" feature="" subfeature="" type="SIGNAL" polarity="true" span="" area="0">
            
            <properties>
                <o classname="a2dFillProperty" name="Fill">
                    <o classname="a2dFill" type="a2dFILL_ONE_COLOUR" colour="BLACK">
                    </o>
                </o>
                <o classname="a2dStrokeProperty" name="Stroke">
                    <o classname="a2dStroke" type="a2dSTROKE_ONE_COLOUR" colour="LIGHT MAGENTA">
                    </o>
                </o>
            </properties>
            
        </o>
        <o classname="a2dLayerInfo" id="9283387" name="layer26" layer="26" hitflags="" layervisible="true" layerselectable="true" readlayer="true" inmap="26" outmap="26" order="26" description="" feature="" subfeature="" type="SIGNAL" polarity="true" span="" area="0">
            
            <properties>
                <o classname="a2dFillProperty" name="Fill">
                    <o classname="a2dFill" type="a2dFILL_ONE_COLOUR" colour="BLACK">
                    </o>
                </o>
                <o classname="a2dStrokeProperty" name="Stroke">
                    <o classname="a2dStroke" type="a2dSTROKE_ONE_COLOUR" colour="LIGHT MAGENTA">
                    </o>
                </o>
            </properties>
            
        </o>
        <o classname="a2dLayerInfo" id="9280597" name="layer27" layer="27" hitflags="" layervisible="true" layerselectable="true" readlayer="true" inmap="27" outmap="27" order="27" description="" feature="" subfeature="" type="SIGNAL" polarity="true" span="" area="0">
            
            <properties>
                <o classname="a2dFillProperty" name="Fill">
                    <o classname="a2dFill" type="a2dFILL_ONE_COLOUR" colour="BLACK">
                    </o>
                </o>
                <o classname="a2dStrokeProperty" name="Stroke">
                    <o classname="a2dStroke" type="a2dSTROKE_ONE_COLOUR" colour="LIGHT MAGENTA">
                    </o>
                </o>
            </properties>
            
        </o>
        <o classname="a2dLayerInfo" id="9276291" name="layer28" layer="28" hitflags="" layervisible="true" layerselectable="true" readlayer="true" inmap="28" outmap="28" order="28" description="" feature="" subfeature="" type="SIGNAL" polarity="true" span="" area="0">
            
            <properties>
                <o classname="a2dFillProperty" name="Fill">
                    <o classname="a2dFill" type="a2dFILL_ONE_COLOUR" colour="BLACK">
                    </o>
                </o>
                <o classname="a2dStrokeProperty" name="Stroke">
                    <o classname="a2dStroke" type="a2dSTROKE_ONE_COLOUR" colour="LIGHT MAGENTA">
                    </o>
                </o>
            </properties>
            
        </o>
        <o classname="a2dLayerInfo" id="9282289" name="layer29" layer="29" hitflags="" layervisible="true" layerselectable="true" readlayer="true" inmap="29" outmap="29" order="29" description="" feature="" subfeature="" type="SIGNAL" polarity="true" span="" area="0">
            
            <properties>
                <o classname="a2dFillProperty" name="Fill">
                    <o classname="a2dFill" type="a2dFILL_ONE_COLOUR" colour="BLACK">
                    </o>
                </o>
                <o classname="a2dStrokeProperty" name="Stroke">
                    <o classname="a2dStroke" type="a2dSTROKE_ONE_COLOUR" colour="LIGHT MAGENTA">
                    </o>
                </o>
            </properties>
            
        </o>
        <o classname="a2dLayerInfo" id="9283990" name="layer30" layer="30" hitflags="" layervisible="true" layerselectable="true" readlayer="true" inmap="30" outmap="30" order="30" description="" feature="" subfeature="" type="SIGNAL" polarity="true" span="" area="0">
            
            <properties>
                <o classname="a2dFillProperty" name="Fill">
                    <o classname="a2dFill" type="a2dFILL_ONE_COLOUR" colour="BLACK">
                    </o>
                </o>
                <o classname="a2dStrokeProperty" name="Stroke">
                    <o classname="a2dStroke" type="a2dSTROKE_ONE_COLOUR" colour="LIGHT MAGENTA">
                    </o>
                </o>
            </properties>
            
        </o>
        <o classname="a2dLayerInfo" id="9281434" name="layer31" layer="31" hitflags="" layervisible="true" layerselectable="true" readlayer="true" inmap="31" outmap="31" order="31" description="" feature="" subfeature="" type="SIGNAL" polarity="true" span="" area="0">
            
            <properties>
                <o classname="a2dFillProperty" name="Fill">
                    <o classname="a2dFill" type="a2dFILL_ONE_COLOUR" colour="BLACK">
                    </o>
                </o>
                <o classname="a2dStrokeProperty" name="Stroke">
                    <o classname="a2dStroke" type="a2dSTROKE_ONE_COLOUR" colour="LIGHT MAGENTA">
                    </o>
                </o>
            </properties>
            
        </o>
        <o classname="a2dLayerInfo" id="9279408" name="layer32" layer="32" hitflags="" layervisible="true" layerselectable="true" readlayer="true" inmap="32" outmap="32" order="32" description="" feature="" subfeature="" type="SIGNAL" polarity="true" span="" area="0">
            
            <properties>
                <o classname="a2dFillProperty" name="Fill">
                    <o classname="a2dFill" type="a2dFILL_ONE_COLOUR" colour="BLACK">
                    </o>
                </o>
                <o classname="a2dStrokeProperty" name="Stroke">
                    <o classname="a2dStroke" type="a2dSTROKE_ONE_COLOUR" colour="LIGHT MAGENTA">
                    </o>
                </o>
            </properties>
            
        </o>
        <o classname="a2dLayerInfo" id="9281289" name="layer33" layer="33" hitflags="" layervisible="true" layerselectable="true" readlayer="true" inmap="33" outmap="33" order="33" description="" feature="" subfeature="" type="SIGNAL" polarity="true" span="" area="0">
            
            <properties>
                <o classname="a2dFillProperty" name="Fill">
                    <o classname="a2dFill" type="a2dFILL_ONE_COLOUR" colour="BLACK">
                    </o>
                </o>
                <o classname="a2dStrokeProperty" name="Stroke">
                    <o classname="a2dStroke" type="a2dSTROKE_ONE_COLOUR" colour="LIGHT MAGENTA">
                    </o>
                </o>
            </properties>
            
        </o>
        <o classname="a2dLayerInfo" id="9284604" name="layer34" layer="34" hitflags="" layervisible="true" layerselectable="true" readlayer="true" inmap="34" outmap="34" order="34" description="" feature="" subfeature="" type="SIGNAL" polarity="true" span="" area="0">
            
            <properties>
                <o classname="a2dFillProperty" name="Fill">
                    <o classname="a2dFill" type="a2dFILL_ONE_COLOUR" colour="BLACK">
                    </o>
                </o>
                <o classname="a2dStrokeProperty" name="Stroke">
                    <o classname="a2dStroke" type="a2dSTROKE_ONE_COLOUR" colour="LIGHT MAGENTA">
                    </o>
                </o>
            </properties>
            
        </o>
        <o classname="a2dLayerInfo" id="9284474" name="layer35" layer="35" hitflags="" layervisible="true" layerselectable="true" readlayer="true" inmap="35" outmap="35" order="35" description="" feature="" subfeature="" type="SIGNAL" polarity="true" span="" area="0">
            
            <properties>
                <o classname="a2dFillProperty" name="Fill">
                    <o classname="a2dFill" type="a2dFILL_ONE_COLOUR" colour="BLACK">
                    </o>
                </o>
                <o classname="a2dStrokeProperty" name="Stroke">
                    <o classname="a2dStroke" type="a2dSTROKE_ONE_COLOUR" colour="LIGHT MAGENTA">
                    </o>
                </o>
            </properties>
            
        </o>
        <o classname="a2dLayerInfo" id="9278669" name="layer36" layer="36" hitflags="" layervisible="true" layerselectable="true" readlayer="true" inmap="36" outmap="36" order="36" description="" feature="" subfeature="" type="SIGNAL" polarity="true" span="" area="0">
            
            <properties>
                <o classname="a2dFillProperty" name="Fill">
                    <o classname="a2dFill" type="a2dFILL_ONE_COLOUR" colour="BLACK">
                    </o>
                </o>
                <o classname="a2dStrokeProperty" name="Stroke">
                    <o classname="a2dStroke" type="a2dSTROKE_ONE_COLOUR" colour="LIGHT MAGENTA">
                    </o>
                </o>
            </properties>
            
        </o>
        <o classname="a2dLayerInfo" id="9276805" name="layer37" layer="37" hitflags="" layervisible="true" layerselectable="true" readlayer="true" inmap="37" outmap="37" order="37" description="" feature="" subfeature="" type="SIGNAL" polarity="true" span="" area="0">
            
            <properties>
                <o classname="a2dFillProperty" name="Fill">
                    <o classname="a2dFill" type="a2dFILL_ONE_COLOUR" colour="BLACK">
                    </o>
                </o>
                <o classname="a2dStrokeProperty" name="Stroke">
                    <o classname="a2dStroke" type="a2dSTROKE_ONE_COLOUR" colour="LIGHT MAGENTA">
                    </o>
                </o>
            </properties>
            
        </o>
        <o classname="a2dLayerInfo" id="9285023" name="layer38" layer="38" hitflags="" layervisible="true" layerselectable="true" readlayer="true" inmap="38" outmap="38" order="38" description="" feature="" subfeature="" type="SIGNAL" polarity="true" span="" area="0">
            
            <properties>
                <o classname="a2dFillProperty" name="Fill">
                    <o classname="a2dFill" type="a2dFILL_ONE_COLOUR" colour="BLACK">
                    </o>
                </o>
                <o classname="a2dStrokeProperty" name="Stroke">
                    <o classname="a2dStroke" type="a2dSTROKE_ONE_COLOUR" colour="LIGHT MAGENTA">
                    </o>
                </o>
            </properties>
            
        </o>
        <o classname="a2dLayerInfo" id="9283466" name="layer39" layer="39" hitflags="" layervisible="true" layerselectable="true" readlayer="true" inmap="39" outmap="39" order="39" description="" feature="" subfeature="" type="SIGNAL" polarity="true" span="" area="0">
            
            <properties>
                <o classname="a2dFillProperty" name="Fill">
                    <o classname="a2dFill" type="a2dFILL_ONE_COLOUR" colour="BLACK">
                    </o>
                </o>
                <o classname="a2dStrokeProperty" name="Stroke">
                    <o classname="a2dStroke" type="a2dSTROKE_ONE_COLOUR" colour="LIGHT MAGENTA">
                    </o>
                </o>
            </properties>
            
        </o>
        <o classname="a2dLayerInfo" id="9279499" name="layer41" layer="41" hitflags="" layervisible="true" layerselectable="true" readlayer="true" inmap="41" outmap="41" order="41" description="" feature="" subfeature="" type="SIGNAL" polarity="true" span="" area="0">
            
            <properties>
                <o classname="a2dFillProperty" name="Fill">
                    <o classname="a2dFill" type="a2dFILL_ONE_COLOUR" colour="BLACK">
                    </o>
                </o>
                <o classname="a2dStrokeProperty" name="Stroke">
                    <o classname="a2dStroke" type="a2dSTROKE_ONE_COLOUR" colour="LIGHT MAGENTA">
                    </o>
                </o>
            </properties>
            
        </o>
        <o classname="a2dLayerInfo" id="9284256" name="layer42" layer="42" hitflags="" layervisible="true" layerselectable="true" readlayer="true" inmap="42" outmap="42" order="42" description="" feature="" subfeature="" type="SIGNAL" polarity="true" span="" area="0">
            
            <properties>
                <o classname="a2dFillProperty" name="Fill">
                    <o classname="a2dFill" type="a2dFILL_ONE_COLOUR" colour="BLACK">
                    </o>
                </o>
                <o classname="a2dStrokeProperty" name="Stroke">
                    <o classname="a2dStroke" type="a2dSTROKE_ONE_COLOUR" colour="LIGHT MAGENTA">
                    </o>
                </o>
            </properties>
            
        </o>
        <o classname="a2dLayerInfo" id="9285669" name="layer43" layer="43" hitflags="" layervisible="true" layerselectable="true" readlayer="true" inmap="43" outmap="43" order="43" description="" feature="" subfeature="" type="SIGNAL" polarity="true" span="" area="0">
            
            <properties>
                <o classname="a2dFillProperty" name="Fill">
                    <o classname="a2dFill" type="a2dFILL_ONE_COLOUR" colour="BLACK">
                    </o>
                </o>
                <o classname="a2dStrokeProperty" name="Stroke">
                    <o classname="a2dStroke" type="a2dSTROKE_ONE_COLOUR" colour="LIGHT MAGENTA">
                    </o>
                </o>
            </properties>
            
        </o>
        <o classname="a2dLayerInfo" id="9275972" name="layer44" layer="44" hitflags="" layervisible="true" layerselectable="true" readlayer="true" inmap="44" outmap="44" order="44" description="" feature="" subfeature="" type="SIGNAL" polarity="true" span="" area="0">
            
            <properties>
                <o classname="a2dFillProperty" name="Fill">
                    <o classname="a2dFill" type="a2dFILL_ONE_COLOUR" colour="BLACK">
                    </o>
                </o>
                <o classname="a2dStrokeProperty" name="Stroke">
                    <o classname="a2dStroke" type="a2dSTROKE_ONE_COLOUR" colour="LIGHT MAGENTA">
                    </o>
                </o>
            </properties>
            
        </o>
        <o classname="a2dLayerInfo" id="9284915" name="layer45" layer="45" hitflags="" layervisible="true" layerselectable="true" readlayer="true" inmap="45" outmap="45" order="45" description="" feature="" subfeature="" type="SIGNAL" polarity="true" span="" area="0">
            
            <properties>
                <o classname="a2dFillProperty" name="Fill">
                    <o classname="a2dFill" type="a2dFILL_ONE_COLOUR" colour="BLACK">
                    </o>
                </o>
                <o classname="a2dStrokeProperty" name="Stroke">
                    <o classname="a2dStroke" type="a2dSTROKE_ONE_COLOUR" colour="LIGHT MAGENTA">
                    </o>
                </o>
            </properties>
            
        </o>
        <o classname="a2dLayerInfo" id="9282788" name="layer46" layer="46" hitflags="" layervisible="true" layerselectable="true" readlayer="true" inmap="46" outmap="46" order="46" description="" feature="" subfeature="" type="SIGNAL" polarity="true" span="" area="0">
            
            <properties>
                <o classname="a2dFillProperty" name="Fill">
                    <o classname="a2dFill" type="a2dFILL_ONE_COLOUR" colour="BLACK">
                    </o>
                </o>
                <o classname="a2dStrokeProperty" name="Stroke">
                    <o classname="a2dStroke" type="a2dSTROKE_ONE_COLOUR" colour="LIGHT MAGENTA">
                    </o>
                </o>
            </properties>
            
        </o>
        <o classname="a2dLayerInfo" id="9285910" name="layer47" layer="47" hitflags="" layervisible="true" layerselectable="true" readlayer="true" inmap="47" outmap="47" order="47" description="" feature="" subfeature="" type="SIGNAL" polarity="true" span="" area="0">
            
            <properties>
                <o classname="a2dFillProperty" name="Fill">
                    <o classname="a2dFill" type="a2dFILL_ONE_COLOUR" colour="BLACK">
                    </o>
                </o>
                <o classname="a2dStrokeProperty" name="Stroke">
                    <o classname="a2dStroke" type="a2dSTROKE_ONE_COLOUR" colour="LIGHT MAGENTA">
                    </o>
                </o>
            </properties>
            
        </o>
        <o classname="a2dLayerInfo" id="9285762" name="layer48" layer="48" hitflags="" layervisible="true" layerselectable="true" readlayer="true" inmap="48" outmap="48" order="48" description="" feature="" subfeature="" type="SIGNAL" polarity="true" span="" area="0">
            
            <properties>
                <o classname="a2dFillProperty" name="Fill">
                    <o classname="a2dFill" type="a2dFILL_ONE_COLOUR" colour="BLACK">
                    </o>
                </o>
                <o classname="a2dStrokeProperty" name="Stroke">
                    <o classname="a2dStroke" type="a2dSTROKE_ONE_COLOUR" colour="LIGHT MAGENTA">
                    </o>
                </o>
            </properties>
            
        </o>
        <o classname="a2dLayerInfo" id="9281864" name="layer49" layer="49" hitflags="" layervisible="true" layerselectable="true" readlayer="true" inmap="49" outmap="49" order="49" description="" feature="" subfeature="" type="SIGNAL" polarity="true" span="" area="0">
            
            <properties>
                <o classname="a2dFillProperty" name="Fill">
                    <o classname="a2dFill" type="a2dFILL_ONE_COLOUR" colour="BLACK">
                    </o>
                </o>
                <o classname="a2dStrokeProperty" name="Stroke">
                    <o classname="a2dStroke" type="a2dSTROKE_ONE_COLOUR" colour="LIGHT MAGENTA">
                    </o>
                </o>
            </properties>
            
        </o>
        <o classname="a2dLayerInfo" id="9281584" name="layer50" layer="50" hitflags="" layervisible="true" layerselectable="true" readlayer="true" inmap="50" outmap="50" order="50" description="" feature="" subfeature="" type="SIGNAL" polarity="true" span="" area="0">
            
            <properties>
                <o classname="a2dFillProperty" name="Fill">
                    <o classname="a2dFill" type="a2dFILL_ONE_COLOUR" colour="BLACK">
                    </o>
                </o>
                <o classname="a2dStrokeProperty" name="Stroke">
                    <o classname="a2dStroke" type="a2dSTROKE_ONE_COLOUR" colour="LIGHT MAGENTA">
                    </o>
                </o>
            </properties>
            
        </o>
        <o classname="a2dLayerInfo" id="9285423" name="layer51" layer="51" hitflags="" layervisible="true" layerselectable="true" readlayer="true" inmap="51" outmap="51" order="51" description="" feature="" subfeature="" type="SIGNAL" polarity="true" span="" area="0">
            
            <properties>
                <o classname="a2dFillProperty" name="Fill">
                    <o classname="a2dFill" type="a2dFILL_ONE_COLOUR" colour="BLACK">
                    </o>
                </o>
                <o classname="a2dStrokeProperty" name="Stroke">
                    <o classname="a2dStroke" type="a2dSTROKE_ONE_COLOUR" colour="LIGHT MAGENTA">
                    </o>
                </o>
            </properties>
            
        </o>
        <o classname="a2dLayerInfo" id="9288236" name="layer52" layer="52" hitflags="" layervisible="true" layerselectable="true" readlayer="true" inmap="52" outmap="52" order="52" description="" feature="" subfeature="" type="SIGNAL" polarity="true" span="" area="0">
            
            <properties>
                <o classname="a2dFillProperty" name="Fill">
                    <o classname="a2dFill" type="a2dFILL_ONE_COLOUR" colour="BLACK">
                    </o>
                </o>
                <o classname="a2dStrokeProperty" name="Stroke">
                    <o classname="a2dStroke" type="a2dSTROKE_ONE_COLOUR" colour="LIGHT MAGENTA">
                    </o>
                </o>
            </properties>
            
        </o>
        <o classname="a2dLayerInfo" id="9286269" name="layer53" layer="53" hitflags="" layervisible="true" layerselectable="true" readlayer="true" inmap="53" outmap="53" order="53" description="" feature="" subfeature="" type="SIGNAL" polarity="true" span="" area="0">
            
            <properties>
                <o classname="a2dFillProperty" name="Fill">
                    <o classname="a2dFill" type="a2dFILL_ONE_COLOUR" colour="BLACK">
                    </o>
                </o>
                <o classname="a2dStrokeProperty" name="Stroke">
                    <o classname="a2dStroke" type="a2dSTROKE_ONE_COLOUR" colour="LIGHT MAGENTA">
                    </o>
                </o>
            </properties>
            
        </o>
        <o classname="a2dLayerInfo" id="9281663" name="layer54" layer="54" hitflags="" layervisible="true" layerselectable="true" readlayer="true" inmap="54" outmap="54" order="54" description="" feature="" subfeature="" type="SIGNAL" polarity="true" span="" area="0">
            
            <properties>
                <o classname="a2dFillProperty" name="Fill">
                    <o classname="a2dFill" type="a2dFILL_ONE_COLOUR" colour="BLACK">
                    </o>
                </o>
                <o classname="a2dStrokeProperty" name="Stroke">
                    <o classname="a2dStroke" type="a2dSTROKE_ONE_COLOUR" colour="LIGHT MAGENTA">
                    </o>
                </o>
            </properties>
            
        </o>
        <o classname="a2dLayerInfo" id="9287375" name="layer55" layer="55" hitflags="" layervisible="true" layerselectable="true" readlayer="true" inmap="55" outmap="55" order="55" description="" feature="" subfeature="" type="SIGNAL" polarity="true" span="" area="0">
            
            <properties>
                <o classname="a2dFillProperty" name="Fill">
                    <o classname="a2dFill" type="a2dFILL_ONE_COLOUR" colour="BLACK">
                    </o>
                </o>
                <o classname="a2dStrokeProperty" name="Stroke">
                    <o classname="a2dStroke" type="a2dSTROKE_ONE_COLOUR" colour="LIGHT MAGENTA">
                    </o>
                </o>
            </properties>
            
        </o>
        <o classname="a2dLayerInfo" id="9288813" name="layer56" layer="56" hitflags="" layervisible="true" layerselectable="true" readlayer="true" inmap="56" outmap="56" order="56" description="" feature="" subfeature="" type="SIGNAL" polarity="true" span="" area="0">
            
            <properties>
                <o classname="a2dFillProperty" name="Fill">
                    <o classname="a2dFill" type="a2dFILL_ONE_COLOUR" colour="BLACK">
                    </o>
                </o>
                <o classname="a2dStrokeProperty" name="Stroke">
                    <o classname="a2dStroke" type="a2dSTROKE_ONE_COLOUR" colour="LIGHT MAGENTA">
                    </o>
                </o>
            </properties>
            
        </o>
        <o classname="a2dLayerInfo" id="9283059" name="layer57" layer="57" hitflags="" layervisible="true" layerselectable="true" readlayer="true" inmap="57" outmap="57" order="57" description="" feature="" subfeature="" type="SIGNAL" polarity="true" span="" area="0">
            
            <properties>
                <o classname="a2dFillProperty" name="Fill">
                    <o classname="a2dFill" type="a2dFILL_ONE_COLOUR" colour="BLACK">
                    </o>
                </o>
                <o classname="a2dStrokeProperty" name="Stroke">
                    <o classname="a2dStroke" type="a2dSTROKE_ONE_COLOUR" colour="LIGHT MAGENTA">
                    </o>
                </o>
            </properties>
            
        </o>
        <o classname="a2dLayerInfo" id="9288709" name="layer58" layer="58" hitflags="" layervisible="true" layerselectable="true" readlayer="true" inmap="58" outmap="58" order="58" description="" feature="" subfeature="" type="SIGNAL" polarity="true" span="" area="0">
            
            <properties>
                <o classname="a2dFillProperty" name="Fill">
                    <o classname="a2dFill" type="a2dFILL_ONE_COLOUR" colour="BLACK">
                    </o>
                </o>
                <o classname="a2dStrokeProperty" name="Stroke">
                    <o classname="a2dStroke" type="a2dSTROKE_ONE_COLOUR" colour="LIGHT MAGENTA">
                    </o>
                </o>
            </properties>
            
        </o>
        <o classname="a2dLayerInfo" id="9283248" name="layer59" layer="59" hitflags="" layervisible="true" layerselectable="true" readlayer="true" inmap="59" outmap="59" order="59" description="" feature="" subfeature="" type="SIGNAL" polarity="true" span="" area="0">
            
            <properties>
                <o classname="a2dFillProperty" name="Fill">
                    <o classname="a2dFill" type="a2dFILL_ONE_COLOUR" colour="BLACK">
                    </o>
                </o>
                <o classname="a2dStrokeProperty" name="Stroke">
                    <o classname="a2dStroke" type="a2dSTROKE_ONE_COLOUR" colour="LIGHT MAGENTA">
                    </o>
                </o>
            </properties>
            
        </o>
        <o classname="a2dLayerInfo" id="9289544" name="layer60" layer="60" hitflags="" layervisible="true" layerselectable="true" readlayer="true" inmap="60" outmap="60" order="60" description="" feature="" subfeature="" type="SIGNAL" polarity="true" span="" area="0">
            
            <properties>
                <o classname="a2dFillProperty" name="Fill">
                    <o classname="a2dFill" type="a2dFILL_ONE_COLOUR" colour="BLACK">
                    </o>
                </o>
                <o classname="a2dStrokeProperty" name="Stroke">
                    <o classname="a2dStroke" type="a2dSTROKE_ONE_COLOUR" colour="LIGHT MAGENTA">
                    </o>
                </o>
            </properties>
            
        </o>
        <o classname="a2dLayerInfo" id="9288593" name="layer61" layer="61" hitflags="" layervisible="true" layerselectable="true" readlayer="true" inmap="61" outmap="61" order="61" description="" feature="" subfeature="" type="SIGNAL" polarity="true" span="" area="0">
            
            <properties>
                <o classname="a2dFillProperty" name="Fill">
                    <o classname="a2dFill" type="a2dFILL_ONE_COLOUR" colour="BLACK">
                    </o>
                </o>
                <o classname="a2dStrokeProperty" name="Stroke">
                    <o classname="a2dStroke" type="a2dSTROKE_ONE_COLOUR" colour="LIGHT MAGENTA">
                    </o>
                </o>
            </properties>
            
        </o>
        <o classname="a2dLayerInfo" id="9289431" name="layer62" layer="62" hitflags="" layervisible="true" layerselectable="true" readlayer="true" inmap="62" outmap="62" order="62" description="" feature="" subfeature="" type="SIGNAL" polarity="true" span="" area="0">
            
            <properties>
                <o classname="a2dFillProperty" name="Fill">
                    <o classname="a2dFill" type="a2dFILL_ONE_COLOUR" colour="BLACK">
                    </o>
                </o>
                <o classname="a2dStrokeProperty" name="Stroke">
                    <o classname="a2dStroke" type="a2dSTROKE_ONE_COLOUR" colour="LIGHT MAGENTA">
                    </o>
                </o>
            </properties>
            
        </o>
        <o classname="a2dLayerInfo" id="9286370" name="layer63" layer="63" hitflags="" layervisible="true" layerselectable="true" readlayer="true" inmap="63" outmap="63" order="63" description="" feature="" subfeature="" type="SIGNAL" polarity="true" span="" area="0">
            
            <properties>
                <o classname="a2dFillProperty" name="Fill">
                    <o classname="a2dFill" type="a2dFILL_ONE_COLOUR" colour="BLACK">
                    </o>
                </o>
                <o classname="a2dStrokeProperty" name="Stroke">
                    <o classname="a2dStroke" type="a2dSTROKE_ONE_COLOUR" colour="LIGHT MAGENTA">
                    </o>
                </o>
            </properties>
            
        </o>
        <o classname="a2dLayerInfo" id="9290123" name="layer64" layer="64" hitflags="" layervisible="true" layerselectable="true" readlayer="true" inmap="64" outmap="64" order="64" description="" feature="" subfeature="" type="SIGNAL" polarity="true" span="" area="0">
            
            <properties>
                <o classname="a2dFillProperty" name="Fill">
                    <o classname="a2dFill" type="a2dFILL_ONE_COLOUR" colour="BLACK">
                    </o>
                </o>
                <o classname="a2dStrokeProperty" name="Stroke">
                    <o classname="a2dStroke" type="a2dSTROKE_ONE_COLOUR" colour="LIGHT MAGENTA">
                    </o>
                </o>
            </properties>
            
        </o>
        <o classname="a2dLayerInfo" id="9283865" name="layer65" layer="65" hitflags="" layervisible="true" layerselectable="true" readlayer="true" inmap="65" outmap="65" order="65" description="" feature="" subfeature="" type="SIGNAL" polarity="true" span="" area="0">
            
            <properties>
                <o classname="a2dFillProperty" name="Fill">
                    <o classname="a2dFill" type="a2dFILL_ONE_COLOUR" colour="BLACK">
                    </o>
                </o>
                <o classname="a2dStrokeProperty" name="Stroke">
                    <o classname="a2dStroke" type="a2dSTROKE_ONE_COLOUR" colour="LIGHT MAGENTA">
                    </o>
                </o>
            </properties>
            
        </o>
        <o classname="a2dLayerInfo" id="9281957" name="layer66" layer="66" hitflags="" layervisible="true" layerselectable="true" readlayer="true" inmap="66" outmap="66" order="66" description="" feature="" subfeature="" type="SIGNAL" polarity="true" span="" area="0">
            
            <properties>
                <o classname="a2dFillProperty" name="Fill">
                    <o classname="a2dFill" type="a2dFILL_ONE_COLOUR" colour="BLACK">
                    </o>
                </o>
                <o classname="a2dStrokeProperty" name="Stroke">
                    <o classname="a2dStroke" type="a2dSTROKE_ONE_COLOUR" colour="LIGHT MAGENTA">
                    </o>
                </o>
            </properties>
            
        </o>
        <o classname="a2dLayerInfo" id="9285102" name="layer67" layer="67" hitflags="" layervisible="true" layerselectable="true" readlayer="true" inmap="67" outmap="67" order="67" description="" feature="" subfeature="" type="SIGNAL" polarity="true" span="" area="0">
            
            <properties>
                <o classname="a2dFillProperty" name="Fill">
                    <o classname="a2dFill" type="a2dFILL_ONE_COLOUR" colour="BLACK">
                    </o>
                </o>
                <o classname="a2dStrokeProperty" name="Stroke">
                    <o classname="a2dStroke" type="a2dSTROKE_ONE_COLOUR" colour="LIGHT MAGENTA">
                    </o>
                </o>
            </properties>
            
        </o>
        <o classname="a2dLayerInfo" id="9290912" name="layer68" layer="68" hitflags="" layervisible="true" layerselectable="true" readlayer="true" inmap="68" outmap="68" order="68" description="" feature="" subfeature="" type="SIGNAL" polarity="true" span="" area="0">
            
            <properties>
                <o classname="a2dFillProperty" name="Fill">
                    <o classname="a2dFill" type="a2dFILL_ONE_COLOUR" colour="BLACK">
                    </o>
                </o>
                <o classname="a2dStrokeProperty" name="Stroke">
                    <o classname="a2dStroke" type="a2dSTROKE_ONE_COLOUR" colour="LIGHT MAGENTA">
                    </o>
                </o>
            </properties>
            
        </o>
        <o classname="a2dLayerInfo" id="9289637" name="layer69" layer="69" hitflags="" layervisible="true" layerselectable="true" readlayer="true" inmap="69" outmap="69" order="69" description="" feature="" subfeature="" type="SIGNAL" polarity="true" span="" area="0">
            
            <properties>
                <o classname="a2dFillProperty" name="Fill">
                    <o classname="a2dFill" type="a2dFILL_ONE_COLOUR" colour="BLACK">
                    </o>
                </o>
                <o classname="a2dStrokeProperty" name="Stroke">
                    <o classname="a2dStroke" type="a2dSTROKE_ONE_COLOUR" colour="LIGHT MAGENTA">
                    </o>
                </o>
            </properties>
            
        </o>
        <o classname="a2dLayerInfo" id="9283623" name="layer70" layer="70" hitflags="" layervisible="true" layerselectable="true" readlayer="true" inmap="70" outmap="70" order="70" description="" feature="" subfeature="" type="SIGNAL" polarity="true" span="" area="0">
            
            <properties>
                <o classname="a2dFillProperty" name="Fill">
                    <o classname="a2dFill" type="a2dFILL_ONE_COLOUR" colour="BLACK">
                    </o>
                </o>
                <o classname="a2dStrokeProperty" name="Stroke">
                    <o classname="a2dStroke" type="a2dSTROKE_ONE_COLOUR" colour="LIGHT MAGENTA">
                    </o>
                </o>
            </properties>
            
        </o>
        <o classname="a2dLayerInfo" id="9275536" name="layer71" layer="71" hitflags="" layervisible="true" layerselectable="true" readlayer="true" inmap="71" outmap="71" order="71" description="" feature="" subfeature="" type="SIGNAL" polarity="true" span="" area="0">
            
            <properties>
                <o classname="a2dFillProperty" name="Fill">
                    <o classname="a2dFill" type="a2dFILL_ONE_COLOUR" colour="BLACK">
                    </o>
                </o>
                <o classname="a2dStrokeProperty" name="Stroke">
                    <o classname="a2dStroke" type="a2dSTROKE_ONE_COLOUR" colour="LIGHT MAGENTA">
                    </o>
                </o>
            </properties>
            
        </o>
        <o classname="a2dLayerInfo" id="9291447" name="layer72" layer="72" hitflags="" layervisible="true" layerselectable="true" readlayer="true" inmap="72" outmap="72" order="72" description="" feature="" subfeature="" type="SIGNAL" polarity="true" span="" area="0">
            
            <properties>
                <o classname="a2dFillProperty" name="Fill">
                    <o classname="a2dFill" type="a2dFILL_ONE_COLOUR" colour="BLACK">
                    </o>
                </o>
                <o classname="a2dStrokeProperty" name="Stroke">
                    <o classname="a2dStroke" type="a2dSTROKE_ONE_COLOUR" colour="LIGHT MAGENTA">
                    </o>
                </o>
            </properties>
            
        </o>
        <o classname="a2dLayerInfo" id="9278455" name="layer73" layer="73" hitflags="" layervisible="true" layerselectable="true" readlayer="true" inmap="73" outmap="73" order="73" description="" feature="" subfeature="" type="SIGNAL" polarity="true" span="" area="0">
            
            <properties>
                <o classname="a2dFillProperty" name="Fill">
                    <o classname="a2dFill" type="a2dFILL_ONE_COLOUR" colour="BLACK">
                    </o>
                </o>
                <o classname="a2dStrokeProperty" name="Stroke">
                    <o classname="a2dStroke" type="a2dSTROKE_ONE_COLOUR" colour="LIGHT MAGENTA">
                    </o>
                </o>
            </properties>
            
        </o>
        <o classname="a2dLayerInfo" id="9288918" name="layer74" layer="74" hitflags="" layervisible="true" layerselectable="true" readlayer="true" inmap="74" outmap="74" order="74" description="" feature="" subfeature="" type="SIGNAL" polarity="true" span="" area="0">
            
            <properties>
                <o classname="a2dFillProperty" name="Fill">
                    <o classname="a2dFill" type="a2dFILL_ONE_COLOUR" colour="BLACK">
                    </o>
                </o>
                <o classname="a2dStrokeProperty" name="Stroke">
                    <o classname="a2dStroke" type="a2dSTROKE_ONE_COLOUR" colour="LIGHT MAGENTA">
                    </o>
                </o>
            </properties>
            
        </o>
        <o classname="a2dLayerInfo" id="9284683" name="layer75" layer="75" hitflags="" layervisible="true" layerselectable="true" readlayer="true" inmap="75" outmap="75" order="75" description="" feature="" subfeature="" type="SIGNAL" polarity="true" span="" area="0">
            
            <properties>
                <o classname="a2dFillProperty" name="Fill">
                    <o classname="a2dFill" type="a2dFILL_ONE_COLOUR" colour="BLACK">
                    </o>
                </o>
                <o classname="a2dStrokeProperty" name="Stroke">
                    <o classname="a2dStroke" type="a2dSTROKE_ONE_COLOUR" colour="LIGHT MAGENTA">
                    </o>
                </o>
            </properties>
            
        </o>
    </o>
    <o classname="a2dDrawing" id="9272604" rootobject="9272947" hitflags=" visible">
        <o classname="a2dLayers" refid="4786752">
        </o>
        <drawing>
            <o classname="a2dCanvasObject" id="9272947" hitflags=" visible">
                <o classname="a2dEllipse" hitflags=" visible"
                     transform="matrix( 1 0 0 1 78 16 )"
                     width="10" height="20" contourwidth="0">
                    <o classname="a2dPin" id="9256035" name="pin1" hitflags=" visible"
                         transform="matrix( 1 0 0 1 0 10 )"
                         width="7" height="7" pinclass="standard" resolveid="9289224">
                        
                        <properties>
                            <o classname="a2dFillProperty" name="Fill">
                                <o classname="a2dFill" type="a2dFILL_ONE_COLOUR" colour="GREEN">
                                </o>
                            </o>
                            <o classname="a2dStrokeProperty" name="Stroke">
                                <o classname="a2dStroke" type="a2dSTROKE_ONE_COLOUR" colour="#429FEB" pixelwidth="true">
                                </o>
                            </o>
                        </properties>
                        
                    </o>
                </o>
                <o classname="a2dWirePolylineL" hitflags=" visible" points="5" contourwidth="0" invert="true" pcobjbegin="standard" pcwirebegin="standard" pcwireend="standard">
                    
                    <properties>
                        <o classname="a2dStrokeProperty" name="Stroke">
                            <o classname="a2dStroke" type="a2dSTROKE_ONE_COLOUR" colour="#AA00AA" pixelwidth="true" width="2">
                            </o>
                        </o>
                    </properties>
                    
                    <o classname="a2dPin" id="9289224" name="begin" hitflags=" visible"
                         transform="matrix( 1 0 0 1 78 26 )"
                         width="7" height="7" pinclass="standard" resolveid="9256035">
                        
                        <properties>
                            <o classname="a2dFillProperty" name="Fill">
                                <o classname="a2dFill" type="a2dFILL_ONE_COLOUR" colour="GREEN">
                                </o>
                            </o>
                            <o classname="a2dStrokeProperty" name="Stroke">
                                <o classname="a2dStroke" type="a2dSTROKE_ONE_COLOUR" colour="#429FEB" pixelwidth="true">
                                </o>
                            </o>
                        </properties>
                        
                    </o>
                    <o classname="a2dPin" id="9234389" name="end" hitflags=" visible"
                         transform="matrix( 1 0 0 1 33 62 )"
                         width="7" height="7" pinclass="standard">
                        
                        <properties>
                            <o classname="a2dFillProperty" name="Fill">
                                <o classname="a2dFill" type="a2dFILL_ONE_COLOUR" colour="GREEN">
                                </o>
                            </o>
                            <o classname="a2dStrokeProperty" name="Stroke">
                                <o classname="a2dStroke" type="a2dSTROKE_ONE_COLOUR" colour="#429FEB" pixelwidth="true">
                                </o>
                            </o>
                        </properties>
                        
                    </o>
                    
                    <xy x="78" y="26"/>
                    <xy x="33" y="62"/>
                </o>
            </o>
        </drawing>
    </o>
</cvg>