<?xml version="1.0" encoding="UTF-8" standalone="yes"?>

<cvg classname="a2dCanvasDocument">
    <title>unnamed2</title>
    <desc>a2dCanvasDocument generated by wxArt2D</desc>
    <o classname="a2dLayers" id="5369129" hitflags="">
        <o classname="a2dLayerInfo" id="7960048" name="layer0" hitflags="" layervisible="true" layerselectable="true" readlayer="true" inmap="0" outmap="0" order="0" description="" feature="" subfeature="" type="SIGNAL" polarity="true" span="" area="0">
            
            <properties>
                <o classname="a2dStrokeProperty" name="Stroke">
                    <o classname="a2dStroke" type="a2dSTROKE_ONE_COLOUR" colour="RED">
                    </o>
                </o>
                <o classname="a2dFillProperty" name="Fill">
                    <o classname="a2dFill" type="a2dFILL_ONE_COLOUR" colour="GREEN">
                    </o>
                </o>
                <o classname="a2dBoolProperty" name="TemporaryObject" value="false">
                </o>
            </properties>
            
        </o>
    </o>
    <o classname="a2dDrawing" id="7957381" rootobject="7957446" initialSizeX="100" initialSizeY="100" units_accuracy="0.001" units_scale="1" normalize_scale="1" units="non" units_measure="non" drawAsSymbol="false" hitflags=" visible">
        <o classname="a2dLayers" refid="5369129">
        </o>
        <drawing>
            <o classname="a2dCanvasObject" id="7957446" hitflags=" visible">
                <o classname="a2dCircle" id="5359339" hitflags=" visible"
                     transform="matrix( 1 0 0 1 2 8 )"
                     radius="10" contourwidth="0">
                    <o classname="a2dPin" id="7964140" name="pin3" hitflags=" visible"
                         transform="matrix( 1 0 0 1 10 0 )"
                         width="9" height="9" pinclass="standard" resolveid="7959524">
                        
                        <properties>
                            <o classname="a2dFillProperty" name="Fill">
                                <o classname="a2dFill" type="a2dFILL_ONE_COLOUR" colour="GREEN">
                                </o>
                            </o>
                            <o classname="a2dStrokeProperty" name="Stroke">
                                <o classname="a2dStroke" type="a2dSTROKE_ONE_COLOUR" colour="#429FEB" pixelwidth="true">
                                </o>
                            </o>
                        </properties>
                        
                    </o>
                </o>
                <o classname="a2dCircle" id="7960307" hitflags=" visible"
                     transform="matrix( 1 0 0 1 42.9289 -5.07107 )"
                     radius="10" contourwidth="0">
                    <o classname="a2dPin" id="7962535" name="pin6" hitflags=" visible"
                         transform="matrix( 1 0 0 1 -7.07107 -7.07107 )"
                         width="9" height="9" pinclass="standard" resolveid="7986756">
                        
                        <properties>
                            <o classname="a2dFillProperty" name="Fill">
                                <o classname="a2dFill" type="a2dFILL_ONE_COLOUR" colour="GREEN">
                                </o>
                            </o>
                            <o classname="a2dStrokeProperty" name="Stroke">
                                <o classname="a2dStroke" type="a2dSTROKE_ONE_COLOUR" colour="#429FEB" pixelwidth="true">
                                </o>
                            </o>
                        </properties>
                        
                    </o>
                </o>
                <o classname="a2dWirePolylineL" id="7983250" flags=" draggable(0)" hitflags=" visible" points="7" contourwidth="0" invert="true" pcobjbegin="standard" pcwirebegin="standard" pcwireend="standard">
                    
                    <properties>
                        <o classname="a2dStrokeProperty" name="Stroke">
                            <o classname="a2dStroke" type="a2dSTROKE_ONE_COLOUR" colour="#AA00AA" pixelwidth="true" width="25">
                            </o>
                        </o>
                    </properties>
                    
                    <o classname="a2dPin" id="7960726" name="end" hitflags=" visible"
                         transform="matrix( 1 0 0 1 12 8 )"
                         width="9" height="9" pinclass="standard" resolveid="7981618">
                        
                        <properties>
                            <o classname="a2dFillProperty" name="Fill">
                                <o classname="a2dFill" type="a2dFILL_ONE_COLOUR" colour="GREEN">
                                </o>
                            </o>
                            <o classname="a2dStrokeProperty" name="Stroke">
                                <o classname="a2dStroke" type="a2dSTROKE_ONE_COLOUR" colour="#429FEB" pixelwidth="true">
                                </o>
                            </o>
                        </properties>
                        
                    </o>
                    <o classname="a2dPin" id="7959831" name="begin" hitflags=" visible"
                         transform="matrix( 1 0 0 1 35.8579 -12.1421 )"
                         width="9" height="9" pinclass="standard" resolveid="7987305">
                        
                        <properties>
                            <o classname="a2dFillProperty" name="Fill">
                                <o classname="a2dFill" type="a2dFILL_ONE_COLOUR" colour="GREEN">
                                </o>
                            </o>
                            <o classname="a2dStrokeProperty" name="Stroke">
                                <o classname="a2dStroke" type="a2dSTROKE_ONE_COLOUR" colour="#429FEB" pixelwidth="true">
                                </o>
                            </o>
                        </properties>
                        
                    </o>
                    
                    <xy x="35.8579" y="-12.1421"/>
                    <xy x="35.8579" y="-12"/>
                    <xy x="32" y="-12"/>
                    <xy x="32" y="2"/>
                    <xy x="16" y="2"/>
                    <xy x="16" y="8"/>
                    
                    <xy x="12" y="8"/>
                </o>
                <o classname="a2dWirePolylineL" id="7959694" flags=" draggable(0)" hitflags=" visible" points="2" contourwidth="0" invert="true" pcobjbegin="standard" pcwirebegin="standard" pcwireend="standard">
                    
                    <properties>
                        <o classname="a2dStrokeProperty" name="Stroke">
                            <o classname="a2dStroke" type="a2dSTROKE_ONE_COLOUR" colour="#AA00AA" pixelwidth="true" width="2">
                            </o>
                        </o>
                    </properties>
                    
                    <o classname="a2dPin" id="7981618" name="begin" hitflags=" visible"
                         transform="matrix( 1 0 0 1 12 8 )"
                         width="9" height="9" pinclass="standard" resolveid="7960726">
                        
                        <properties>
                            <o classname="a2dFillProperty" name="Fill">
                                <o classname="a2dFill" type="a2dFILL_ONE_COLOUR" colour="GREEN">
                                </o>
                            </o>
                            <o classname="a2dStrokeProperty" name="Stroke">
                                <o classname="a2dStroke" type="a2dSTROKE_ONE_COLOUR" colour="#429FEB" pixelwidth="true">
                                </o>
                            </o>
                        </properties>
                        
                    </o>
                    <o classname="a2dPin" id="7959524" name="end" hitflags=" visible"
                         transform="matrix( 1 0 0 1 12 8 )"
                         width="9" height="9" pinclass="standard" resolveid="7964140">
                        
                        <properties>
                            <o classname="a2dFillProperty" name="Fill">
                                <o classname="a2dFill" type="a2dFILL_ONE_COLOUR" colour="GREEN">
                                </o>
                            </o>
                            <o classname="a2dStrokeProperty" name="Stroke">
                                <o classname="a2dStroke" type="a2dSTROKE_ONE_COLOUR" colour="#429FEB" pixelwidth="true">
                                </o>
                            </o>
                        </properties>
                        
                    </o>
                    
                    <xy x="12" y="8"/>
                    <xy x="12" y="8"/>
                </o>
                <o classname="a2dWirePolylineL" id="7981389" flags=" draggable(0)" hitflags=" visible" points="2" contourwidth="0" invert="true" pcobjbegin="standard" pcwirebegin="standard" pcwireend="standard">
                    
                    <properties>
                        <o classname="a2dStrokeProperty" name="Stroke">
                            <o classname="a2dStroke" type="a2dSTROKE_ONE_COLOUR" colour="#AA00AA" pixelwidth="true" width="2">
                            </o>
                        </o>
                    </properties>
                    
                    <o classname="a2dPin" id="7987305" name="begin" hitflags=" visible"
                         transform="matrix( 1 0 0 1 35.8579 -12.1421 )"
                         width="9" height="9" pinclass="standard" resolveid="7959831">
                        
                        <properties>
                            <o classname="a2dFillProperty" name="Fill">
                                <o classname="a2dFill" type="a2dFILL_ONE_COLOUR" colour="GREEN">
                                </o>
                            </o>
                            <o classname="a2dStrokeProperty" name="Stroke">
                                <o classname="a2dStroke" type="a2dSTROKE_ONE_COLOUR" colour="#429FEB" pixelwidth="true">
                                </o>
                            </o>
                        </properties>
                        
                    </o>
                    <o classname="a2dPin" id="7986756" name="end" hitflags=" visible"
                         transform="matrix( 1 0 0 1 35.8579 -12.1421 )"
                         width="9" height="9" pinclass="standard" resolveid="7962535">
                        
                        <properties>
                            <o classname="a2dFillProperty" name="Fill">
                                <o classname="a2dFill" type="a2dFILL_ONE_COLOUR" colour="GREEN">
                                </o>
                            </o>
                            <o classname="a2dStrokeProperty" name="Stroke">
                                <o classname="a2dStroke" type="a2dSTROKE_ONE_COLOUR" colour="#429FEB" pixelwidth="true">
                                </o>
                            </o>
                        </properties>
                        
                    </o>
                    
                    <xy x="35.8579" y="-12.1421"/>
                    <xy x="35.8579" y="-12.1421"/>
                </o>
            </o>
        </drawing>
    </o>
</cvg>