<?xml version="1.0" encoding="UTF-8" standalone="yes"?>

<cvg classname="a2dCanvasDocument">
    <title>unnamed2</title>
    <desc>a2dCanvasDocument generated by wxArt2D</desc>
    <o classname="a2dLayers" id="4763116" hitflags="">
        <o classname="a2dLayerInfo" id="4763533" name="layer0" hitflags="" layervisible="true" layerselectable="true" readlayer="true" inmap="0" outmap="0" order="0" description="" feature="" subfeature="" type="SIGNAL" polarity="true" span="" area="0">
            
            <properties>
                <o classname="a2dStrokeProperty" name="Stroke">
                    <o classname="a2dStroke" type="a2dSTROKE_ONE_COLOUR" colour="RED">
                    </o>
                </o>
                <o classname="a2dFillProperty" name="Fill">
                    <o classname="a2dFill" type="a2dFILL_ONE_COLOUR" colour="GREEN">
                    </o>
                </o>
            </properties>
            
        </o>
    </o>
    <o classname="a2dDrawing" id="4934917" rootobject="4935260" hitflags=" visible">
        <o classname="a2dLayers" refid="4763116">
        </o>
        <drawing>
            <o classname="a2dCanvasObject" id="4935260" hitflags=" visible">
                <o classname="a2dRect" id="4937730" hitflags=" visible"
                     transform="matrix( 1 0 0 1 20.9877 55.8642 )"
                     width="10" height="10">
                    <o classname="a2dPin" id="4939691" name="pin6" hitflags=" visible"
                         transform="matrix( 1 0 0 1 10 5 )"
                         width="7" height="7" pinclass="standard" resolveid="4939004">
                        
                        <properties>
                            <o classname="a2dFillProperty" name="Fill">
                                <o classname="a2dFill" type="a2dFILL_ONE_COLOUR" colour="GREEN">
                                </o>
                            </o>
                            <o classname="a2dStrokeProperty" name="Stroke">
                                <o classname="a2dStroke" type="a2dSTROKE_ONE_COLOUR" colour="#429FEB" pixelwidth="true">
                                </o>
                            </o>
                        </properties>
                        
                    </o>
                </o>
                <o classname="a2dCircle" id="4938063" hitflags=" visible"
                     transform="matrix( 1 0 0 1 60.8025 55.2469 )"
                     radius="10" contourwidth="0">
                    <o classname="a2dPin" id="4941986" name="pin7" hitflags=" visible"
                         transform="matrix( 1 0 0 1 -10 0 )"
                         width="7" height="7" pinclass="standard" resolveid="4943536">
                        
                        <properties>
                            <o classname="a2dFillProperty" name="Fill">
                                <o classname="a2dFill" type="a2dFILL_ONE_COLOUR" colour="GREEN">
                                </o>
                            </o>
                            <o classname="a2dStrokeProperty" name="Stroke">
                                <o classname="a2dStroke" type="a2dSTROKE_ONE_COLOUR" colour="#429FEB" pixelwidth="true">
                                </o>
                            </o>
                        </properties>
                        
                    </o>
                </o>
                <o classname="a2dWirePolylineL" id="4678198" flags=" draggable" hitflags=" visible" points="2" contourwidth="0" invert="true" pcobjbegin="standard" pcwirebegin="standard" pcwireend="standard">
                    
                    <properties>
                        <o classname="a2dStrokeProperty" name="Stroke">
                            <o classname="a2dStroke" type="a2dSTROKE_ONE_COLOUR" colour="#AA00AA" pixelwidth="true" width="2">
                            </o>
                        </o>
                    </properties>
                    
                    <o classname="a2dPin" id="4939004" name="begin" hitflags=" visible"
                         transform="matrix( 1 0 0 1 30.9877 60.8642 )"
                         width="7" height="7" pinclass="standard" resolveid="4939691">
                        
                        <properties>
                            <o classname="a2dFillProperty" name="Fill">
                                <o classname="a2dFill" type="a2dFILL_ONE_COLOUR" colour="GREEN">
                                </o>
                            </o>
                            <o classname="a2dStrokeProperty" name="Stroke">
                                <o classname="a2dStroke" type="a2dSTROKE_ONE_COLOUR" colour="#429FEB" pixelwidth="true">
                                </o>
                            </o>
                        </properties>
                        
                    </o>
                    <o classname="a2dPin" id="4943536" name="end" hitflags=" visible"
                         transform="matrix( 1 0 0 1 50.8025 55.2469 )"
                         width="7" height="7" pinclass="standard" resolveid="4941986">
                        
                        <properties>
                            <o classname="a2dFillProperty" name="Fill">
                                <o classname="a2dFill" type="a2dFILL_ONE_COLOUR" colour="GREEN">
                                </o>
                            </o>
                            <o classname="a2dStrokeProperty" name="Stroke">
                                <o classname="a2dStroke" type="a2dSTROKE_ONE_COLOUR" colour="#429FEB" pixelwidth="true">
                                </o>
                            </o>
                        </properties>
                        
                    </o>
                    
                    <xy x="30.9877" y="60.8642"/>
                    <xy x="50.8025" y="55.2469"/>
                </o>
            </o>
        </drawing>
    </o>
</cvg>