<?xml version="1.0" encoding="UTF-8" standalone="yes"?>

<cvg classname="a2dCanvasDocument">
    <title>unnamed2</title>
    <desc>a2dCanvasDocument generated by wxArt2D</desc>
    <o classname="a2dLayers" id="14330379" hitflags="">
        <o classname="a2dLayerInfo" id="14424197" name="layer0" hitflags="" layervisible="true" layerselectable="true" readlayer="true" inmap="0" outmap="0" order="0" description="" feature="" subfeature="" type="SIGNAL" polarity="true" span="" area="0">
            
            <properties>
                <o classname="a2dStrokeProperty" name="Stroke">
                    <o classname="a2dStroke" type="a2dSTROKE_ONE_COLOUR" colour="RED">
                    </o>
                </o>
                <o classname="a2dFillProperty" name="Fill">
                    <o classname="a2dFill" type="a2dFILL_ONE_COLOUR" colour="GREEN">
                    </o>
                </o>
                <o classname="a2dBoolProperty" name="TemporaryObject" value="false">
                </o>
            </properties>
            
        </o>
    </o>
    <o classname="a2dDrawing" id="14421456" rootobject="14421521" initialSizeX="100" initialSizeY="100" units_accuracy="0.001" units_scale="1" normalize_scale="1" units="non" units_measure="non" drawAsSymbol="false" hitflags=" visible">
        <o classname="a2dLayers" refid="14330379">
        </o>
        <drawing>
            <o classname="a2dCanvasObject" id="14421521" hitflags=" visible">
                <o classname="a2dRect" id="14424489" hitflags=" visible"
                     transform="matrix( 1 0 0 1 20.9877 55.8642 )"
                     width="10" height="10">
                    <o classname="a2dPin" id="14426226" name="pin6" hitflags=" visible"
                         transform="matrix( 1 0 0 1 10 5 )"
                         width="7" height="7" pinclass="standard" resolveid="14464633">
                        
                        <properties>
                            <o classname="a2dFillProperty" name="Fill">
                                <o classname="a2dFill" type="a2dFILL_ONE_COLOUR" colour="GREEN">
                                </o>
                            </o>
                            <o classname="a2dStrokeProperty" name="Stroke">
                                <o classname="a2dStroke" type="a2dSTROKE_ONE_COLOUR" colour="#429FEB" pixelwidth="true">
                                </o>
                            </o>
                        </properties>
                        
                    </o>
                </o>
                <o classname="a2dCircle" id="14424772" hitflags=" visible"
                     transform="matrix( 1 0 0 1 78 42 )"
                     radius="10" contourwidth="0">
                    <o classname="a2dPin" id="14425822" name="pin7" hitflags=" visible"
                         transform="matrix( 1 0 0 1 -10 0 )"
                         width="7" height="7" pinclass="standard" resolveid="14463603">
                        
                        <properties>
                            <o classname="a2dFillProperty" name="Fill">
                                <o classname="a2dFill" type="a2dFILL_ONE_COLOUR" colour="GREEN">
                                </o>
                            </o>
                            <o classname="a2dStrokeProperty" name="Stroke">
                                <o classname="a2dStroke" type="a2dSTROKE_ONE_COLOUR" colour="#429FEB" pixelwidth="true">
                                </o>
                            </o>
                        </properties>
                        
                    </o>
                </o>
                <o classname="a2dWirePolylineL" id="14425030" flags=" selected draggable(0)" hitflags=" visible" points="6" contourwidth="0" invert="true" pcobjbegin="standard" pcwirebegin="standard" pcwireend="standard">
                    
                    <properties>
                        <o classname="a2dStrokeProperty" name="Stroke">
                            <o classname="a2dStroke" type="a2dSTROKE_ONE_COLOUR" colour="#AA00AA" pixelwidth="true" width="13">
                            </o>
                        </o>
                    </properties>
                    
                    <o classname="a2dPin" id="14447247" name="end" hitflags=" visible"
                         transform="matrix( 1 0 0 1 68 42 )"
                         width="9" height="9" pinclass="standard" resolveid="14463339">
                        
                        <properties>
                            <o classname="a2dFillProperty" name="Fill">
                                <o classname="a2dFill" type="a2dFILL_ONE_COLOUR" colour="GREEN">
                                </o>
                            </o>
                            <o classname="a2dStrokeProperty" name="Stroke">
                                <o classname="a2dStroke" type="a2dSTROKE_ONE_COLOUR" colour="#429FEB" pixelwidth="true">
                                </o>
                            </o>
                        </properties>
                        
                    </o>
                    <o classname="a2dPin" id="14423257" name="begin" hitflags=" visible"
                         transform="matrix( 1 0 0 1 30.9877 60.8642 )"
                         width="9" height="9" pinclass="standard" resolveid="14464359">
                        
                        <properties>
                            <o classname="a2dFillProperty" name="Fill">
                                <o classname="a2dFill" type="a2dFILL_ONE_COLOUR" colour="GREEN">
                                </o>
                            </o>
                            <o classname="a2dStrokeProperty" name="Stroke">
                                <o classname="a2dStroke" type="a2dSTROKE_ONE_COLOUR" colour="#429FEB" pixelwidth="true">
                                </o>
                            </o>
                        </properties>
                        
                    </o>
                    
                    <xy x="30.9877" y="60.8642"/>
                    <xy x="30" y="60"/>
                    <xy x="30" y="34"/>
                    <xy x="62" y="34"/>
                    <xy x="62" y="42"/>
                    <xy x="68" y="42"/>
                </o>
                <o classname="a2dWirePolylineL" id="14448497" flags=" draggable(0)" hitflags=" visible" points="2" contourwidth="0" invert="true" pcobjbegin="standard" pcwirebegin="standard" pcwireend="standard">
                    
                    <properties>
                        <o classname="a2dStrokeProperty" name="Stroke">
                            <o classname="a2dStroke" type="a2dSTROKE_ONE_COLOUR" colour="#AA00AA" pixelwidth="true" width="2">
                            </o>
                        </o>
                    </properties>
                    
                    <o classname="a2dPin" id="14463339" name="begin" hitflags=" visible"
                         transform="matrix( 1 0 0 1 68 42 )"
                         width="9" height="9" pinclass="standard" resolveid="14447247">
                        
                        <properties>
                            <o classname="a2dFillProperty" name="Fill">
                                <o classname="a2dFill" type="a2dFILL_ONE_COLOUR" colour="GREEN">
                                </o>
                            </o>
                            <o classname="a2dStrokeProperty" name="Stroke">
                                <o classname="a2dStroke" type="a2dSTROKE_ONE_COLOUR" colour="#429FEB" pixelwidth="true">
                                </o>
                            </o>
                        </properties>
                        
                    </o>
                    <o classname="a2dPin" id="14463603" name="end" hitflags=" visible"
                         transform="matrix( 1 0 0 1 68 42 )"
                         width="9" height="9" pinclass="standard" resolveid="14425822">
                        
                        <properties>
                            <o classname="a2dFillProperty" name="Fill">
                                <o classname="a2dFill" type="a2dFILL_ONE_COLOUR" colour="GREEN">
                                </o>
                            </o>
                            <o classname="a2dStrokeProperty" name="Stroke">
                                <o classname="a2dStroke" type="a2dSTROKE_ONE_COLOUR" colour="#429FEB" pixelwidth="true">
                                </o>
                            </o>
                        </properties>
                        
                    </o>
                    
                    <xy x="68" y="42"/>
                    <xy x="68" y="42"/>
                </o>
                <o classname="a2dWirePolylineL" id="14464140" flags=" draggable(0)" hitflags=" visible" points="2" contourwidth="0" invert="true" pcobjbegin="standard" pcwirebegin="standard" pcwireend="standard">
                    
                    <properties>
                        <o classname="a2dStrokeProperty" name="Stroke">
                            <o classname="a2dStroke" type="a2dSTROKE_ONE_COLOUR" colour="#AA00AA" pixelwidth="true" width="2">
                            </o>
                        </o>
                    </properties>
                    
                    <o classname="a2dPin" id="14464359" name="begin" hitflags=" visible"
                         transform="matrix( 1 0 0 1 30.9877 60.8642 )"
                         width="9" height="9" pinclass="standard" resolveid="14423257">
                        
                        <properties>
                            <o classname="a2dFillProperty" name="Fill">
                                <o classname="a2dFill" type="a2dFILL_ONE_COLOUR" colour="GREEN">
                                </o>
                            </o>
                            <o classname="a2dStrokeProperty" name="Stroke">
                                <o classname="a2dStroke" type="a2dSTROKE_ONE_COLOUR" colour="#429FEB" pixelwidth="true">
                                </o>
                            </o>
                        </properties>
                        
                    </o>
                    <o classname="a2dPin" id="14464633" name="end" hitflags=" visible"
                         transform="matrix( 1 0 0 1 30.9877 60.8642 )"
                         width="9" height="9" pinclass="standard" resolveid="14426226">
                        
                        <properties>
                            <o classname="a2dFillProperty" name="Fill">
                                <o classname="a2dFill" type="a2dFILL_ONE_COLOUR" colour="GREEN">
                                </o>
                            </o>
                            <o classname="a2dStrokeProperty" name="Stroke">
                                <o classname="a2dStroke" type="a2dSTROKE_ONE_COLOUR" colour="#429FEB" pixelwidth="true">
                                </o>
                            </o>
                        </properties>
                        
                    </o>
                    
                    <xy x="30.9877" y="60.8642"/>
                    <xy x="30.9877" y="60.8642"/>
                </o>
            </o>
        </drawing>
    </o>
</cvg>