<?xml version="1.0" encoding="UTF-8" standalone="yes"?>

<cvg classname="a2dCanvasDocument">
    <title>unnamed2</title>
    <desc>a2dCanvasDocument generated by wxArt2D</desc>
    <o classname="a2dLayers" id="7036933" hitflags="">
        <o classname="a2dLayerInfo" id="7036641" name="layer0" hitflags="" layervisible="true" layerselectable="true" readlayer="true" inmap="0" outmap="0" order="0" description="" feature="" subfeature="" type="SIGNAL" polarity="true" span="" area="0">
            
            <properties>
                <o classname="a2dStrokeProperty" name="Stroke">
                    <o classname="a2dStroke" type="a2dSTROKE_ONE_COLOUR" colour="RED">
                    </o>
                </o>
                <o classname="a2dFillProperty" name="Fill">
                    <o classname="a2dFill" type="a2dFILL_BITMAP" colour="#FA00F0" colour2="BLACK" filename="pat_59.bmp">
                    </o>
                </o>
                <o classname="a2dBoolProperty" name="TemporaryObject" value="false">
                </o>
            </properties>
            
        </o>
    </o>
    <o classname="a2dDrawing" id="9103358" rootobject="9103423" initialSizeX="100" initialSizeY="100" units_accuracy="0.001" units_scale="1" normalize_scale="1" units="non" units_measure="non" drawAsSymbol="false" hitflags=" visible">
        <o classname="a2dLayers" refid="7036933">
        </o>
        <drawing>
            <o classname="a2dCanvasObject" id="9103423" hitflags=" visible" >
                <o classname="a2dRect" id="9105943" hitflags=" visible" flags="selected(0) generatePins(1) "
                     transform="matrix( 1 0 0 1 40.4321 53.0864 )"
                     width="10" height="10">
                    <o classname="a2dPin" id="9109768" name="pin6" hitflags=" visible"
                         transform="matrix( 1 0 0 1 10 5 )"
                         width="2" height="2" pinclass="standard" >
                        
                        <properties>
                            <o classname="a2dFillProperty" name="Fill">
                                <o classname="a2dFill" type="a2dFILL_ONE_COLOUR" colour="GREEN">
                                </o>
                            </o>
                            <o classname="a2dStrokeProperty" name="Stroke">
                                <o classname="a2dStroke" type="a2dSTROKE_ONE_COLOUR" colour="#429FEB" pixelwidth="true">
                                </o>
                            </o>
                        </properties>
                        
                    </o>
                    <o classname="a2dPin" id="9111339" name="pin1" hitflags=" visible" width="2" height="2" pinclass="standard" >
                        
                        <properties>
                            <o classname="a2dFillProperty" name="Fill">
                                <o classname="a2dFill" type="a2dFILL_ONE_COLOUR" colour="GREEN">
                                </o>
                            </o>
                            <o classname="a2dStrokeProperty" name="Stroke">
                                <o classname="a2dStroke" type="a2dSTROKE_ONE_COLOUR" colour="#429FEB" pixelwidth="true">
                                </o>
                            </o>
                        </properties>
                        
                    </o>
                </o>
            </o>
        </drawing>
    </o>
</cvg>