<?xml version="1.0" encoding="UTF-8" standalone="yes"?>

<cvg classname="a2dCanvasDocument">
    <title>unnamed2</title>
    <desc>a2dCanvasDocument generated by wxArt2D</desc>
    <o classname="a2dLayers" id="14622975" hitflags="">
        <o classname="a2dLayerInfo" id="14708248" name="layer0" hitflags="" layervisible="true" layerselectable="true" readlayer="true" inmap="0" outmap="0" order="0" description="" feature="" subfeature="" type="SIGNAL" polarity="true" span="" area="0">
            
            <properties>
                <o classname="a2dStrokeProperty" name="Stroke">
                    <o classname="a2dStroke" type="a2dSTROKE_ONE_COLOUR" colour="RED">
                    </o>
                </o>
                <o classname="a2dFillProperty" name="Fill">
                    <o classname="a2dFill" type="a2dFILL_ONE_COLOUR" colour="GREEN">
                    </o>
                </o>
                <o classname="a2dBoolProperty" name="TemporaryObject" value="false">
                </o>
            </properties>
            
        </o>
    </o>
    <o classname="a2dDrawing" id="14705478" rootobject="14705543" initialSizeX="100" initialSizeY="100" units_accuracy="0.001" units_scale="1" normalize_scale="1" units="non" units_measure="non" drawAsSymbol="false" hitflags=" visible">
        <o classname="a2dLayers" refid="14622975">
        </o>
        <drawing>
            <o classname="a2dCanvasObject" id="14705543" hitflags=" visible">
                <o classname="a2dRect" hitflags=" visible"
                     transform="matrix( 1 0 0 1 -8 15 )"
                     width="10" height="10">
                    <o classname="a2dPin" id="14709356" name="pin6" hitflags=" visible"
                         transform="matrix( 1 0 0 1 10 5 )"
                         width="7" height="7" pinclass="standard">
                        
                        <properties>
                            <o classname="a2dFillProperty" name="Fill">
                                <o classname="a2dFill" type="a2dFILL_ONE_COLOUR" colour="GREEN">
                                </o>
                            </o>
                            <o classname="a2dStrokeProperty" name="Stroke">
                                <o classname="a2dStroke" type="a2dSTROKE_ONE_COLOUR" colour="#429FEB" pixelwidth="true">
                                </o>
                            </o>
                        </properties>
                        
                        <connect resolveid="14708486"/>
                        <connect resolveid="14743699"/>
                        <connect resolveid="14745534"/>
                    </o>
                </o>
                <o classname="a2dCircle" hitflags=" visible"
                     transform="matrix( 1 0 0 1 78.9289 10.9289 )"
                     radius="10" contourwidth="0">
                    <o classname="a2dPin" id="14708747" name="pin7" hitflags=" visible"
                         transform="matrix( 1 0 0 1 -10 0 )"
                         width="7" height="7" pinclass="standard">
                        
                        <properties>
                            <o classname="a2dFillProperty" name="Fill">
                                <o classname="a2dFill" type="a2dFILL_ONE_COLOUR" colour="GREEN">
                                </o>
                            </o>
                            <o classname="a2dStrokeProperty" name="Stroke">
                                <o classname="a2dStroke" type="a2dSTROKE_ONE_COLOUR" colour="#429FEB" pixelwidth="true">
                                </o>
                            </o>
                        </properties>
                        
                        <connect resolveid="14729691"/>
                        <connect resolveid="14732622"/>
                        <connect resolveid="14761356"/>
                    </o>
                </o>
                <o classname="a2dWirePolylineL" id="14710808" hitflags=" visible" points="8" contourwidth="0" invert="true" pcobjbegin="standard" pcwirebegin="standard" pcwireend="standard">
                    
                    <properties>
                        <o classname="a2dStrokeProperty" name="Stroke">
                            <o classname="a2dStroke" type="a2dSTROKE_ONE_COLOUR" colour="#AA00AA" pixelwidth="true" width="2">
                            </o>
                        </o>
                    </properties>
                    
                    <o classname="a2dPin" id="14708486" name="begin" hitflags=" visible"
                         transform="matrix( 1 0 0 1 2 20 )"
                         width="7" height="7" pinclass="standard" resolveid="14709356">
                        
                        <properties>
                            <o classname="a2dFillProperty" name="Fill">
                                <o classname="a2dFill" type="a2dFILL_ONE_COLOUR" colour="GREEN">
                                </o>
                            </o>
                            <o classname="a2dStrokeProperty" name="Stroke">
                                <o classname="a2dStroke" type="a2dSTROKE_ONE_COLOUR" colour="#429FEB" pixelwidth="true">
                                </o>
                            </o>
                        </properties>
                        
                    </o>
                    <o classname="a2dPin" id="14729691" name="end" hitflags=" visible"
                         transform="matrix( 1 0 0 1 68.9289 10.9289 )"
                         width="7" height="7" pinclass="standard" resolveid="14708747">
                        
                        <properties>
                            <o classname="a2dFillProperty" name="Fill">
                                <o classname="a2dFill" type="a2dFILL_ONE_COLOUR" colour="GREEN">
                                </o>
                            </o>
                            <o classname="a2dStrokeProperty" name="Stroke">
                                <o classname="a2dStroke" type="a2dSTROKE_ONE_COLOUR" colour="#429FEB" pixelwidth="true">
                                </o>
                            </o>
                        </properties>
                        
                    </o>
                    
                    <xy x="2" y="20"/>
                    <xy x="14" y="20"/>
                    <xy x="14" y="26"/>
                    <xy x="40" y="26"/>
                    <xy x="40" y="20"/>
                    <xy x="68" y="20"/>
                    
                    <xy x="68" y="10.9289"/>
                    <xy x="68.9289" y="10.9289"/>
                </o>
                <o classname="a2dEllipse" hitflags=" visible"
                     transform="matrix( 1 0 0 1 12.4645 68.9289 )"
                     width="10" height="20" contourwidth="0">
                    <o classname="a2dPin" id="14712445" name="pin3" hitflags=" visible"
                         transform="matrix( 1 0 0 1 5 0 )"
                         width="9" height="9" pinclass="standard">
                        
                        <properties>
                            <o classname="a2dFillProperty" name="Fill">
                                <o classname="a2dFill" type="a2dFILL_ONE_COLOUR" colour="GREEN">
                                </o>
                            </o>
                            <o classname="a2dStrokeProperty" name="Stroke">
                                <o classname="a2dStroke" type="a2dSTROKE_ONE_COLOUR" colour="#429FEB" pixelwidth="true">
                                </o>
                            </o>
                        </properties>
                        
                        <connect resolveid="14729879"/>
                        <connect resolveid="14743513"/>
                    </o>
                </o>
                <o classname="a2dWirePolylineL" id="14728361" flags=" draggable" hitflags=" visible" points="6" contourwidth="0" invert="true" pcobjbegin="standard" pcwirebegin="standard" pcwireend="standard">
                    
                    <properties>
                        <o classname="a2dStrokeProperty" name="Stroke">
                            <o classname="a2dStroke" type="a2dSTROKE_ONE_COLOUR" colour="#AA00AA" pixelwidth="true" width="2">
                            </o>
                        </o>
                    </properties>
                    
                    <o classname="a2dPin" id="14729879" name="begin" hitflags=" visible"
                         transform="matrix( 1 0 0 1 17.4645 68.9289 )"
                         width="9" height="9" pinclass="standard" resolveid="14712445">
                        
                        <properties>
                            <o classname="a2dFillProperty" name="Fill">
                                <o classname="a2dFill" type="a2dFILL_ONE_COLOUR" colour="GREEN">
                                </o>
                            </o>
                            <o classname="a2dStrokeProperty" name="Stroke">
                                <o classname="a2dStroke" type="a2dSTROKE_ONE_COLOUR" colour="#429FEB" pixelwidth="true">
                                </o>
                            </o>
                        </properties>
                        
                    </o>
                    <o classname="a2dPin" id="14732622" name="end" hitflags=" visible"
                         transform="matrix( 1 0 0 1 68.9289 10.9289 )"
                         width="9" height="9" pinclass="standard" resolveid="14708747">
                        
                        <properties>
                            <o classname="a2dFillProperty" name="Fill">
                                <o classname="a2dFill" type="a2dFILL_ONE_COLOUR" colour="GREEN">
                                </o>
                            </o>
                            <o classname="a2dStrokeProperty" name="Stroke">
                                <o classname="a2dStroke" type="a2dSTROKE_ONE_COLOUR" colour="#429FEB" pixelwidth="true">
                                </o>
                            </o>
                        </properties>
                        
                    </o>
                    
                    <xy x="17.4645" y="68.9289"/>
                    <xy x="18" y="68"/>
                    <xy x="20" y="68"/>
                    <xy x="20" y="12"/>
                    <xy x="68.9289" y="12"/>
                    <xy x="68.9289" y="10.9289"/>
                </o>
                <o classname="a2dWirePolylineL" id="14740121" flags=" draggable" hitflags=" visible" points="5" contourwidth="0" invert="true" pcobjbegin="standard" pcwirebegin="standard" pcwireend="standard">
                    
                    <properties>
                        <o classname="a2dStrokeProperty" name="Stroke">
                            <o classname="a2dStroke" type="a2dSTROKE_ONE_COLOUR" colour="#AA00AA" pixelwidth="true" width="2">
                            </o>
                        </o>
                    </properties>
                    
                    <o classname="a2dPin" id="14743513" name="begin" hitflags=" visible"
                         transform="matrix( 1 0 0 1 17.4645 68.9289 )"
                         width="9" height="9" pinclass="standard" resolveid="14712445">
                        
                        <properties>
                            <o classname="a2dFillProperty" name="Fill">
                                <o classname="a2dFill" type="a2dFILL_ONE_COLOUR" colour="GREEN">
                                </o>
                            </o>
                            <o classname="a2dStrokeProperty" name="Stroke">
                                <o classname="a2dStroke" type="a2dSTROKE_ONE_COLOUR" colour="#429FEB" pixelwidth="true">
                                </o>
                            </o>
                        </properties>
                        
                    </o>
                    <o classname="a2dPin" id="14743699" name="end" hitflags=" visible"
                         transform="matrix( 1 0 0 1 2 20 )"
                         width="9" height="9" pinclass="standard" resolveid="14709356">
                        
                        <properties>
                            <o classname="a2dFillProperty" name="Fill">
                                <o classname="a2dFill" type="a2dFILL_ONE_COLOUR" colour="GREEN">
                                </o>
                            </o>
                            <o classname="a2dStrokeProperty" name="Stroke">
                                <o classname="a2dStroke" type="a2dSTROKE_ONE_COLOUR" colour="#429FEB" pixelwidth="true">
                                </o>
                            </o>
                        </properties>
                        
                    </o>
                    
                    <xy x="17.4645" y="68.9289"/>
                    <xy x="18" y="68.9289"/>
                    <xy x="18" y="28"/>
                    <xy x="2" y="28"/>
                    <xy x="2" y="20"/>
                </o>
                <o classname="a2dWirePolylineL" id="14614585" flags=" draggable" hitflags=" visible" points="4" contourwidth="0" invert="true" pcobjbegin="standard" pcwirebegin="standard" pcwireend="standard">
                    
                    <properties>
                        <o classname="a2dStrokeProperty" name="Stroke">
                            <o classname="a2dStroke" type="a2dSTROKE_ONE_COLOUR" colour="#AA00AA" pixelwidth="true" width="2">
                            </o>
                        </o>
                    </properties>
                    
                    <o classname="a2dPin" id="14745534" name="begin" hitflags=" visible"
                         transform="matrix( 1 0 0 1 2 20 )"
                         width="9" height="9" pinclass="standard" resolveid="14709356">
                        
                        <properties>
                            <o classname="a2dFillProperty" name="Fill">
                                <o classname="a2dFill" type="a2dFILL_ONE_COLOUR" colour="GREEN">
                                </o>
                            </o>
                            <o classname="a2dStrokeProperty" name="Stroke">
                                <o classname="a2dStroke" type="a2dSTROKE_ONE_COLOUR" colour="#429FEB" pixelwidth="true">
                                </o>
                            </o>
                        </properties>
                        
                    </o>
                    <o classname="a2dPin" id="14761356" name="end" hitflags=" visible"
                         transform="matrix( 1 0 0 1 68.9289 10.9289 )"
                         width="9" height="9" pinclass="standard" resolveid="14708747">
                        
                        <properties>
                            <o classname="a2dFillProperty" name="Fill">
                                <o classname="a2dFill" type="a2dFILL_ONE_COLOUR" colour="GREEN">
                                </o>
                            </o>
                            <o classname="a2dStrokeProperty" name="Stroke">
                                <o classname="a2dStroke" type="a2dSTROKE_ONE_COLOUR" colour="#429FEB" pixelwidth="true">
                                </o>
                            </o>
                        </properties>
                        
                    </o>
                    
                    <xy x="2" y="20"/>
                    <xy x="2" y="10"/>
                    <xy x="68.9289" y="10"/>
                    <xy x="68.9289" y="10.9289"/>
                </o>
            </o>
        </drawing>
    </o>
</cvg>