<?xml version="1.0" encoding="UTF-8" standalone="yes"?>

<cvg classname="a2dCanvasDocument">
    <title>unnamed2</title>
    <desc>a2dCanvasDocument generated by wxArt2D</desc>
    <o classname="a2dLayers" id="6849687" hitflags="">
        <o classname="a2dLayerInfo" id="18510837" name="layer0" hitflags="" layervisible="true" layerselectable="true" readlayer="true" inmap="0" outmap="0" order="0" description="" feature="" subfeature="" type="SIGNAL" polarity="true" span="" area="0">
            
            <properties>
                <o classname="a2dStrokeProperty" name="Stroke">
                    <o classname="a2dStroke" type="a2dSTROKE_ONE_COLOUR" colour="RED">
                    </o>
                </o>
                <o classname="a2dFillProperty" name="Fill">
                    <o classname="a2dFill" type="a2dFILL_ONE_COLOUR" colour="GREEN">
                    </o>
                </o>
                <o classname="a2dBoolProperty" name="TemporaryObject" value="false">
                </o>
            </properties>
            
        </o>
    </o>
    <o classname="a2dDrawing" id="18508143" name="top" rootobject="18508210" initialSizeX="100" initialSizeY="100" units_accuracy="0.001" units_scale="1" normalize_scale="1" units="non" units_measure="non" drawAsSymbol="false" hitflags=" visible">
        <o classname="a2dLayers" refid="6849687">
        </o>
        <drawing>
            <o classname="a2dCanvasObject" id="18508210" hitflags=" visible">
                <o classname="a2dCircle" id="18542813" hitflags=" visible"
                     transform="matrix( 1 0 0 1 21.1103 27.5294 )"
                     radius="10" contourwidth="0">
                    <o classname="a2dPin" id="18553738" name="pin3" hitflags=" visible"
                         transform="matrix( 1 0 0 1 10 0 )"
                         width="2" height="2" pinclass="object" resolveid="18553265">
                        
                        <properties>
                            <o classname="a2dFillProperty" name="Fill">
                                <o classname="a2dFill" type="a2dFILL_ONE_COLOUR" colour="GREEN">
                                </o>
                            </o>
                            <o classname="a2dStrokeProperty" name="Stroke">
                                <o classname="a2dStroke" type="a2dSTROKE_ONE_COLOUR" colour="#429FEB" pixelwidth="true">
                                </o>
                            </o>
                        </properties>
                        
                    </o>
                </o>
                <o classname="a2dEllipse" id="18551947" hitflags=" visible"
                     transform="matrix( 1 0 0 1 25.3846 -8.24796 )"
                     width="10" height="20" contourwidth="0">
                    <o classname="a2dPin" id="18555650" name="pin3" hitflags=" visible"
                         transform="matrix( 1 0 0 1 5 0 )"
                         width="2" height="2" pinclass="object" resolveid="18554636">
                        
                        <properties>
                            <o classname="a2dFillProperty" name="Fill">
                                <o classname="a2dFill" type="a2dFILL_ONE_COLOUR" colour="GREEN">
                                </o>
                            </o>
                            <o classname="a2dStrokeProperty" name="Stroke">
                                <o classname="a2dStroke" type="a2dSTROKE_ONE_COLOUR" colour="#429FEB" pixelwidth="true">
                                </o>
                            </o>
                        </properties>
                        
                    </o>
                </o>
                <o classname="a2dVirtWire" id="18542747" flags=" generatePins(0)" hitflags=" visible"
                     transform="matrix( 1 0 0 1 50 26 )"
                     linespace="0.5"
                     text=" sympin_3"
                     textflags="10" font="Freetype font-Arial Narrow-Bold-5.000000--arialnb.ttf"
                     firsteditable="0" alignment="wxMINX" virtName="sympin_3">
                    <o classname="a2dPin" id="439494" name="1" flags=" selected" hitflags=" visible" width="2" height="2" pinclass="object" resolveid="18552762">
                    </o>
                </o>
                <o classname="a2dVirtWire" id="18550504" flags=" generatePins(0)" hitflags=" visible"
                     transform="matrix( 1 0 0 1 48 -10 )"
                     linespace="0.5"
                     text=" sympin_3"
                     textflags="10" font="Freetype font-Arial Narrow-Bold-5.000000--arialnb.ttf"
                     firsteditable="0" alignment="wxMINX" virtName="sympin_3">
                    <o classname="a2dPin" id="18550565" name="1" hitflags=" visible" width="2" height="2" pinclass="object" resolveid="18554354">
                    </o>
                </o>
                <o classname="a2dWirePolylineL" id="18552927" flags=" draggable(0)" hitflags=" visible" points="2" contourwidth="0" invert="true" pcobjbegin="object" pcwirebegin="wire" pcwireend="wire">
                    
                    <properties>
                        <o classname="a2dStrokeProperty" name="Stroke">
                            <o classname="a2dStroke" type="a2dSTROKE_ONE_COLOUR" style="a2dSTROKE_SHORT_DASH" colour="#1932E6" pixelwidth="true" width="2">
                            </o>
                        </o>
                    </properties>
                    
                    <o classname="a2dPin" id="18552762" name="begin" hitflags=" visible"
                         transform="matrix( 1 0 0 1 50 26 )"
                         width="2" height="2" pinclass="wire" resolveid="439494">
                        
                        <properties>
                            <o classname="a2dFillProperty" name="Fill">
                                <o classname="a2dFill" type="a2dFILL_ONE_COLOUR" colour="GREEN">
                                </o>
                            </o>
                            <o classname="a2dStrokeProperty" name="Stroke">
                                <o classname="a2dStroke" type="a2dSTROKE_ONE_COLOUR" colour="#429FEB" pixelwidth="true">
                                </o>
                            </o>
                        </properties>
                        
                    </o>
                    <o classname="a2dPin" id="18553265" name="end" hitflags=" visible"
                         transform="matrix( 1 0 0 1 31.1103 27.5294 )"
                         width="2" height="2" pinclass="wire" resolveid="18553738">
                        
                        <properties>
                            <o classname="a2dFillProperty" name="Fill">
                                <o classname="a2dFill" type="a2dFILL_ONE_COLOUR" colour="GREEN">
                                </o>
                            </o>
                            <o classname="a2dStrokeProperty" name="Stroke">
                                <o classname="a2dStroke" type="a2dSTROKE_ONE_COLOUR" colour="#429FEB" pixelwidth="true">
                                </o>
                            </o>
                        </properties>
                        
                    </o>
                    
                    <xy x="50" y="26"/>
                    <xy x="31.1103" y="27.5294"/>
                </o>
                <o classname="a2dWirePolylineL" id="18553629" flags=" draggable(0)" hitflags=" visible" points="2" contourwidth="0" invert="true" pcobjbegin="object" pcwirebegin="wire" pcwireend="wire">
                    
                    <properties>
                        <o classname="a2dStrokeProperty" name="Stroke">
                            <o classname="a2dStroke" type="a2dSTROKE_ONE_COLOUR" style="a2dSTROKE_SHORT_DASH" colour="#1932E6" pixelwidth="true" width="2">
                            </o>
                        </o>
                    </properties>
                    
                    <o classname="a2dPin" id="18554354" name="begin" hitflags=" visible"
                         transform="matrix( 1 0 0 1 48 -10 )"
                         width="2" height="2" pinclass="wire" resolveid="18550565">
                        
                        <properties>
                            <o classname="a2dFillProperty" name="Fill">
                                <o classname="a2dFill" type="a2dFILL_ONE_COLOUR" colour="GREEN">
                                </o>
                            </o>
                            <o classname="a2dStrokeProperty" name="Stroke">
                                <o classname="a2dStroke" type="a2dSTROKE_ONE_COLOUR" colour="#429FEB" pixelwidth="true">
                                </o>
                            </o>
                        </properties>
                        
                    </o>
                    <o classname="a2dPin" id="18554636" name="end" hitflags=" visible"
                         transform="matrix( 1 0 0 1 30.3846 -8.24796 )"
                         width="2" height="2" pinclass="wire" resolveid="18555650">
                        
                        <properties>
                            <o classname="a2dFillProperty" name="Fill">
                                <o classname="a2dFill" type="a2dFILL_ONE_COLOUR" colour="GREEN">
                                </o>
                            </o>
                            <o classname="a2dStrokeProperty" name="Stroke">
                                <o classname="a2dStroke" type="a2dSTROKE_ONE_COLOUR" colour="#429FEB" pixelwidth="true">
                                </o>
                            </o>
                        </properties>
                        
                    </o>
                    
                    <xy x="48" y="-10"/>
                    <xy x="30.3846" y="-8.24796"/>
                </o>
            </o>
        </drawing>
        
        <properties>
            <o classname="a2dStringProperty" name="Name" value="top">
            </o>
        </properties>
        
    </o>
</cvg>