<?xml version="1.0" standalone="yes"?>
<cvg classname="a2dCanvasDocument"> <title>C:\wxwin\wx2b31\contrib\samples\canvas\editor\vdrawm\unnamed1.cvg</title>
<desc>Drawing generated by wxCANVAS</desc>

<o classname="wxCanvasObjectGroup" id="3" 
    layer="wxLAYER_ALL" 
    flags=" selectable visible draggable showassociated filled pixelobject" hitflags=" visible" >

    <o classname="a2dLayers" number="10">
        <o classname="a2dLayerInfo" layer="0" name="layer default 0 " visible="TRUE" selectable="TRUE" available="TRUE" readlayer="TRUE" inmap="0" outmap="0">
        <properties>
            <o classname="a2dOneColourFill" colour="#000A0F" style="1" >
            </o>
            <o classname="a2dOneColourStroke" colour="#FA00F0" width="1.000000">
            </o>
        </properties>
        </o>
        <o classname="a2dLayerInfo" layer="1" name="layer Select" visible="TRUE" selectable="TRUE" available="FALSE" readlayer="TRUE" inmap="1" outmap="1">
        <properties>
            <o classname="a2dOneColourFill" colour="GREEN">
            </o>
            <o classname="a2dOneColourStroke" colour="#00FFFF"  style="3" pixelwidth="TRUE" width="2.000000">
            </o>
        </properties>
        </o>
        <o classname="a2dLayerInfo" layer="2" name="layer wires" visible="TRUE" selectable="TRUE" available="FALSE" readlayer="TRUE" inmap="2" outmap="2">
        <properties>
            <o classname="a2dOneColourFill" colour="YELLOW">
            </o>
            <o classname="a2dOneColourStroke" colour="RED" pixelwidth="TRUE">
            </o>
        </properties>
        </o>
        <o classname="a2dLayerInfo" layer="3"  name="layer 3" visible="TRUE" selectable="TRUE" available="FALSE" readlayer="TRUE" inmap="3" outmap="3">
        <properties>
            <o classname="a2dOneColourFill" style="1">
            </o>
            <o classname="a2dOneColourStroke" colour="RED">
            </o>
        </properties>
        </o>
        <o classname="a2dLayerInfo" layer="4" name="layer 4" visible="TRUE" selectable="TRUE" available="FALSE" readlayer="TRUE" inmap="4" outmap="4">
        <properties>
            <o classname="a2dOneColourFill" style="1">
            </o>
            <o classname="a2dOneColourStroke" colour="RED">
            </o>
            </properties>
        </o>
        <o classname="a2dLayerInfo" layer="5" name="layer 5" visible="TRUE" selectable="TRUE" available="FALSE" readlayer="TRUE" inmap="5" outmap="5">
        <properties>
            <o classname="a2dOneColourFill" style="3" colour="#0AD902">
            </o>
            <o classname="a2dOneColourStroke" colour="#097340" pixelwidth="TRUE" width="20.000000">
            </o>
        </properties>
        </o>
        <o classname="a2dLayerInfo" layer="6" name="layer 6" visible="TRUE" selectable="TRUE" available="FALSE" readlayer="TRUE" inmap="6" outmap="6">
        <properties>
            <o classname="a2dOneColourFill" style="3" colour="#6411FF">
            </o>
            <o classname="a2dOneColourStroke" colour="#097340" pixelwidth="TRUE">
            </o>
        </properties>
        </o>
        <o classname="a2dLayerInfo" layer="7" name="layer 7" visible="TRUE" selectable="TRUE" available="FALSE" readlayer="TRUE" inmap="7" outmap="7">
        <properties>
            <o classname="a2dOneColourFill" colour="#0078F0">
            </o>
            <o classname="a2dOneColourStroke" style="5" colour="#097340" width="10.000000">
            </o>
        </properties>
        </o>
        <o classname="a2dLayerInfo" layer="8" name="layer 8" visible="TRUE" selectable="TRUE" available="FALSE" readlayer="TRUE" inmap="8" outmap="8">
        <properties>
            <o classname="a2dOneColourFill" colour="#C878F0">
            </o>
            <o classname="a2dOneColourStroke" style="5" colour="#6D7340" width="40.000000">
            </o>
        </properties>
        </o>
        <o classname="a2dLayerInfo" layer="9" name="layer 9" visible="TRUE" selectable="TRUE" available="FALSE" readlayer="TRUE" inmap="9" outmap="9">
        <properties>
            <o classname="a2dOneColourFill" colour="GREEN">
            </o>
            <o classname="a2dOneColourStroke" colour="LIGHT MAGENTA" width="40.000000">
            </o>
        </properties>
        </o>
    </o>

    <o classname="a2dRect" id="34" 
        flags=" selectable vector visible draggable showassociated filled pixelobject" hitflags=" visible"
        transform="matrix( 1.000000 0.000000 0.000000 1.000000 -548.000000 -1220.000000 )" 
         width="1088.000000" height="1112.000000"  >

        <properties>
                <o classname="a2dLinearGradientFill" style=" 11"  colour="#0004FF"  colour2="BLACK" 
                 x1="0.000000" y1="0.000000" x2="0.000000" y2="0.000000"  />
                <o classname="a2dOneColourStroke" colour="#DC0405"  />
        </properties>

    </o>


    <o classname="a2dRect" id="36" 
        flags=" selectable vector visible draggable showassociated filled pixelobject" hitflags=" visible"
        transform="matrix( 1.000000 0.000000 0.000000 1.000000 2432.000000 -2980.000000 )" 
         width="1380.000000" height="1344.000000"  >

        <properties>
                <o classname="a2dRadialGradientFill" style=" 12"  colour="#0004FF"  colour2="BLACK" 
                 cx="0.000000" cy="0.000000" r="0.000000" fx="0.000000" fy="0.000000"  />
                <o classname="a2dOneColourStroke" colour="#DC0405"  />
        </properties>

    </o>


    <o classname="a2dRect" id="38" 
        flags=" selectable vector visible draggable showassociated filled pixelobject" hitflags=" visible"
        transform="matrix( 1.000000 0.000000 0.000000 1.000000 912.000000 -960.000000 )" 
         width="672.000000" height="624.000000"  >

        <properties>
                <o classname="a2dOneColourFill"  colour="#0004FF"  />
                <o classname="a2dOneColourStroke" colour="#DC0405"  />
        </properties>

    </o>


    <o classname="a2dRect" id="39" 
        flags=" selectable vector visible draggable showassociated filled pixelobject" hitflags=" visible"
        transform="matrix( 1.000000 0.000000 0.000000 1.000000 1524.000000 -1928.000000 )" 
         width="748.000000" height="820.000000"  >

        <properties>
                <o classname="a2dOneColourFill"  colour="#0004FF"  />
                <o classname="a2dOneColourStroke" colour="#DC0405"  />
        </properties>

    </o>


    <o classname="a2dRect" id="40" 
        flags=" selectable vector visible draggable showassociated filled" hitflags=" visible"
        transform="matrix( 1.000000 0.000000 0.000000 1.000000 40.000000 -1548.000000 )" 
         width="1184.000000" height="588.000000"  >

        <properties>
                <o classname="a2dOneColourFill"  colour="#0004FF"  />
                <o classname="a2dOneColourStroke" colour="#DC0405"  />
        </properties>

    </o>


    <o classname="a2dRect" id="41" 
        flags=" selectable vector visible draggable showassociated filled" hitflags=" visible"
        transform="matrix( 1.000000 0.000000 0.000000 1.000000 1164.000000 -892.000000 )" 
         width="556.000000" height="636.000000"  >

        <properties>
                <o classname="a2dOneColourFill"  colour="#0004FF"  />
                <o classname="a2dOneColourStroke" colour="#DC0405"  />
        </properties>

    </o>


    <o classname="a2dRect" id="42" 
        flags=" selectable vector visible draggable showassociated filled bin snap" hitflags=" visible"
        transform="matrix( 1.000000 0.000000 0.000000 1.000000 1100.000000 -700.000000 )" 
         width="540.000000" height="644.000000"  >

        <properties>
                <o classname="a2dOneColourFill"  colour="#00FF40"  />
                <o classname="a2dOneColourStroke" colour="#DC0405"  />
        </properties>

    </o>


    <o classname="a2dRect" id="43" 
        flags=" selectable vector visible draggable showassociated filled" hitflags=" visible"
        transform="matrix( 1.000000 0.000000 0.000000 1.000000 1684.000000 -2548.000000 )" 
         width="860.000000" height="1036.000000"  >

        <properties>
                <o classname="a2dOneColourFill"  colour="#00FF40"  />
                <o classname="a2dOneColourStroke" colour="#DC0405"  />
        </properties>

    </o>


    <o classname="a2dRect" id="44" 
        flags=" selectable vector visible draggable showassociated filled" hitflags=" visible"
        transform="matrix( 1.000000 0.000000 0.000000 1.000000 276.000000 -884.000000 )" 
         width="600.000000" height="848.000000"  >

        <properties>
                <o classname="a2dOneColourFill"  colour="#00FF40"  />
                <o classname="a2dOneColourStroke" colour="#DC0405"  />
        </properties>

    </o>


    <o classname="a2dRect" id="45" 
        flags=" selectable vector visible draggable showassociated filled" hitflags=" visible"
        transform="matrix( 1.000000 0.000000 0.000000 1.000000 780.964981 -2691.922179 )" 
         width="652.669261" height="757.696498"  >

        <properties>
                <o classname="a2dOneColourFill"  colour="#0004FF"  />
                <o classname="a2dOneColourStroke" colour="CYAN"  />
        </properties>

    </o>


    <o classname="a2dRect" id="46" 
        flags=" selectable vector visible draggable showassociated filled pixelobject" hitflags=" visible"
        transform="matrix( 1.000000 0.000000 0.000000 1.000000 1798.661479 -2271.782101 )" 
         width="543.891051" height="645.167315"  >

        <properties>
                <o classname="a2dOneColourFill"  colour="#FF8040"  />
                <o classname="a2dOneColourStroke" colour="CYAN"  />
        </properties>

    </o>


    <o classname="a2dRect" id="47" 
        flags=" selectable vector visible draggable showassociated filled pixelobject" hitflags=" visible"
        transform="matrix( 1.000000 0.000000 0.000000 1.000000 1677.727626 -722.661479 )" 
         width="352.591440" height="352.591440"  >

        <properties>
                <o classname="a2dOneColourFill"  colour="#FF8040"  />
                <o classname="a2dOneColourStroke" colour="CYAN"  />
        </properties>

    </o>


    <o classname="a2dEllipse" id="48" 
        flags=" selectable vector visible draggable showassociated filled" hitflags=" visible"
        transform="matrix( 1.000000 0.000000 0.000000 1.000000 1673.649805 -494.957198 )" 
         width="750.194553" height="1035.268482"  >

        <properties>
                <o classname="a2dOneColourFill"  colour="#FF8040"  />
                <o classname="a2dOneColourStroke" colour="CYAN"  />
        </properties>

    </o>


    <o classname="a2dPolygonL" id="49" 
        flags=" selectable visible draggable showassociated filled" hitflags=" visible"
        transform="matrix( 1.000000 0.000000 0.000000 1.000000 56.000000 -1072.000000 )" 
        spline="true" points="10" >
        <properties>
                <o classname="a2dOneColourFill"  colour="#0004FF"  />
                <o classname="a2dOneColourStroke" colour="#DC0405" width="1.000000"  />
        </properties>

        <xy x="180.000000" y="-516.000000" /> <xy x="1064.000000" y="-220.000000" /> <xy x="812.000000" y="-1276.000000" /> <xy x="232.000000" y="-1252.000000" /> <xy x="872.000000" y="-724.000000" /> <xy x="-8.000000" y="-848.000000" /> 
        <xy x="100.000000" y="-1480.000000" /> <xy x="240.000000" y="-1612.000000" /> <xy x="-528.000000" y="-428.000000" /> <xy x="-272.000000" y="-1456.000000" /> 
    </o>


    <o classname="a2dPolygonL" id="50" 
        flags=" selectable visible draggable showassociated filled" hitflags=" visible"
        transform="matrix( 1.000000 0.000000 0.000000 1.000000 1680.000000 200.000000 )" 
        points="12" >
        <properties>
                <o classname="a2dOneColourFill"  colour="#0004FF"  />
                <o classname="a2dOneColourStroke" colour="#DC0405" width="1.000000"  />
        </properties>

        <xy x="1416.000000" y="-728.000000" /> <xy x="1512.000000" y="-1492.000000" /> <xy x="724.000000" y="-1524.000000" /> <xy x="596.000000" y="-1124.000000" /> <xy x="1412.000000" y="-1076.000000" /> <xy x="1440.000000" y="-1560.000000" /> 
        <xy x="320.000000" y="-1668.000000" /> <xy x="48.000000" y="-684.000000" /> <xy x="1144.000000" y="-408.000000" /> <xy x="1456.000000" y="-144.000000" /> <xy x="540.000000" y="-36.000000" /> <xy x="528.000000" y="-240.000000" /> 
    </o>


    <o classname="a2dPolylineL" id="51" 
        flags=" selectable visible draggable showassociated filled bin" hitflags=" visible"
        spline="true"
        points="7"  >

        <properties>
                <o classname="a2dOneColourFill"  colour="#0004FF"  />
                <o classname="a2dOneColourStroke" colour="#DC0405" width="1.000000"  />
        </properties>

        <xy x="-132.000000" y="-1280.000000" /> <xy x="448.000000" y="-360.000000" /> <xy x="1052.000000" y="-1340.000000" /> <xy x="-96.000000" y="-2192.000000" /> <xy x="564.000000" y="-2568.000000" /> <xy x="1044.000000" y="-1720.000000" /> 
        <xy x="1672.000000" y="-2236.000000" /> 
    </o>


    <o classname="a2dPolylineL" id="52" 
        flags=" selectable visible draggable showassociated filled" hitflags=" visible"
        spline="true"
        points="8"  >

        <properties>
                <o classname="a2dOneColourFill"  colour="#0004FF"  />
                <o classname="a2dOneColourStroke" colour="#DC0405" width="100.000000"  />
        </properties>

        <xy x="1332.000000" y="-1152.000000" /> <xy x="2228.000000" y="-972.000000" /> <xy x="1976.000000" y="-1268.000000" /> <xy x="1388.000000" y="-1848.000000" /> <xy x="2208.000000" y="-2292.000000" /> <xy x="1488.000000" y="-2800.000000" /> 
        <xy x="804.000000" y="-2556.000000" /> <xy x="444.000000" y="-2780.000000" /> 
    </o>


    <o classname="a2dPolylineL" id="53" 
        flags=" selectable visible draggable showassociated filled" hitflags=" visible"
        spline="true"
        points="4"  >

        <properties>
                <o classname="a2dOneColourFill"  colour="#0004FF"  />
                <o classname="a2dOneColourStroke" colour="#DC0405" width="100.000000"  />
        </properties>

        <xy x="-276.000000" y="188.000000" /> <xy x="-236.000000" y="-644.000000" /> <xy x="592.000000" y="-372.000000" /> <xy x="628.000000" y="-944.000000" /> 
    </o>


    <o classname="a2dPolylineL" id="54" 
        flags=" selectable visible draggable showassociated filled" hitflags=" visible"
        points="3"  >

        <properties>
                <o classname="a2dOneColourFill"  colour="#0004FF"  />
                <o classname="a2dOneColourStroke" colour="#DC0405" width="100.000000"  />
        </properties>

        <xy x="756.000000" y="104.000000" /> <xy x="2068.000000" y="-460.000000" /> <xy x="1376.000000" y="-816.000000" /> 
    </o>


    <o classname="a2dPolylineL" id="55" 
        flags=" selectable visible draggable showassociated filled" hitflags=" visible"
        points="5"  >

        <properties>
                <o classname="a2dOneColourFill"  colour="#0004FF"  />
                <o classname="a2dOneColourStroke" colour="#DC0405" width="100.000000"  />
        </properties>

        <xy x="76.000000" y="-1604.000000" /> <xy x="1468.000000" y="-1380.000000" /> <xy x="156.000000" y="-2104.000000" /> <xy x="-120.000000" y="-2564.000000" /> <xy x="716.000000" y="-2324.000000" /> 
    </o>


</o>
</cvg>
