<?xml version="1.0" encoding="UTF-8" standalone="yes"?>

<cvg classname="DrawingDocument">
    <title>G:\wxwin\wx232bc\third\canvas\samples\vdrawm\layers3.cvg</title>
    <desc>Document generated by wxCANVAS</desc>
    <o classname="a2dLayers" number="10">
        <o classname="a2dLayerInfo" layer="0" name="layer default 0 " visible="TRUE" selectable="TRUE" available="TRUE" readlayer="TRUE" inmap="0" outmap="0">
        <properties>
            <o classname="a2dOneColourFill"  colour="#00FFFF" >
            </o>
            <o classname="a2dOneColourStroke" colour="#FA00F0" pixelwidth="TRUE">
            </o>
        </properties>
        </o>
        
        <o classname="a2dLayerInfo" layer="1" name="layer Select" visible="TRUE" selectable="TRUE" available="FALSE" readlayer="TRUE" inmap="1" outmap="1">
        <properties>
            <o classname="a2dOneColourStroke" colour="YELLOW" pixelwidth="TRUE" >
            </o>
            <o classname="a2dOneColourFill" colour="GREEN">
            </o>
        </properties>
        </o>
        
        <o classname="a2dLayerInfo" layer="2" name="layer wires" visible="TRUE" selectable="TRUE" available="FALSE" readlayer="TRUE" inmap="2" outmap="2">
        <properties>
            <o classname="a2dOneColourFill" colour="YELLOW">
            </o>
            <o classname="a2dOneColourStroke" colour="RED" pixelwidth="TRUE">
            </o>
        </properties>
        </o>
        
        <o classname="a2dLayerInfo" layer="3"  name="layer 3" visible="TRUE" selectable="TRUE" available="FALSE" readlayer="TRUE" inmap="3" outmap="3">
        <properties>
            <o classname="a2dOneColourFill" style="1">
            </o>
            <o classname="a2dOneColourStroke" colour="RED">
            </o>
        </properties>
        </o>
        
        <o classname="a2dLayerInfo" layer="4" name="layer 4" visible="TRUE" selectable="TRUE" available="FALSE" readlayer="TRUE" inmap="4" outmap="4">
        <properties>
            <o classname="a2dOneColourFill" style="1">
            </o>
            <o classname="a2dOneColourStroke" colour="RED">
            </o>
            </properties>
        </o>
        
        <o classname="a2dLayerInfo" layer="5" name="layer 5" visible="TRUE" selectable="TRUE" available="FALSE" readlayer="TRUE" inmap="5" outmap="5">
        <properties>
            <o classname="a2dOneColourFill" style="3" colour="#0AD902">
            </o>
            <o classname="a2dOneColourStroke" colour="#097340" pixelwidth="TRUE" width="20.000000">
            </o>
        </properties>
        
        </o>
        <o classname="a2dLayerInfo" layer="6" name="layer 6" visible="TRUE" selectable="TRUE" available="FALSE" readlayer="TRUE" inmap="6" outmap="6">
        <properties>
            <o classname="a2dOneColourFill" style="3" colour="#6411FF">
            </o>
            <o classname="a2dOneColourStroke" colour="#097340" pixelwidth="TRUE"  >
            </o>
        </properties>
        </o>
        
        <o classname="a2dLayerInfo" layer="7" name="layer 7" visible="TRUE" selectable="TRUE" available="FALSE" readlayer="TRUE" inmap="7" outmap="7">
        <properties>
            <o classname="a2dOneColourFill" colour="#0078F0">
            </o>
            <o classname="a2dOneColourStroke" style="5" colour="#097340"  pixelwidth="TRUE" width="10.000000">
            </o>
        </properties>
        </o>
        
        <o classname="a2dLayerInfo" layer="8" name="layer 8" visible="TRUE" selectable="TRUE" available="FALSE" readlayer="TRUE" inmap="8" outmap="8">
        <properties>
            <o classname="a2dOneColourFill" colour="#C878F0">
            </o>
            <o classname="a2dOneColourStroke" style="5" colour="#6D7340"  pixelwidth="TRUE" width="40.000000">
            </o>
        </properties>
        </o>
        
        <o classname="a2dLayerInfo" layer="9" name="layer 9" visible="TRUE" selectable="TRUE" available="FALSE" readlayer="TRUE" inmap="9" outmap="9">
        <properties>
            <o classname="a2dOneColourFill" colour="GREEN">
            </o>
            <o classname="a2dOneColourStroke" colour="LIGHT MAGENTA"  pixelwidth="TRUE" width="40.000000">
            </o>
        </properties>
        </o>
        
        <o classname="a2dLayerInfo" layer="10" name="layer 10" visible="TRUE" selectable="TRUE" available="FALSE" readlayer="TRUE" inmap="10" outmap="10">
        <properties>
            <o classname="a2dOneColourFill" colour="GREEN">
            </o>
            <o classname="a2dOneColourStroke" colour="LIGHT MAGENTA"  pixelwidth="TRUE">
            </o>
        </properties>
        </o>
        
        <o classname="a2dLayerInfo" layer="11" name="layer 11" visible="TRUE" selectable="TRUE" available="FALSE" readlayer="TRUE" inmap="11" outmap="11">
        <properties>
            <o classname="a2dOneColourFill" colour="GREEN">
            </o>
            <o classname="a2dOneColourStroke" colour="LIGHT MAGENTA"  pixelwidth="TRUE">
            </o>
        </properties>
        </o>
        
        <o classname="a2dLayerInfo" layer="12" name="layer 12" visible="TRUE" selectable="TRUE" available="FALSE" readlayer="TRUE" inmap="12" outmap="12">
        <properties>
            <o classname="a2dOneColourFill" colour="GREEN">
            </o>
            <o classname="a2dOneColourStroke" colour="LIGHT MAGENTA"  pixelwidth="TRUE">
            </o>
        </properties>
        </o>
        
        <o classname="a2dLayerInfo" layer="13" name="layer 13" visible="TRUE" selectable="TRUE" available="FALSE" readlayer="TRUE" inmap="13" outmap="13">
        <properties>
            <o classname="a2dOneColourFill" colour="GREEN">
            </o>
            <o classname="a2dOneColourStroke" colour="LIGHT MAGENTA"  pixelwidth="TRUE">
            </o>
        </properties>
        </o>
        
        <o classname="a2dLayerInfo" layer="14" name="layer 14" visible="TRUE" selectable="TRUE" available="FALSE" readlayer="TRUE" inmap="14" outmap="14">
        <properties>
            <o classname="a2dOneColourFill" colour="GREEN">
            </o>
            <o classname="a2dOneColourStroke" colour="LIGHT MAGENTA"  pixelwidth="TRUE">
            </o>
        </properties>
        </o>
        
        <o classname="a2dLayerInfo" layer="15" name="layer 15" visible="TRUE" selectable="TRUE" available="FALSE" readlayer="TRUE" inmap="15" outmap="15">
        <properties>
            <o classname="a2dOneColourFill" colour="GREEN">
            </o>
            <o classname="a2dOneColourStroke" colour="LIGHT MAGENTA"  pixelwidth="TRUE">
            </o>
        </properties>
        </o>
        
        <o classname="a2dLayerInfo" layer="16" name="layer 16" visible="TRUE" selectable="TRUE" available="FALSE" readlayer="TRUE" inmap="16" outmap="16">
        <properties>
            <o classname="a2dOneColourFill" colour="GREEN">
            </o>
            <o classname="a2dOneColourStroke" colour="LIGHT MAGENTA"  pixelwidth="TRUE">
            </o>
        </properties>
        </o>
        
        <o classname="a2dLayerInfo" layer="17" name="layer 17" visible="TRUE" selectable="TRUE" available="FALSE" readlayer="TRUE" inmap="17" outmap="17">
        <properties>
            <o classname="a2dOneColourFill" colour="GREEN">
            </o>
            <o classname="a2dOneColourStroke" colour="LIGHT MAGENTA"  pixelwidth="TRUE">
            </o>
        </properties>
        </o>
        
        <o classname="a2dLayerInfo" layer="18" name="layer 18" visible="TRUE" selectable="TRUE" available="FALSE" readlayer="TRUE" inmap="18" outmap="18">
        <properties>
            <o classname="a2dOneColourFill" colour="GREEN">
            </o>
            <o classname="a2dOneColourStroke" colour="LIGHT MAGENTA"  pixelwidth="TRUE">
            </o>
        </properties>
        </o>
        
        <o classname="a2dLayerInfo" layer="19" name="layer 19" visible="TRUE" selectable="TRUE" available="FALSE" readlayer="TRUE" inmap="19" outmap="19">
        <properties>
            <o classname="a2dOneColourFill" colour="GREEN">
            </o>
            <o classname="a2dOneColourStroke" colour="LIGHT MAGENTA"  pixelwidth="TRUE">
            </o>
        </properties>
        </o>
        
        <o classname="a2dLayerInfo" layer="20" name="layer 20" visible="TRUE" selectable="TRUE" available="FALSE" readlayer="TRUE" inmap="20" outmap="20">
        <properties>
            <o classname="a2dOneColourFill" colour="GREEN">
            </o>
            <o classname="a2dOneColourStroke" colour="LIGHT MAGENTA"  pixelwidth="TRUE">
            </o>
        </properties>
        </o>
        
    </o>    
</cvg>