<?xml version="1.0" standalone="yes"?>
<cvg classname="a2dCanvasDocument"> <title>C:\wxwin\wx2b31\contrib\samples\canvas\editor\vdrawm\unnamed2.cvg</title>
<desc>Drawing generated by wxCANVAS</desc>



<o classname="a2dCanvasObject" id="3" 
    layer="0" 
    flags=" selectable visible draggable showassociated filled bin pixelobject" hitflags=" visible" >

    <o classname="a2dCanvasObjectReference" id="48" 
        layer="0" 
        flags=" selectable visible draggable showassociated filled bin pixelobject" hitflags=" visible"
        transform="matrix( 1.000000 0.000000 0.000000 1.000000 0.000000 -6283.889230 )" 
             object="39" >

        <derived>
        <o classname="a2dCanvasObject" id="39" 
            layer="0" 
            flags=" selectable visible draggable showassociated filled bin pixelobject" hitflags=" visible"
            transform="matrix( 1.000000 0.000000 0.000000 1.000000 1584.500000 -2254.619205 )"  >

            <o classname="a2dRect" id="40" 
                flags=" selectable vector visible draggable showassociated filled bin" hitflags=" visible"
                transform="matrix( 1.000000 0.000000 0.000000 1.000000 1597.469970 -295.274445 )" 
                 width="796.000000" height="712.000000"  >

                <properties>
                        <o classname="a2dOneColourFill"  colour="#A004FF"  />
                        <o classname="a2dOneColourStroke" colour="#DC0405" width="1.000000"  />
                </properties>

            </o>


            <o classname="a2dRect" id="41" 
                flags=" selectable vector visible draggable showassociated filled bin" hitflags=" visible"
                transform="matrix( 1.000000 0.000000 0.000000 1.000000 2044.823369 -1800.214350 )" 
                 width="436.000000" height="696.000000"  >

                <properties>
                        <o classname="a2dOneColourFill"  colour="#00A4FF"  />
                        <o classname="a2dOneColourStroke" colour="#DC0405" width="1.000000"  />
                </properties>

            </o>


            <o classname="a2dCanvasObject" id="42" 
                layer="0" 
                flags=" selectable visible draggable showassociated filled bin pixelobject" hitflags=" visible"
                transform="matrix( 1.000000 0.000000 0.000000 1.000000 436.199214 -1332.498877 )"  >

                <o classname="a2dRect" id="43" 
                    flags=" selectable vector visible draggable showassociated filled bin" hitflags=" visible"
                    transform="matrix( 1.000000 0.000000 0.000000 1.000000 92.500000 0.500000 )" 
                     width="796.000000" height="712.000000"  >

                    <properties>
                            <o classname="a2dOneColourFill"  colour="#0004FF"  />
                            <o classname="a2dOneColourStroke" colour="#DC0405" width="1.000000"  />
                    </properties>

                </o>


                <o classname="a2dRect" id="44" 
                    flags=" selectable vector visible draggable showassociated filled bin" hitflags=" visible"
                    transform="matrix( 1.000000 0.000000 0.000000 1.000000 0.500000 348.500000 )" 
                     width="436.000000" height="696.000000"  >

                    <properties>
                            <o classname="a2dOneColourFill"  colour="#0104FF"  />
                            <o classname="a2dOneColourStroke" colour="#DC0405" width="1.000000"  />
                    </properties>

                </o>


                <o classname="a2dCanvasObject" id="45" 
                    layer="0" 
                    flags=" selectable visible draggable showassociated filled bin pixelobject" hitflags=" visible"
                    transform="matrix( 1.000000 0.000000 0.000000 1.000000 2554.665563 -735.082781 )"  >

                    <o classname="a2dRect" id="46" 
                        flags=" selectable vector visible draggable showassociated filled bin" hitflags=" visible"
                        transform="matrix( 1.000000 0.000000 0.000000 1.000000 92.500000 0.500000 )" 
                         width="796.000000" height="712.000000"  >

                        <properties>
                                <o classname="a2dOneColourFill"  colour="#0004FF"  />
                                <o classname="a2dOneColourStroke" colour="#DC0405" width="1.000000"  />
                        </properties>

                    </o>


                    <o classname="a2dRect" id="47" 
                        flags=" selectable vector visible draggable showassociated filled bin" hitflags=" visible"
                        transform="matrix( 1.000000 0.000000 0.000000 1.000000 0.500000 348.500000 )" 
                         width="436.000000" height="696.000000"  >

                        <properties>
                                <o classname="a2dOneColourFill"  colour="#0024FF"  />
                                <o classname="a2dOneColourStroke" colour="#DC0405" width="1.000000"  />
                        </properties>

                    </o>


                </o>


            </o>


        </o>
        </derived>

    </o>


    <o classname="a2dRect" id="34" 
        flags=" selectable vector visible draggable showassociated filled bin pixelobject" hitflags=" visible"
        transform="matrix( 1.000000 0.000000 0.000000 1.000000 892.664343 -3144.155629 )" 
         width="796.000000" height="684.000000"  >

        <properties>
                <o classname="a2dOneColourFill"  colour="#0004FF"  />
                <o classname="a2dOneColourStroke" colour="#DC0405" width="1.000000"  />
        </properties>

    </o>


    <o classname="a2dRect" id="35" 
        flags=" selectable vector visible draggable showassociated filled bin pixelobject" hitflags=" visible"
        transform="matrix( 1.000000 0.000000 0.000000 1.000000 1943.104914 -4298.745381 )" 
         width="636.000000" height="468.000000"  >

        <properties>
                <o classname="a2dOneColourFill"  colour="#0004FF"  />
                <o classname="a2dOneColourStroke" colour="#DC0405" width="1.000000"  />
        </properties>

    </o>


    <o classname="a2dCanvasObject" id="36" 
        layer="0" 
        flags=" selectable visible draggable showassociated filled bin pixelobject" hitflags=" visible"
        transform="matrix( 1.000000 0.000000 0.000000 1.000000 2600.779473 -1811.688367 )"  >

        <o classname="a2dRect" id="37" 
            flags=" selectable vector visible draggable showassociated filled bin pixelobject" hitflags=" visible"
            transform="matrix( 1.000000 0.000000 0.000000 1.000000 92.500000 0.500000 )" 
             width="796.000000" height="712.000000"  >

            <properties>
                    <o classname="a2dOneColourFill"  colour="#1004FF"  />
                    <o classname="a2dOneColourStroke" colour="#DC0405" width="1.000000"  />
            </properties>

        </o>


        <o classname="a2dRect" id="38" 
            flags=" selectable vector visible draggable showassociated filled bin pixelobject" hitflags=" visible"
            transform="matrix( 1.000000 0.000000 0.000000 1.000000 0.500000 348.500000 )" 
             width="436.000000" height="696.000000"  >

            <properties>
                    <o classname="a2dOneColourFill"  colour="#1024FF"  />
                    <o classname="a2dOneColourStroke" colour="#DC0405" width="1.000000"  />
            </properties>

        </o>


    </o>


</o>
</cvg>
