<?xml version="1.0" encoding="UTF-8" standalone="yes"?>

<cvg classname="a2dCanvasDocument">
    <title>C:\wxwin\wx2b31\contrib\samples\canvas\editor\vdrawm\unnamed2.cvg</title>
    <desc>Drawing generated by wxCANVAS</desc>
    <o classname="a2dLayers" hitflags="">
        <o classname="a2dLayerInfo" name="layer0" hitflags="" layervisible="true" layerselectable="true" readlayer="true" inmap="0" outmap="0" order="0" description="" feature="" subfeature="" type="SIGNAL" polarity="true" span="" area="0">
            
            <properties>
                <o classname="a2dStrokeProperty" name="Stroke">
                    <o classname="a2dStroke" type="a2dSTROKE_ONE_COLOUR" colour="RED">
                    </o>
                </o>
                <o classname="a2dFillProperty" name="Fill">
                    <o classname="a2dFill" type="a2dFILL_BITMAP" colour="#FA00F0" colour2="BLACK" filename="pat_59.bmp">
                    </o>
                </o>
            </properties>
            
        </o>
        <o classname="a2dLayerInfo" id="-3436459159510520314" name="layer1" layer="1" hitflags="" layervisible="true" layerselectable="true" readlayer="true" inmap="1" outmap="1" order="1" description="" feature="" subfeature="" type="SIGNAL" polarity="true" span="" area="0">
            
            <properties>
                <o classname="a2dStrokeProperty" name="Stroke">
                    <o classname="a2dStroke" type="a2dSTROKE_ONE_COLOUR" colour="YELLOW">
                    </o>
                </o>
                <o classname="a2dFillProperty" name="Fill">
                    <o classname="a2dFill" type="a2dFILL_BITMAP" colour="GREEN" colour2="BLACK" filename="pat_60.bmp">
                    </o>
                </o>
            </properties>
            
        </o>
        <o classname="a2dLayerInfo" id="-3436459159510520269" name="layer2" layer="2" hitflags="" layervisible="true" layerselectable="true" readlayer="true" inmap="2" outmap="2" order="2" description="" feature="" subfeature="" type="SIGNAL" polarity="true" span="" area="0">
            
            <properties>
                <o classname="a2dStrokeProperty" name="Stroke">
                    <o classname="a2dStroke" type="a2dSTROKE_ONE_COLOUR" colour="YELLOW">
                    </o>
                </o>
                <o classname="a2dFillProperty" name="Fill">
                    <o classname="a2dFill" type="a2dFILL_BITMAP" colour="RED" colour2="BLACK" filename="pat_61.bmp">
                    </o>
                </o>
            </properties>
            
        </o>
        <o classname="a2dLayerInfo" id="-3436459159510520200" name="layer3" layer="3" hitflags="" layervisible="true" layerselectable="true" readlayer="true" inmap="3" outmap="3" order="3" description="" feature="" subfeature="" type="SIGNAL" polarity="true" span="" area="0">
            
            <properties>
                <o classname="a2dFillProperty" name="Fill">
                    <o classname="a2dFill" type="a2dFILL_ONE_COLOUR" colour="BLACK">
                    </o>
                </o>
                <o classname="a2dStrokeProperty" name="Stroke">
                    <o classname="a2dStroke" type="a2dSTROKE_ONE_COLOUR" colour="RED">
                    </o>
                </o>
            </properties>
            
        </o>
        <o classname="a2dLayerInfo" id="-3436459159510520131" name="layer4" layer="4" hitflags="" layervisible="true" layerselectable="true" readlayer="true" inmap="4" outmap="4" order="4" description="" feature="" subfeature="" type="SIGNAL" polarity="true" span="" area="0">
            
            <properties>
                <o classname="a2dFillProperty" name="Fill">
                    <o classname="a2dFill" type="a2dFILL_ONE_COLOUR" colour="BLACK">
                    </o>
                </o>
                <o classname="a2dStrokeProperty" name="Stroke">
                    <o classname="a2dStroke" type="a2dSTROKE_ONE_COLOUR" colour="RED">
                    </o>
                </o>
            </properties>
            
        </o>
        <o classname="a2dLayerInfo" id="-3436459159510520062" name="layer5" layer="5" hitflags="" layervisible="true" layerselectable="true" readlayer="true" inmap="5" outmap="5" order="5" description="" feature="" subfeature="" type="SIGNAL" polarity="true" span="" area="0">
            
            <properties>
                <o classname="a2dFillProperty" name="Fill">
                    <o classname="a2dFill" type="a2dFILL_ONE_COLOUR" style="a2dFILL_CROSSDIAG_HATCH" colour="#0AD902">
                    </o>
                </o>
                <o classname="a2dStrokeProperty" name="Stroke">
                    <o classname="a2dStroke" type="a2dSTROKE_ONE_COLOUR" colour="#097340">
                    </o>
                </o>
            </properties>
            
        </o>
        <o classname="a2dLayerInfo" id="-3436459159510519993" name="layer6" layer="6" hitflags="" layervisible="true" layerselectable="true" readlayer="true" inmap="6" outmap="6" order="6" description="" feature="" subfeature="" type="SIGNAL" polarity="true" span="" area="0">
            
            <properties>
                <o classname="a2dFillProperty" name="Fill">
                    <o classname="a2dFill" type="a2dFILL_ONE_COLOUR" colour="BLACK">
                    </o>
                </o>
                <o classname="a2dStrokeProperty" name="Stroke">
                    <o classname="a2dStroke" type="a2dSTROKE_ONE_COLOUR" colour="#097340">
                    </o>
                </o>
            </properties>
            
        </o>
        <o classname="a2dLayerInfo" id="-3436459159510519924" name="layer7" layer="7" hitflags="" layervisible="true" layerselectable="true" readlayer="true" inmap="7" outmap="7" order="7" description="" feature="" subfeature="" type="SIGNAL" polarity="true" span="" area="0">
            
            <properties>
                <o classname="a2dFillProperty" name="Fill">
                    <o classname="a2dFill" type="a2dFILL_ONE_COLOUR" colour="#0078F0">
                    </o>
                </o>
                <o classname="a2dStrokeProperty" name="Stroke">
                    <o classname="a2dStroke" type="a2dSTROKE_ONE_COLOUR" colour="BLACK">
                    </o>
                </o>
            </properties>
            
        </o>
        <o classname="a2dLayerInfo" id="-3436459159510519855" name="layer8" layer="8" hitflags="" layervisible="true" layerselectable="true" readlayer="true" inmap="8" outmap="8" order="8" description="" feature="" subfeature="" type="SIGNAL" polarity="true" span="" area="0">
            
            <properties>
                <o classname="a2dFillProperty" name="Fill">
                    <o classname="a2dFill" type="a2dFILL_ONE_COLOUR" colour="#C878F0">
                    </o>
                </o>
                <o classname="a2dStrokeProperty" name="Stroke">
                    <o classname="a2dStroke" type="a2dSTROKE_ONE_COLOUR" colour="BLACK">
                    </o>
                </o>
            </properties>
            
        </o>
        <o classname="a2dLayerInfo" id="-3436459159510519786" name="layer9" layer="9" hitflags="" layervisible="true" layerselectable="true" readlayer="true" inmap="9" outmap="9" order="9" description="" feature="" subfeature="" type="SIGNAL" polarity="true" span="" area="0">
            
            <properties>
                <o classname="a2dFillProperty" name="Fill">
                    <o classname="a2dFill" type="a2dFILL_ONE_COLOUR" colour="GREEN">
                    </o>
                </o>
                <o classname="a2dStrokeProperty" name="Stroke">
                    <o classname="a2dStroke" type="a2dSTROKE_ONE_COLOUR" colour="LIGHT MAGENTA">
                    </o>
                </o>
            </properties>
            
        </o>
        <o classname="a2dLayerInfo" id="-3436459159510519717" name="layer10" hitflags="" layervisible="true" layerselectable="true" readlayer="true" inmap="10" outmap="10" order="10" description="" feature="" subfeature="" type="SIGNAL" polarity="true" span="" area="0">
            
            <properties>
                <o classname="a2dFillProperty" name="Fill">
                    <o classname="a2dFill" type="a2dFILL_ONE_COLOUR" colour="GREEN">
                    </o>
                </o>
                <o classname="a2dStrokeProperty" name="Stroke">
                    <o classname="a2dStroke" type="a2dSTROKE_ONE_COLOUR" colour="LIGHT MAGENTA">
                    </o>
                </o>
            </properties>
            
        </o>
        <o classname="a2dLayerInfo" id="-3436459159510519648" name="layer11" layer="11" hitflags="" layervisible="true" layerselectable="true" readlayer="true" inmap="11" outmap="11" order="11" description="" feature="" subfeature="" type="SIGNAL" polarity="true" span="" area="0">
            
            <properties>
                <o classname="a2dFillProperty" name="Fill">
                    <o classname="a2dFill" type="a2dFILL_ONE_COLOUR" colour="GREEN">
                    </o>
                </o>
                <o classname="a2dStrokeProperty" name="Stroke">
                    <o classname="a2dStroke" type="a2dSTROKE_ONE_COLOUR" colour="LIGHT MAGENTA">
                    </o>
                </o>
            </properties>
            
        </o>
        <o classname="a2dLayerInfo" id="-3436459159510519579" name="layer12" layer="12" hitflags="" layervisible="true" layerselectable="true" readlayer="true" inmap="12" outmap="12" order="12" description="" feature="" subfeature="" type="SIGNAL" polarity="true" span="" area="0">
            
            <properties>
                <o classname="a2dFillProperty" name="Fill">
                    <o classname="a2dFill" type="a2dFILL_ONE_COLOUR" colour="GREEN">
                    </o>
                </o>
                <o classname="a2dStrokeProperty" name="Stroke">
                    <o classname="a2dStroke" type="a2dSTROKE_ONE_COLOUR" colour="LIGHT MAGENTA">
                    </o>
                </o>
            </properties>
            
        </o>
        <o classname="a2dLayerInfo" id="-3436459159510519510" name="layer13" layer="13" hitflags="" layervisible="true" layerselectable="true" readlayer="true" inmap="13" outmap="13" order="13" description="" feature="" subfeature="" type="SIGNAL" polarity="true" span="" area="0">
            
            <properties>
                <o classname="a2dFillProperty" name="Fill">
                    <o classname="a2dFill" type="a2dFILL_ONE_COLOUR" colour="BLACK">
                    </o>
                </o>
                <o classname="a2dStrokeProperty" name="Stroke">
                    <o classname="a2dStroke" type="a2dSTROKE_ONE_COLOUR" colour="LIGHT MAGENTA">
                    </o>
                </o>
            </properties>
            
        </o>
        <o classname="a2dLayerInfo" id="-3436459159510519441" name="layer14" layer="14" hitflags="" layervisible="true" layerselectable="true" readlayer="true" inmap="14" outmap="14" order="14" description="" feature="" subfeature="" type="SIGNAL" polarity="true" span="" area="0">
            
            <properties>
                <o classname="a2dFillProperty" name="Fill">
                    <o classname="a2dFill" type="a2dFILL_ONE_COLOUR" colour="BLACK">
                    </o>
                </o>
                <o classname="a2dStrokeProperty" name="Stroke">
                    <o classname="a2dStroke" type="a2dSTROKE_ONE_COLOUR" colour="LIGHT MAGENTA">
                    </o>
                </o>
            </properties>
            
        </o>
        <o classname="a2dLayerInfo" id="-3436459159510519372" name="layer15" layer="15" hitflags="" layervisible="true" layerselectable="true" readlayer="true" inmap="15" outmap="15" order="15" description="" feature="" subfeature="" type="SIGNAL" polarity="true" span="" area="0">
            
            <properties>
                <o classname="a2dFillProperty" name="Fill">
                    <o classname="a2dFill" type="a2dFILL_ONE_COLOUR" colour="BLACK">
                    </o>
                </o>
                <o classname="a2dStrokeProperty" name="Stroke">
                    <o classname="a2dStroke" type="a2dSTROKE_ONE_COLOUR" colour="LIGHT MAGENTA">
                    </o>
                </o>
            </properties>
            
        </o>
        <o classname="a2dLayerInfo" id="-3436459159510522787" name="layer16" layer="16" hitflags="" layervisible="true" layerselectable="true" readlayer="true" inmap="16" outmap="16" order="16" description="" feature="" subfeature="" type="SIGNAL" polarity="true" span="" area="0">
            
            <properties>
                <o classname="a2dFillProperty" name="Fill">
                    <o classname="a2dFill" type="a2dFILL_ONE_COLOUR" colour="BLACK">
                    </o>
                </o>
                <o classname="a2dStrokeProperty" name="Stroke">
                    <o classname="a2dStroke" type="a2dSTROKE_ONE_COLOUR" colour="LIGHT MAGENTA">
                    </o>
                </o>
            </properties>
            
        </o>
        <o classname="a2dLayerInfo" id="-3436459159510522730" name="layer17" layer="17" hitflags="" layervisible="true" layerselectable="true" readlayer="true" inmap="17" outmap="17" order="17" description="" feature="" subfeature="" type="SIGNAL" polarity="true" span="" area="0">
            
            <properties>
                <o classname="a2dFillProperty" name="Fill">
                    <o classname="a2dFill" type="a2dFILL_ONE_COLOUR" colour="BLACK">
                    </o>
                </o>
                <o classname="a2dStrokeProperty" name="Stroke">
                    <o classname="a2dStroke" type="a2dSTROKE_ONE_COLOUR" colour="LIGHT MAGENTA">
                    </o>
                </o>
            </properties>
            
        </o>
        <o classname="a2dLayerInfo" id="-3436459159510522661" name="layer18" layer="18" hitflags="" layervisible="true" layerselectable="true" readlayer="true" inmap="18" outmap="18" order="18" description="" feature="" subfeature="" type="SIGNAL" polarity="true" span="" area="0">
            
            <properties>
                <o classname="a2dFillProperty" name="Fill">
                    <o classname="a2dFill" type="a2dFILL_ONE_COLOUR" colour="BLACK">
                    </o>
                </o>
                <o classname="a2dStrokeProperty" name="Stroke">
                    <o classname="a2dStroke" type="a2dSTROKE_ONE_COLOUR" colour="LIGHT MAGENTA">
                    </o>
                </o>
            </properties>
            
        </o>
        <o classname="a2dLayerInfo" id="-3436459159510522592" name="layer19" layer="19" hitflags="" layervisible="true" layerselectable="true" readlayer="true" inmap="19" outmap="19" order="19" description="" feature="" subfeature="" type="SIGNAL" polarity="true" span="" area="0">
            
            <properties>
                <o classname="a2dFillProperty" name="Fill">
                    <o classname="a2dFill" type="a2dFILL_ONE_COLOUR" colour="BLACK">
                    </o>
                </o>
                <o classname="a2dStrokeProperty" name="Stroke">
                    <o classname="a2dStroke" type="a2dSTROKE_ONE_COLOUR" colour="LIGHT MAGENTA">
                    </o>
                </o>
            </properties>
            
        </o>
        <o classname="a2dLayerInfo" id="-3436459159510522523" name="layer20" layer="20" hitflags="" layervisible="true" layerselectable="true" readlayer="true" inmap="20" outmap="20" order="20" description="" feature="" subfeature="" type="SIGNAL" polarity="true" span="" area="0">
            
            <properties>
                <o classname="a2dFillProperty" name="Fill">
                    <o classname="a2dFill" type="a2dFILL_ONE_COLOUR" colour="BLACK">
                    </o>
                </o>
                <o classname="a2dStrokeProperty" name="Stroke">
                    <o classname="a2dStroke" type="a2dSTROKE_ONE_COLOUR" colour="LIGHT MAGENTA">
                    </o>
                </o>
            </properties>
            
        </o>
        <o classname="a2dLayerInfo" id="-3436459159510522454" name="layer21" layer="21" hitflags="" layervisible="true" layerselectable="true" readlayer="true" inmap="21" outmap="21" order="21" description="" feature="" subfeature="" type="SIGNAL" polarity="true" span="" area="0">
            
            <properties>
                <o classname="a2dFillProperty" name="Fill">
                    <o classname="a2dFill" type="a2dFILL_ONE_COLOUR" colour="BLACK">
                    </o>
                </o>
                <o classname="a2dStrokeProperty" name="Stroke">
                    <o classname="a2dStroke" type="a2dSTROKE_ONE_COLOUR" colour="LIGHT MAGENTA">
                    </o>
                </o>
            </properties>
            
        </o>
        <o classname="a2dLayerInfo" id="-3436459159510522385" name="layer22" layer="22" hitflags="" layervisible="true" layerselectable="true" readlayer="true" inmap="22" outmap="22" order="22" description="" feature="" subfeature="" type="SIGNAL" polarity="true" span="" area="0">
            
            <properties>
                <o classname="a2dFillProperty" name="Fill">
                    <o classname="a2dFill" type="a2dFILL_ONE_COLOUR" colour="BLACK">
                    </o>
                </o>
                <o classname="a2dStrokeProperty" name="Stroke">
                    <o classname="a2dStroke" type="a2dSTROKE_ONE_COLOUR" colour="LIGHT MAGENTA">
                    </o>
                </o>
            </properties>
            
        </o>
        <o classname="a2dLayerInfo" id="-3436459159510522316" name="layer23" layer="23" hitflags="" layervisible="true" layerselectable="true" readlayer="true" inmap="23" outmap="23" order="23" description="" feature="" subfeature="" type="SIGNAL" polarity="true" span="" area="0">
            
            <properties>
                <o classname="a2dFillProperty" name="Fill">
                    <o classname="a2dFill" type="a2dFILL_ONE_COLOUR" colour="BLACK">
                    </o>
                </o>
                <o classname="a2dStrokeProperty" name="Stroke">
                    <o classname="a2dStroke" type="a2dSTROKE_ONE_COLOUR" colour="LIGHT MAGENTA">
                    </o>
                </o>
            </properties>
            
        </o>
        <o classname="a2dLayerInfo" id="-3436459159510522247" name="layer24" layer="24" hitflags="" layervisible="true" layerselectable="true" readlayer="true" inmap="24" outmap="24" order="24" description="" feature="" subfeature="" type="SIGNAL" polarity="true" span="" area="0">
            
            <properties>
                <o classname="a2dFillProperty" name="Fill">
                    <o classname="a2dFill" type="a2dFILL_ONE_COLOUR" colour="BLACK">
                    </o>
                </o>
                <o classname="a2dStrokeProperty" name="Stroke">
                    <o classname="a2dStroke" type="a2dSTROKE_ONE_COLOUR" colour="LIGHT MAGENTA">
                    </o>
                </o>
            </properties>
            
        </o>
        <o classname="a2dLayerInfo" id="-3436459159510522178" name="layer25" layer="25" hitflags="" layervisible="true" layerselectable="true" readlayer="true" inmap="25" outmap="25" order="25" description="" feature="" subfeature="" type="SIGNAL" polarity="true" span="" area="0">
            
            <properties>
                <o classname="a2dFillProperty" name="Fill">
                    <o classname="a2dFill" type="a2dFILL_ONE_COLOUR" colour="BLACK">
                    </o>
                </o>
                <o classname="a2dStrokeProperty" name="Stroke">
                    <o classname="a2dStroke" type="a2dSTROKE_ONE_COLOUR" colour="LIGHT MAGENTA">
                    </o>
                </o>
            </properties>
            
        </o>
        <o classname="a2dLayerInfo" id="-3436459159510522109" name="layer26" layer="26" hitflags="" layervisible="true" layerselectable="true" readlayer="true" inmap="26" outmap="26" order="26" description="" feature="" subfeature="" type="SIGNAL" polarity="true" span="" area="0">
            
            <properties>
                <o classname="a2dFillProperty" name="Fill">
                    <o classname="a2dFill" type="a2dFILL_ONE_COLOUR" colour="BLACK">
                    </o>
                </o>
                <o classname="a2dStrokeProperty" name="Stroke">
                    <o classname="a2dStroke" type="a2dSTROKE_ONE_COLOUR" colour="LIGHT MAGENTA">
                    </o>
                </o>
            </properties>
            
        </o>
        <o classname="a2dLayerInfo" id="-3436459159510522040" name="layer27" layer="27" hitflags="" layervisible="true" layerselectable="true" readlayer="true" inmap="27" outmap="27" order="27" description="" feature="" subfeature="" type="SIGNAL" polarity="true" span="" area="0">
            
            <properties>
                <o classname="a2dFillProperty" name="Fill">
                    <o classname="a2dFill" type="a2dFILL_ONE_COLOUR" colour="BLACK">
                    </o>
                </o>
                <o classname="a2dStrokeProperty" name="Stroke">
                    <o classname="a2dStroke" type="a2dSTROKE_ONE_COLOUR" colour="LIGHT MAGENTA">
                    </o>
                </o>
            </properties>
            
        </o>
        <o classname="a2dLayerInfo" id="-3436459159510521971" name="layer28" layer="28" hitflags="" layervisible="true" layerselectable="true" readlayer="true" inmap="28" outmap="28" order="28" description="" feature="" subfeature="" type="SIGNAL" polarity="true" span="" area="0">
            
            <properties>
                <o classname="a2dFillProperty" name="Fill">
                    <o classname="a2dFill" type="a2dFILL_ONE_COLOUR" colour="BLACK">
                    </o>
                </o>
                <o classname="a2dStrokeProperty" name="Stroke">
                    <o classname="a2dStroke" type="a2dSTROKE_ONE_COLOUR" colour="LIGHT MAGENTA">
                    </o>
                </o>
            </properties>
            
        </o>
        <o classname="a2dLayerInfo" id="-3436459159510521902" name="layer29" layer="29" hitflags="" layervisible="true" layerselectable="true" readlayer="true" inmap="29" outmap="29" order="29" description="" feature="" subfeature="" type="SIGNAL" polarity="true" span="" area="0">
            
            <properties>
                <o classname="a2dFillProperty" name="Fill">
                    <o classname="a2dFill" type="a2dFILL_ONE_COLOUR" colour="BLACK">
                    </o>
                </o>
                <o classname="a2dStrokeProperty" name="Stroke">
                    <o classname="a2dStroke" type="a2dSTROKE_ONE_COLOUR" colour="LIGHT MAGENTA">
                    </o>
                </o>
            </properties>
            
        </o>
        <o classname="a2dLayerInfo" id="-3436459159510521833" name="layer30" layer="30" hitflags="" layervisible="true" layerselectable="true" readlayer="true" inmap="30" outmap="30" order="30" description="" feature="" subfeature="" type="SIGNAL" polarity="true" span="" area="0">
            
            <properties>
                <o classname="a2dFillProperty" name="Fill">
                    <o classname="a2dFill" type="a2dFILL_ONE_COLOUR" colour="BLACK">
                    </o>
                </o>
                <o classname="a2dStrokeProperty" name="Stroke">
                    <o classname="a2dStroke" type="a2dSTROKE_ONE_COLOUR" colour="LIGHT MAGENTA">
                    </o>
                </o>
            </properties>
            
        </o>
        <o classname="a2dLayerInfo" id="-3436459159510521764" name="layer31" layer="31" hitflags="" layervisible="true" layerselectable="true" readlayer="true" inmap="31" outmap="31" order="31" description="" feature="" subfeature="" type="SIGNAL" polarity="true" span="" area="0">
            
            <properties>
                <o classname="a2dFillProperty" name="Fill">
                    <o classname="a2dFill" type="a2dFILL_ONE_COLOUR" colour="BLACK">
                    </o>
                </o>
                <o classname="a2dStrokeProperty" name="Stroke">
                    <o classname="a2dStroke" type="a2dSTROKE_ONE_COLOUR" colour="LIGHT MAGENTA">
                    </o>
                </o>
            </properties>
            
        </o>
        <o classname="a2dLayerInfo" id="-3436459159510521695" name="layer32" layer="32" hitflags="" layervisible="true" layerselectable="true" readlayer="true" inmap="32" outmap="32" order="32" description="" feature="" subfeature="" type="SIGNAL" polarity="true" span="" area="0">
            
            <properties>
                <o classname="a2dFillProperty" name="Fill">
                    <o classname="a2dFill" type="a2dFILL_ONE_COLOUR" colour="BLACK">
                    </o>
                </o>
                <o classname="a2dStrokeProperty" name="Stroke">
                    <o classname="a2dStroke" type="a2dSTROKE_ONE_COLOUR" colour="LIGHT MAGENTA">
                    </o>
                </o>
            </properties>
            
        </o>
        <o classname="a2dLayerInfo" id="-3436459159510521626" name="layer33" layer="33" hitflags="" layervisible="true" layerselectable="true" readlayer="true" inmap="33" outmap="33" order="33" description="" feature="" subfeature="" type="SIGNAL" polarity="true" span="" area="0">
            
            <properties>
                <o classname="a2dFillProperty" name="Fill">
                    <o classname="a2dFill" type="a2dFILL_ONE_COLOUR" colour="BLACK">
                    </o>
                </o>
                <o classname="a2dStrokeProperty" name="Stroke">
                    <o classname="a2dStroke" type="a2dSTROKE_ONE_COLOUR" colour="LIGHT MAGENTA">
                    </o>
                </o>
            </properties>
            
        </o>
        <o classname="a2dLayerInfo" id="-3436459159510521557" name="layer34" layer="34" hitflags="" layervisible="true" layerselectable="true" readlayer="true" inmap="34" outmap="34" order="34" description="" feature="" subfeature="" type="SIGNAL" polarity="true" span="" area="0">
            
            <properties>
                <o classname="a2dFillProperty" name="Fill">
                    <o classname="a2dFill" type="a2dFILL_ONE_COLOUR" colour="BLACK">
                    </o>
                </o>
                <o classname="a2dStrokeProperty" name="Stroke">
                    <o classname="a2dStroke" type="a2dSTROKE_ONE_COLOUR" colour="LIGHT MAGENTA">
                    </o>
                </o>
            </properties>
            
        </o>
        <o classname="a2dLayerInfo" id="-3436459159510521488" name="layer35" layer="35" hitflags="" layervisible="true" layerselectable="true" readlayer="true" inmap="35" outmap="35" order="35" description="" feature="" subfeature="" type="SIGNAL" polarity="true" span="" area="0">
            
            <properties>
                <o classname="a2dFillProperty" name="Fill">
                    <o classname="a2dFill" type="a2dFILL_ONE_COLOUR" colour="BLACK">
                    </o>
                </o>
                <o classname="a2dStrokeProperty" name="Stroke">
                    <o classname="a2dStroke" type="a2dSTROKE_ONE_COLOUR" colour="LIGHT MAGENTA">
                    </o>
                </o>
            </properties>
            
        </o>
        <o classname="a2dLayerInfo" id="-3436459159510521419" name="layer36" layer="36" hitflags="" layervisible="true" layerselectable="true" readlayer="true" inmap="36" outmap="36" order="36" description="" feature="" subfeature="" type="SIGNAL" polarity="true" span="" area="0">
            
            <properties>
                <o classname="a2dFillProperty" name="Fill">
                    <o classname="a2dFill" type="a2dFILL_ONE_COLOUR" colour="BLACK">
                    </o>
                </o>
                <o classname="a2dStrokeProperty" name="Stroke">
                    <o classname="a2dStroke" type="a2dSTROKE_ONE_COLOUR" colour="LIGHT MAGENTA">
                    </o>
                </o>
            </properties>
            
        </o>
        <o classname="a2dLayerInfo" id="-3436459159510521350" name="layer37" layer="37" hitflags="" layervisible="true" layerselectable="true" readlayer="true" inmap="37" outmap="37" order="37" description="" feature="" subfeature="" type="SIGNAL" polarity="true" span="" area="0">
            
            <properties>
                <o classname="a2dFillProperty" name="Fill">
                    <o classname="a2dFill" type="a2dFILL_ONE_COLOUR" colour="BLACK">
                    </o>
                </o>
                <o classname="a2dStrokeProperty" name="Stroke">
                    <o classname="a2dStroke" type="a2dSTROKE_ONE_COLOUR" colour="LIGHT MAGENTA">
                    </o>
                </o>
            </properties>
            
        </o>
        <o classname="a2dLayerInfo" id="-3436459159510521281" name="layer38" layer="38" hitflags="" layervisible="true" layerselectable="true" readlayer="true" inmap="38" outmap="38" order="38" description="" feature="" subfeature="" type="SIGNAL" polarity="true" span="" area="0">
            
            <properties>
                <o classname="a2dFillProperty" name="Fill">
                    <o classname="a2dFill" type="a2dFILL_ONE_COLOUR" colour="BLACK">
                    </o>
                </o>
                <o classname="a2dStrokeProperty" name="Stroke">
                    <o classname="a2dStroke" type="a2dSTROKE_ONE_COLOUR" colour="LIGHT MAGENTA">
                    </o>
                </o>
            </properties>
            
        </o>
        <o classname="a2dLayerInfo" id="-3436459159510521212" name="layer39" layer="39" hitflags="" layervisible="true" layerselectable="true" readlayer="true" inmap="39" outmap="39" order="39" description="" feature="" subfeature="" type="SIGNAL" polarity="true" span="" area="0">
            
            <properties>
                <o classname="a2dFillProperty" name="Fill">
                    <o classname="a2dFill" type="a2dFILL_ONE_COLOUR" colour="BLACK">
                    </o>
                </o>
                <o classname="a2dStrokeProperty" name="Stroke">
                    <o classname="a2dStroke" type="a2dSTROKE_ONE_COLOUR" colour="LIGHT MAGENTA">
                    </o>
                </o>
            </properties>
            
        </o>
        <o classname="a2dLayerInfo" id="-3436459159510521143" name="layer41" layer="41" hitflags="" layervisible="true" layerselectable="true" readlayer="true" inmap="41" outmap="41" order="41" description="" feature="" subfeature="" type="SIGNAL" polarity="true" span="" area="0">
            
            <properties>
                <o classname="a2dFillProperty" name="Fill">
                    <o classname="a2dFill" type="a2dFILL_ONE_COLOUR" colour="BLACK">
                    </o>
                </o>
                <o classname="a2dStrokeProperty" name="Stroke">
                    <o classname="a2dStroke" type="a2dSTROKE_ONE_COLOUR" colour="LIGHT MAGENTA">
                    </o>
                </o>
            </properties>
            
        </o>
        <o classname="a2dLayerInfo" id="-3436459159510521074" name="layer42" layer="42" hitflags="" layervisible="true" layerselectable="true" readlayer="true" inmap="42" outmap="42" order="42" description="" feature="" subfeature="" type="SIGNAL" polarity="true" span="" area="0">
            
            <properties>
                <o classname="a2dFillProperty" name="Fill">
                    <o classname="a2dFill" type="a2dFILL_ONE_COLOUR" colour="BLACK">
                    </o>
                </o>
                <o classname="a2dStrokeProperty" name="Stroke">
                    <o classname="a2dStroke" type="a2dSTROKE_ONE_COLOUR" colour="LIGHT MAGENTA">
                    </o>
                </o>
            </properties>
            
        </o>
        <o classname="a2dLayerInfo" id="-3436459159510519267" name="layer43" layer="43" hitflags="" layervisible="true" layerselectable="true" readlayer="true" inmap="43" outmap="43" order="43" description="" feature="" subfeature="" type="SIGNAL" polarity="true" span="" area="0">
            
            <properties>
                <o classname="a2dFillProperty" name="Fill">
                    <o classname="a2dFill" type="a2dFILL_ONE_COLOUR" colour="BLACK">
                    </o>
                </o>
                <o classname="a2dStrokeProperty" name="Stroke">
                    <o classname="a2dStroke" type="a2dSTROKE_ONE_COLOUR" colour="LIGHT MAGENTA">
                    </o>
                </o>
            </properties>
            
        </o>
        <o classname="a2dLayerInfo" id="-3436459159510519198" name="layer44" layer="44" hitflags="" layervisible="true" layerselectable="true" readlayer="true" inmap="44" outmap="44" order="44" description="" feature="" subfeature="" type="SIGNAL" polarity="true" span="" area="0">
            
            <properties>
                <o classname="a2dFillProperty" name="Fill">
                    <o classname="a2dFill" type="a2dFILL_ONE_COLOUR" colour="BLACK">
                    </o>
                </o>
                <o classname="a2dStrokeProperty" name="Stroke">
                    <o classname="a2dStroke" type="a2dSTROKE_ONE_COLOUR" colour="LIGHT MAGENTA">
                    </o>
                </o>
            </properties>
            
        </o>
        <o classname="a2dLayerInfo" id="-3436459159510519129" name="layer45" layer="45" hitflags="" layervisible="true" layerselectable="true" readlayer="true" inmap="45" outmap="45" order="45" description="" feature="" subfeature="" type="SIGNAL" polarity="true" span="" area="0">
            
            <properties>
                <o classname="a2dFillProperty" name="Fill">
                    <o classname="a2dFill" type="a2dFILL_ONE_COLOUR" colour="BLACK">
                    </o>
                </o>
                <o classname="a2dStrokeProperty" name="Stroke">
                    <o classname="a2dStroke" type="a2dSTROKE_ONE_COLOUR" colour="LIGHT MAGENTA">
                    </o>
                </o>
            </properties>
            
        </o>
        <o classname="a2dLayerInfo" id="-3436459159510519060" name="layer46" layer="46" hitflags="" layervisible="true" layerselectable="true" readlayer="true" inmap="46" outmap="46" order="46" description="" feature="" subfeature="" type="SIGNAL" polarity="true" span="" area="0">
            
            <properties>
                <o classname="a2dFillProperty" name="Fill">
                    <o classname="a2dFill" type="a2dFILL_ONE_COLOUR" colour="BLACK">
                    </o>
                </o>
                <o classname="a2dStrokeProperty" name="Stroke">
                    <o classname="a2dStroke" type="a2dSTROKE_ONE_COLOUR" colour="LIGHT MAGENTA">
                    </o>
                </o>
            </properties>
            
        </o>
        <o classname="a2dLayerInfo" id="-3436459159510518991" name="layer47" layer="47" hitflags="" layervisible="true" layerselectable="true" readlayer="true" inmap="47" outmap="47" order="47" description="" feature="" subfeature="" type="SIGNAL" polarity="true" span="" area="0">
            
            <properties>
                <o classname="a2dFillProperty" name="Fill">
                    <o classname="a2dFill" type="a2dFILL_ONE_COLOUR" colour="BLACK">
                    </o>
                </o>
                <o classname="a2dStrokeProperty" name="Stroke">
                    <o classname="a2dStroke" type="a2dSTROKE_ONE_COLOUR" colour="LIGHT MAGENTA">
                    </o>
                </o>
            </properties>
            
        </o>
        <o classname="a2dLayerInfo" id="-3436459159510518922" name="layer48" layer="48" hitflags="" layervisible="true" layerselectable="true" readlayer="true" inmap="48" outmap="48" order="48" description="" feature="" subfeature="" type="SIGNAL" polarity="true" span="" area="0">
            
            <properties>
                <o classname="a2dFillProperty" name="Fill">
                    <o classname="a2dFill" type="a2dFILL_ONE_COLOUR" colour="BLACK">
                    </o>
                </o>
                <o classname="a2dStrokeProperty" name="Stroke">
                    <o classname="a2dStroke" type="a2dSTROKE_ONE_COLOUR" colour="LIGHT MAGENTA">
                    </o>
                </o>
            </properties>
            
        </o>
        <o classname="a2dLayerInfo" id="-3436459159510518853" name="layer49" layer="49" hitflags="" layervisible="true" layerselectable="true" readlayer="true" inmap="49" outmap="49" order="49" description="" feature="" subfeature="" type="SIGNAL" polarity="true" span="" area="0">
            
            <properties>
                <o classname="a2dFillProperty" name="Fill">
                    <o classname="a2dFill" type="a2dFILL_ONE_COLOUR" colour="BLACK">
                    </o>
                </o>
                <o classname="a2dStrokeProperty" name="Stroke">
                    <o classname="a2dStroke" type="a2dSTROKE_ONE_COLOUR" colour="LIGHT MAGENTA">
                    </o>
                </o>
            </properties>
            
        </o>
        <o classname="a2dLayerInfo" id="-3436459159510518784" name="layer50" layer="50" hitflags="" layervisible="true" layerselectable="true" readlayer="true" inmap="50" outmap="50" order="50" description="" feature="" subfeature="" type="SIGNAL" polarity="true" span="" area="0">
            
            <properties>
                <o classname="a2dFillProperty" name="Fill">
                    <o classname="a2dFill" type="a2dFILL_ONE_COLOUR" colour="BLACK">
                    </o>
                </o>
                <o classname="a2dStrokeProperty" name="Stroke">
                    <o classname="a2dStroke" type="a2dSTROKE_ONE_COLOUR" colour="LIGHT MAGENTA">
                    </o>
                </o>
            </properties>
            
        </o>
        <o classname="a2dLayerInfo" id="-3436459159510518715" name="layer51" layer="51" hitflags="" layervisible="true" layerselectable="true" readlayer="true" inmap="51" outmap="51" order="51" description="" feature="" subfeature="" type="SIGNAL" polarity="true" span="" area="0">
            
            <properties>
                <o classname="a2dFillProperty" name="Fill">
                    <o classname="a2dFill" type="a2dFILL_ONE_COLOUR" colour="BLACK">
                    </o>
                </o>
                <o classname="a2dStrokeProperty" name="Stroke">
                    <o classname="a2dStroke" type="a2dSTROKE_ONE_COLOUR" colour="LIGHT MAGENTA">
                    </o>
                </o>
            </properties>
            
        </o>
        <o classname="a2dLayerInfo" id="-3436459159510518646" name="layer52" layer="52" hitflags="" layervisible="true" layerselectable="true" readlayer="true" inmap="52" outmap="52" order="52" description="" feature="" subfeature="" type="SIGNAL" polarity="true" span="" area="0">
            
            <properties>
                <o classname="a2dFillProperty" name="Fill">
                    <o classname="a2dFill" type="a2dFILL_ONE_COLOUR" colour="BLACK">
                    </o>
                </o>
                <o classname="a2dStrokeProperty" name="Stroke">
                    <o classname="a2dStroke" type="a2dSTROKE_ONE_COLOUR" colour="LIGHT MAGENTA">
                    </o>
                </o>
            </properties>
            
        </o>
        <o classname="a2dLayerInfo" id="-3436459159510518577" name="layer53" layer="53" hitflags="" layervisible="true" layerselectable="true" readlayer="true" inmap="53" outmap="53" order="53" description="" feature="" subfeature="" type="SIGNAL" polarity="true" span="" area="0">
            
            <properties>
                <o classname="a2dFillProperty" name="Fill">
                    <o classname="a2dFill" type="a2dFILL_ONE_COLOUR" colour="BLACK">
                    </o>
                </o>
                <o classname="a2dStrokeProperty" name="Stroke">
                    <o classname="a2dStroke" type="a2dSTROKE_ONE_COLOUR" colour="LIGHT MAGENTA">
                    </o>
                </o>
            </properties>
            
        </o>
        <o classname="a2dLayerInfo" id="-3436459159510518508" name="layer54" layer="54" hitflags="" layervisible="true" layerselectable="true" readlayer="true" inmap="54" outmap="54" order="54" description="" feature="" subfeature="" type="SIGNAL" polarity="true" span="" area="0">
            
            <properties>
                <o classname="a2dFillProperty" name="Fill">
                    <o classname="a2dFill" type="a2dFILL_ONE_COLOUR" colour="BLACK">
                    </o>
                </o>
                <o classname="a2dStrokeProperty" name="Stroke">
                    <o classname="a2dStroke" type="a2dSTROKE_ONE_COLOUR" colour="LIGHT MAGENTA">
                    </o>
                </o>
            </properties>
            
        </o>
        <o classname="a2dLayerInfo" id="-3436459159510518439" name="layer55" layer="55" hitflags="" layervisible="true" layerselectable="true" readlayer="true" inmap="55" outmap="55" order="55" description="" feature="" subfeature="" type="SIGNAL" polarity="true" span="" area="0">
            
            <properties>
                <o classname="a2dFillProperty" name="Fill">
                    <o classname="a2dFill" type="a2dFILL_ONE_COLOUR" colour="BLACK">
                    </o>
                </o>
                <o classname="a2dStrokeProperty" name="Stroke">
                    <o classname="a2dStroke" type="a2dSTROKE_ONE_COLOUR" colour="LIGHT MAGENTA">
                    </o>
                </o>
            </properties>
            
        </o>
        <o classname="a2dLayerInfo" id="-3436459159510518370" name="layer56" layer="56" hitflags="" layervisible="true" layerselectable="true" readlayer="true" inmap="56" outmap="56" order="56" description="" feature="" subfeature="" type="SIGNAL" polarity="true" span="" area="0">
            
            <properties>
                <o classname="a2dFillProperty" name="Fill">
                    <o classname="a2dFill" type="a2dFILL_ONE_COLOUR" colour="BLACK">
                    </o>
                </o>
                <o classname="a2dStrokeProperty" name="Stroke">
                    <o classname="a2dStroke" type="a2dSTROKE_ONE_COLOUR" colour="LIGHT MAGENTA">
                    </o>
                </o>
            </properties>
            
        </o>
        <o classname="a2dLayerInfo" id="-3436459159510518301" name="layer57" layer="57" hitflags="" layervisible="true" layerselectable="true" readlayer="true" inmap="57" outmap="57" order="57" description="" feature="" subfeature="" type="SIGNAL" polarity="true" span="" area="0">
            
            <properties>
                <o classname="a2dFillProperty" name="Fill">
                    <o classname="a2dFill" type="a2dFILL_ONE_COLOUR" colour="BLACK">
                    </o>
                </o>
                <o classname="a2dStrokeProperty" name="Stroke">
                    <o classname="a2dStroke" type="a2dSTROKE_ONE_COLOUR" colour="LIGHT MAGENTA">
                    </o>
                </o>
            </properties>
            
        </o>
        <o classname="a2dLayerInfo" id="-3436459159510518232" name="layer58" layer="58" hitflags="" layervisible="true" layerselectable="true" readlayer="true" inmap="58" outmap="58" order="58" description="" feature="" subfeature="" type="SIGNAL" polarity="true" span="" area="0">
            
            <properties>
                <o classname="a2dFillProperty" name="Fill">
                    <o classname="a2dFill" type="a2dFILL_ONE_COLOUR" colour="BLACK">
                    </o>
                </o>
                <o classname="a2dStrokeProperty" name="Stroke">
                    <o classname="a2dStroke" type="a2dSTROKE_ONE_COLOUR" colour="LIGHT MAGENTA">
                    </o>
                </o>
            </properties>
            
        </o>
        <o classname="a2dLayerInfo" id="-3436459159510518163" name="layer59" layer="59" hitflags="" layervisible="true" layerselectable="true" readlayer="true" inmap="59" outmap="59" order="59" description="" feature="" subfeature="" type="SIGNAL" polarity="true" span="" area="0">
            
            <properties>
                <o classname="a2dFillProperty" name="Fill">
                    <o classname="a2dFill" type="a2dFILL_ONE_COLOUR" colour="BLACK">
                    </o>
                </o>
                <o classname="a2dStrokeProperty" name="Stroke">
                    <o classname="a2dStroke" type="a2dSTROKE_ONE_COLOUR" colour="LIGHT MAGENTA">
                    </o>
                </o>
            </properties>
            
        </o>
        <o classname="a2dLayerInfo" id="-3436459159510518094" name="layer60" layer="60" hitflags="" layervisible="true" layerselectable="true" readlayer="true" inmap="60" outmap="60" order="60" description="" feature="" subfeature="" type="SIGNAL" polarity="true" span="" area="0">
            
            <properties>
                <o classname="a2dFillProperty" name="Fill">
                    <o classname="a2dFill" type="a2dFILL_ONE_COLOUR" colour="BLACK">
                    </o>
                </o>
                <o classname="a2dStrokeProperty" name="Stroke">
                    <o classname="a2dStroke" type="a2dSTROKE_ONE_COLOUR" colour="LIGHT MAGENTA">
                    </o>
                </o>
            </properties>
            
        </o>
        <o classname="a2dLayerInfo" id="-3436459159510518025" name="layer61" layer="61" hitflags="" layervisible="true" layerselectable="true" readlayer="true" inmap="61" outmap="61" order="61" description="" feature="" subfeature="" type="SIGNAL" polarity="true" span="" area="0">
            
            <properties>
                <o classname="a2dFillProperty" name="Fill">
                    <o classname="a2dFill" type="a2dFILL_ONE_COLOUR" colour="BLACK">
                    </o>
                </o>
                <o classname="a2dStrokeProperty" name="Stroke">
                    <o classname="a2dStroke" type="a2dSTROKE_ONE_COLOUR" colour="LIGHT MAGENTA">
                    </o>
                </o>
            </properties>
            
        </o>
        <o classname="a2dLayerInfo" id="-3436459159510517956" name="layer62" layer="62" hitflags="" layervisible="true" layerselectable="true" readlayer="true" inmap="62" outmap="62" order="62" description="" feature="" subfeature="" type="SIGNAL" polarity="true" span="" area="0">
            
            <properties>
                <o classname="a2dFillProperty" name="Fill">
                    <o classname="a2dFill" type="a2dFILL_ONE_COLOUR" colour="BLACK">
                    </o>
                </o>
                <o classname="a2dStrokeProperty" name="Stroke">
                    <o classname="a2dStroke" type="a2dSTROKE_ONE_COLOUR" colour="LIGHT MAGENTA">
                    </o>
                </o>
            </properties>
            
        </o>
        <o classname="a2dLayerInfo" id="-3436459159510517887" name="layer63" layer="63" hitflags="" layervisible="true" layerselectable="true" readlayer="true" inmap="63" outmap="63" order="63" description="" feature="" subfeature="" type="SIGNAL" polarity="true" span="" area="0">
            
            <properties>
                <o classname="a2dFillProperty" name="Fill">
                    <o classname="a2dFill" type="a2dFILL_ONE_COLOUR" colour="BLACK">
                    </o>
                </o>
                <o classname="a2dStrokeProperty" name="Stroke">
                    <o classname="a2dStroke" type="a2dSTROKE_ONE_COLOUR" colour="LIGHT MAGENTA">
                    </o>
                </o>
            </properties>
            
        </o>
        <o classname="a2dLayerInfo" id="-3436459159510517818" name="layer64" layer="64" hitflags="" layervisible="true" layerselectable="true" readlayer="true" inmap="64" outmap="64" order="64" description="" feature="" subfeature="" type="SIGNAL" polarity="true" span="" area="0">
            
            <properties>
                <o classname="a2dFillProperty" name="Fill">
                    <o classname="a2dFill" type="a2dFILL_ONE_COLOUR" colour="BLACK">
                    </o>
                </o>
                <o classname="a2dStrokeProperty" name="Stroke">
                    <o classname="a2dStroke" type="a2dSTROKE_ONE_COLOUR" colour="LIGHT MAGENTA">
                    </o>
                </o>
            </properties>
            
        </o>
        <o classname="a2dLayerInfo" id="-3436459159510517749" name="layer65" layer="65" hitflags="" layervisible="true" layerselectable="true" readlayer="true" inmap="65" outmap="65" order="65" description="" feature="" subfeature="" type="SIGNAL" polarity="true" span="" area="0">
            
            <properties>
                <o classname="a2dFillProperty" name="Fill">
                    <o classname="a2dFill" type="a2dFILL_ONE_COLOUR" colour="BLACK">
                    </o>
                </o>
                <o classname="a2dStrokeProperty" name="Stroke">
                    <o classname="a2dStroke" type="a2dSTROKE_ONE_COLOUR" colour="LIGHT MAGENTA">
                    </o>
                </o>
            </properties>
            
        </o>
        <o classname="a2dLayerInfo" id="-3436459159510517680" name="layer66" layer="66" hitflags="" layervisible="true" layerselectable="true" readlayer="true" inmap="66" outmap="66" order="66" description="" feature="" subfeature="" type="SIGNAL" polarity="true" span="" area="0">
            
            <properties>
                <o classname="a2dFillProperty" name="Fill">
                    <o classname="a2dFill" type="a2dFILL_ONE_COLOUR" colour="BLACK">
                    </o>
                </o>
                <o classname="a2dStrokeProperty" name="Stroke">
                    <o classname="a2dStroke" type="a2dSTROKE_ONE_COLOUR" colour="LIGHT MAGENTA">
                    </o>
                </o>
            </properties>
            
        </o>
        <o classname="a2dLayerInfo" id="-3436459159510517611" name="layer67" layer="67" hitflags="" layervisible="true" layerselectable="true" readlayer="true" inmap="67" outmap="67" order="67" description="" feature="" subfeature="" type="SIGNAL" polarity="true" span="" area="0">
            
            <properties>
                <o classname="a2dFillProperty" name="Fill">
                    <o classname="a2dFill" type="a2dFILL_ONE_COLOUR" colour="BLACK">
                    </o>
                </o>
                <o classname="a2dStrokeProperty" name="Stroke">
                    <o classname="a2dStroke" type="a2dSTROKE_ONE_COLOUR" colour="LIGHT MAGENTA">
                    </o>
                </o>
            </properties>
            
        </o>
        <o classname="a2dLayerInfo" id="-3436459159510517542" name="layer68" layer="68" hitflags="" layervisible="true" layerselectable="true" readlayer="true" inmap="68" outmap="68" order="68" description="" feature="" subfeature="" type="SIGNAL" polarity="true" span="" area="0">
            
            <properties>
                <o classname="a2dFillProperty" name="Fill">
                    <o classname="a2dFill" type="a2dFILL_ONE_COLOUR" colour="BLACK">
                    </o>
                </o>
                <o classname="a2dStrokeProperty" name="Stroke">
                    <o classname="a2dStroke" type="a2dSTROKE_ONE_COLOUR" colour="LIGHT MAGENTA">
                    </o>
                </o>
            </properties>
            
        </o>
        <o classname="a2dLayerInfo" id="-3436459159510517473" name="layer69" layer="69" hitflags="" layervisible="true" layerselectable="true" readlayer="true" inmap="69" outmap="69" order="69" description="" feature="" subfeature="" type="SIGNAL" polarity="true" span="" area="0">
            
            <properties>
                <o classname="a2dFillProperty" name="Fill">
                    <o classname="a2dFill" type="a2dFILL_ONE_COLOUR" colour="BLACK">
                    </o>
                </o>
                <o classname="a2dStrokeProperty" name="Stroke">
                    <o classname="a2dStroke" type="a2dSTROKE_ONE_COLOUR" colour="LIGHT MAGENTA">
                    </o>
                </o>
            </properties>
            
        </o>
        <o classname="a2dLayerInfo" id="-3436459159510517404" name="layer70" layer="70" hitflags="" layervisible="true" layerselectable="true" readlayer="true" inmap="70" outmap="70" order="70" description="" feature="" subfeature="" type="SIGNAL" polarity="true" span="" area="0">
            
            <properties>
                <o classname="a2dFillProperty" name="Fill">
                    <o classname="a2dFill" type="a2dFILL_ONE_COLOUR" colour="BLACK">
                    </o>
                </o>
                <o classname="a2dStrokeProperty" name="Stroke">
                    <o classname="a2dStroke" type="a2dSTROKE_ONE_COLOUR" colour="LIGHT MAGENTA">
                    </o>
                </o>
            </properties>
            
        </o>
        <o classname="a2dLayerInfo" id="-3436459159510517335" name="layer71" layer="71" hitflags="" layervisible="true" layerselectable="true" readlayer="true" inmap="71" outmap="71" order="71" description="" feature="" subfeature="" type="SIGNAL" polarity="true" span="" area="0">
            
            <properties>
                <o classname="a2dFillProperty" name="Fill">
                    <o classname="a2dFill" type="a2dFILL_ONE_COLOUR" colour="BLACK">
                    </o>
                </o>
                <o classname="a2dStrokeProperty" name="Stroke">
                    <o classname="a2dStroke" type="a2dSTROKE_ONE_COLOUR" colour="LIGHT MAGENTA">
                    </o>
                </o>
            </properties>
            
        </o>
        <o classname="a2dLayerInfo" id="-3436459159510517266" name="layer72" layer="72" hitflags="" layervisible="true" layerselectable="true" readlayer="true" inmap="72" outmap="72" order="72" description="" feature="" subfeature="" type="SIGNAL" polarity="true" span="" area="0">
            
            <properties>
                <o classname="a2dFillProperty" name="Fill">
                    <o classname="a2dFill" type="a2dFILL_ONE_COLOUR" colour="BLACK">
                    </o>
                </o>
                <o classname="a2dStrokeProperty" name="Stroke">
                    <o classname="a2dStroke" type="a2dSTROKE_ONE_COLOUR" colour="LIGHT MAGENTA">
                    </o>
                </o>
            </properties>
            
        </o>
        <o classname="a2dLayerInfo" id="-3436459159510517197" name="layer73" layer="73" hitflags="" layervisible="true" layerselectable="true" readlayer="true" inmap="73" outmap="73" order="73" description="" feature="" subfeature="" type="SIGNAL" polarity="true" span="" area="0">
            
            <properties>
                <o classname="a2dFillProperty" name="Fill">
                    <o classname="a2dFill" type="a2dFILL_ONE_COLOUR" colour="BLACK">
                    </o>
                </o>
                <o classname="a2dStrokeProperty" name="Stroke">
                    <o classname="a2dStroke" type="a2dSTROKE_ONE_COLOUR" colour="LIGHT MAGENTA">
                    </o>
                </o>
            </properties>
            
        </o>
        <o classname="a2dLayerInfo" id="-3436459159510517128" name="layer74" layer="74" hitflags="" layervisible="true" layerselectable="true" readlayer="true" inmap="74" outmap="74" order="74" description="" feature="" subfeature="" type="SIGNAL" polarity="true" span="" area="0">
            
            <properties>
                <o classname="a2dFillProperty" name="Fill">
                    <o classname="a2dFill" type="a2dFILL_ONE_COLOUR" colour="BLACK">
                    </o>
                </o>
                <o classname="a2dStrokeProperty" name="Stroke">
                    <o classname="a2dStroke" type="a2dSTROKE_ONE_COLOUR" colour="LIGHT MAGENTA">
                    </o>
                </o>
            </properties>
            
        </o>
        <o classname="a2dLayerInfo" id="-3436459159510517059" name="layer75" layer="75" hitflags="" layervisible="true" layerselectable="true" readlayer="true" inmap="75" outmap="75" order="75" description="" feature="" subfeature="" type="SIGNAL" polarity="true" span="" area="0">
            
            <properties>
                <o classname="a2dFillProperty" name="Fill">
                    <o classname="a2dFill" type="a2dFILL_ONE_COLOUR" colour="BLACK">
                    </o>
                </o>
                <o classname="a2dStrokeProperty" name="Stroke">
                    <o classname="a2dStroke" type="a2dSTROKE_ONE_COLOUR" colour="LIGHT MAGENTA">
                    </o>
                </o>
            </properties>
            
        </o>
    </o>
    <o classname="a2dCanvasObject" id="-3436461839570113457" flags=" bin" hitflags=" fill visible">
        <o classname="a2dCanvasObjectReference" flags=" bin" hitflags=" fill visible"
             transform="matrix( 1 0 0 1 0 -6283.89 )"
            >
            <o classname="a2dCanvasObject" flags=" bin" hitflags=" fill visible"
                 transform="matrix( 1 0 0 1 1584.5 -2254.62 )"
                >
                <o classname="a2dRect" flags=" bin" hitflags=" fill visible"
                     transform="matrix( 1 0 0 1 1597.47 -295.274 )"
                     width="796" height="712">
                    
                    <properties>
                        <o classname="a2dStrokeProperty" name="Stroke">
                            <o classname="a2dStroke" type="a2dSTROKE_ONE_COLOUR" colour="#DC0405" width="1">
                            </o>
                        </o>
                        <o classname="a2dFillProperty" name="Fill">
                            <o classname="a2dFill" type="a2dFILL_ONE_COLOUR" colour="#A004FF">
                            </o>
                        </o>
                    </properties>
                    
                </o>
                <o classname="a2dRect" flags=" bin" hitflags=" fill visible"
                     transform="matrix( 1 0 0 1 2044.82 -1800.21 )"
                     width="436" height="696">
                    
                    <properties>
                        <o classname="a2dStrokeProperty" name="Stroke">
                            <o classname="a2dStroke" type="a2dSTROKE_ONE_COLOUR" colour="#DC0405" width="1">
                            </o>
                        </o>
                        <o classname="a2dFillProperty" name="Fill">
                            <o classname="a2dFill" type="a2dFILL_ONE_COLOUR" colour="#00A4FF">
                            </o>
                        </o>
                    </properties>
                    
                </o>
                <o classname="a2dCanvasObject" flags=" bin" hitflags=" fill visible"
                     transform="matrix( 1 0 0 1 436.199 -1332.5 )"
                    >
                    <o classname="a2dRect" flags=" bin" hitflags=" fill visible"
                         transform="matrix( 1 0 0 1 92.5 0.5 )"
                         width="796" height="712">
                        
                        <properties>
                            <o classname="a2dStrokeProperty" name="Stroke">
                                <o classname="a2dStroke" type="a2dSTROKE_ONE_COLOUR" colour="#DC0405" width="1">
                                </o>
                            </o>
                            <o classname="a2dFillProperty" name="Fill">
                                <o classname="a2dFill" type="a2dFILL_ONE_COLOUR" colour="#0004FF">
                                </o>
                            </o>
                        </properties>
                        
                    </o>
                    <o classname="a2dRect" flags=" bin" hitflags=" fill visible"
                         transform="matrix( 1 0 0 1 0.5 348.5 )"
                         width="436" height="696">
                        
                        <properties>
                            <o classname="a2dStrokeProperty" name="Stroke">
                                <o classname="a2dStroke" type="a2dSTROKE_ONE_COLOUR" colour="#DC0405" width="1">
                                </o>
                            </o>
                            <o classname="a2dFillProperty" name="Fill">
                                <o classname="a2dFill" type="a2dFILL_ONE_COLOUR" colour="#0104FF">
                                </o>
                            </o>
                        </properties>
                        
                    </o>
                    <o classname="a2dCanvasObject" flags=" bin" hitflags=" fill visible"
                         transform="matrix( 1 0 0 1 2554.67 -735.083 )"
                        >
                        <o classname="a2dRect" flags=" bin" hitflags=" fill visible"
                             transform="matrix( 1 0 0 1 92.5 0.5 )"
                             width="796" height="712">
                            
                            <properties>
                                <o classname="a2dStrokeProperty" name="Stroke">
                                    <o classname="a2dStroke" type="a2dSTROKE_ONE_COLOUR" colour="#DC0405" width="1">
                                    </o>
                                </o>
                                <o classname="a2dFillProperty" name="Fill">
                                    <o classname="a2dFill" type="a2dFILL_ONE_COLOUR" colour="#0004FF">
                                    </o>
                                </o>
                            </properties>
                            
                        </o>
                        <o classname="a2dRect" flags=" bin" hitflags=" fill visible"
                             transform="matrix( 1 0 0 1 0.5 348.5 )"
                             width="436" height="696">
                            
                            <properties>
                                <o classname="a2dStrokeProperty" name="Stroke">
                                    <o classname="a2dStroke" type="a2dSTROKE_ONE_COLOUR" colour="#DC0405" width="1">
                                    </o>
                                </o>
                                <o classname="a2dFillProperty" name="Fill">
                                    <o classname="a2dFill" type="a2dFILL_ONE_COLOUR" colour="#0024FF">
                                    </o>
                                </o>
                            </properties>
                            
                        </o>
                    </o>
                </o>
            </o>
        </o>
        <o classname="a2dRect" flags=" bin" hitflags=" fill visible"
             transform="matrix( 1 0 0 1 892.664 -3144.16 )"
             width="796" height="684">
            
            <properties>
                <o classname="a2dStrokeProperty" name="Stroke">
                    <o classname="a2dStroke" type="a2dSTROKE_ONE_COLOUR" colour="#DC0405" width="1">
                    </o>
                </o>
                <o classname="a2dFillProperty" name="Fill">
                    <o classname="a2dFill" type="a2dFILL_ONE_COLOUR" colour="#0004FF">
                    </o>
                </o>
            </properties>
            
        </o>
        <o classname="a2dRect" flags=" bin" hitflags=" fill visible"
             transform="matrix( 1 0 0 1 1943.1 -4298.75 )"
             width="636" height="468">
            
            <properties>
                <o classname="a2dStrokeProperty" name="Stroke">
                    <o classname="a2dStroke" type="a2dSTROKE_ONE_COLOUR" colour="#DC0405" width="1">
                    </o>
                </o>
                <o classname="a2dFillProperty" name="Fill">
                    <o classname="a2dFill" type="a2dFILL_ONE_COLOUR" colour="#0004FF">
                    </o>
                </o>
            </properties>
            
        </o>
        <o classname="a2dCanvasObject" flags=" bin" hitflags=" fill visible"
             transform="matrix( 1 0 0 1 2600.78 -1811.69 )"
            >
            <o classname="a2dRect" flags=" bin" hitflags=" fill visible"
                 transform="matrix( 1 0 0 1 92.5 0.5 )"
                 width="796" height="712">
                
                <properties>
                    <o classname="a2dStrokeProperty" name="Stroke">
                        <o classname="a2dStroke" type="a2dSTROKE_ONE_COLOUR" colour="#DC0405" width="1">
                        </o>
                    </o>
                    <o classname="a2dFillProperty" name="Fill">
                        <o classname="a2dFill" type="a2dFILL_ONE_COLOUR" colour="#1004FF">
                        </o>
                    </o>
                </properties>
                
            </o>
            <o classname="a2dRect" flags=" bin" hitflags=" fill visible"
                 transform="matrix( 1 0 0 1 0.5 348.5 )"
                 width="436" height="696">
                
                <properties>
                    <o classname="a2dStrokeProperty" name="Stroke">
                        <o classname="a2dStroke" type="a2dSTROKE_ONE_COLOUR" colour="#DC0405" width="1">
                        </o>
                    </o>
                    <o classname="a2dFillProperty" name="Fill">
                        <o classname="a2dFill" type="a2dFILL_ONE_COLOUR" colour="#1024FF">
                        </o>
                    </o>
                </properties>
                
            </o>
        </o>
    </o>
</cvg>