<?xml version="1.0" encoding="UTF-8" standalone="yes"?>

<cvg classname="a2dCanvasDocument">
    <title>E:\wxart2d_vc\modules\editor\samples\vdrawm\drawings\polygons.cvg</title>
    <desc>Drawing generated by wxCANVAS</desc>
    <o classname="a2dLayers" id="12350818" flags=" bin" hitflags="">
        <o classname="a2dLayerInfo" id="12249607" name="layer default 0 layer="0" " flags=" bin" hitflags="" layervisible="true" layerselectable="true" readlayer="true" inmap="0" outmap="0" order="0" description="" feature="" subfeature="" type="SIGNAL" polarity="true" span="" area="0">
            
            <properties>
                <o classname="a2dFillProperty" name="Fill">
                    <o classname="a2dFill" type="a2dFILL_ONE_COLOUR" colour="BLACK">
                    </o>
                </o>
                <o classname="a2dStrokeProperty" name="Stroke">
                    <o classname="a2dStroke" type="a2dSTROKE_ONE_COLOUR" colour="#FA00F0" width="1">
                    </o>
                </o>
                <o classname="a2dBoolProperty" name="TemporaryObject" value="false">
                </o>
            </properties>
            
        </o>
        <o classname="a2dLayerInfo" id="12228794" name="layer 1" layer="1" flags=" bin" hitflags="" layervisible="true" layerselectable="true" readlayer="true" inmap="1" outmap="1" order="1" description="" feature="" subfeature="" type="SIGNAL" polarity="true" span="" area="0">
            
            <properties>
                <o classname="a2dFillProperty" name="Fill">
                    <o classname="a2dFill" type="a2dFILL_ONE_COLOUR" colour="GREEN">
                    </o>
                </o>
                <o classname="a2dStrokeProperty" name="Stroke">
                    <o classname="a2dStroke" type="a2dSTROKE_ONE_COLOUR" colour="CYAN" pixelwidth="true" width="2">
                    </o>
                </o>
            </properties>
            
        </o>
        <o classname="a2dLayerInfo" id="5208866" name="layer 2" layer="2" flags=" bin" hitflags="" layervisible="true" layerselectable="true" readlayer="true" inmap="2" outmap="2" order="2" description="" feature="" subfeature="" type="SIGNAL" polarity="true" span="" area="0">
            
            <properties>
                <o classname="a2dFillProperty" name="Fill">
                    <o classname="a2dFill" type="a2dFILL_ONE_COLOUR" colour="YELLOW">
                    </o>
                </o>
                <o classname="a2dStrokeProperty" name="Stroke">
                    <o classname="a2dStroke" type="a2dSTROKE_ONE_COLOUR" colour="RED" pixelwidth="true">
                    </o>
                </o>
            </properties>
            
        </o>
        <o classname="a2dLayerInfo" id="5211215" name="layer 3" layer="3" flags=" bin" hitflags="" layervisible="true" layerselectable="true" readlayer="true" inmap="3" outmap="3" order="3" description="" feature="" subfeature="" type="SIGNAL" polarity="true" span="" area="0">
            
            <properties>
                <o classname="a2dFillProperty" name="Fill">
                    <o classname="a2dFill" type="a2dFILL_ONE_COLOUR" colour="BLACK">
                    </o>
                </o>
                <o classname="a2dStrokeProperty" name="Stroke">
                    <o classname="a2dStroke" type="a2dSTROKE_ONE_COLOUR" colour="RED">
                    </o>
                </o>
            </properties>
            
        </o>
        <o classname="a2dLayerInfo" id="5214403" name="layer 4" layer="4" flags=" bin" hitflags="" layervisible="true" layerselectable="true" readlayer="true" inmap="4" outmap="4" order="4" description="" feature="" subfeature="" type="SIGNAL" polarity="true" span="" area="0">
            
            <properties>
                <o classname="a2dFillProperty" name="Fill">
                    <o classname="a2dFill" type="a2dFILL_ONE_COLOUR" colour="BLACK">
                    </o>
                </o>
                <o classname="a2dStrokeProperty" name="Stroke">
                    <o classname="a2dStroke" type="a2dSTROKE_ONE_COLOUR" colour="RED">
                    </o>
                </o>
            </properties>
            
        </o>
        <o classname="a2dLayerInfo" id="12328365" name="layer 5" layer="5" flags=" bin" hitflags="" layervisible="true" layerselectable="true" readlayer="true" inmap="5" outmap="5" order="5" description="" feature="" subfeature="" type="SIGNAL" polarity="true" span="" area="0">
            
            <properties>
                <o classname="a2dFillProperty" name="Fill">
                    <o classname="a2dFill" type="a2dFILL_ONE_COLOUR" style="a2dFILL_CROSSDIAG_HATCH" colour="#0AD902">
                    </o>
                </o>
                <o classname="a2dStrokeProperty" name="Stroke">
                    <o classname="a2dStroke" type="a2dSTROKE_ONE_COLOUR" colour="#097340" pixelwidth="true" width="20">
                    </o>
                </o>
            </properties>
            
        </o>
        <o classname="a2dLayerInfo" id="12153136" name="layer 6" layer="6" flags=" bin" hitflags="" layervisible="true" layerselectable="true" readlayer="true" inmap="6" outmap="6" order="6" description="" feature="" subfeature="" type="SIGNAL" polarity="true" span="" area="0">
            
            <properties>
                <o classname="a2dFillProperty" name="Fill">
                    <o classname="a2dFill" type="a2dFILL_ONE_COLOUR" style="a2dFILL_CROSSDIAG_HATCH" colour="#6411FF">
                    </o>
                </o>
                <o classname="a2dStrokeProperty" name="Stroke">
                    <o classname="a2dStroke" type="a2dSTROKE_ONE_COLOUR" colour="#097340" pixelwidth="true">
                    </o>
                </o>
            </properties>
            
        </o>
        <o classname="a2dLayerInfo" id="12124332" name="layer 7" layer="7" flags=" bin" hitflags="" layervisible="true" layerselectable="true" readlayer="true" inmap="7" outmap="7" order="7" description="" feature="" subfeature="" type="SIGNAL" polarity="true" span="" area="0">
            
            <properties>
                <o classname="a2dFillProperty" name="Fill">
                    <o classname="a2dFill" type="a2dFILL_ONE_COLOUR" colour="#0078F0">
                    </o>
                </o>
                <o classname="a2dStrokeProperty" name="Stroke">
                    <o classname="a2dStroke" type="a2dSTROKE_ONE_COLOUR" colour="#097340" width="10">
                    </o>
                </o>
            </properties>
            
        </o>
        <o classname="a2dLayerInfo" id="12210246" name="layer 8" layer="8" flags=" bin" hitflags="" layervisible="true" layerselectable="true" readlayer="true" inmap="8" outmap="8" order="8" description="" feature="" subfeature="" type="SIGNAL" polarity="true" span="" area="0">
            
            <properties>
                <o classname="a2dFillProperty" name="Fill">
                    <o classname="a2dFill" type="a2dFILL_ONE_COLOUR" colour="#C878F0">
                    </o>
                </o>
                <o classname="a2dStrokeProperty" name="Stroke">
                    <o classname="a2dStroke" type="a2dSTROKE_ONE_COLOUR" colour="#6D7340" width="40">
                    </o>
                </o>
            </properties>
            
        </o>
        <o classname="a2dLayerInfo" id="5211396" name="layer 9" layer="9" flags=" bin" hitflags="" layervisible="true" layerselectable="true" readlayer="true" inmap="9" outmap="9" order="9" description="" feature="" subfeature="" type="SIGNAL" polarity="true" span="" area="0">
            
            <properties>
                <o classname="a2dFillProperty" name="Fill">
                    <o classname="a2dFill" type="a2dFILL_ONE_COLOUR" colour="GREEN">
                    </o>
                </o>
                <o classname="a2dStrokeProperty" name="Stroke">
                    <o classname="a2dStroke" type="a2dSTROKE_ONE_COLOUR" colour="LIGHT MAGENTA" width="40">
                    </o>
                </o>
            </properties>
            
        </o>
    </o>
    <o classname="a2dDrawing" id="12632693" flags=" bin" hitflags=" fill visible">
        <drawing>
            <o classname="a2dCanvasObject" id="7150267" hitflags=" visible">
        <o classname="a2dPolygonL" flags=" bin" hitflags=" fill visible"
             transform="matrix( 1 0 0 1 1197.91 -694.259 )"
             spline="true" points="10" contourwidth="0">
            
            <properties>
                <o classname="a2dStrokeProperty" name="Stroke">
                    <o classname="a2dStroke" type="a2dSTROKE_ONE_COLOUR" colour="#DC0405" width="1">
                    </o>
                </o>
                <o classname="a2dFillProperty" name="Fill">
                    <o classname="a2dFill" type="a2dFILL_ONE_COLOUR" colour="#0004FF">
                    </o>
                </o>
            </properties>
            
            
            <xy x="180" y="-516"/>
            <xy x="1064" y="-220"/>
            <xy x="812" y="-1276"/>
            <xy x="232" y="-1252"/>
            <xy x="872" y="-724"/>
            <xy x="-8" y="-848"/>
            
            <xy x="100" y="-1480"/>
            <xy x="240" y="-1612"/>
            <xy x="-528" y="-428"/>
            <xy x="-272" y="-1456"/>
        </o>
        <o classname="a2dPolygonL" flags=" bin" hitflags=" fill visible"
             transform="matrix( 1 0 0 1 1680 200 )"
             points="12" contourwidth="0">
            
            <properties>
                <o classname="a2dStrokeProperty" name="Stroke">
                    <o classname="a2dStroke" type="a2dSTROKE_ONE_COLOUR" colour="#DC0405" width="1">
                    </o>
                </o>
                <o classname="a2dFillProperty" name="Fill">
                    <o classname="a2dFill" type="a2dFILL_ONE_COLOUR" colour="#0004FF">
                    </o>
                </o>
            </properties>
            
            
            <xy x="1416" y="-728"/>
            <xy x="1512" y="-1492"/>
            <xy x="724" y="-1524"/>
            <xy x="596" y="-1124"/>
            <xy x="1412" y="-1076"/>
            <xy x="1440" y="-1560"/>
            
            <xy x="320" y="-1668"/>
            <xy x="48" y="-684"/>
            <xy x="1144" y="-408"/>
            <xy x="1456" y="-144"/>
            <xy x="540" y="-36"/>
            <xy x="528" y="-240"/>
        </o>
        <o classname="a2dPolylineL" flags=" bin" hitflags=" fill visible" spline="true" points="7" contourwidth="0">
            
            <properties>
                <o classname="a2dStrokeProperty" name="Stroke">
                    <o classname="a2dStroke" type="a2dSTROKE_ONE_COLOUR" colour="#DC0405" width="1">
                    </o>
                </o>
                <o classname="a2dFillProperty" name="Fill">
                    <o classname="a2dFill" type="a2dFILL_ONE_COLOUR" colour="#0004FF">
                    </o>
                </o>
            </properties>
            
            
            <xy x="-132" y="-1280"/>
            <xy x="448" y="-360"/>
            <xy x="1052" y="-1340"/>
            <xy x="-96" y="-2192"/>
            <xy x="564" y="-2568"/>
            <xy x="1044" y="-1720"/>
            
            <xy x="1672" y="-2236"/>
        </o>
        <o classname="a2dPolylineL" flags=" bin" hitflags=" fill visible"
             transform="matrix( 1 0 0 1 -507.996 273.536 )"
             spline="true" points="8" contourwidth="0">
            
            <properties>
                <o classname="a2dStrokeProperty" name="Stroke">
                    <o classname="a2dStroke" type="a2dSTROKE_ONE_COLOUR" colour="#DC0405" width="100">
                    </o>
                </o>
                <o classname="a2dFillProperty" name="Fill">
                    <o classname="a2dFill" type="a2dFILL_ONE_COLOUR" colour="#0004FF">
                    </o>
                </o>
            </properties>
            
            
            <xy x="1332" y="-1152"/>
            <xy x="2228" y="-972"/>
            <xy x="1976" y="-1268"/>
            <xy x="1388" y="-1848"/>
            <xy x="2208" y="-2292"/>
            <xy x="1488" y="-2800"/>
            
            <xy x="804" y="-2556"/>
            <xy x="444" y="-2780"/>
        </o>
        <o classname="a2dPolylineL" flags=" bin" hitflags=" fill visible" points="3" contourwidth="0">
            
            <properties>
                <o classname="a2dStrokeProperty" name="Stroke">
                    <o classname="a2dStroke" type="a2dSTROKE_ONE_COLOUR" colour="#DC0405" width="100">
                    </o>
                </o>
                <o classname="a2dFillProperty" name="Fill">
                    <o classname="a2dFill" type="a2dFILL_ONE_COLOUR" colour="#0004FF">
                    </o>
                </o>
            </properties>
            
            
            <xy x="756" y="104"/>
            <xy x="2068" y="-460"/>
            <xy x="1376" y="-816"/>
        </o>
            </o>
        </drawing>
    </o>
</cvg>