<?xml version="1.0" encoding="UTF-8" standalone="yes"?>

<cvg classname="a2dCanvasDocument">
    <title>curves.cvg</title>
    <desc>a2dCanvasDocument generated by wxCANVAS</desc>
    <o classname="a2dLayers" flags=" selectable visible draggable shadow filled snap" hitflags=" visible">
        <o classname="a2dLayerInfo" name="" flags=" selectable visible draggable shadow filled snap" hitflags=" visible" layervisible="true" layerselectable="true" layeravailable="true" readlayer="true" inmap="0" outmap="0" order="0">
            
            <properties>
                <o classname="a2dProperty" name="fill" resolveid="1892231">
                    <o classname="a2dOneColourFill" id="1892231" colour="BLACK">
                    </o>
                </o>
                <o classname="a2dProperty" name="stroke" resolveid="1892257">
                    <o classname="a2dOneColourStroke" id="1892257" colour="CYAN" pixelwidth="true">
                    </o>
                </o>
            </properties>
            
        </o>
        
        <o classname="a2dLayerInfo" name="" layer="1" flags=" selectable visible draggable shadow filled snap" hitflags=" visible" layervisible="true" layerselectable="true" layeravailable="false" readlayer="true" inmap="1" outmap="1" order="1">
            
            <properties>
                <o classname="a2dProperty" name="fill" resolveid="1892307">
                    <o classname="a2dOneColourFill" id="1892307" colour="BLACK">
                    </o>
                </o>
                <o classname="a2dProperty" name="stroke" resolveid="1892331">
                    <o classname="a2dOneColourStroke" id="1892331" colour="RED" pixelwidth="true">
                    </o>
                </o>
            </properties>
            
        </o>
        
        <o classname="a2dLayerInfo" name="" layer="2" flags=" selectable visible draggable shadow filled snap" hitflags=" visible" layervisible="true" layerselectable="true" layeravailable="false" readlayer="true" inmap="2" outmap="2" order="2">
            
            <properties>
                <o classname="a2dProperty" name="fill" resolveid="1892403">
                    <o classname="a2dOneColourFill" id="1892403" colour="BLACK">
                    </o>
                </o>
                <o classname="a2dProperty" name="stroke" resolveid="1892427">
                    <o classname="a2dOneColourStroke" id="1892427" colour="RED" pixelwidth="true">
                    </o>
                </o>
            </properties>
            
        </o>
        
        <o classname="a2dLayerInfo" name="" layer="3" flags=" selectable visible draggable shadow filled snap" hitflags=" visible" layervisible="true" layerselectable="true" layeravailable="false" readlayer="true" inmap="3" outmap="3" order="3">
            
            <properties>
                <o classname="a2dProperty" name="fill" resolveid="1892499">
                    <o classname="a2dOneColourFill" id="1892499" colour="BLACK">
                    </o>
                </o>
                <o classname="a2dProperty" name="stroke" resolveid="1892523">
                    <o classname="a2dOneColourStroke" id="1892523" colour="RED" pixelwidth="true">
                    </o>
                </o>
            </properties>
            
        </o>
        
        <o classname="a2dLayerInfo" name="" layer="4" flags=" selectable visible draggable shadow filled snap" hitflags=" visible" layervisible="true" layerselectable="true" layeravailable="false" readlayer="true" inmap="4" outmap="4" order="4">
            
            <properties>
                <o classname="a2dProperty" name="fill" resolveid="1892595">
                    <o classname="a2dOneColourFill" id="1892595" colour="BLACK">
                    </o>
                </o>
                <o classname="a2dProperty" name="stroke" resolveid="1892619">
                    <o classname="a2dOneColourStroke" id="1892619" colour="RED" pixelwidth="true">
                    </o>
                </o>
            </properties>
            
        </o>
        
        <o classname="a2dLayerInfo" name="" layer="5" flags=" selectable visible draggable shadow filled snap" hitflags=" visible" layervisible="true" layerselectable="true" layeravailable="false" readlayer="true" inmap="5" outmap="5" order="5">
            
            <properties>
                <o classname="a2dProperty" name="fill" resolveid="1892691">
                    <o classname="a2dOneColourFill" id="1892691" colour="BLACK">
                    </o>
                </o>
                <o classname="a2dProperty" name="stroke" resolveid="1892715">
                    <o classname="a2dOneColourStroke" id="1892715" colour="RED" pixelwidth="true">
                    </o>
                </o>
            </properties>
            
        </o>
        
        <o classname="a2dLayerInfo" name="" layer="6" flags=" selectable visible draggable shadow filled snap" hitflags=" visible" layervisible="true" layerselectable="true" layeravailable="false" readlayer="true" inmap="6" outmap="6" order="6">
            
            <properties>
                <o classname="a2dProperty" name="fill" resolveid="1892787">
                    <o classname="a2dOneColourFill" id="1892787" colour="BLACK">
                    </o>
                </o>
                <o classname="a2dProperty" name="stroke" resolveid="1892811">
                    <o classname="a2dOneColourStroke" id="1892811" colour="RED" pixelwidth="true">
                    </o>
                </o>
            </properties>
            
        </o>
        
        <o classname="a2dLayerInfo" name="" layer="7" flags=" selectable visible draggable shadow filled snap" hitflags=" visible" layervisible="true" layerselectable="true" layeravailable="false" readlayer="true" inmap="7" outmap="7" order="7">
            
            <properties>
                <o classname="a2dProperty" name="fill" resolveid="1892883">
                    <o classname="a2dOneColourFill" id="1892883" colour="BLACK">
                    </o>
                </o>
                <o classname="a2dProperty" name="stroke" resolveid="1892907">
                    <o classname="a2dOneColourStroke" id="1892907" colour="RED" pixelwidth="true">
                    </o>
                </o>
            </properties>
            
        </o>
        
        <o classname="a2dLayerInfo" name="" layer="8" flags=" selectable visible draggable shadow filled snap" hitflags=" visible" layervisible="true" layerselectable="true" layeravailable="false" readlayer="true" inmap="8" outmap="8" order="8">
            
            <properties>
                <o classname="a2dProperty" name="fill" resolveid="1892979">
                    <o classname="a2dOneColourFill" id="1892979" colour="BLACK">
                    </o>
                </o>
                <o classname="a2dProperty" name="stroke" resolveid="1893003">
                    <o classname="a2dOneColourStroke" id="1893003" colour="RED" pixelwidth="true">
                    </o>
                </o>
            </properties>
            
        </o>
        
        <o classname="a2dLayerInfo" name="" layer="9" flags=" selectable visible draggable shadow filled snap" hitflags=" visible" layervisible="true" layerselectable="true" layeravailable="false" readlayer="true" inmap="9" outmap="9" order="9">
            
            <properties>
                <o classname="a2dProperty" name="fill" resolveid="1893075">
                    <o classname="a2dOneColourFill" id="1893075" colour="BLACK">
                    </o>
                </o>
                <o classname="a2dProperty" name="stroke" resolveid="1893099">
                    <o classname="a2dOneColourStroke" id="1893099" colour="RED" pixelwidth="true">
                    </o>
                </o>
            </properties>
            
        </o>
        
        <o classname="a2dLayerInfo" name="" layer="10" flags=" selectable visible draggable shadow filled snap" hitflags=" visible" layervisible="true" layerselectable="true" layeravailable="false" readlayer="true" inmap="10" outmap="10" order="10">
            
            <properties>
                <o classname="a2dProperty" name="fill" resolveid="1893171">
                    <o classname="a2dOneColourFill" id="1893171" colour="BLACK">
                    </o>
                </o>
                <o classname="a2dProperty" name="stroke" resolveid="1893195">
                    <o classname="a2dOneColourStroke" id="1893195" colour="RED" pixelwidth="true">
                    </o>
                </o>
            </properties>
            
        </o>
        
        <o classname="a2dLayerInfo" name="" layer="11" flags=" selectable visible draggable shadow filled snap" hitflags=" visible" layervisible="true" layerselectable="true" layeravailable="false" readlayer="true" inmap="11" outmap="11" order="11">
            
            <properties>
                <o classname="a2dProperty" name="fill" resolveid="1893267">
                    <o classname="a2dOneColourFill" id="1893267" colour="BLACK">
                    </o>
                </o>
                <o classname="a2dProperty" name="stroke" resolveid="1893291">
                    <o classname="a2dOneColourStroke" id="1893291" colour="RED" pixelwidth="true">
                    </o>
                </o>
            </properties>
            
        </o>
        
        <o classname="a2dLayerInfo" name="" layer="12" flags=" selectable visible draggable shadow filled snap" hitflags=" visible" layervisible="true" layerselectable="true" layeravailable="false" readlayer="true" inmap="12" outmap="12" order="12">
            
            <properties>
                <o classname="a2dProperty" name="fill" resolveid="1893363">
                    <o classname="a2dOneColourFill" id="1893363" colour="BLACK">
                    </o>
                </o>
                <o classname="a2dProperty" name="stroke" resolveid="1893387">
                    <o classname="a2dOneColourStroke" id="1893387" colour="RED" pixelwidth="true">
                    </o>
                </o>
            </properties>
            
        </o>
        
        <o classname="a2dLayerInfo" name="" layer="13" flags=" selectable visible draggable shadow filled snap" hitflags=" visible" layervisible="true" layerselectable="true" layeravailable="false" readlayer="true" inmap="13" outmap="13" order="13">
            
            <properties>
                <o classname="a2dProperty" name="fill" resolveid="1893459">
                    <o classname="a2dOneColourFill" id="1893459" colour="BLACK">
                    </o>
                </o>
                <o classname="a2dProperty" name="stroke" resolveid="1893483">
                    <o classname="a2dOneColourStroke" id="1893483" colour="RED" pixelwidth="true">
                    </o>
                </o>
            </properties>
            
        </o>
        
        <o classname="a2dLayerInfo" name="" layer="14" flags=" selectable visible draggable shadow filled snap" hitflags=" visible" layervisible="true" layerselectable="true" layeravailable="false" readlayer="true" inmap="14" outmap="14" order="14">
            
            <properties>
                <o classname="a2dProperty" name="fill" resolveid="1893555">
                    <o classname="a2dOneColourFill" id="1893555" colour="BLACK">
                    </o>
                </o>
                <o classname="a2dProperty" name="stroke" resolveid="1893579">
                    <o classname="a2dOneColourStroke" id="1893579" colour="RED" pixelwidth="true">
                    </o>
                </o>
            </properties>
            
        </o>
        
        <o classname="a2dLayerInfo" name="" layer="15" flags=" selectable visible draggable shadow filled snap" hitflags=" visible" layervisible="true" layerselectable="true" layeravailable="false" readlayer="true" inmap="15" outmap="15" order="15">
            
            <properties>
                <o classname="a2dProperty" name="fill" resolveid="1893651">
                    <o classname="a2dOneColourFill" id="1893651" colour="BLACK">
                    </o>
                </o>
                <o classname="a2dProperty" name="stroke" resolveid="1893675">
                    <o classname="a2dOneColourStroke" id="1893675" colour="RED" pixelwidth="true">
                    </o>
                </o>
            </properties>
            
        </o>
        
        <o classname="a2dLayerInfo" name="" layer="16" flags=" selectable visible draggable shadow filled snap" hitflags=" visible" layervisible="true" layerselectable="true" layeravailable="false" readlayer="true" inmap="16" outmap="16" order="16">
            
            <properties>
                <o classname="a2dProperty" name="fill" resolveid="1893747">
                    <o classname="a2dOneColourFill" id="1893747" colour="BLACK">
                    </o>
                </o>
                <o classname="a2dProperty" name="stroke" resolveid="1893771">
                    <o classname="a2dOneColourStroke" id="1893771" colour="RED" pixelwidth="true">
                    </o>
                </o>
            </properties>
            
        </o>
        
        <o classname="a2dLayerInfo" name="" layer="17" flags=" selectable visible draggable shadow filled snap" hitflags=" visible" layervisible="true" layerselectable="true" layeravailable="false" readlayer="true" inmap="17" outmap="17" order="17">
            
            <properties>
                <o classname="a2dProperty" name="fill" resolveid="1893843">
                    <o classname="a2dOneColourFill" id="1893843" colour="BLACK">
                    </o>
                </o>
                <o classname="a2dProperty" name="stroke" resolveid="1893867">
                    <o classname="a2dOneColourStroke" id="1893867" colour="RED" pixelwidth="true">
                    </o>
                </o>
            </properties>
            
        </o>
        
        <o classname="a2dLayerInfo" name="" layer="18" flags=" selectable visible draggable shadow filled snap" hitflags=" visible" layervisible="true" layerselectable="true" layeravailable="false" readlayer="true" inmap="18" outmap="18" order="18">
            
            <properties>
                <o classname="a2dProperty" name="fill" resolveid="1893939">
                    <o classname="a2dOneColourFill" id="1893939" colour="BLACK">
                    </o>
                </o>
                <o classname="a2dProperty" name="stroke" resolveid="1893963">
                    <o classname="a2dOneColourStroke" id="1893963" colour="RED" pixelwidth="true">
                    </o>
                </o>
            </properties>
            
        </o>
        
        <o classname="a2dLayerInfo" name="" layer="19" flags=" selectable visible draggable shadow filled snap" hitflags=" visible" layervisible="true" layerselectable="true" layeravailable="false" readlayer="true" inmap="19" outmap="19" order="19">
            
            <properties>
                <o classname="a2dProperty" name="fill" resolveid="1894035">
                    <o classname="a2dOneColourFill" id="1894035" colour="BLACK">
                    </o>
                </o>
                <o classname="a2dProperty" name="stroke" resolveid="1894059">
                    <o classname="a2dOneColourStroke" id="1894059" colour="RED" pixelwidth="true">
                    </o>
                </o>
            </properties>
            
        </o>
        
        <o classname="a2dLayerInfo" name="" layer="20" flags=" selectable visible draggable shadow filled snap" hitflags=" visible" layervisible="true" layerselectable="true" layeravailable="false" readlayer="true" inmap="20" outmap="20" order="20">
            
            <properties>
                <o classname="a2dProperty" name="fill" resolveid="1894131">
                    <o classname="a2dOneColourFill" id="1894131" colour="BLACK">
                    </o>
                </o>
                <o classname="a2dProperty" name="stroke" resolveid="1894155">
                    <o classname="a2dOneColourStroke" id="1894155" colour="RED" pixelwidth="true">
                    </o>
                </o>
            </properties>
            
        </o>
        
        <o classname="a2dLayerInfo" name="" layer="21" flags=" selectable visible draggable shadow filled snap" hitflags=" visible" layervisible="true" layerselectable="true" layeravailable="false" readlayer="true" inmap="21" outmap="21" order="21">
            
            <properties>
                <o classname="a2dProperty" name="fill" resolveid="1894227">
                    <o classname="a2dOneColourFill" id="1894227" colour="BLACK">
                    </o>
                </o>
                <o classname="a2dProperty" name="stroke" resolveid="1894251">
                    <o classname="a2dOneColourStroke" id="1894251" colour="RED" pixelwidth="true">
                    </o>
                </o>
            </properties>
            
        </o>
        
        <o classname="a2dLayerInfo" name="" layer="22" flags=" selectable visible draggable shadow filled snap" hitflags=" visible" layervisible="true" layerselectable="true" layeravailable="false" readlayer="true" inmap="22" outmap="22" order="22">
            
            <properties>
                <o classname="a2dProperty" name="fill" resolveid="1894323">
                    <o classname="a2dOneColourFill" id="1894323" colour="BLACK">
                    </o>
                </o>
                <o classname="a2dProperty" name="stroke" resolveid="1894347">
                    <o classname="a2dOneColourStroke" id="1894347" colour="RED" pixelwidth="true">
                    </o>
                </o>
            </properties>
            
        </o>
        
        <o classname="a2dLayerInfo" name="" layer="23" flags=" selectable visible draggable shadow filled snap" hitflags=" visible" layervisible="true" layerselectable="true" layeravailable="false" readlayer="true" inmap="23" outmap="23" order="23">
            
            <properties>
                <o classname="a2dProperty" name="fill" resolveid="1894419">
                    <o classname="a2dOneColourFill" id="1894419" colour="BLACK">
                    </o>
                </o>
                <o classname="a2dProperty" name="stroke" resolveid="1894443">
                    <o classname="a2dOneColourStroke" id="1894443" colour="RED" pixelwidth="true">
                    </o>
                </o>
            </properties>
            
        </o>
        
        <o classname="a2dLayerInfo" name="" layer="24" flags=" selectable visible draggable shadow filled snap" hitflags=" visible" layervisible="true" layerselectable="true" layeravailable="false" readlayer="true" inmap="24" outmap="24" order="24">
            
            <properties>
                <o classname="a2dProperty" name="fill" resolveid="1894515">
                    <o classname="a2dOneColourFill" id="1894515" colour="BLACK">
                    </o>
                </o>
                <o classname="a2dProperty" name="stroke" resolveid="1894539">
                    <o classname="a2dOneColourStroke" id="1894539" colour="RED" pixelwidth="true">
                    </o>
                </o>
            </properties>
            
        </o>
        
        <o classname="a2dLayerInfo" name="" layer="25" flags=" selectable visible draggable shadow filled snap" hitflags=" visible" layervisible="true" layerselectable="true" layeravailable="false" readlayer="true" inmap="25" outmap="25" order="25">
            
            <properties>
                <o classname="a2dProperty" name="fill" resolveid="1894611">
                    <o classname="a2dOneColourFill" id="1894611" colour="BLACK">
                    </o>
                </o>
                <o classname="a2dProperty" name="stroke" resolveid="1894635">
                    <o classname="a2dOneColourStroke" id="1894635" colour="RED" pixelwidth="true">
                    </o>
                </o>
            </properties>
            
        </o>
        
        <o classname="a2dLayerInfo" name="" layer="26" flags=" selectable visible draggable shadow filled snap" hitflags=" visible" layervisible="true" layerselectable="true" layeravailable="false" readlayer="true" inmap="26" outmap="26" order="26">
            
            <properties>
                <o classname="a2dProperty" name="fill" resolveid="1894707">
                    <o classname="a2dOneColourFill" id="1894707" colour="BLACK">
                    </o>
                </o>
                <o classname="a2dProperty" name="stroke" resolveid="1894731">
                    <o classname="a2dOneColourStroke" id="1894731" colour="RED" pixelwidth="true">
                    </o>
                </o>
            </properties>
            
        </o>
        
        <o classname="a2dLayerInfo" name="" layer="27" flags=" selectable visible draggable shadow filled snap" hitflags=" visible" layervisible="true" layerselectable="true" layeravailable="false" readlayer="true" inmap="27" outmap="27" order="27">
            
            <properties>
                <o classname="a2dProperty" name="fill" resolveid="1894803">
                    <o classname="a2dOneColourFill" id="1894803" colour="BLACK">
                    </o>
                </o>
                <o classname="a2dProperty" name="stroke" resolveid="1894827">
                    <o classname="a2dOneColourStroke" id="1894827" colour="RED" pixelwidth="true">
                    </o>
                </o>
            </properties>
            
        </o>
        
        <o classname="a2dLayerInfo" name="" layer="28" flags=" selectable visible draggable shadow filled snap" hitflags=" visible" layervisible="true" layerselectable="true" layeravailable="false" readlayer="true" inmap="28" outmap="28" order="28">
            
            <properties>
                <o classname="a2dProperty" name="fill" resolveid="1894899">
                    <o classname="a2dOneColourFill" id="1894899" colour="BLACK">
                    </o>
                </o>
                <o classname="a2dProperty" name="stroke" resolveid="1894923">
                    <o classname="a2dOneColourStroke" id="1894923" colour="RED" pixelwidth="true">
                    </o>
                </o>
            </properties>
            
        </o>
        
        <o classname="a2dLayerInfo" name="" layer="29" flags=" selectable visible draggable shadow filled snap" hitflags=" visible" layervisible="true" layerselectable="true" layeravailable="false" readlayer="true" inmap="29" outmap="29" order="29">
            
            <properties>
                <o classname="a2dProperty" name="fill" resolveid="1894995">
                    <o classname="a2dOneColourFill" id="1894995" colour="BLACK">
                    </o>
                </o>
                <o classname="a2dProperty" name="stroke" resolveid="1895019">
                    <o classname="a2dOneColourStroke" id="1895019" colour="RED" pixelwidth="true">
                    </o>
                </o>
            </properties>
            
        </o>
        
        <o classname="a2dLayerInfo" name="" layer="1901" flags=" selectable visible draggable shadow filled snap" hitflags=" visible" layervisible="true" layerselectable="true" layeravailable="true" readlayer="true" inmap="1901" outmap="1901" order="1901">
            
            <properties>
                <o classname="a2dProperty" name="fill" resolveid="1891920">
                    <o classname="a2dOneColourFill" id="1891920" style="1">
                    </o>
                </o>
                <o classname="a2dProperty" name="stroke" resolveid="1891957">
                    <o classname="a2dOneColourStroke" id="1891957" colour="RED" pixelwidth="true">
                    </o>
                </o>
            </properties>
            
        </o>
        
        <o classname="a2dLayerInfo" name="" layer="1901" flags=" selectable visible draggable shadow filled snap" hitflags=" visible" layervisible="true" layerselectable="true" layeravailable="false" readlayer="true" inmap="1901" outmap="1901" order="1901">
            
            <properties>
                <o classname="a2dProperty" name="fill" resolveid="1895143">
                    <o classname="a2dOneColourFill" id="1895143" style="1">
                    </o>
                </o>
                <o classname="a2dProperty" name="stroke" resolveid="1895169">
                    <o classname="a2dOneColourStroke" id="1895169" colour="RED" pixelwidth="true">
                    </o>
                </o>
            </properties>
            
        </o>
        
        <o classname="a2dLayerInfo" name="" layer="1902" flags=" selectable visible draggable shadow filled snap" hitflags=" visible" layervisible="true" layerselectable="true" layeravailable="true" readlayer="true" inmap="1902" outmap="1902" order="1902">
            
            <properties>
                <o classname="a2dProperty" name="fill" resolveid="1892031">
                    <o classname="a2dOneColourFill" id="1892031" style="1">
                    </o>
                </o>
                <o classname="a2dProperty" name="stroke" resolveid="1892057">
                    <o classname="a2dOneColourStroke" id="1892057" colour="RED" pixelwidth="true">
                    </o>
                </o>
            </properties>
            
        </o>
        
        <o classname="a2dLayerInfo" name="" layer="1902" flags=" selectable visible draggable shadow filled snap" hitflags=" visible" layervisible="true" layerselectable="true" layeravailable="false" readlayer="true" inmap="1902" outmap="1902" order="1902">
            
            <properties>
                <o classname="a2dProperty" name="fill" resolveid="1895243">
                    <o classname="a2dOneColourFill" id="1895243" style="1">
                    </o>
                </o>
                <o classname="a2dProperty" name="stroke" resolveid="1895269">
                    <o classname="a2dOneColourStroke" id="1895269" colour="RED" pixelwidth="true">
                    </o>
                </o>
            </properties>
            
        </o>
        
        <o classname="a2dLayerInfo" name="" layer="1903" flags=" selectable visible draggable shadow filled snap" hitflags=" visible" layervisible="true" layerselectable="true" layeravailable="true" readlayer="true" inmap="1903" outmap="1903" order="1903">
            
            <properties>
                <o classname="a2dProperty" name="fill" resolveid="1892131">
                    <o classname="a2dOneColourFill" id="1892131" colour="BLUE">
                    </o>
                </o>
                <o classname="a2dProperty" name="stroke" resolveid="1892157">
                    <o classname="a2dOneColourStroke" id="1892157" colour="RED" pixelwidth="true">
                    </o>
                </o>
            </properties>
            
        </o>
        
        <o classname="a2dLayerInfo" name="" layer="1903" flags=" selectable visible draggable shadow filled snap" hitflags=" visible" layervisible="true" layerselectable="true" layeravailable="false" readlayer="true" inmap="1903" outmap="1903" order="1903">
            
            <properties>
                <o classname="a2dProperty" name="fill" resolveid="1895343">
                    <o classname="a2dOneColourFill" id="1895343" colour="BLUE">
                    </o>
                </o>
                <o classname="a2dProperty" name="stroke" resolveid="1895369">
                    <o classname="a2dOneColourStroke" id="1895369" colour="RED" pixelwidth="true">
                    </o>
                </o>
            </properties>
            
        </o>
        
    </o>
    <o classname="a2dCanvasObject" id="1901435" flags=" selectable visible draggable shadow filled snap" hitflags=" visible">
        <o classname="a2dPlot" flags=" selectable visible draggable shadow filled snap" hitflags=" visible"
             transform="matrix( 1.000000 0.000000 0.000000 1.000000 100.000000 150.000000 )"
             showgrid="true" showtics="true" showxaxis="true" showyaxis="true"
             ticx="0.000000" ticy="0.000000" ticheight="0.000000" tictextheight="0.000000" sidetic="true"
             xmin="0.000000" ymin="0.000000" xmax="200.000000" ymax="200.000000"
             formatx="x=%3.0f" formaty="y=%3.0f"
             ixmin="0.000000" iymin="0.000000" ixmax="400.000000" iymax="400.000000" autoPlace="true" topPadding="2.200000" bottomPadding="2.200000" leftPadding="2.384000" rightPadding="0.000000"
            >
            
            <properties>
                <o classname="a2dProperty" name="stroke" resolveid="1906090">
                    <o classname="a2dOneColourStroke" id="1906090" colour="#EF0000" pixelwidth="true">
                    </o>
                </o>
                <o classname="a2dProperty" name="fill" resolveid="1906077">
                    <o classname="a2dOneColourFill" id="1906077" colour="#42F7F7">
                    </o>
                </o>
            </properties>
            
            <o classname="wxCanvasTextDc" name="__TITLE__" flags=" selectable visible shadow filled snap" hitflags=" visible"
                 transform="matrix( 1.000000 0.000000 0.000000 1.000000 60.400000 227.000000 )"
                 fontsize="10.000000" linespace="1.000000" caret="0" caretshow="false" text="Two LineTitle" family="74" style="93" weight="90" alignment="336">
                
                <properties>
                    <o classname="a2dStringProperty" name="name" value="__TITLE__">
                    </o>
                    <o classname="a2dProperty" name="stroke" resolveid="1906573">
                        <o classname="a2dOneColourStroke" id="1906573" colour="#000A00">
                        </o>
                    </o>
                    <o classname="a2dProperty" name="fill" resolveid="1906549">
                        <o classname="a2dOneColourFill" id="1906549" colour="RED">
                        </o>
                    </o>
                </properties>
                
            </o>
            
            <o classname="wxCanvasTextDc" name="__XLABEL__" flags=" selectable visible shadow filled snap" hitflags=" visible"
                 transform="matrix( 1.000000 0.000000 0.000000 1.000000 93.070000 -20.395000 )"
                 fontsize="5.500000" linespace="0.000000" caret="0" caretshow="false" text="time" family="74" style="90" weight="90" alignment="336">
                
                <properties>
                    <o classname="a2dStringProperty" name="name" value="__XLABEL__">
                    </o>
                </properties>
                
            </o>
            
            <o classname="wxCanvasTextDc" name="__YLABEL__" flags=" selectable visible shadow filled snap" hitflags=" visible"
                 transform="matrix( 1.000000 0.000000 0.000000 1.000000 -45.234000 104.097500 )"
                 fontsize="5.500000" linespace="0.000000" caret="0" caretshow="false" text="voltage" family="74" style="90" weight="90" alignment="336">
                
                <properties>
                    <o classname="a2dStringProperty" name="name" value="__YLABEL__">
                    </o>
                </properties>
                
            </o>
            
            <derived>
                <o classname="a2dOneColourStroke" colour="#EF7A05" pixelwidth="true" width="2.000000">
                </o>
                <o classname="a2dOneColourStroke" colour="BLACK">
                </o>
                <o classname="a2dOneColourStroke" style="5" colour="#7F7F7F" pixelwidth="true">
                </o>
                <o classname="a2dOneColourStroke" id="1890190" colour="BLACK">
                </o>
                <o classname="a2dOneColourFill" colour="#E9FAFA">
                </o>
                <o classname="a2dPolygonLClipper" flags=" selectable visible draggable shadow filled snap" hitflags=" visible"
                     transform="matrix( 0.500000 0.000000 0.000000 0.500000 0.000000 0.000000 )"
                     points="4">
                    <o classname="a2dVertexCurve" id="1906660" name="curve1" flags=" selectable visible draggable shadow filled snap" hitflags=" visible" points="10" rendermode="3">
                        
                        <properties>
                            <o classname="a2dStringProperty" name="name" value="curve1">
                            </o>
                            <o classname="a2dProperty" name="stroke" resolveid="1906706">
                                <o classname="a2dOneColourStroke" id="1906706" style="5" colour="CORAL" pixelwidth="true">
                                </o>
                            </o>
                        </properties>
                        
                        <o classname="wxCanvasTextDc" flags=" selectable visible draggable shadow filled snap" hitflags=" visible"
                             transform="matrix( 1.000000 0.000000 0.000000 1.000000 100.000000 114.000000 )"
                             fontsize="8.000000" linespace="0.800000" caret="0" caretshow="false" text="curve 1" family="74" style="90" weight="90" alignment="336">
                        </o>
                        
                        
                        <xy x="70.000000" y="140.000000"/>
                        <xy x="80.000000" y="130.000000"/>
                        <xy x="90.000000" y="120.000000"/>
                        <xy x="100.000000" y="110.000000"/>
                        <xy x="110.000000" y="110.000000"/>
                        <xy x="150.000000" y="140.000000"/>
                        
                        <xy x="160.000000" y="150.000000"/>
                        <xy x="170.000000" y="160.000000"/>
                        <xy x="210.000000" y="210.000000"/>
                        <xy x="215.000000" y="196.000000"/>
                    </o>
                    
                    <o classname="a2dMarker" id="1906993" flags=" selectable visible draggable shadow filled snap" hitflags=" visible"
                         transform="matrix( 1.000000 0.000000 0.000000 1.000000 150.000000 140.000000 )"
                         l1="12.000000" l2="10.000000" b="10.000000" curvename="curve1">
                        
                        <properties>
                            <o classname="a2dProperty" name="stroke" resolveid="1907043">
                                <o classname="a2dOneColourStroke" id="1907043" colour="RED">
                                </o>
                            </o>
                        </properties>
                        
                    </o>
                    
                    <o classname="a2dMarker" id="1907599" flags=" selectable visible draggable shadow filled snap" hitflags=" visible"
                         transform="matrix( 1.000000 0.000000 0.000000 1.000000 40.000000 140.000000 )"
                         l1="12.000000" l2="10.000000" b="10.000000" curvename="curve1">
                        
                        <properties>
                            <o classname="a2dProperty" name="fill" resolveid="1907675">
                                <o classname="a2dOneColourFill" id="1907675" colour="#00FF9B">
                                </o>
                            </o>
                            <o classname="a2dProperty" name="stroke" resolveid="1907649">
                                <o classname="a2dOneColourStroke" id="1907649" colour="#194600">
                                </o>
                            </o>
                        </properties>
                        
                    </o>
                    
                    <o classname="a2dVertexCurve" id="1908279" name="curve2" flags=" selectable visible draggable shadow filled snap" hitflags=" visible" points="9" rendermode="2">
                        
                        <properties>
                            <o classname="a2dStringProperty" name="name" value="curve2">
                            </o>
                            <o classname="a2dProperty" name="stroke" resolveid="1908325">
                                <o classname="a2dOneColourStroke" id="1908325" style="2" colour="#FF0100" pixelwidth="true" width="2.000000">
                                </o>
                            </o>
                        </properties>
                        
                        
                        <xy x="70.000000" y="100.000000"/>
                        <xy x="80.000000" y="150.000000"/>
                        <xy x="90.000000" y="130.000000"/>
                        <xy x="100.000000" y="120.000000"/>
                        <xy x="110.000000" y="130.000000"/>
                        <xy x="150.000000" y="150.000000"/>
                        
                        <xy x="160.000000" y="160.000000"/>
                        <xy x="170.000000" y="170.000000"/>
                        <xy x="210.000000" y="180.000000"/>
                    </o>
                    
                    <o classname="a2dMarker" id="1908502" flags=" selectable visible draggable shadow filled snap" hitflags=" visible"
                         transform="matrix( 1.000000 0.000000 0.000000 1.000000 120.000000 135.000000 )"
                         l1="12.000000" l2="10.000000" b="10.000000" curvename="curve2">
                        
                        <properties>
                            <o classname="a2dProperty" name="fill" resolveid="1908578">
                                <o classname="a2dOneColourFill" id="1908578" colour="GREEN">
                                </o>
                            </o>
                            <o classname="a2dProperty" name="stroke" resolveid="1908552">
                                <o classname="a2dOneColourStroke" id="1908552" colour="RED">
                                </o>
                            </o>
                        </properties>
                        
                    </o>
                    
                    
                    <xy x="0.000000" y="0.000000"/>
                    <xy x="0.000000" y="200.000000"/>
                    <xy x="200.000000" y="200.000000"/>
                    <xy x="200.000000" y="0.000000"/>
                </o>
            </derived>
        </o>
        
        <o classname="wxCanvasTextDc" flags=" selectable visible draggable shadow filled snap" hitflags=" visible"
             transform="matrix( 1.000000 0.000000 0.000000 1.000000 20.000000 30.000000 )"
             fontsize="8.000000" linespace="0.800000" caret="0" caretshow="false" text="Normal Text does&#10;  not transform" family="74" style="93" weight="90" alignment="336">
            
            <properties>
                <o classname="a2dProperty" name="stroke" resolveid="1906623">
                    <o classname="a2dOneColourStroke" id="1906623" colour="#DC0AC8">
                    </o>
                </o>
                <o classname="a2dProperty" name="fill" resolveid="1890151">
                    <o classname="a2dOneColourFill" id="1890151" style="1">
                    </o>
                </o>
            </properties>
            
        </o>
        
        <o classname="a2dMarkerShow" flags=" selectable visible draggable shadow filled snap" hitflags=" visible"
             transform="matrix( 1.000000 0.000000 0.000000 1.000000 80.000000 120.000000 )"
            >
            <o classname="wxCanvasTextDc" id="1907167" name="__XLABEL__" flags=" selectable visible shadow filled snap" hitflags=" visible" fontsize="10.000000" linespace="1.000000" caret="0" caretshow="false" text="Time =" family="74" style="90" weight="90" alignment="336">
                
                <properties>
                    <o classname="a2dStringProperty" name="name" value="__XLABEL__">
                    </o>
                </properties>
                
            </o>
            
            <o classname="wxCanvasTextDc" id="1907279" name="__YLABEL__" flags=" selectable visible shadow filled snap" hitflags=" visible"
                 transform="matrix( 1.000000 0.000000 0.000000 1.000000 0.000000 -17.880000 )"
                 fontsize="10.000000" linespace="1.000000" caret="0" caretshow="false" text="Voltage =" family="74" style="90" weight="90" alignment="336">
                
                <properties>
                    <o classname="a2dStringProperty" name="name" value="__YLABEL__">
                    </o>
                </properties>
                
            </o>
            
            <o classname="wxCanvasTextDc" id="1907382" name="__XTEXT__" flags=" selectable visible shadow filled snap" hitflags=" visible"
                 transform="matrix( 1.000000 0.000000 0.000000 1.000000 41.100000 0.000000 )"
                 fontsize="10.000000" linespace="1.000000" caret="0" caretshow="false" text="150.00" family="74" style="90" weight="90" alignment="336">
                
                <properties>
                    <o classname="a2dStringProperty" name="name" value="__XTEXT__">
                    </o>
                </properties>
                
            </o>
            
            <o classname="wxCanvasTextDc" id="1907485" name="__YTEXT__" flags=" selectable visible shadow filled snap" hitflags=" visible"
                 transform="matrix( 1.000000 0.000000 0.000000 1.000000 56.700000 -17.880000 )"
                 fontsize="10.000000" linespace="1.000000" caret="0" caretshow="false" text="140.00" family="74" style="90" weight="90" alignment="336">
                
                <properties>
                    <o classname="a2dStringProperty" name="name" value="__YTEXT__">
                    </o>
                </properties>
                
            </o>
            
        </o>
        
        <o classname="a2dMarkerShow" flags=" selectable visible draggable shadow filled snap" hitflags=" visible"
             transform="matrix( 1.000000 0.000000 0.000000 1.000000 240.000000 120.000000 )"
            >
            
            <properties>
                <o classname="a2dProperty" name="fill" resolveid="1908244">
                    <o classname="a2dOneColourFill" id="1908244" colour="#00FF9B">
                    </o>
                </o>
                <o classname="a2dProperty" name="stroke" resolveid="1908218">
                    <o classname="a2dOneColourStroke" id="1908218" colour="#194600">
                    </o>
                </o>
            </properties>
            
            <o classname="wxCanvasTextDc" id="1907797" name="__XLABEL__" flags=" selectable visible shadow filled snap" hitflags=" visible" fontsize="10.000000" linespace="1.000000" caret="0" caretshow="false" text="Time =" family="74" style="90" weight="90" alignment="336">
                
                <properties>
                    <o classname="a2dProperty" name="fill" resolveid="1908244">
                    </o>
                    <o classname="a2dProperty" name="stroke" resolveid="1908218">
                    </o>
                    <o classname="a2dStringProperty" name="name" value="__XLABEL__">
                    </o>
                </properties>
                
            </o>
            
            <o classname="wxCanvasTextDc" id="1907909" name="__YLABEL__" flags=" selectable visible shadow filled snap" hitflags=" visible"
                 transform="matrix( 1.000000 0.000000 0.000000 1.000000 0.000000 -17.880000 )"
                 fontsize="10.000000" linespace="1.000000" caret="0" caretshow="false" text="Voltage =" family="74" style="90" weight="90" alignment="336">
                
                <properties>
                    <o classname="a2dProperty" name="fill" resolveid="1908244">
                    </o>
                    <o classname="a2dProperty" name="stroke" resolveid="1908218">
                    </o>
                    <o classname="a2dStringProperty" name="name" value="__YLABEL__">
                    </o>
                </properties>
                
            </o>
            
            <o classname="wxCanvasTextDc" id="1908012" name="__XTEXT__" flags=" selectable visible shadow filled snap" hitflags=" visible"
                 transform="matrix( 1.000000 0.000000 0.000000 1.000000 41.100000 0.000000 )"
                 fontsize="10.000000" linespace="1.000000" caret="0" caretshow="false" text=" 40.0" family="74" style="90" weight="90" alignment="336">
                
                <properties>
                    <o classname="a2dProperty" name="fill" resolveid="1908244">
                    </o>
                    <o classname="a2dProperty" name="stroke" resolveid="1908218">
                    </o>
                    <o classname="a2dStringProperty" name="name" value="__XTEXT__">
                    </o>
                </properties>
                
            </o>
            
            <o classname="wxCanvasTextDc" id="1908115" name="__YTEXT__" flags=" selectable visible shadow filled snap" hitflags=" visible"
                 transform="matrix( 1.000000 0.000000 0.000000 1.000000 56.700000 -17.880000 )"
                 fontsize="10.000000" linespace="1.000000" caret="0" caretshow="false" text="140.0" family="74" style="90" weight="90" alignment="336">
                
                <properties>
                    <o classname="a2dProperty" name="fill" resolveid="1908244">
                    </o>
                    <o classname="a2dProperty" name="stroke" resolveid="1908218">
                    </o>
                    <o classname="a2dStringProperty" name="name" value="__YTEXT__">
                    </o>
                </properties>
                
            </o>
            
        </o>
        
        <o classname="a2dMarkerShow" flags=" selectable visible draggable shadow filled snap" hitflags=" visible"
             transform="matrix( 1.000000 0.000000 0.000000 1.000000 80.000000 90.000000 )"
            >
            
            <properties>
                <o classname="a2dProperty" name="fill" resolveid="1909147">
                    <o classname="a2dOneColourFill" id="1909147" colour="GREEN">
                    </o>
                </o>
                <o classname="a2dProperty" name="stroke" resolveid="1909121">
                    <o classname="a2dOneColourStroke" id="1909121" colour="RED">
                    </o>
                </o>
            </properties>
            
            <o classname="wxCanvasTextDc" id="1908700" name="__XLABEL__" flags=" selectable visible shadow filled snap" hitflags=" visible" fontsize="10.000000" linespace="1.000000" caret="0" caretshow="false" text="Time =" family="74" style="90" weight="90" alignment="336">
                
                <properties>
                    <o classname="a2dProperty" name="fill" resolveid="1909147">
                    </o>
                    <o classname="a2dProperty" name="stroke" resolveid="1909121">
                    </o>
                    <o classname="a2dStringProperty" name="name" value="__XLABEL__">
                    </o>
                </properties>
                
            </o>
            
            <o classname="wxCanvasTextDc" id="1908812" name="__YLABEL__" flags=" selectable visible shadow filled snap" hitflags=" visible"
                 transform="matrix( 1.000000 0.000000 0.000000 1.000000 0.000000 -17.880000 )"
                 fontsize="10.000000" linespace="1.000000" caret="0" caretshow="false" text="Voltage =" family="74" style="90" weight="90" alignment="336">
                
                <properties>
                    <o classname="a2dProperty" name="fill" resolveid="1909147">
                    </o>
                    <o classname="a2dProperty" name="stroke" resolveid="1909121">
                    </o>
                    <o classname="a2dStringProperty" name="name" value="__YLABEL__">
                    </o>
                </properties>
                
            </o>
            
            <o classname="wxCanvasTextDc" id="1908915" name="__XTEXT__" flags=" selectable visible shadow filled snap" hitflags=" visible"
                 transform="matrix( 1.000000 0.000000 0.000000 1.000000 41.100000 0.000000 )"
                 fontsize="10.000000" linespace="1.000000" caret="0" caretshow="false" text="120.0" family="74" style="90" weight="90" alignment="336">
                
                <properties>
                    <o classname="a2dProperty" name="fill" resolveid="1909147">
                    </o>
                    <o classname="a2dProperty" name="stroke" resolveid="1909121">
                    </o>
                    <o classname="a2dStringProperty" name="name" value="__XTEXT__">
                    </o>
                </properties>
                
            </o>
            
            <o classname="wxCanvasTextDc" id="1909018" name="__YTEXT__" flags=" selectable visible shadow filled snap" hitflags=" visible"
                 transform="matrix( 1.000000 0.000000 0.000000 1.000000 56.700000 -17.880000 )"
                 fontsize="10.000000" linespace="1.000000" caret="0" caretshow="false" text="135.0" family="74" style="90" weight="90" alignment="336">
                
                <properties>
                    <o classname="a2dProperty" name="fill" resolveid="1909147">
                    </o>
                    <o classname="a2dProperty" name="stroke" resolveid="1909121">
                    </o>
                    <o classname="a2dStringProperty" name="name" value="__YTEXT__">
                    </o>
                </properties>
                
            </o>
            
        </o>
        
        <o classname="a2dPlot" flags=" selectable visible draggable shadow filled snap" hitflags=" visible"
             transform="matrix( 1.000000 0.000000 0.000000 1.000000 400.000000 150.000000 )"
             showgrid="true" showtics="true" showxaxis="true" showyaxis="true"
             ticx="0.000000" ticy="0.000000" ticheight="0.000000" tictextheight="0.000000" sidetic="true"
             xmin="0.000000" ymin="0.000000" xmax="200.000000" ymax="200.000000"
             formatx="x=%3.0f" formaty="y=%3.0f"
             ixmin="-30.000000" iymin="-160.000000" ixmax="240.000000" iymax="120.000000" autoPlace="true" topPadding="2.200000" bottomPadding="2.200000" leftPadding="2.384000" rightPadding="0.000000"
            >
            
            <properties>
                <o classname="a2dProperty" name="stroke" resolveid="1909630">
                    <o classname="a2dOneColourStroke" id="1909630" colour="#1D0000" pixelwidth="true">
                    </o>
                </o>
                <o classname="a2dProperty" name="fill" resolveid="1909617">
                    <o classname="a2dOneColourFill" id="1909617" colour="#42F7F7">
                    </o>
                </o>
            </properties>
            
            <o classname="wxCanvasTextDc" name="__TITLE__" flags=" selectable visible shadow filled snap" hitflags=" visible"
                 transform="matrix( 1.000000 0.000000 0.000000 1.000000 81.437500 220.395000 )"
                 fontsize="5.500000" linespace="0.000000" caret="0" caretshow="false" text="Simple Plot" family="74" style="90" weight="90" alignment="336">
                
                <properties>
                    <o classname="a2dStringProperty" name="name" value="__TITLE__">
                    </o>
                </properties>
                
            </o>
            
            <o classname="wxCanvasTextDc" name="__XLABEL__" flags=" selectable visible shadow filled snap" hitflags=" visible"
                 transform="matrix( 1.000000 0.000000 0.000000 1.000000 93.070000 -20.395000 )"
                 fontsize="5.500000" linespace="0.000000" caret="0" caretshow="false" text="time" family="74" style="90" weight="90" alignment="336">
                
                <properties>
                    <o classname="a2dStringProperty" name="name" value="__XLABEL__">
                    </o>
                </properties>
                
            </o>
            
            <o classname="wxCanvasTextDc" name="__YLABEL__" flags=" selectable visible shadow filled snap" hitflags=" visible"
                 transform="matrix( 1.000000 0.000000 0.000000 1.000000 -45.234000 104.097500 )"
                 fontsize="5.500000" linespace="0.000000" caret="0" caretshow="false" text="voltage" family="74" style="90" weight="90" alignment="336">
                
                <properties>
                    <o classname="a2dStringProperty" name="name" value="__YLABEL__">
                    </o>
                </properties>
                
            </o>
            
            <derived>
                <o classname="a2dOneColourStroke" colour="#EF7A05" pixelwidth="true" width="2.000000">
                </o>
                <o classname="a2dOneColourStroke" colour="BLACK">
                </o>
                <o classname="a2dOneColourStroke" style="5" colour="#7F7F7F" pixelwidth="true">
                </o>