<?xml version="1.0" encoding="UTF-8" standalone="yes"?>

<cvg classname="a2dCanvasDocument">
    <title>unnamed2</title>
    <desc>a2dCanvasDocument generated by wxArt2D</desc>
    <o classname="a2dLayers" hitflags="">
        <o classname="a2dLayerInfo" id="13723420" name="layer0" hitflags="" layervisible="true" layerselectable="true" readlayer="true" inmap="0" outmap="0" order="0" description="" feature="" subfeature="" type="SIGNAL" polarity="true" span="" area="0">
            
            <properties>
                <o classname="a2dStrokeProperty" name="Stroke">
                    <o classname="a2dStroke" type="a2dSTROKE_ONE_COLOUR" colour="RED">
                    </o>
                </o>
                <o classname="a2dFillProperty" name="Fill">
                    <o classname="a2dFill" type="a2dFILL_BITMAP" colour="#FA00F0" colour2="BLACK" filename="pat_59.bmp">
                    </o>
                </o>
                <o classname="a2dBoolProperty" name="TemporaryObject" value="false">
                </o>
            </properties>
            
        </o>
        <o classname="a2dLayerInfo" id="13724964" name="layer1" layer="1" hitflags="" layervisible="true" layerselectable="true" readlayer="true" inmap="1" outmap="1" order="1" description="" feature="" subfeature="" type="SIGNAL" polarity="true" span="" area="0">
            
            <properties>
                <o classname="a2dStrokeProperty" name="Stroke">
                    <o classname="a2dStroke" type="a2dSTROKE_ONE_COLOUR" colour="YELLOW">
                    </o>
                </o>
                <o classname="a2dFillProperty" name="Fill">
                    <o classname="a2dFill" type="a2dFILL_BITMAP" colour="GREEN" colour2="BLACK" filename="pat_60.bmp">
                    </o>
                </o>
            </properties>
            
        </o>
        <o classname="a2dLayerInfo" id="13725174" name="layer2" layer="2" hitflags="" layervisible="true" layerselectable="true" readlayer="true" inmap="2" outmap="2" order="2" description="" feature="" subfeature="" type="SIGNAL" polarity="true" span="" area="0">
            
            <properties>
                <o classname="a2dStrokeProperty" name="Stroke">
                    <o classname="a2dStroke" type="a2dSTROKE_ONE_COLOUR" colour="YELLOW">
                    </o>
                </o>
                <o classname="a2dFillProperty" name="Fill">
                    <o classname="a2dFill" type="a2dFILL_BITMAP" colour="RED" colour2="BLACK" filename="pat_61.bmp">
                    </o>
                </o>
            </properties>
            
        </o>
    </o>
    <o classname="a2dDrawing" id="13768827" rootobject="13890686" initialSizeX="100" initialSizeY="100" units_accuracy="0.001" units_scale="1" normalize_scale="1" units="non" units_measure="non" mayEdit="true">
        <o classname="a2dLayers" hitflags="">
            <o classname="a2dLayerInfo" id="13768986" name="layer0" hitflags="" layervisible="true" layerselectable="true" readlayer="true" inmap="0" outmap="0" order="0" description="" feature="" subfeature="" type="SIGNAL" polarity="true" span="" area="0">
                
                <properties>
                    <o classname="a2dStrokeProperty" name="Stroke">
                        <o classname="a2dStroke" type="a2dSTROKE_ONE_COLOUR" colour="RED">
                        </o>
                    </o>
                    <o classname="a2dFillProperty" name="Fill">
                        <o classname="a2dFill" type="a2dFILL_BITMAP" colour="#FA00F0" colour2="BLACK" filename="pat_59.bmp">
                        </o>
                    </o>
                    <o classname="a2dBoolProperty" name="TemporaryObject" value="false">
                    </o>
                </properties>
                
            </o>
            <o classname="a2dLayerInfo" id="13769196" name="layer1" layer="1" hitflags="" layervisible="true" layerselectable="true" readlayer="true" inmap="1" outmap="1" order="1" description="" feature="" subfeature="" type="SIGNAL" polarity="true" span="" area="0">
                
                <properties>
                    <o classname="a2dStrokeProperty" name="Stroke">
                        <o classname="a2dStroke" type="a2dSTROKE_ONE_COLOUR" colour="YELLOW">
                        </o>
                    </o>
                    <o classname="a2dFillProperty" name="Fill">
                        <o classname="a2dFill" type="a2dFILL_BITMAP" colour="GREEN" colour2="BLACK" filename="pat_60.bmp">
                        </o>
                    </o>
                </properties>
                
            </o>
            <o classname="a2dLayerInfo" id="13769406" name="layer2" layer="2" hitflags="" layervisible="true" layerselectable="true" readlayer="true" inmap="2" outmap="2" order="2" description="" feature="" subfeature="" type="SIGNAL" polarity="true" span="" area="0">
                
                <properties>
                    <o classname="a2dStrokeProperty" name="Stroke">
                        <o classname="a2dStroke" type="a2dSTROKE_ONE_COLOUR" colour="YELLOW">
                        </o>
                    </o>
                    <o classname="a2dFillProperty" name="Fill">
                        <o classname="a2dFill" type="a2dFILL_BITMAP" colour="RED" colour2="BLACK" filename="pat_61.bmp">
                        </o>
                    </o>
                </properties>
                
            </o>
        </o>
        <drawing>
            <o classname="a2dCanvasObject" id="13890686" hitflags=" visible">
                <o classname="a2dRect" id="13892855" hitflags=" visible"
                     transform="matrix( 1 0 0 1 20 94 )"
                     width="44" height="-28">
                    
                    <properties>
                        <o classname="a2dFillProperty" name="Fill">
                            <o classname="a2dFill" type="a2dFILL_ONE_COLOUR" style="a2dFILL_HORIZONTAL_HATCH" colour="#009519">
                            </o>
                        </o>
                        <o classname="a2dStrokeProperty" name="Stroke">
                            <o classname="a2dStroke" type="a2dSTROKE_ONE_COLOUR" colour="GREEN" pixelwidth="true">
                            </o>
                        </o>
                    </properties>
                    
                </o>
            </o>
        </drawing>
        
        <properties>
            <o classname="a2dStringProperty" name="Name" value="top">
            </o>
        </properties>
        
    </o>
</cvg>