<?xml version="1.0" encoding="UTF-8" standalone="yes"?>

<cvg classname="a2dCanvasDocument">
    <title>E:\wxart2d_vc\modules\editor\samples\vdrawm\drawings\polygons.cvg</title>
    <desc>Drawing generated by wxCANVAS</desc>
    <o classname="a2dLayers" flags=" selectable visible draggable shadow filled bin snap" hitflags=" fill visible">
        <o classname="a2dLayerInfo" name="layer default 0 " flags=" selectable visible draggable shadow filled bin snap" hitflags=" fill visible" layervisible="true" layerselectable="true" layeravailable="true" readlayer="true" inmap="0" outmap="0" order="0">
            
            <properties>
                <o classname="a2dProperty" name="fill" resolveid="1903659">
                    <o classname="a2dOneColourFill" id="1903659" style="1">
                    </o>
                </o>
                <o classname="a2dProperty" name="stroke" resolveid="1923065">
                    <o classname="a2dOneColourStroke" id="1923065" colour="#FA00F0" width="1.000000">
                    </o>
                </o>
            </properties>
            
        </o>
        
        <o classname="a2dLayerInfo" name="layer 3" layer="1" flags=" selectable visible draggable shadow filled bin snap" hitflags=" fill visible" layervisible="true" layerselectable="true" layeravailable="false" readlayer="true" inmap="1" outmap="1" order="1">
            
            <properties>
                <o classname="a2dProperty" name="fill" resolveid="1928286">
                    <o classname="a2dOneColourFill" id="1928286" colour="GREEN">
                    </o>
                </o>
                <o classname="a2dProperty" name="stroke" resolveid="1921223">
                    <o classname="a2dOneColourStroke" id="1921223" style="3" colour="CYAN" pixelwidth="true" width="2.000000">
                    </o>
                </o>
            </properties>
            
        </o>
        
        <o classname="a2dLayerInfo" name="" layer="2" flags=" selectable visible draggable shadow filled bin snap" hitflags=" fill visible" layervisible="true" layerselectable="true" layeravailable="false" readlayer="true" inmap="2" outmap="2" order="2">
            
            <properties>
                <o classname="a2dProperty" name="fill" resolveid="1939123">
                    <o classname="a2dOneColourFill" id="1939123" colour="YELLOW">
                    </o>
                </o>
                <o classname="a2dProperty" name="stroke" resolveid="1925122">
                    <o classname="a2dOneColourStroke" id="1925122" colour="RED" pixelwidth="true">
                    </o>
                </o>
            </properties>
            
        </o>
        
        <o classname="a2dLayerInfo" name="" layer="3" flags=" selectable visible draggable shadow filled bin snap" hitflags=" fill visible" layervisible="true" layerselectable="true" layeravailable="false" readlayer="true" inmap="3" outmap="3" order="3">
            
            <properties>
                <o classname="a2dProperty" name="fill" resolveid="1941055">
                    <o classname="a2dOneColourFill" id="1941055" style="1">
                    </o>
                </o>
                <o classname="a2dProperty" name="stroke" resolveid="1950610">
                    <o classname="a2dOneColourStroke" id="1950610" colour="RED">
                    </o>
                </o>
            </properties>
            
        </o>
        
        <o classname="a2dLayerInfo" name="" layer="4" flags=" selectable visible draggable shadow filled bin snap" hitflags=" fill visible" layervisible="true" layerselectable="true" layeravailable="false" readlayer="true" inmap="4" outmap="4" order="4">
            
            <properties>
                <o classname="a2dProperty" name="fill" resolveid="1948213">
                    <o classname="a2dOneColourFill" id="1948213" style="1">
                    </o>
                </o>
                <o classname="a2dProperty" name="stroke" resolveid="1947604">
                    <o classname="a2dOneColourStroke" id="1947604" colour="RED">
                    </o>
                </o>
            </properties>
            
        </o>
        
        <o classname="a2dLayerInfo" name="" layer="5" flags=" selectable visible draggable shadow filled bin snap" hitflags=" fill visible" layervisible="true" layerselectable="true" layeravailable="false" readlayer="true" inmap="5" outmap="5" order="5">
            
            <properties>
                <o classname="a2dProperty" name="fill" resolveid="1924247">
                    <o classname="a2dOneColourFill" id="1924247" style="3" colour="#0AD902">
                    </o>
                </o>
                <o classname="a2dProperty" name="stroke" resolveid="1952714">
                    <o classname="a2dOneColourStroke" id="1952714" colour="#097340" pixelwidth="true" width="20.000000">
                    </o>
                </o>
            </properties>
            
        </o>
        
        <o classname="a2dLayerInfo" name="" layer="6" flags=" selectable visible draggable shadow filled bin snap" hitflags=" fill visible" layervisible="true" layerselectable="true" layeravailable="false" readlayer="true" inmap="6" outmap="6" order="6">
            
            <properties>
                <o classname="a2dProperty" name="fill" resolveid="1923545">
                    <o classname="a2dOneColourFill" id="1923545" style="3" colour="#6411FF">
                    </o>
                </o>
                <o classname="a2dProperty" name="stroke" resolveid="1921421">
                    <o classname="a2dOneColourStroke" id="1921421" colour="#097340" pixelwidth="true">
                    </o>
                </o>
            </properties>
            
        </o>
        
        <o classname="a2dLayerInfo" name="" layer="7" flags=" selectable visible draggable shadow filled bin snap" hitflags=" fill visible" layervisible="true" layerselectable="true" layeravailable="false" readlayer="true" inmap="7" outmap="7" order="7">
            
            <properties>
                <o classname="a2dProperty" name="fill" resolveid="1922027">
                    <o classname="a2dOneColourFill" id="1922027" colour="#0078F0">
                    </o>
                </o>
                <o classname="a2dProperty" name="stroke" resolveid="1950540">
                    <o classname="a2dOneColourStroke" id="1950540" style="5" colour="#097340" width="10.000000">
                    </o>
                </o>
            </properties>
            
        </o>
        
        <o classname="a2dLayerInfo" name="" layer="8" flags=" selectable visible draggable shadow filled bin snap" hitflags=" fill visible" layervisible="true" layerselectable="true" layeravailable="false" readlayer="true" inmap="8" outmap="8" order="8">
            
            <properties>
                <o classname="a2dProperty" name="fill" resolveid="1947713">
                    <o classname="a2dOneColourFill" id="1947713" colour="#C878F0">
                    </o>
                </o>
                <o classname="a2dProperty" name="stroke" resolveid="1926289">
                    <o classname="a2dOneColourStroke" id="1926289" style="5" colour="#6D7340" width="40.000000">
                    </o>
                </o>
            </properties>
            
        </o>
        
        <o classname="a2dLayerInfo" name="" layer="9" flags=" selectable visible draggable shadow filled bin snap" hitflags=" fill visible" layervisible="true" layerselectable="true" layeravailable="false" readlayer="true" inmap="9" outmap="9" order="9">
            
            <properties>
                <o classname="a2dProperty" name="fill" resolveid="1923244">
                    <o classname="a2dOneColourFill" id="1923244" colour="GREEN">
                    </o>
                </o>
                <o classname="a2dProperty" name="stroke" resolveid="1935603">
                    <o classname="a2dOneColourStroke" id="1935603" colour="LIGHT MAGENTA" width="40.000000">
                    </o>
                </o>
            </properties>
            
        </o>
        
    </o>
    <o classname="a2dCanvasObject" id="1901182" flags=" selectable visible draggable shadow filled bin snap" hitflags=" fill visible">
        <o classname="a2dPlot" flags=" selectable visible draggable shadow filled snap" hitflags=" fill visible"
             transform="matrix( 1.000000 0.000000 0.000000 1.000000 100.000000 150.000000 )"
             showgrid="true" showtics="true" showxaxis="true" showyaxis="true"
             ticx="0.000000" ticy="0.000000" ticheight="0.000000" tictextheight="0.000000" sidetic="true"
             xmin="0.000000" ymin="0.000000" xmax="200.000000" ymax="200.000000"
             formatx="x=%3.0f" formaty="y=%3.0f"
             ixmin="0.000000" iymin="0.000000" ixmax="400.000000" iymax="400.000000" autoPlace="true" topPadding="2.200000" bottomPadding="2.200000" leftPadding="2.384000" rightPadding="0.000000"
            >
            
            <properties>
                <o classname="a2dProperty" name="fill" resolveid="1904739">
                    <o classname="a2dOneColourFill" id="1904739" colour="#42F7F7">
                    </o>
                </o>
                <o classname="a2dProperty" name="stroke" resolveid="1942530">
                    <o classname="a2dOneColourStroke" id="1942530" colour="#EF0000" pixelwidth="true">
                    </o>
                </o>
            </properties>
            
            <o classname="wxCanvasTextDc" name="__TITLE__" flags=" selectable visible draggable shadow filled snap" hitflags=" fill visible"
                 transform="matrix( 1.000000 0.000000 0.000000 1.000000 60.400000 227.000000 )"
                 fontsize="10.000000" linespace="1.000000" caret="0" caretshow="false" text="Two LineTitle" family="74" style="93" weight="90" alignment="336">
                
                <properties>
                    <o classname="a2dProperty" name="fill" resolveid="1904580">
                        <o classname="a2dOneColourFill" id="1904580" colour="RED">
                        </o>
                    </o>
                    <o classname="a2dProperty" name="stroke" resolveid="1903361">
                        <o classname="a2dOneColourStroke" id="1903361" colour="#000A00">
                        </o>
                    </o>
                    <o classname="a2dStringProperty" name="name" value="__TITLE__">
                    </o>
                </properties>
                
            </o>
            
            <o classname="wxCanvasTextDc" name="__XLABEL__" flags=" selectable visible draggable shadow filled snap" hitflags=" fill visible"
                 transform="matrix( 1.000000 0.000000 0.000000 1.000000 93.070000 -20.395000 )"
                 fontsize="5.500000" linespace="0.000000" caret="0" caretshow="false" text="time" family="74" style="90" weight="90" alignment="336">
                
                <properties>
                    <o classname="a2dStringProperty" name="name" value="__XLABEL__">
                    </o>
                </properties>
                
            </o>
            
            <o classname="wxCanvasTextDc" name="__YLABEL__" flags=" selectable visible draggable shadow filled snap" hitflags=" fill visible"
                 transform="matrix( 1.000000 0.000000 0.000000 1.000000 -45.234000 104.097500 )"
                 fontsize="5.500000" linespace="0.000000" caret="0" caretshow="false" text="voltage" family="74" style="90" weight="90" alignment="336">
                
                <properties>
                    <o classname="a2dStringProperty" name="name" value="__YLABEL__">
                    </o>
                </properties>
                
            </o>
            
            <derived>
                <o classname="a2dOneColourStroke" colour="#EF7A05" pixelwidth="true" width="2.000000">
                </o>
                <o classname="a2dOneColourStroke" id="1930578" colour="BLACK">
                </o>
                <o classname="a2dOneColourStroke" style="5" colour="#7F7F7F" pixelwidth="true">
                </o>
                <o classname="a2dOneColourStroke" refid="1930578">
                </o>
                <o classname="a2dOneColourFill" colour="#E9FAFA">
                </o>
                <o classname="a2dPolygonLClipper" flags=" selectable visible draggable shadow filled snap" hitflags=" fill visible"
                     transform="matrix( 0.500000 0.000000 0.000000 0.500000 0.000000 0.000000 )"
                     points="4">
                    <o classname="a2dVertexCurve" name="curve1" flags=" selectable visible draggable shadow filled snap" hitflags=" fill visible" points="10" rendermode="3">
                        
                        <properties>
                            <o classname="a2dProperty" name="stroke" resolveid="1923353">
                                <o classname="a2dOneColourStroke" id="1923353" style="5" colour="CORAL" pixelwidth="true">
                                </o>
                            </o>
                            <o classname="a2dStringProperty" name="name" value="curve1">
                            </o>
                        </properties>
                        
                        <o classname="wxCanvasTextDc" flags=" selectable visible draggable shadow filled snap" hitflags=" fill visible"
                             transform="matrix( 1.000000 0.000000 0.000000 1.000000 100.000000 114.000000 )"
                             fontsize="8.000000" linespace="0.800000" caret="0" caretshow="false" text="curve 1" family="74" style="90" weight="90" alignment="336">
                        </o>
                        
                        
                        <xy x="70.000000" y="140.000000"/>
                        <xy x="80.000000" y="130.000000"/>
                        <xy x="90.000000" y="120.000000"/>
                        <xy x="100.000000" y="110.000000"/>
                        <xy x="110.000000" y="110.000000"/>
                        <xy x="150.000000" y="140.000000"/>
                        
                        <xy x="160.000000" y="150.000000"/>
                        <xy x="170.000000" y="160.000000"/>
                        <xy x="210.000000" y="210.000000"/>
                        <xy x="215.000000" y="196.000000"/>
                    </o>
                    
                    <o classname="a2dMarker" flags=" selectable visible draggable shadow filled snap" hitflags=" fill visible"
                         transform="matrix( 1.000000 0.000000 0.000000 1.000000 150.000000 140.000000 )"
                         l1="12.000000" l2="10.000000" b="10.000000" curvename="1890340">
                        
                        <properties>
                            <o classname="a2dProperty" name="stroke" resolveid="1921301">
                                <o classname="a2dOneColourStroke" id="1921301" colour="RED">
                                </o>
                            </o>
                        </properties>
                        
                    </o>
                    
                    <o classname="a2dMarker" flags=" selectable visible draggable shadow filled snap" hitflags=" fill visible"
                         transform="matrix( 1.000000 0.000000 0.000000 1.000000 40.000000 140.000000 )"
                         l1="12.000000" l2="10.000000" b="10.000000" curvename="1890340">
                        
                        <properties>
                            <o classname="a2dProperty" name="stroke" resolveid="1923010">
                                <o classname="a2dOneColourStroke" id="1923010" colour="#194600">
                                </o>
                            </o>
                            <o classname="a2dProperty" name="fill" resolveid="1924066">
                                <o classname="a2dOneColourFill" id="1924066" colour="#00FF9B">
                                </o>
                            </o>
                        </properties>
                        
                    </o>
                    
                    <o classname="a2dVertexCurve" name="curve2" flags=" selectable visible draggable shadow filled snap" hitflags=" fill visible" points="9" rendermode="2">
                        
                        <properties>
                            <o classname="a2dProperty" name="stroke" resolveid="1940972">
                                <o classname="a2dOneColourStroke" id="1940972" style="2" colour="#FF0100" pixelwidth="true" width="2.000000">
                                </o>
                            </o>
                            <o classname="a2dStringProperty" name="name" value="curve2">
                            </o>
                        </properties>
                        
                        
                        <xy x="70.000000" y="100.000000"/>
                        <xy x="80.000000" y="150.000000"/>
                        <xy x="90.000000" y="130.000000"/>
                        <xy x="100.000000" y="120.000000"/>
                        <xy x="110.000000" y="130.000000"/>
                        <xy x="150.000000" y="150.000000"/>
                        
                        <xy x="160.000000" y="160.000000"/>
                        <xy x="170.000000" y="170.000000"/>
                        <xy x="210.000000" y="180.000000"/>
                    </o>
                    
                    <o classname="a2dMarker" flags=" selectable visible draggable shadow filled snap" hitflags=" fill visible"
                         transform="matrix( 1.000000 0.000000 0.000000 1.000000 120.000000 135.000000 )"
                         l1="12.000000" l2="10.000000" b="10.000000" curvename="1890340">
                        
                        <properties>
                            <o classname="a2dProperty" name="stroke" resolveid="1919795">
                                <o classname="a2dOneColourStroke" id="1919795" colour="RED">
                                </o>
                            </o>
                            <o classname="a2dProperty" name="fill" resolveid="1904478">
                                <o classname="a2dOneColourFill" id="1904478" colour="GREEN">
                                </o>
                            </o>
                        </properties>
                        
                    </o>
                    
                    
                    <xy x="0.000000" y="0.000000"/>
                    <xy x="0.000000" y="200.000000"/>
                    <xy x="200.000000" y="200.000000"/>
                    <xy x="200.000000" y="0.000000"/>
                </o>
            </derived>
        </o>
        
        <o classname="wxCanvasTextDc" flags=" selectable visible draggable shadow filled snap" hitflags=" fill visible"
             transform="matrix( 1.000000 0.000000 0.000000 1.000000 20.000000 30.000000 )"
             fontsize="8.000000" linespace="0.800000" caret="0" caretshow="false" text="Normal Text does&#10;  not transform" family="74" style="93" weight="90" alignment="336">
            
            <properties>
                <o classname="a2dProperty" name="fill" resolveid="1937035">
                    <o classname="a2dOneColourFill" id="1937035" style="1">
                    </o>
                </o>
                <o classname="a2dProperty" name="stroke" resolveid="1919895">
                    <o classname="a2dOneColourStroke" id="1919895" colour="#DC0AC8">
                    </o>
                </o>
            </properties>
            
        </o>
        
        <o classname="a2dMarkerShow" flags=" selectable visible draggable shadow filled snap" hitflags=" fill visible"
             transform="matrix( 1.000000 0.000000 0.000000 1.000000 80.000000 120.000000 )"
            >
            <o classname="wxCanvasTextDc" id="1944462" name="__XLABEL__" flags=" selectable visible shadow filled snap" hitflags=" visible" fontsize="5.000000" linespace="0.500000" caret="0" caretshow="false" text="X = " family="74" style="90" weight="90" alignment="336">
                
                <properties>
                    <o classname="a2dStringProperty" name="name" value="__XLABEL__">
                    </o>
                </properties>
                
            </o>
            
            <o classname="wxCanvasTextDc" id="1919825" name="__YLABEL__" flags=" selectable visible shadow filled snap" hitflags=" visible"
                 transform="matrix( 1.000000 0.000000 0.000000 1.000000 0.000000 -8.940000 )"
                 fontsize="5.000000" linespace="0.500000" caret="0" caretshow="false" text="Y = " family="74" style="90" weight="90" alignment="336">
                
                <properties>
                    <o classname="a2dStringProperty" name="name" value="__YLABEL__">
                    </o>
                </properties>
                
            </o>
            
            <o classname="wxCanvasTextDc" id="1944004" name="__XTEXT__" flags=" selectable visible shadow filled snap" hitflags=" visible"
                 transform="matrix( 1.000000 0.000000 0.000000 1.000000 12.050000 0.000000 )"
                 fontsize="5.000000" linespace="0.500000" caret="0" caretshow="false" text="0.000000" family="74" style="90" weight="90" alignment="336">
                
                <properties>
                    <o classname="a2dStringProperty" name="name" value="__XTEXT__">
                    </o>
                </properties>
                
            </o>
            
            <o classname="wxCanvasTextDc" id="1944051" name="__YTEXT__" flags=" selectable visible shadow filled snap" hitflags=" visible"
                 transform="matrix( 1.000000 0.000000 0.000000 1.000000 11.950000 -8.940000 )"
                 fontsize="5.000000" linespace="0.500000" caret="0" caretshow="false" text="0.000000" family="74" style="90" weight="90" alignment="336">
                
                <properties>
                    <o classname="a2dStringProperty" name="name" value="__YTEXT__">
                    </o>
                </properties>
                
            </o>
            
            <o classname="wxCanvasTextDc" name="__XLABEL__" flags=" selectable visible draggable shadow filled snap" hitflags=" fill visible" fontsize="10.000000" linespace="1.000000" caret="0" caretshow="false" text="Time =" family="74" style="90" weight="90" alignment="336">
                
                <properties>
                    <o classname="a2dStringProperty" name="name" value="__XLABEL__">
                    </o>
                </properties>
                
            </o>
            
            <o classname="wxCanvasTextDc" name="__YLABEL__" flags=" selectable visible draggable shadow filled snap" hitflags=" fill visible"
                 transform="matrix( 1.000000 0.000000 0.000000 1.000000 0.000000 -17.880000 )"
                 fontsize="10.000000" linespace="1.000000" caret="0" caretshow="false" text="Voltage =" family="74" style="90" weight="90" alignment="336">
                
                <properties>
                    <o classname="a2dStringProperty" name="name" value="__YLABEL__">
                    </o>
                </properties>
                
            </o>
            
            <o classname="wxCanvasTextDc" name="__XTEXT__" flags=" selectable visible draggable shadow filled snap" hitflags=" fill visible"
                 transform="matrix( 1.000000 0.000000 0.000000 1.000000 41.100000 0.000000 )"
                 fontsize="10.000000" linespace="1.000000" caret="0" caretshow="false" text="150.00" family="74" style="90" weight="90" alignment="336">
                
                <properties>
                    <o classname="a2dStringProperty" name="name" value="__XTEXT__">
                    </o>
                </properties>
                
            </o>
            
            <o classname="wxCanvasTextDc" name="__YTEXT__" flags=" selectable visible draggable shadow filled snap" hitflags=" fill visible"
                 transform="matrix( 1.000000 0.000000 0.000000 1.000000 56.700000 -17.880000 )"
                 fontsize="10.000000" linespace="1.000000" caret="0" caretshow="false" text="140.00" family="74" style="90" weight="90" alignment="336">
                
                <properties>
                    <o classname="a2dStringProperty" name="name" value="__YTEXT__">
                    </o>
                </properties>
                
            </o>
            
        </o>
        
        <o classname="a2dMarkerShow" flags=" selectable visible draggable shadow filled snap" hitflags=" fill visible"
             transform="matrix( 1.000000 0.000000 0.000000 1.000000 240.000000 120.000000 )"
            >
            
            <properties>
                <o classname="a2dProperty" name="stroke" resolveid="1944737">
                    <o classname="a2dOneColourStroke" id="1944737" colour="#194600">
                    </o>
                </o>
                <o classname="a2dProperty" name="fill" resolveid="1946205">
                    <o classname="a2dOneColourFill" id="1946205" colour="#00FF9B">
                    </o>
                </o>
            </properties>
            
            <o classname="wxCanvasTextDc" id="1945597" name="__XLABEL__" flags=" selectable visible shadow filled snap" hitflags=" visible" fontsize="5.000000" linespace="0.500000" caret="0" caretshow="false" text="X = " family="74" style="90" weight="90" alignment="336">
                
                <properties>
                    <o classname="a2dProperty" name="fill" resolveid="1946205">
                    </o>
                    <o classname="a2dProperty" name="stroke" resolveid="1944737">
                    </o>
                    <o classname="a2dStringProperty" name="name" value="__XLABEL__">
                    </o>
                </properties>
                
            </o>
            
            <o classname="wxCanvasTextDc" id="1945709" name="__YLABEL__" flags=" selectable visible shadow filled snap" hitflags=" visible"
                 transform="matrix( 1.000000 0.000000 0.000000 1.000000 0.000000 -8.940000 )"
                 fontsize="5.000000" linespace="0.500000" caret="0" caretshow="false" text="Y = " family="74" style="90" weight="90" alignment="336">
                
                <properties>
                    <o classname="a2dProperty" name="fill" resolveid="1946205">
                    </o>
                    <o classname="a2dProperty" name="stroke" resolveid="1944737">
                    </o>
                    <o classname="a2dStringProperty" name="name" value="__YLABEL__">
                    </o>
                </properties>
                
            </o>
            
            <o classname="wxCanvasTextDc" id="1945812" name="__XTEXT__" flags=" selectable visible shadow filled snap" hitflags=" visible"
                 transform="matrix( 1.000000 0.000000 0.000000 1.000000 12.050000 0.000000 )"
                 fontsize="5.000000" linespace="0.500000" caret="0" caretshow="false" text="0.000000" family="74" style="90" weight="90" alignment="336">
                
                <properties>
                    <o classname="a2dProperty" name="fill" resolveid="1946205">
                    </o>
                    <o classname="a2dProperty" name="stroke" resolveid="1944737">
                    </o>
                    <o classname="a2dStringProperty" name="name" value="__XTEXT__">
                    </o>
                </properties>
                
            </o>
            
            <o classname="wxCanvasTextDc" id="1946629" name="__YTEXT__" flags=" selectable visible shadow filled snap" hitflags=" visible"
                 transform="matrix( 1.000000 0.000000 0.000000 1.000000 11.950000 -8.940000 )"
                 fontsize="5.000000" linespace="0.500000" caret="0" caretshow="false" text="0.000000" family="74" style="90" weight="90" alignment="336">
                
                <properties>
                    <o classname="a2dProperty" name="fill" resolveid="1946205">
                    </o>
                    <o classname="a2dProperty" name="stroke" resolveid="1944737">
                    </o>
                    <o classname="a2dStringProperty" name="name" value="__YTEXT__">
                    </o>
                </properties>
                
            </o>
            
            <o classname="wxCanvasTextDc" name="__XLABEL__" flags=" selectable visible draggable shadow filled snap" hitflags=" fill visible" fontsize="10.000000" linespace="1.000000" caret="0" caretshow="false" text="Time =" family="74" style="90" weight="90" alignment="336">
                
                <properties>
                    <o classname="a2dStringProperty" name="name" value="__XLABEL__">
                    </o>
                    <o classname="a2dProperty" name="stroke" resolveid="1944737">
                    </o>
                    <o classname="a2dProperty" name="fill" resolveid="1946205">
                    </o>
                </properties>
                
            </o>
            
            <o classname="wxCanvasTextDc" name="__YLABEL__" flags=" selectable visible draggable shadow filled snap" hitflags=" fill visible"
                 transform="matrix( 1.000000 0.000000 0.000000 1.000000 0.000000 -17.880000 )"
                 fontsize="10.000000" linespace="1.000000" caret="0" caretshow="false" text="Voltage =" family="74" style="90" weight="90" alignment="336">
                
                <properties>
                    <o classname="a2dStringProperty" name="name" value="__YLABEL__">
                    </o>
                    <o classname="a2dProperty" name="stroke" resolveid="1944737">
                    </o>
                    <o classname="a2dProperty" name="fill" resolveid="1946205">
                    </o>
                </properties>
                
            </o>
            
            <o classname="wxCanvasTextDc" name="__XTEXT__" flags=" selectable visible draggable shadow filled snap" hitflags=" fill visible"
                 transform="matrix( 1.000000 0.000000 0.000000 1.000000 41.100000 0.000000 )"
                 fontsize="10.000000" linespace="1.000000" caret="0" caretshow="false" text=" 40.0" family="74" style="90" weight="90" alignment="336">
                
                <properties>
                    <o classname="a2dStringProperty" name="name" value="__XTEXT__">
                    </o>
                    <o classname="a2dProperty" name="stroke" resolveid="1944737">
                    </o>
                    <o classname="a2dProperty" name="fill" resolveid="1946205">
                    </o>
                </properties>
                
            </o>
            
            <o classname="wxCanvasTextDc" name="__YTEXT__" flags=" selectable visible draggable shadow filled snap" hitflags=" fill visible"
                 transform="matrix( 1.000000 0.000000 0.000000 1.000000 56.700000 -17.880000 )"
                 fontsize="10.000000" linespace="1.000000" caret="0" caretshow="false" text="140.0" family="74" style="90" weight="90" alignment="336">
                
                <properties>
                    <o classname="a2dStringProperty" name="name" value="__YTEXT__">
                    </o>
                    <o classname="a2dProperty" name="stroke" resolveid="1944737">
                    </o>
                    <o classname="a2dProperty" name="fill" resolveid="1946205">
                    </o>
                </properties>
                
            </o>
            
        </o>
        
        <o classname="a2dMarkerShow" flags=" selectable visible draggable shadow filled snap" hitflags=" fill visible"
             transform="matrix( 1.000000 0.000000 0.000000 1.000000 80.000000 90.000000 )"
            >
            
            <properties>
                <o classname="a2dProperty" name="stroke" resolveid="1904669">
                    <o classname="a2dOneColourStroke" id="1904669" colour="RED">
                    </o>
                </o>
                <o classname="a2dProperty" name="fill" resolveid="1922223">
                    <o classname="a2dOneColourFill" id="1922223" colour="GREEN">
                    </o>
                </o>
            </properties>
            
            <o classname="wxCanvasTextDc" id="1943846" name="__XLABEL__" flags=" selectable visible shadow filled snap" hitflags=" visible" fontsize="5.000000" linespace="0.500000" caret="0" caretshow="false" text="X = " family="74" style="90" weight="90" alignment="336">
                
                <properties>
                    <o classname="a2dProperty" name="fill" resolveid="1922223">
                    </o>
                    <o classname="a2dProperty" name="stroke" resolveid="1904669">
                    </o>
                    <o classname="a2dStringProperty" name="name" value="__XLABEL__">
                    </o>
                </properties>
                
            </o>
            
            <o classname="wxCanvasTextDc" id="1943893" name="__YLABEL__" flags=" selectable visible shadow filled snap" hitflags=" visible"
                 transform="matrix( 1.000000 0.000000 0.000000 1.000000 0.000000 -8.940000 )"
                 fontsize="5.000000" linespace="0.500000" caret="0" caretshow="false" text="Y = " family="74" style="90" weight="90" alignment="336">
                
                <properties>
                    <o classname="a2dProperty" name="fill" resolveid="1922223">
                    </o>
                    <o classname="a2dProperty" name="stroke" resolveid="1904669">
                    </o>
                    <o classname="a2dStringProperty" name="name" value="__YLABEL__">
                    </o>
                </properties>
                
            </o>
            
            <o classname="wxCanvasTextDc" id="1946754" name="__XTEXT__" flags=" selectable visible shadow filled snap" hitflags=" visible"
                 transform="matrix( 1.000000 0.000000 0.000000 1.000000 12.050000 0.000000 )"
                 fontsize="5.000000" linespace="0.500000" caret="0" caretshow="false" text="0.000000" family="74" style="90" weight="90" alignment="336">
                
                <properties>
                    <o classname="a2dProperty" name="fill" resolveid="1922223">
                    </o>
                    <o classname="a2dProperty" name="stroke" resolveid="1904669">
                    </o>
                    <o classname="a2dStringProperty" name="name" value="__XTEXT__">
                    </o>
                </properties>
                
            </o>
            
            <o classname="wxCanvasTextDc" id="1946857" name="__YTEXT__" flags=" selectable visible shadow filled snap" hitflags=" visible"
                 transform="matrix( 1.000000 0.000000 0.000000 1.000000 11.950000 -8.940000 )"
                 fontsize="5.000000" linespace="0.500000" caret="0" caretshow="false" text="0.000000" family="74" style="90" weight="90" alignment="336">
                
                <properties>
                    <o classname="a2dProperty" name="fill" resolveid="1922223">
                    </o>
                    <o classname="a2dProperty" name="stroke" resolveid="1904669">
                    </o>
                    <o classname="a2dStringProperty" name="name" value="__YTEXT__">
                    </o>
                </properties>
                
            </o>
            
            <o classname="wxCanvasTextDc" name="__XLABEL__" flags=" selectable visible draggable shadow filled snap" hitflags=" fill visible" fontsize="10.000000" linespace="1.000000" caret="0" caretshow="false" text="Time =" family="74" style="90" weight="90" alignment="336">
                
                <properties>
                    <o classname="a2dStringProperty" name="name" value="__XLABEL__">
                    </o>
                    <o classname="a2dProperty" name="stroke" resolveid="1904669">
                    </o>
                    <o classname="a2dProperty" name="fill" resolveid="1922223">
                    </o>
                </properties>
                
            </o>
            
            <o classname="wxCanvasTextDc" name="__YLABEL__" flags=" selectable visible draggable shadow filled snap" hitflags=" fill visible"
                 transform="matrix( 1.000000 0.000000 0.000000 1.000000 0.000000 -17.880000 )"
                 fontsize="10.000000" linespace="1.000000" caret="0" caretshow="false" text="Voltage =" family="74" style="90" weight="90" alignment="336">
                
                <properties>
                    <o classname="a2dStringProperty" name="name" value="__YLABEL__">
                    </o>
                    <o classname="a2dProperty" name="stroke" resolveid="1904669">
                    </o>
                    <o classname="a2dProperty" name="fill" resolveid="1922223">
                    </o>
                </properties>
                
            </o>
            
            <o classname="wxCanvasTextDc" name="__XTEXT__" flags=" selectable visible draggable shadow filled snap" hitflags=" fill visible"
                 transform="matrix( 1.000000 0.000000 0.000000 1.000000 41.100000 0.000000 )"
                 fontsize="10.000000" linespace="1.000000" caret="0" caretshow="false" text="120.0" family="74" style="90" weight="90" alignment="336">
                
                <properties>
                    <o classname="a2dStringProperty" name="name" value="__XTEXT__">
                    </o>
                    <o classname="a2dProperty" name="stroke" resolveid="1904669">
                    </o>
                    <o classname="a2dProperty" name="fill" resolveid="1922223">
                    </o>
                </properties>
                
            </o>
            
            <o classname="wxCanvasTextDc" name="__YTEXT__" flags=" selectable visible draggable shadow filled snap" hitflags=" fill visible"
                 transform="matrix( 1.000000 0.000000 0.000000 1.000000 56.700000 -17.880000 )"
                 fontsize="10.000000" linespace="1.000000" caret="0" caretshow="false" text="135.0" family="74" style="90" weight="90" alignment="336">
                
                <properties>
                    <o classname="a2dStringProperty" name="name" value="__YTEXT__">
                    </o>
                    <o classname="a2dProperty" name="stroke" resolveid="1904669">
                    </o>
                    <o classname="a2dProperty" name="fill" resolveid="1922223">
                    </o>
                </properties>
                
            </o>
            
        </o>
        
        <o classname="a2dPlot" flags=" selectable visible draggable shadow filled snap" hitflags=" fill visible"
             transform="matrix( 1.000000 0.000000 0.000000 1.000000 400.000000 150.000000 )"
             showgrid="true" showtics="true" showxaxis="true" showyaxis="true"
             ticx="0.000000" ticy="0.000000" ticheight="0.000000" tictextheight="0.000000" sidetic="true"
             xmin="0.000000" ymin="0.000000" xmax="200.000000" ymax="200.000000"
             formatx="x=%3.0f" formaty="y=%3.0f"
             ixmin="-30.000000" iymin="-160.000000" ixmax="240.000000" iymax="120.000000" autoPlace="true" topPadding="2.200000" bottomPadding="2.200000" leftPadding="2.384000" rightPadding="0.000000"
            >
            
            <properties>
                <o classname="a2dProperty" name="fill" resolveid="1943796">
                    <o classname="a2dOneColourFill" id="1943796" colour="#42F7F7">
                    </o>
                </o>
                <o classname="a2dProperty" name="stroke" resolveid="1903064">
                    <o classname="a2dOneColourStroke" id="1903064" colour="#1D0000" pixelwidth="true">
                    </o>
                </o>
            </properties>
            
            <o classname="wxCanvasTextDc" name="__TITLE__" flags=" selectable visible draggable shadow filled snap" hitflags=" fill visible"
                 transform="matrix( 1.000000 0.000000 0.000000 1.000000 81.437500 220.395000 )"
                 fontsize="5.500000" linespace="0.000000" caret="0" caretshow="false" text="Simple Plot" family="74" style="90" weight="90" alignment="336">
                
                <properties>
                    <o classname="a2dStringProperty" name="name" value="__TITLE__">
                    </o>
                </properties>
                
            </o>
            
            <o classname="wxCanvasTextDc" name="__XLABEL__" flags=" selectable visible draggable shadow filled snap" hitflags=" fill visible"
                 transform="matrix( 1.000000 0.000000 0.000000 1.000000 93.070000 -20.395000 )"
                 fontsize="5.500000" linespace="0.000000" caret="0" caretshow="false" text="time" family="74" style="90" weight="90" alignment="336">
                
                <properties>
                    <o classname="a2dStringProperty" name="name" value="__XLABEL__">
                    </o>
                </properties>
                
            </o>
            
            <o classname="wxCanvasTextDc" name="__YLABEL__" flags=" selectable visible draggable shadow filled snap" hitflags=" fill visible"
                 transform="matrix( 1.000000 0.000000 0.000000 1.000000 -45.234000 104.097500 )"
                 fontsize="5.500000" linespace="0.000000" caret="0" caretshow="false" text="voltage" family="74" style="90" weight="90" alignment="336">
                
                <properties>
                    <o classname="a2dStringProperty" name="name" value="__YLABEL__">
                    </o>
                </properties>
                
            </o>
            
            <derived>
                <o classname="a2dOneColourStroke" colour="#EF7A05" pixelwidth="true" width="2.000000">
                </o>
                <o classname="a2dOneColourStroke" refid="1930578">
                </o>
                <o classname="a2dOneColourStroke" style="5" colour="#7F7F7F" pixelwidth="true">
                </o>
                <o classname="a2dOneColourStroke" refid="1930578">
                </o>
                <o classname="a2dOneColourFill" colour="#171914">
                </o>
                <o classname="a2dPolygonLClipper" flags=" selectable visible draggable shadow filled snap" hitflags=" fill visible"
                     transform="matrix( 0.740741 0.000000 0.000000 0.714286 22.222222 114.285714 )"
                     points="4">
                    <o classname="a2dBarCurve" name="curve22" flags=" selectable visible draggable shadow filled snap" hitflags=" fill visible" points="15" rendermode="4" barwidth="5.000000" depth="2.500000" angle3d="0.523599">
                        
                        <properties>
                            <o classname="a2dProperty" name="stroke" resolveid="1949868">
                                <o classname="a2dOneColourStroke" id="1949868" colour="#FF0100" pixelwidth="true">
                                </o>
                            </o>
                            <o classname="a2dProperty" name="fill" resolveid="1948081">
                                <o classname="a2dOneColourFill" id="1948081" style="4" colour="#1DF5A4">
                                </o>
                            </o>
                            <o classname="a2dStringProperty" name="name" value="curve22">
                            </o>
                        </properties>
                        
                        
                        <xy x="-20.000000" y="-140.000000"/>
                        <xy x="-10.000000" y="-130.000000"/>
                        <xy x="0.000000" y="-120.000000"/>
                        <xy x="20.000000" y="-100.000000"/>
                        <xy x="50.000000" y="-50.000000"/>
                        <xy x="60.000000" y="-30.000000"/>
                        
                        <xy x="70.000000" y="-100.000000"/>
                        <xy x="80.000000" y="-50.000000"/>
                        <xy x="90.000000" y="-30.000000"/>
                        <xy x="100.000000" y="20.000000"/>
                        <xy x="110.000000" y="30.000000"/>
                        <xy x="150.000000" y="50.000000"/>
                        
                        <xy x="160.000000" y="60.000000"/>
                        <xy x="170.000000" y="70.000000"/>
                        <xy x="210.000000" y="80.000000"/>
                        <derived>
                            <o classname="a2dOneColourFill" colour="#1D18A4">
                            </o>
                        </derived>
                    </o>
                    
                    <o classname="a2dBarCurve" name="curve33" flags=" selectable visible draggable shadow filled snap" hitflags=" fill visible" points="15" rendermode="4" barwidth="5.000000" depth="2.500000" angle3d="0.523599">
                        
                        <properties>
                            <o classname="a2dProperty" name="stroke" resolveid="1950446">
                                <o classname="a2dOneColourStroke" id="1950446" colour="#FF0100" pixelwidth="true">
                                </o>
                            </o>
                            <o classname="a2dProperty" name="fill" resolveid="1950431">
                                <o classname="a2dOneColourFill" id="1950431" style="2" colour="#1DF5F4">
                                </o>
                            </o>
                            <o classname="a2dStringProperty" name="name" value="curve33">
                            </o>
                        </properties>
                        
                        
                        <xy x="-20.000000" y="-90.000000"/>
                        <xy x="-10.000000" y="-120.000000"/>
                        <xy x="0.000000" y="-100.000000"/>
                        <xy x="20.000000" y="-80.000000"/>
                        <xy x="50.000000" y="-30.000000"/>
                        <xy x="60.000000" y="-20.000000"/>
                        
                        <xy x="70.000000" y="-70.000000"/>
                        <xy x="80.000000" y="-40.000000"/>
                        <xy x="90.000000" y="-20.000000"/>
                        <xy x="100.000000" y="30.000000"/>
                        <xy x="110.000000" y="40.000000"/>
                        <xy x="150.000000" y="70.000000"/>
                        
                        <xy x="160.000000" y="80.000000"/>
                        <xy x="170.000000" y="90.000000"/>
                        <xy x="210.000000" y="100.000000"/>
                        <derived>
                            <o classname="a2dOneColourFill" colour="#1DE040">
                            </o>
                        </derived>
                    </o>
                    
                    
                    <xy x="0.000000" y="0.000000"/>
                    <xy x="0.000000" y="200.000000"/>
                    <xy x="200.000000" y="200.000000"/>
                    <xy x="200.000000" y="0.000000"/>
                </o>
            </derived>
        </o>
        
        <o classname="a2dPlot" flags=" selectable visible draggable shadow filled snap" hitflags=" fill visible"
             transform="matrix( 1.000000 0.000000 0.000000 1.000000 900.000000 150.000000 )"
             showgrid="true" showtics="true" showxaxis="true" showyaxis="true"
             ticx="0.000000" ticy="0.000000" ticheight="0.000000" tictextheight="5.000000" sidetic="true"
             xmin="0.000000" ymin="0.000000" xmax="200.000000" ymax="200.000000"
             formatx="x=%3.0f" formaty="y=%3.0f"
             ixmin="-100.000000" iymin="-100.000000" ixmax="200.000000" iymax="250.000000" autoPlace="true" topPadding="2.250000" bottomPadding="2.250000" leftPadding="2.480000" rightPadding="0.000000"
            >
            
            <properties>
                <o classname="a2dProperty" name="fill" resolveid="1949545">
                    <o classname="a2dOneColourFill" id="1949545" colour="#101111">
                    </o>
                </o>
                <o classname="a2dProperty" name="stroke" resolveid="1949025">
                    <o classname="a2dOneColourStroke" id="1949025" colour="RED" pixelwidth="true">
                    </o>
                </o>
            </properties>
            
            <o classname="wxCanvasTextDc" name="__TITLE__" flags=" selectable visible draggable shadow filled snap" hitflags=" fill visible"
                 transform="matrix( 1.000000 0.000000 0.000000 1.000000 86.640625 223.131250 )"
                 fontsize="5.625000" linespace="0.000000" caret="0" caretshow="false" text="List Plot" family="74" style="90" weight="90" alignment="336">
                
                <properties>
                    <o classname="a2dStringProperty" name="name" value="__TITLE__">
                    </o>
                </properties>
                
            </o>
            
            <o classname="wxCanvasTextDc" name="__XLABEL__" flags=" selectable visible draggable shadow filled snap" hitflags=" fill visible"
                 transform="matrix( 1.000000 0.000000 0.000000 1.000000 93.109375 -23.131250 )"
                 fontsize="5.625000" linespace="0.000000" caret="0" caretshow="false" text="bigs" family="74" style="90" weight="90" alignment="336">
                
                <properties>
                    <o classname="a2dStringProperty" name="name" value="__XLABEL__">
                    </o>
                </properties>
                
            </o>
            
            <o classname="wxCanvasTextDc" name="__YLABEL__" flags=" selectable visible draggable shadow filled snap" hitflags=" fill visible"
                 transform="matrix( 1.000000 0.000000 0.000000 1.000000 -54.436250 104.190625 )"
                 fontsize="5.625000" linespace="0.000000" caret="0" caretshow="false" text="in space" family="74" style="90" weight="90" alignment="336">
                
                <properties>
                    <o classname="a2dStringProperty" name="name" value="__YLABEL__">
                    </o>
                </properties>
                
            </o>
            
            <derived>
                <o classname="a2dOneColourStroke" colour="#EF7A05" pixelwidth="true" width="2.000000">
                </o>
                <o classname="a2dOneColourStroke" colour="#09E8EB" pixelwidth="true" width="2.000000">
                </o>
                <o classname="a2dOneColourStroke" style="5" colour="#FF111B" pixelwidth="true">
                </o>
                <o classname="a2dOneColourStroke" refid="1930578">
                </o>
                <o classname="a2dOneColourFill" colour="#D5D7D2">
                </o>
                <o classname="a2dPolygonLClipper" flags=" selectable visible draggable shadow filled snap" hitflags=" fill visible"
                     transform="matrix( 0.666667 0.000000 0.000000 0.571429 66.666667 57.142857 )"
                     points="4">
                    <o classname="a2dVertexListCurve" name="curve3" flags=" selectable visible draggable shadow filled snap" hitflags=" fill visible" points="75" rendermode="2">
                        
                        <properties>
                            <o classname="a2dProperty" name="stroke" resolveid="1944149">
                                <o classname="a2dOneColourStroke" id="1944149" style="2" colour="#62191E" pixelwidth="true" width="2.000000">
                                </o>
                            </o>
                            <o classname="a2dStringProperty" name="name" value="curve3">
                            </o>
                        </properties>
                        
                        
                        <xy x="-100.000000" y="164.402111"/>
                        <xy x="-96.000000" y="127.432678"/>
                        <xy x="-92.000000" y="87.711009"/>
                        <xy x="-88.000000" y="51.508281"/>
                        <xy x="-84.000000" y="24.540109"/>
                        <xy x="-80.000000" y="11.064175"/>
                        
                        <xy x="-76.000000" y="13.208033"/>
                        <xy x="-72.000000" y="30.633214"/>
                        <xy x="-68.000000" y="60.588665"/>
                        <xy x="-64.000000" y="98.345080"/>
                        <xy x="-60.000000" y="137.941550"/>
                        <xy x="-56.000000" y="173.126664"/>
                        
                        <xy x="-52.000000" y="198.345466"/>
                        <xy x="-48.000000" y="209.616461"/>
                        <xy x="-44.000000" y="205.160207"/>
                        <xy x="-40.000000" y="185.680250"/>
                        <xy x="-36.000000" y="154.252044"/>
                        <xy x="-32.000000" y="115.837414"/>
                        
                        <xy x="-28.000000" y="76.501185"/>
                        <xy x="-24.000000" y="42.453682"/>
                        <xy x="-20.000000" y="19.070257"/>
                        <xy x="-16.000000" y="10.042640"/>
                        <xy x="-12.000000" y="16.796091"/>
                        <xy x="-8.000000" y="38.264391"/>
                        
                        <xy x="-4.000000" y="71.058166"/>
                        <xy x="0.000000" y="110.000000"/>
                        <xy x="4.000000" y="148.941834"/>
                        <xy x="8.000000" y="181.735609"/>
                        <xy x="12.000000" y="203.203909"/>
                        <xy x="16.000000" y="209.957360"/>
                        
                        <xy x="20.000000" y="200.929743"/>
                        <xy x="24.000000" y="177.546318"/>
                        <xy x="28.000000" y="143.498815"/>
                        <xy x="32.000000" y="104.162586"/>
                        <xy x="36.000000" y="65.747956"/>
                        <xy x="40.000000" y="34.319750"/>
                        
                        <xy x="44.000000" y="14.839793"/>
                        <xy x="48.000000" y="10.383539"/>
                        <xy x="52.000000" y="21.654534"/>
                        <xy x="56.000000" y="46.873336"/>
                        <xy x="60.000000" y="82.058450"/>
                        <xy x="64.000000" y="121.654920"/>
                        
                        <xy x="68.000000" y="159.411335"/>
                        <xy x="72.000000" y="189.366786"/>
                        <xy x="76.000000" y="206.791967"/>
                        <xy x="80.000000" y="208.935825"/>
                        <xy x="84.000000" y="195.459891"/>
                        <xy x="88.000000" y="168.491719"/>
                        
                        <xy x="92.000000" y="132.288991"/>
                        <xy x="96.000000" y="92.567322"/>
                        <xy x="100.000000" y="55.597889"/>
                        <xy x="104.000000" y="27.217353"/>
                        <xy x="108.000000" y="11.906377"/>
                        <xy x="112.000000" y="12.082227"/>
                        
                        <xy x="116.000000" y="27.717141"/>
                        <xy x="120.000000" y="56.342708"/>
                        <xy x="124.000000" y="93.439582"/>
                        <xy x="128.000000" y="133.150983"/>
                        <xy x="132.000000" y="169.207351"/>
                        <xy x="136.000000" y="195.916181"/>
                        
                        <xy x="140.000000" y="209.060736"/>
                        <xy x="144.000000" y="206.565778"/>
                        <xy x="148.000000" y="188.825207"/>
                        <xy x="152.000000" y="158.639869"/>
                        <xy x="156.000000" y="120.775365"/>
                        <xy x="160.000000" y="81.209668"/>
                        
                        <xy x="164.000000" y="46.189332"/>
                        <xy x="168.000000" y="21.243297"/>
                        <xy x="172.000000" y="10.309993"/>
                        <xy x="176.000000" y="15.115550"/>
                        <xy x="180.000000" y="34.901275"/>
                        <xy x="184.000000" y="66.543438"/>
                        
                        <xy x="188.000000" y="105.046436"/>
                        <xy x="192.000000" y="144.331493"/>
                        <xy x="196.000000" y="178.196362"/>
                    </o>
                    
                    <o classname="a2dVertexListCurve" name="curve4" flags=" selectable visible draggable shadow filled snap" hitflags=" fill visible" points="75" rendermode="2">
                        
                        <properties>
                            <o classname="a2dProperty" name="stroke" resolveid="1953693">
                                <o classname="a2dOneColourStroke" id="1953693" colour="#051900" pixelwidth="true">
                                </o>
                            </o>
                            <o classname="a2dStringProperty" name="name" value="curve4">
                            </o>
                        </properties>
                        
                        
                        <xy x="-100.000000" y="74.039061"/>
                        <xy x="-96.000000" y="61.339445"/>
                        <xy x="-92.000000" y="62.200188"/>
                        <xy x="-88.000000" y="76.470802"/>
                        <xy x="-84.000000" y="101.649923"/>
                        <xy x="-80.000000" y="133.290121"/>
                        
                        <xy x="-76.000000" y="165.718879"/>
                        <xy x="-72.000000" y="192.961154"/>
                        <xy x="-68.000000" y="209.716804"/>
                        <xy x="-64.000000" y="212.237199"/>
                        <xy x="-60.000000" y="198.961028"/>
                        <xy x="-56.000000" y="170.807180"/>
                        
                        <xy x="-52.000000" y="131.076599"/>
                        <xy x="-48.000000" y="84.976739"/>
                        <xy x="-44.000000" y="38.841893"/>
                        <xy x="-40.000000" y="-0.829233"/>
                        <xy x="-36.000000" y="-28.368223"/>
                        <xy x="-32.000000" y="-39.808158"/>
                        
                        <xy x="-28.000000" y="-33.494721"/>
                        <xy x="-24.000000" y="-10.341326"/>
                        <xy x="-20.000000" y="26.311767"/>
                        <xy x="-16.000000" y="71.212243"/>
                        <xy x="-12.000000" y="118.003652"/>
                        <xy x="-8.000000" y="160.199754"/>
                        
                        <xy x="-4.000000" y="192.172633"/>
                        <xy x="0.000000" y="210.000000"/>
                        <xy x="4.000000" y="212.039566"/>
                        <xy x="8.000000" y="199.141588"/>
                        <xy x="12.000000" y="174.467899"/>
                        <xy x="16.000000" y="142.947852"/>
                        
                        <xy x="20.000000" y="110.458866"/>
                        <xy x="24.000000" y="82.862583"/>
                        <xy x="28.000000" y="65.050252"/>
                        <xy x="32.000000" y="60.149203"/>
                        <xy x="36.000000" y="69.016540"/>
                        <xy x="40.000000" y="90.100509"/>
                        
                        <xy x="44.000000" y="119.691533"/>
                        <xy x="48.000000" y="152.523057"/>
                        <xy x="52.000000" y="182.626736"/>
                        <xy x="56.000000" y="204.305995"/>
                        <xy x="60.000000" y="213.073029"/>
                        <xy x="64.000000" y="206.399785"/>
                        
                        <xy x="68.000000" y="184.162694"/>
                        <xy x="72.000000" y="148.709109"/>
                        <xy x="76.000000" y="104.533090"/>
                        <xy x="80.000000" y="57.609872"/>
                        <xy x="84.000000" y="14.492346"/>
                        <xy x="88.000000" y="-18.689405"/>
                        
                        <xy x="92.000000" y="-37.168912"/>
                        <xy x="96.000000" y="-38.277016"/>
                        <xy x="100.000000" y="-21.853367"/>
                        <xy x="104.000000" y="9.728841"/>
                        <xy x="108.000000" y="51.928785"/>
                        <xy x="112.000000" y="98.737154"/>
                        
                        <xy x="116.000000" y="143.598854"/>
                        <xy x="120.000000" y="180.414621"/>
                        <xy x="124.000000" y="204.464760"/>
                        <xy x="128.000000" y="213.110717"/>
                        <xy x="132.000000" y="206.165464"/>
                        <xy x="136.000000" y="185.876067"/>
                        
                        <xy x="140.000000" y="156.523052"/>
                        <xy x="144.000000" y="123.701658"/>
                        <xy x="148.000000" y="93.400156"/>
                        <xy x="152.000000" y="71.022285"/>
                        <xy x="156.000000" y="60.509405"/>
                        <xy x="160.000000" y="63.701964"/>
                        
                        <xy x="164.000000" y="80.041732"/>
                        <xy x="168.000000" y="106.662087"/>
                        <xy x="172.000000" y="138.852035"/>
                        <xy x="176.000000" y="170.820235"/>
                        <xy x="180.000000" y="196.637595"/>
                        <xy x="184.000000" y="211.208513"/>
                        
                        <xy x="188.000000" y="211.116007"/>
                        <xy x="192.000000" y="195.205696"/>
                        <xy x="196.000000" y="164.814653"/>
                    </o>
                    
                    
                    <xy x="0.000000" y="0.000000"/>
                    <xy x="0.000000" y="200.000000"/>
                    <xy x="200.000000" y="200.000000"/>
                    <xy x="200.000000" y="0.000000"/>
                </o>
            </derived>
        </o>
        
        <o classname="a2dPlot" flags=" selectable visible draggable shadow filled snap" hitflags=" fill visible"
             transform="matrix( 1.000000 0.000000 0.000000 1.000000 200.000000 550.000000 )"
             showgrid="true" showtics="true" showxaxis="true" showyaxis="true"
             ticx="0.000000" ticy="0.000000" ticheight="0.000000" tictextheight="5.000000" sidetic="true"
             xmin="0.000000" ymin="0.000000" xmax="200.000000" ymax="200.000000"
             formatx="x=%3.0f" formaty="y=%3.0f"
             ixmin="-100.000000" iymin="-100.000000" ixmax="200.000000" iymax="250.000000" autoPlace="true" topPadding="2.250000" bottomPadding="2.250000" leftPadding="2.480000" rightPadding="0.000000"
            >
            
            <properties>
                <o classname="a2dProperty" name="fill" resolveid="1953033">
                    <o classname="a2dOneColourFill" id="1953033" colour="#101111">
                    </o>
                </o>
                <o classname="a2dProperty" name="stroke" resolveid="1950749">
                    <o classname="a2dOneColourStroke" id="1950749" colour="RED" pixelwidth="true">
                    </o>
                </o>
            </properties>
            
            <o classname="wxCanvasTextDc" name="__TITLE__" flags=" selectable visible draggable shadow filled snap" hitflags=" fill visible"
                 transform="matrix( 1.000000 0.000000 0.000000 1.000000 86.640625 223.131250 )"
                 fontsize="5.625000" linespace="0.000000" caret="0" caretshow="false" text="List Plot" family="74" style="90" weight="90" alignment="336">
                
                <properties>
                    <o classname="a2dStringProperty" name="name" value="__TITLE__">
                    </o>
                </properties>
                
            </o>
            
            <o classname="wxCanvasTextDc" name="__XLABEL__" flags=" selectable visible draggable shadow filled snap" hitflags=" fill visible"
                 transform="matrix( 1.000000 0.000000 0.000000 1.000000 93.109375 -23.131250 )"
                 fontsize="5.625000" linespace="0.000000" caret="0" caretshow="false" text="bigs" family="74" style="90" weight="90" alignment="336">
                
                <properties>
                    <o classname="a2dStringProperty" name="name" value="__XLABEL__">
                    </o>
                </properties>
                
            </o>
            
            <o classname="wxCanvasTextDc" name="__YLABEL__" flags=" selectable visible draggable shadow filled snap" hitflags=" fill visible"
                 transform="matrix( 1.000000 0.000000 0.000000 1.000000 -54.436250 104.190625 )"
                 fontsize="5.625000" linespace="0.000000" caret="0" caretshow="false" text="in space" family="74" style="90" weight="90" alignment="336">
                
                <properties>
                    <o classname="a2dStringProperty" name="name" value="__YLABEL__">
                    </o>
                </properties>
                
            </o>
            
            <derived>
                <o classname="a2dOneColourStroke" colour="#EF7A05" pixelwidth="true" width="2.000000">
                </o>
                <o classname="a2dOneColourStroke" colour="#09E8EB" pixelwidth="true" width="2.000000">
                </o>
                <o classname="a2dOneColourStroke" style="5" colour="#FF111B" pixelwidth="true">
                </o>
                <o classname="a2dOneColourStroke" refid="1930578">
                </o>
                <o classname="a2dOneColourFill" colour="#D5D7D2">
                </o>
                <o classname="a2dPolygonLClipper" flags=" selectable visible draggable shadow filled snap" hitflags=" fill visible"
                     transform="matrix( 0.666667 0.000000 0.000000 0.571429 66.666667 57.142857 )"
                     points="4">
                    <o classname="a2dVertexCurve" name="curve44" flags=" selectable visible draggable shadow filled snap" hitflags=" fill visible" points="75" rendermode="8">
                        
                        <properties>
                            <o classname="a2dProperty" name="stroke" resolveid="1954601">
                                <o classname="a2dOneColourStroke" id="1954601" colour="#051900" pixelwidth="true">
                                </o>
                            </o>
                            <o classname="a2dProperty" name="fill" resolveid="1955404">
                                <o classname="a2dOneColourFill" id="1955404" colour="#1DF5A4">
                                </o>
                            </o>
                            <o classname="a2dStringProperty" name="name" value="curve44">
                            </o>
                        </properties>
                        
                        
                        <xy x="-100.000000" y="74.039061"/>
                        <xy x="-96.000000" y="61.339445"/>
                        <xy x="-92.000000" y="62.200188"/>
                        <xy x="-88.000000" y="76.470802"/>
                        <xy x="-84.000000" y="101.649923"/>
                        <xy x="-80.000000" y="133.290121"/>
                        
                        <xy x="-76.000000" y="165.718879"/>
                        <xy x="-72.000000" y="192.961154"/>
                        <xy x="-68.000000" y="209.716804"/>
                        <xy x="-64.000000" y="212.237199"/>
                        <xy x="-60.000000" y="198.961028"/>
                        <xy x="-56.000000" y="170.807180"/>
                        
                        <xy x="-52.000000" y="131.076599"/>
                        <xy x="-48.000000" y="84.976739"/>
                        <xy x="-44.000000" y="38.841893"/>
                        <xy x="-40.000000" y="-0.829233"/>
                        <xy x="-36.000000" y="-28.368223"/>
                        <xy x="-32.000000" y="-39.808158"/>
                        
                        <xy x="-28.000000" y="-33.494721"/>
                        <xy x="-24.000000" y="-10.341326"/>
                        <xy x="-20.000000" y="26.311767"/>
                        <xy x="-16.000000" y="71.212243"/>
                        <xy x="-12.000000" y="118.003652"/>
                        <xy x="-8.000000" y="160.199754"/>
                        
                        <xy x="-4.000000" y="192.172633"/>
                        <xy x="0.000000" y="210.000000"/>
                        <xy x="4.000000" y="212.039566"/>
                        <xy x="8.000000" y="199.141588"/>
                        <xy x="12.000000" y="174.467899"/>
                        <xy x="16.000000" y="142.947852"/>
                        
                        <xy x="20.000000" y="110.458866"/>
                        <xy x="24.000000" y="82.862583"/>
                        <xy x="28.000000" y="65.050252"/>
                        <xy x="32.000000" y="60.149203"/>
                        <xy x="36.000000" y="69.016540"/>
                        <xy x="40.000000" y="90.100509"/>
                        
                        <xy x="44.000000" y="119.691533"/>
                        <xy x="48.000000" y="152.523057"/>
                        <xy x="52.000000" y="182.626736"/>
                        <xy x="56.000000" y="204.305995"/>
                        <xy x="60.000000" y="213.073029"/>
                        <xy x="64.000000" y="206.399785"/>
                        
                        <xy x="68.000000" y="184.162694"/>
                        <xy x="72.000000" y="148.709109"/>
                        <xy x="76.000000" y="104.533090"/>
                        <xy x="80.000000" y="57.609872"/>
                        <xy x="84.000000" y="14.492346"/>
                        <xy x="88.000000" y="-18.689405"/>
                        
                        <xy x="92.000000" y="-37.168912"/>
                        <xy x="96.000000" y="-38.277016"/>
                        <xy x="100.000000" y="-21.853367"/>
                        <xy x="104.000000" y="9.728841"/>
                        <xy x="108.000000" y="51.928785"/>
                        <xy x="112.000000" y="98.737154"/>
                        
                        <xy x="116.000000" y="143.598854"/>
                        <xy x="120.000000" y="180.414621"/>
                        <xy x="124.000000" y="204.464760"/>
                        <xy x="128.000000" y="213.110717"/>
                        <xy x="132.000000" y="206.165464"/>
                        <xy x="136.000000" y="185.876067"/>
                        
                        <xy x="140.000000" y="156.523052"/>
                        <xy x="144.000000" y="123.701658"/>
                        <xy x="148.000000" y="93.400156"/>
                        <xy x="152.000000" y="71.022285"/>
                        <xy x="156.000000" y="60.509405"/>
                        <xy x="160.000000" y="63.701964"/>
                        
                        <xy x="164.000000" y="80.041732"/>
                        <xy x="168.000000" y="106.662087"/>
                        <xy x="172.000000" y="138.852035"/>
                        <xy x="176.000000" y="170.820235"/>
                        <xy x="180.000000" y="196.637595"/>
                        <xy x="184.000000" y="211.208513"/>
                        
                        <xy x="188.000000" y="211.116007"/>
                        <xy x="192.000000" y="195.205696"/>
                        <xy x="196.000000" y="164.814653"/>
                    </o>
                    
                    <o classname="a2dVertexCurve" name="curve43" flags=" selectable visible draggable shadow filled snap" hitflags=" fill visible" points="75" rendermode="8">
                        
                        <properties>
                            <o classname="a2dProperty" name="stroke" resolveid="1944928">
                                <o classname="a2dOneColourStroke" id="1944928" style="2" colour="#62191E" pixelwidth="true" width="2.000000">
                                </o>
                            </o>
                            <o classname="a2dProperty" name="fill" resolveid="1955315">
                                <o classname="a2dOneColourFill" id="1955315" style="4" colour="#81192C">
                                </o>
                            </o>
                            <o classname="a2dStringProperty" name="name" value="curve43">
                            </o>
                        </properties>
                        
                        
                        <xy x="-100.000000" y="164.402111"/>
                        <xy x="-96.000000" y="127.432678"/>
                        <xy x="-92.000000" y="87.711009"/>
                        <xy x="-88.000000" y="51.508281"/>
                        <xy x="-84.000000" y="24.540109"/>
                        <xy x="-80.000000" y="11.064175"/>
                        
                        <xy x="-76.000000" y="13.208033"/>
                        <xy x="-72.000000" y="30.633214"/>
                        <xy x="-68.000000" y="60.588665"/>
                        <xy x="-64.000000" y="98.345080"/>
                        <xy x="-60.000000" y="137.941550"/>
                        <xy x="-56.000000" y="173.126664"/>
                        
                        <xy x="-52.000000" y="198.345466"/>
                        <xy x="-48.000000" y="209.616461"/>
                        <xy x="-44.000000" y="205.160207"/>
                        <xy x="-40.000000" y="185.680250"/>
                        <xy x="-36.000000" y="154.252044"/>
                        <xy x="-32.000000" y="115.837414"/>
                        
                        <xy x="-28.000000" y="76.501185"/>
                        <xy x="-24.000000" y="42.453682"/>
                        <xy x="-20.000000" y="19.070257"/>
                        <xy x="-16.000000" y="10.042640"/>
                        <xy x="-12.000000" y="16.796091"/>
                        <xy x="-8.000000" y="38.264391"/>
                        
                        <xy x="-4.000000" y="71.058166"/>
                        <xy x="0.000000" y="110.000000"/>
                        <xy x="4.000000" y="148.941834"/>
                        <xy x="8.000000" y="181.735609"/>
                        <xy x="12.000000" y="203.203909"/>
                        <xy x="16.000000" y="209.957360"/>
                        
                        <xy x="20.000000" y="200.929743"/>
                        <xy x="24.000000" y="177.546318"/>
                        <xy x="28.000000" y="143.498815"/>
                        <xy x="32.000000" y="104.162586"/>
                        <xy x="36.000000" y="65.747956"/>
                        <xy x="40.000000" y="34.319750"/>
                        
                        <xy x="44.000000" y="14.839793"/>
                        <xy x="48.000000" y="10.383539"/>
                        <xy x="52.000000" y="21.654534"/>
                        <xy x="56.000000" y="46.873336"/>
                        <xy x="60.000000" y="82.058450"/>
                        <xy x="64.000000" y="121.654920"/>
                        
                        <xy x="68.000000" y="159.411335"/>
                        <xy x="72.000000" y="189.366786"/>
                        <xy x="76.000000" y="206.791967"/>
                        <xy x="80.000000" y="208.935825"/>
                        <xy x="84.000000" y="195.459891"/>
                        <xy x="88.000000" y="168.491719"/>
                        
                        <xy x="92.000000" y="132.288991"/>
                        <xy x="96.000000" y="92.567322"/>
                        <xy x="100.000000" y="55.597889"/>
                        <xy x="104.000000" y="27.217353"/>
                        <xy x="108.000000" y="11.906377"/>
                        <xy x="112.000000" y="12.082227"/>
                        
                        <xy x="116.000000" y="27.717141"/>
                        <xy x="120.000000" y="56.342708"/>
                        <xy x="124.000000" y="93.439582"/>
                        <xy x="128.000000" y="133.150983"/>
                        <xy x="132.000000" y="169.207351"/>
                        <xy x="136.000000" y="195.916181"/>
                        
                        <xy x="140.000000" y="209.060736"/>
                        <xy x="144.000000" y="206.565778"/>
                        <xy x="148.000000" y="188.825207"/>
                        <xy x="152.000000" y="158.639869"/>
                        <xy x="156.000000" y="120.775365"/>
                        <xy x="160.000000" y="81.209668"/>
                        
                        <xy x="164.000000" y="46.189332"/>
                        <xy x="168.000000" y="21.243297"/>
                        <xy x="172.000000" y="10.309993"/>
                        <xy x="176.000000" y="15.115550"/>
                        <xy x="180.000000" y="34.901275"/>
                        <xy x="184.000000" y="66.543438"/>
                        
                        <xy x="188.000000" y="105.046436"/>
                        <xy x="192.000000" y="144.331493"/>
                        <xy x="196.000000" y="178.196362"/>
                    </o>
                    
                    
                    <xy x="0.000000" y="0.000000"/>
                    <xy x="0.000000" y="200.000000"/>
                    <xy x="200.000000" y="200.000000"/>
                    <xy x="200.000000" y="0.000000"/>
                </o>
            </derived>
        </o>
        
        <o classname="a2dCanvasObject" flags=" selectable visible draggable shadow filled snap" hitflags=" fill visible"
             transform="matrix( 1.000000 0.000000 0.000000 1.000000 80.000000 -10.000000 )"
            >
            <o classname="wxCanvasTextDc" flags=" selectable visible draggable shadow filled snap" hitflags=" fill visible" fontsize="10.000000" linespace="1.000000" caret="0" caretshow="false" text="Two LineTitle" family="74" style="93" weight="90" alignment="336">
                
                <properties>
                    <o classname="a2dProperty" name="fill" resolveid="1956143">
                        <o classname="a2dOneColourFill" id="1956143" colour="RED">
                        </o>
                    </o>
                    <o classname="a2dProperty" name="stroke" resolveid="1958253">
                        <o classname="a2dOneColourStroke" id="1958253" colour="#000A00">
                        </o>
                    </o>
                </properties>
                
            </o>
            
        </o>
        
        <o classname="a2dPolygonL" flags=" selectable visible draggable shadow filled bin snap" hitflags=" fill visible"
             transform="matrix( 1.000000 0.000000 0.000000 1.000000 1197.906326 -694.259124 )"
             spline="true" points="10">
            
            <properties>
                <o classname="a2dProperty" name="stroke" resolveid="1953105">
                    <o classname="a2dOneColourStroke" id="1953105" colour="#DC0405" width="1.000000">
                    </o>
                </o>
                <o classname="a2dProperty" name="fill" resolveid="1939963">
                    <o classname="a2dOneColourFill" id="1939963" colour="#0004FF">
                    </o>
                </o>
            </properties>
            
            
            <xy x="180.000000" y="-516.000000"/>
            <xy x="1064.000000" y="-220.000000"/>
            <xy x="812.000000" y="-1276.000000"/>
            <xy x="232.000000" y="-1252.000000"/>
            <xy x="872.000000" y="-724.000000"/>
            <xy x="-8.000000" y="-848.000000"/>
            
            <xy x="100.000000" y="-1480.000000"/>
            <xy x="240.000000" y="-1612.000000"/>
            <xy x="-528.000000" y="-428.000000"/>
            <xy x="-272.000000" y="-1456.000000"/>
        </o>
        
        <o classname="a2dPolygonL" flags=" selectable visible draggable shadow filled bin snap" hitflags=" fill visible"
             transform="matrix( 1.000000 0.000000 0.000000 1.000000 1680.000000 200.000000 )"
             points="12">
            
            <properties>
                <o classname="a2dProperty" name="stroke" resolveid="1955269">
                    <o classname="a2dOneColourStroke" id="1955269" colour="#DC0405" width="1.000000">
                    </o>
                </o>
                <o classname="a2dProperty" name="fill" resolveid="1948326">
                    <o classname="a2dOneColourFill" id="1948326" colour="#0004FF">
                    </o>
                </o>
            </properties>
            
            
            <xy x="1416.000000" y="-728.000000"/>
            <xy x="1512.000000" y="-1492.000000"/>
            <xy x="724.000000" y="-1524.000000"/>
            <xy x="596.000000" y="-1124.000000"/>
            <xy x="1412.000000" y="-1076.000000"/>
            <xy x="1440.000000" y="-1560.000000"/>
            
            <xy x="320.000000" y="-1668.000000"/>
            <xy x="48.000000" y="-684.000000"/>
            <xy x="1144.000000" y="-408.000000"/>
            <xy x="1456.000000" y="-144.000000"/>
            <xy x="540.000000" y="-36.000000"/>
            <xy x="528.000000" y="-240.000000"/>
        </o>
        
        <o classname="a2dPolylineL" flags=" selectable visible draggable shadow filled bin snap" hitflags=" fill visible" spline="true" points="7">
            
            <properties>
                <o classname="a2dProperty" name="stroke" resolveid="1926517">
                    <o classname="a2dOneColourStroke" id="1926517" colour="#DC0405" width="1.000000">
                    </o>
                </o>
                <o classname="a2dProperty" name="fill" resolveid="1940550">
                    <o classname="a2dOneColourFill" id="1940550" colour="#0004FF">
                    </o>
                </o>
            </properties>
            
            
            <xy x="-132.000000" y="-1280.000000"/>
            <xy x="448.000000" y="-360.000000"/>
            <xy x="1052.000000" y="-1340.000000"/>
            <xy x="-96.000000" y="-2192.000000"/>
            <xy x="564.000000" y="-2568.000000"/>
            <xy x="1044.000000" y="-1720.000000"/>
            
            <xy x="1672.000000" y="-2236.000000"/>
        </o>
        
        <o classname="a2dPolylineL" flags=" selectable visible draggable shadow filled bin snap" hitflags=" fill visible"
             transform="matrix( 1.000000 0.000000 0.000000 1.000000 -507.996350 273.536496 )"
             spline="true" points="8">
            
            <properties>
                <o classname="a2dProperty" name="stroke" resolveid="1945531">
                    <o classname="a2dOneColourStroke" id="1945531" colour="#DC0405" width="100.000000">
                    </o>
                </o>
                <o classname="a2dProperty" name="fill" resolveid="1902866">
                    <o classname="a2dOneColourFill" id="1902866" colour="#0004FF">
                    </o>
                </o>
            </properties>
            
            
            <xy x="1332.000000" y="-1152.000000"/>
            <xy x="2228.000000" y="-972.000000"/>
            <xy x="1976.000000" y="-1268.000000"/>
            <xy x="1388.000000" y="-1848.000000"/>
            <xy x="2208.000000" y="-2292.000000"/>
            <xy x="1488.000000" y="-2800.000000"/>
            
            <xy x="804.000000" y="-2556.000000"/>
            <xy x="444.000000" y="-2780.000000"/>
        </o>
        
        <o classname="a2dPolylineL" flags=" selectable visible draggable shadow filled bin snap" hitflags=" fill visible" points="3">
            
            <properties>
                <o classname="a2dProperty" name="stroke" resolveid="1944330">
                    <o classname="a2dOneColourStroke" id="1944330" colour="#DC0405" width="100.000000">
                    </o>
                </o>
                <o classname="a2dProperty" name="fill" resolveid="1904450">
                    <o classname="a2dOneColourFill" id="1904450" colour="#0004FF">
                    </o>
                </o>
            </properties>
            
            
            <xy x="756.000000" y="104.000000"/>
            <xy x="2068.000000" y="-460.000000"/>
            <xy x="1376.000000" y="-816.000000"/>
        </o>
        
    </o>
</cvg>