<?xml version="1.0" encoding="UTF-8" standalone="yes"?>

<cvg classname="wxCanvasDocument">
    <title>curves.cvg</title>
    <desc>wxCanvasDocument generated by wxCANVAS</desc>
    <canvasobject classname="wxCanvasLayers" id="305" flags=" selectable visible draggable shadow filled bin" hitflags=" visible">
        <canvasobject classname="wxLayerInfo" id="306" flags=" selectable visible draggable shadow filled bin" hitflags=" visible" visible="true" selectable="true" available="true" readlayer="true" inmap="0" outmap="0" order="0">
            
            <properties>
                <property classname="wxCanvasOneColourFill" name="307" colour="BLACK">
                </property>
                <property classname="wxCanvasOneColourStroke" name="308" colour="CYAN" pixelwidth="true">
                </property>
                <property classname="wxCanvasStringProperty" name="__NAME__" value="layer default">
                </property>
            </properties>
            
        </canvasobject>
        
        <canvasobject classname="wxLayerInfo" id="310" layer="2" flags=" selectable visible draggable shadow filled bin" hitflags=" visible" visible="true" selectable="true" available="false" readlayer="true" inmap="2" outmap="2" order="2">
            
            <properties>
                <property classname="wxCanvasOneColourFill" name="311" style="1">
                </property>
                <property classname="wxCanvasOneColourStroke" name="312" colour="RED" pixelwidth="true">
                </property>
                <property classname="wxCanvasStringProperty" name="__NAME__" value="layer wires">
                </property>
            </properties>
            
        </canvasobject>
        
        <canvasobject classname="wxLayerInfo" id="314" layer="3" flags=" selectable visible draggable shadow filled bin" hitflags=" visible" visible="true" selectable="true" available="false" readlayer="true" inmap="3" outmap="3" order="3">
            
            <properties>
                <property classname="wxCanvasOneColourFill" name="315" style="1">
                </property>
                <property classname="wxCanvasOneColourStroke" name="316" colour="RED" pixelwidth="true">
                </property>
                <property classname="wxCanvasStringProperty" name="__NAME__" value="layer symbol">
                </property>
            </properties>
            
        </canvasobject>
        
        <canvasobject classname="wxLayerInfo" id="318" layer="5" flags=" selectable visible draggable shadow filled bin" hitflags=" visible" visible="true" selectable="true" available="false" readlayer="true" inmap="5" outmap="5" order="5">
            
            <properties>
                <property classname="wxCanvasStringProperty" name="__NAME__" value="layer 5">
                </property>
                <property classname="wxCanvasOneColourStroke" name="320" colour="RED" pixelwidth="true">
                </property>
                <property classname="wxCanvasOneColourFill" name="321" colour="BLACK">
                </property>
            </properties>
            
        </canvasobject>
        
        <canvasobject classname="wxLayerInfo" id="322" layer="6" flags=" selectable visible draggable shadow filled bin" hitflags=" visible" visible="true" selectable="true" available="false" readlayer="true" inmap="6" outmap="6" order="6">
            
            <properties>
                <property classname="wxCanvasStringProperty" name="__NAME__" value="layer 6">
                </property>
                <property classname="wxCanvasOneColourStroke" name="324" colour="RED" pixelwidth="true">
                </property>
                <property classname="wxCanvasOneColourFill" name="325" colour="BLACK">
                </property>
            </properties>
            
        </canvasobject>
        
        <canvasobject classname="wxLayerInfo" id="326" layer="7" flags=" selectable visible draggable shadow filled bin" hitflags=" visible" visible="true" selectable="true" available="false" readlayer="true" inmap="7" outmap="7" order="7">
            
            <properties>
                <property classname="wxCanvasStringProperty" name="__NAME__" value="layer 7">
                </property>
                <property classname="wxCanvasOneColourStroke" name="328" colour="RED" pixelwidth="true">
                </property>
                <property classname="wxCanvasOneColourFill" name="329" colour="BLACK">
                </property>
            </properties>
            
        </canvasobject>
        
        <canvasobject classname="wxLayerInfo" id="330" layer="8" flags=" selectable visible draggable shadow filled bin" hitflags=" visible" visible="true" selectable="true" available="false" readlayer="true" inmap="8" outmap="8" order="8">
            
            <properties>
                <property classname="wxCanvasStringProperty" name="__NAME__" value="layer 8">
                </property>
                <property classname="wxCanvasOneColourStroke" name="332" colour="RED" pixelwidth="true">
                </property>
                <property classname="wxCanvasOneColourFill" name="333" colour="BLACK">
                </property>
            </properties>
            
        </canvasobject>
        
        <canvasobject classname="wxLayerInfo" id="334" layer="9" flags=" selectable visible draggable shadow filled bin" hitflags=" visible" visible="true" selectable="true" available="false" readlayer="true" inmap="9" outmap="9" order="9">
            
            <properties>
                <property classname="wxCanvasStringProperty" name="__NAME__" value="layer 9">
                </property>
                <property classname="wxCanvasOneColourStroke" name="336" colour="RED" pixelwidth="true">
                </property>
                <property classname="wxCanvasOneColourFill" name="337" colour="BLACK">
                </property>
            </properties>
            
        </canvasobject>
        
        <canvasobject classname="wxLayerInfo" id="338" layer="10" flags=" selectable visible draggable shadow filled bin" hitflags=" visible" visible="true" selectable="true" available="false" readlayer="true" inmap="10" outmap="10" order="10">
            
            <properties>
                <property classname="wxCanvasStringProperty" name="__NAME__" value="layer 10">
                </property>
                <property classname="wxCanvasOneColourStroke" name="340" colour="RED" pixelwidth="true">
                </property>
                <property classname="wxCanvasOneColourFill" name="341" colour="BLACK">
                </property>
            </properties>
            
        </canvasobject>
        
        <canvasobject classname="wxLayerInfo" id="342" layer="11" flags=" selectable visible draggable shadow filled bin" hitflags=" visible" visible="true" selectable="true" available="false" readlayer="true" inmap="11" outmap="11" order="11">
            
            <properties>
                <property classname="wxCanvasStringProperty" name="__NAME__" value="layer 11">
                </property>
                <property classname="wxCanvasOneColourStroke" name="344" colour="RED" pixelwidth="true">
                </property>
                <property classname="wxCanvasOneColourFill" name="345" colour="BLACK">
                </property>
            </properties>
            
        </canvasobject>
        
        <canvasobject classname="wxLayerInfo" id="346" layer="12" flags=" selectable visible draggable shadow filled bin" hitflags=" visible" visible="true" selectable="true" available="false" readlayer="true" inmap="12" outmap="12" order="12">
            
            <properties>
                <property classname="wxCanvasStringProperty" name="__NAME__" value="layer 12">
                </property>
                <property classname="wxCanvasOneColourStroke" name="348" colour="RED" pixelwidth="true">
                </property>
                <property classname="wxCanvasOneColourFill" name="349" colour="BLACK">
                </property>
            </properties>
            
        </canvasobject>
        
        <canvasobject classname="wxLayerInfo" id="350" layer="13" flags=" selectable visible draggable shadow filled bin" hitflags=" visible" visible="true" selectable="true" available="false" readlayer="true" inmap="13" outmap="13" order="13">
            
            <properties>
                <property classname="wxCanvasStringProperty" name="__NAME__" value="layer 13">
                </property>
                <property classname="wxCanvasOneColourStroke" name="352" colour="RED" pixelwidth="true">
                </property>
                <property classname="wxCanvasOneColourFill" name="353" colour="BLACK">
                </property>
            </properties>
            
        </canvasobject>
        
        <canvasobject classname="wxLayerInfo" id="354" layer="14" flags=" selectable visible draggable shadow filled bin" hitflags=" visible" visible="true" selectable="true" available="false" readlayer="true" inmap="14" outmap="14" order="14">
            
            <properties>
                <property classname="wxCanvasStringProperty" name="__NAME__" value="layer 14">
                </property>
                <property classname="wxCanvasOneColourStroke" name="356" colour="RED" pixelwidth="true">
                </property>
                <property classname="wxCanvasOneColourFill" name="357" colour="BLACK">
                </property>
            </properties>
            
        </canvasobject>
        
        <canvasobject classname="wxLayerInfo" id="358" layer="15" flags=" selectable visible draggable shadow filled bin" hitflags=" visible" visible="true" selectable="true" available="false" readlayer="true" inmap="15" outmap="15" order="15">
            
            <properties>
                <property classname="wxCanvasStringProperty" name="__NAME__" value="layer 15">
                </property>
                <property classname="wxCanvasOneColourStroke" name="360" colour="RED" pixelwidth="true">
                </property>
                <property classname="wxCanvasOneColourFill" name="361" colour="BLACK">
                </property>
            </properties>
            
        </canvasobject>
        
        <canvasobject classname="wxLayerInfo" id="362" layer="16" flags=" selectable visible draggable shadow filled bin" hitflags=" visible" visible="true" selectable="true" available="false" readlayer="true" inmap="16" outmap="16" order="16">
            
            <properties>
                <property classname="wxCanvasStringProperty" name="__NAME__" value="layer 16">
                </property>
                <property classname="wxCanvasOneColourStroke" name="364" colour="RED" pixelwidth="true">
                </property>
                <property classname="wxCanvasOneColourFill" name="365" colour="BLACK">
                </property>
            </properties>
            
        </canvasobject>
        
        <canvasobject classname="wxLayerInfo" id="366" layer="17" flags=" selectable visible draggable shadow filled bin" hitflags=" visible" visible="true" selectable="true" available="false" readlayer="true" inmap="17" outmap="17" order="17">
            
            <properties>
                <property classname="wxCanvasStringProperty" name="__NAME__" value="layer 17">
                </property>
                <property classname="wxCanvasOneColourStroke" name="368" colour="RED" pixelwidth="true">
                </property>
                <property classname="wxCanvasOneColourFill" name="369" colour="BLACK">
                </property>
            </properties>
            
        </canvasobject>
        
        <canvasobject classname="wxLayerInfo" id="370" layer="18" flags=" selectable visible draggable shadow filled bin" hitflags=" visible" visible="true" selectable="true" available="false" readlayer="true" inmap="18" outmap="18" order="18">
            
            <properties>
                <property classname="wxCanvasStringProperty" name="__NAME__" value="layer 18">
                </property>
                <property classname="wxCanvasOneColourStroke" name="372" colour="RED" pixelwidth="true">
                </property>
                <property classname="wxCanvasOneColourFill" name="373" colour="BLACK">
                </property>
            </properties>
            
        </canvasobject>
        
        <canvasobject classname="wxLayerInfo" id="374" layer="19" flags=" selectable visible draggable shadow filled bin" hitflags=" visible" visible="true" selectable="true" available="false" readlayer="true" inmap="19" outmap="19" order="19">
            
            <properties>
                <property classname="wxCanvasStringProperty" name="__NAME__" value="layer 19">
                </property>
                <property classname="wxCanvasOneColourStroke" name="376" colour="RED" pixelwidth="true">
                </property>
                <property classname="wxCanvasOneColourFill" name="377" colour="BLACK">
                </property>
            </properties>
            
        </canvasobject>
        
        <canvasobject classname="wxLayerInfo" id="378" layer="20" flags=" selectable visible draggable shadow filled bin" hitflags=" visible" visible="true" selectable="true" available="false" readlayer="true" inmap="20" outmap="20" order="20">
            
            <properties>
                <property classname="wxCanvasStringProperty" name="__NAME__" value="layer 20">
                </property>
                <property classname="wxCanvasOneColourStroke" name="380" colour="RED" pixelwidth="true">
                </property>
                <property classname="wxCanvasOneColourFill" name="381" colour="BLACK">
                </property>
            </properties>
            
        </canvasobject>
        
        <canvasobject classname="wxLayerInfo" id="382" layer="21" flags=" selectable visible draggable shadow filled bin" hitflags=" visible" visible="true" selectable="true" available="false" readlayer="true" inmap="21" outmap="21" order="21">
            
            <properties>
                <property classname="wxCanvasStringProperty" name="__NAME__" value="layer 21">
                </property>
                <property classname="wxCanvasOneColourStroke" name="384" colour="RED" pixelwidth="true">
                </property>
                <property classname="wxCanvasOneColourFill" name="385" colour="BLACK">
                </property>
            </properties>
            
        </canvasobject>
        
        <canvasobject classname="wxLayerInfo" id="386" layer="22" flags=" selectable visible draggable shadow filled bin" hitflags=" visible" visible="true" selectable="true" available="false" readlayer="true" inmap="22" outmap="22" order="22">
            
            <properties>
                <property classname="wxCanvasStringProperty" name="__NAME__" value="layer 22">
                </property>
                <property classname="wxCanvasOneColourStroke" name="388" colour="RED" pixelwidth="true">
                </property>
                <property classname="wxCanvasOneColourFill" name="389" colour="BLACK">
                </property>
            </properties>
            
        </canvasobject>
        
        <canvasobject classname="wxLayerInfo" id="390" layer="23" flags=" selectable visible draggable shadow filled bin" hitflags=" visible" visible="true" selectable="true" available="false" readlayer="true" inmap="23" outmap="23" order="23">
            
            <properties>
                <property classname="wxCanvasStringProperty" name="__NAME__" value="layer 23">
                </property>
                <property classname="wxCanvasOneColourStroke" name="392" colour="RED" pixelwidth="true">
                </property>
                <property classname="wxCanvasOneColourFill" name="393" colour="BLACK">
                </property>
            </properties>
            
        </canvasobject>
        
        <canvasobject classname="wxLayerInfo" id="394" layer="24" flags=" selectable visible draggable shadow filled bin" hitflags=" visible" visible="true" selectable="true" available="false" readlayer="true" inmap="24" outmap="24" order="24">
            
            <properties>
                <property classname="wxCanvasStringProperty" name="__NAME__" value="layer 24">
                </property>
                <property classname="wxCanvasOneColourStroke" name="396" colour="RED" pixelwidth="true">
                </property>
                <property classname="wxCanvasOneColourFill" name="397" colour="BLACK">
                </property>
            </properties>
            
        </canvasobject>
        
        <canvasobject classname="wxLayerInfo" id="398" layer="25" flags=" selectable visible draggable shadow filled bin" hitflags=" visible" visible="true" selectable="true" available="false" readlayer="true" inmap="25" outmap="25" order="25">
            
            <properties>
                <property classname="wxCanvasStringProperty" name="__NAME__" value="layer 25">
                </property>
                <property classname="wxCanvasOneColourStroke" name="400" colour="RED" pixelwidth="true">
                </property>
                <property classname="wxCanvasOneColourFill" name="401" colour="BLACK">
                </property>
            </properties>
            
        </canvasobject>
        
        <canvasobject classname="wxLayerInfo" id="402" layer="26" flags=" selectable visible draggable shadow filled bin" hitflags=" visible" visible="true" selectable="true" available="false" readlayer="true" inmap="26" outmap="26" order="26">
            
            <properties>
                <property classname="wxCanvasStringProperty" name="__NAME__" value="layer 26">
                </property>
                <property classname="wxCanvasOneColourStroke" name="404" colour="RED" pixelwidth="true">
                </property>
                <property classname="wxCanvasOneColourFill" name="405" colour="BLACK">
                </property>
            </properties>
            
        </canvasobject>
        
        <canvasobject classname="wxLayerInfo" id="406" layer="27" flags=" selectable visible draggable shadow filled bin" hitflags=" visible" visible="true" selectable="true" available="false" readlayer="true" inmap="27" outmap="27" order="27">
            
            <properties>
                <property classname="wxCanvasStringProperty" name="__NAME__" value="layer 27">
                </property>
                <property classname="wxCanvasOneColourStroke" name="408" colour="RED" pixelwidth="true">
                </property>
                <property classname="wxCanvasOneColourFill" name="409" colour="BLACK">
                </property>
            </properties>
            
        </canvasobject>
        
        <canvasobject classname="wxLayerInfo" id="410" layer="28" flags=" selectable visible draggable shadow filled bin" hitflags=" visible" visible="true" selectable="true" available="false" readlayer="true" inmap="28" outmap="28" order="28">
            
            <properties>
                <property classname="wxCanvasStringProperty" name="__NAME__" value="layer 28">
                </property>
                <property classname="wxCanvasOneColourStroke" name="412" colour="RED" pixelwidth="true">
                </property>
                <property classname="wxCanvasOneColourFill" name="413" colour="BLACK">
                </property>
            </properties>
            
        </canvasobject>
        
        <canvasobject classname="wxLayerInfo" id="414" layer="29" flags=" selectable visible draggable shadow filled bin" hitflags=" visible" visible="true" selectable="true" available="false" readlayer="true" inmap="29" outmap="29" order="29">
            
            <properties>
                <property classname="wxCanvasStringProperty" name="__NAME__" value="layer 29">
                </property>
                <property classname="wxCanvasOneColourStroke" name="416" colour="RED" pixelwidth="true">
                </property>
                <property classname="wxCanvasOneColourFill" name="417" colour="BLACK">
                </property>
            </properties>
            
        </canvasobject>
        
    </canvasobject>
    <canvasobject classname="wxCanvasObject" id="304" flags=" selectable visible draggable shadow filled bin" hitflags=" visible">
        <canvasobject classname="wxCanvasPlot" id="419" flags=" selectable visible draggable shadow filled bin" hitflags=" visible"
             transform="matrix( 1.000000 0.000000 0.000000 1.000000 100.000000 150.000000 )"
             autoPlace="true" topPadding="2.200000" bottomPadding="2.200000" leftPadding="2.384000" rightPadding="0.000000"
             showgrid="true" showtics="true" showxaxis="true" showyaxis="true"
             ticx="0.000000" ticy="0.000000" ticheight="0.000000" tictextheight="0.000000" sidetic="true"
             xmin="0.000000" ymin="0.000000" xmax="200.000000" ymax="200.000000"
             formatx="x=%3.0f" formaty="y=%3.0f"
             ixmin="0.000000" iymin="0.000000" ixmax="400.000000" iymax="400.000000">
            <property classname="wxCanvasOneColourStroke" name="432" colour="#EF7A05" pixelwidth="true" width="2.000000">
            </property>
            <property classname="wxCanvasOneColourStroke" name="421" colour="BLACK">
            </property>
            <property classname="wxCanvasOneColourStroke" name="431" colour="#7F7F7F" pixelwidth="true" style="5">
            </property>
            <property classname="wxCanvasOneColourStroke" name="423" colour="BLACK">
            </property>
            <property classname="wxCanvasOneColourFill" name="430" colour="#E9FAFA">
            </property>
            <canvasobject classname="wxCanvasPolygonLClipper" id="426" flags=" selectable visible draggable shadow filled bin" hitflags=" visible"
                 transform="matrix( 0.500000 0.000000 0.000000 0.500000 0.000000 0.000000 )"
                 points="4">
                
                <xy x="0.000000" y="0.000000">
                </xy>
                <xy x="0.000000" y="200.000000">
                </xy>
                <xy x="200.000000" y="200.000000">
                </xy>
                <xy x="200.000000" y="0.000000">
                </xy>
                <canvasobject classname="wxCanvasVertexCurve" id="455" flags=" selectable visible draggable shadow filled bin" hitflags=" visible" points="10" rendermode="-842150451">
                    
                    <xy x="70.000000" y="140.000000">
                    </xy>
                    <xy x="80.000000" y="130.000000">
                    </xy>
                    <xy x="90.000000" y="120.000000">
                    </xy>
                    <xy x="100.000000" y="110.000000">
                    </xy>
                    <xy x="110.000000" y="110.000000">
                    </xy>
                    <xy x="150.000000" y="140.000000">
                    </xy>
                    
                    <xy x="160.000000" y="150.000000">
                    </xy>
                    <xy x="170.000000" y="160.000000">
                    </xy>
                    <xy x="210.000000" y="210.000000">
                    </xy>
                    <xy x="215.000000" y="196.000000">
                    </xy>
                    
                    <properties>
                        <property classname="wxCanvasStringProperty" name="__NAME__" value="curve1">
                        </property>
                        <property classname="wxCanvasOneColourStroke" name="456" colour="CORAL" pixelwidth="true" style="5">
                        </property>
                    </properties>
                    
                    <canvasobject classname="wxCanvasTextDc" id="458" flags=" selectable visible draggable shadow filled bin" hitflags=" visible"
                         transform="matrix( 1.000000 0.000000 0.000000 1.000000 100.000000 114.000000 )"
                         fontsize="8.000000" linespace="0.800000" caret="0" caretshow="false" text="curve 1" family="74" style="90" weight="90">
                    </canvasobject>
                    
                </canvasobject>
                
                <canvasobject classname="wxCanvasMarker" id="462" flags=" selectable visible draggable shadow filled bin" hitflags=" visible"
                     transform="matrix( 1.000000 0.000000 0.000000 1.000000 150.000000 140.000000 )"
                     l1="12.000000" l2="10.000000" b="10.000000" curvename="curve1">
                    
                    <properties>
                        <property classname="wxCanvasOneColourStroke" name="463" colour="RED">
                        </property>
                    </properties>
                    
                </canvasobject>
                
                <canvasobject classname="wxCanvasMarker" id="483" flags=" selectable visible draggable shadow filled bin" hitflags=" visible"
                     transform="matrix( 1.000000 0.000000 0.000000 1.000000 40.000000 140.000000 )"
                     l1="12.000000" l2="10.000000" b="10.000000" curvename="curve1">
                    
                    <properties>
                        <property classname="wxCanvasOneColourFill" name="485" colour="#00FF9B">
                        </property>
                        <property classname="wxCanvasOneColourStroke" name="484" colour="#194600">
                        </property>
                    </properties>
                    
                </canvasobject>
                
                <canvasobject classname="wxCanvasVertexCurve" id="507" flags=" selectable visible draggable shadow filled bin" hitflags=" visible" points="9" rendermode="-842150451">
                    
                    <xy x="70.000000" y="100.000000">
                    </xy>
                    <xy x="80.000000" y="150.000000">
                    </xy>
                    <xy x="90.000000" y="130.000000">
                    </xy>
                    <xy x="100.000000" y="120.000000">
                    </xy>
                    <xy x="110.000000" y="130.000000">
                    </xy>
                    <xy x="150.000000" y="150.000000">
                    </xy>
                    
                    <xy x="160.000000" y="160.000000">
                    </xy>
                    <xy x="170.000000" y="170.000000">
                    </xy>
                    <xy x="210.000000" y="180.000000">
                    </xy>
                    
                    <properties>
                        <property classname="wxCanvasStringProperty" name="__NAME__" value="curve2">
                        </property>
                        <property classname="wxCanvasOneColourStroke" name="508" colour="#FF0100" pixelwidth="true" width="2.000000" style="2">
                        </property>
                    </properties>
                    
                </canvasobject>
                
                <canvasobject classname="wxCanvasMarker" id="512" flags=" selectable visible draggable shadow filled bin" hitflags=" visible"
                     transform="matrix( 1.000000 0.000000 0.000000 1.000000 120.000000 135.000000 )"
                     l1="12.000000" l2="10.000000" b="10.000000" curvename="curve2">
                    
                    <properties>
                        <property classname="wxCanvasOneColourFill" name="514" colour="GREEN">
                        </property>
                        <property classname="wxCanvasOneColourStroke" name="513" colour="RED">
                        </property>
                    </properties>
                    
                </canvasobject>
                
            </canvasobject>
            
            <properties>
                <property classname="wxCanvasOneColourStroke" name="429" colour="#EF0000" pixelwidth="true">
                </property>
                <property classname="wxCanvasOneColourFill" name="428" colour="#42F7F7">
                </property>
            </properties>
            
            <canvasobject classname="wxCanvasTextDc" id="446" flags=" selectable visible shadow filled bin" hitflags=" visible"
                 transform="matrix( 1.000000 0.000000 0.000000 1.000000 59.350000 228.000000 )"
                 fontsize="10.000000" linespace="1.000000" caret="0" caretshow="false" text="Two LineTitle" family="74" style="93" weight="90">
                
                <properties>
                    <property classname="wxCanvasStringProperty" name="__NAME__" value="__TITLE__">
                    </property>
                    <property classname="wxCanvasOneColourStroke" name="448" colour="#000A00">
                    </property>
                    <property classname="wxCanvasOneColourFill" name="447" colour="RED">
                    </property>
                </properties>
                
            </canvasobject>
            
            <canvasobject classname="wxCanvasTextDc" id="438" flags=" selectable visible shadow filled bin" hitflags=" visible"
                 transform="matrix( 1.000000 0.000000 0.000000 1.000000 93.070000 -20.395000 )"
                 fontsize="5.500000" linespace="0.000000" caret="0" caretshow="false" text="time" family="74" style="90" weight="90">
                
                <properties>
                    <property classname="wxCanvasStringProperty" name="__NAME__" value="__XLABEL__">
                    </property>
                </properties>
                
            </canvasobject>
            
            <canvasobject classname="wxCanvasTextDc" id="442" flags=" selectable visible shadow filled bin" hitflags=" visible"
                 transform="matrix( 1.000000 0.000000 0.000000 1.000000 -45.234000 105.102500 )"
                 fontsize="5.500000" linespace="0.000000" caret="0" caretshow="false" text="voltage" family="74" style="90" weight="90">
                
                <properties>
                    <property classname="wxCanvasStringProperty" name="__NAME__" value="__YLABEL__">
                    </property>
                </properties>
                
            </canvasobject>
            
        </canvasobject>
        
        <canvasobject classname="wxCanvasTextDc" id="452" flags=" selectable visible draggable shadow filled bin" hitflags=" visible"
             transform="matrix( 1.000000 0.000000 0.000000 1.000000 20.000000 30.000000 )"
             fontsize="8.000000" linespace="0.800000" caret="0" caretshow="false" text="Normal Text does
  not transform" family="74" style="93" weight="90">
            
            <properties>
                <property classname="wxCanvasOneColourStroke" name="453" colour="#DC0AC8">
                </property>
                <property classname="wxCanvasOneColourFill" name="102" style="1">
                </property>
            </properties>
            
        </canvasobject>
        
        <canvasobject classname="wxCanvasMarkerShow" id="465" flags=" selectable visible draggable shadow filled bin" hitflags=" visible"
             transform="matrix( 1.000000 0.000000 0.000000 1.000000 80.000000 120.000000 )"
            >
            <canvasobject classname="wxCanvasTextDc" id="467" flags=" selectable visible shadow filled bin" hitflags=" visible" fontsize="10.000000" linespace="1.000000" caret="0" caretshow="false" text="Time =" family="74" style="90" weight="90">
                
                <properties>
                    <property classname="wxCanvasStringProperty" name="__NAME__" value="__XLABEL__">
                    </property>
                </properties>
                
            </canvasobject>
            
            <canvasobject classname="wxCanvasTextDc" id="471" flags=" selectable visible shadow filled bin" hitflags=" visible"
                 transform="matrix( 1.000000 0.000000 0.000000 1.000000 0.000000 -17.880000 )"
                 fontsize="10.000000" linespace="1.000000" caret="0" caretshow="false" text="Voltage =" family="74" style="90" weight="90">
                
                <properties>
                    <property classname="wxCanvasStringProperty" name="__NAME__" value="__YLABEL__">
                    </property>
                </properties>
                
            </canvasobject>
            
            <canvasobject classname="wxCanvasTextDc" id="475" flags=" selectable visible shadow filled bin" hitflags=" visible"
                 transform="matrix( 1.000000 0.000000 0.000000 1.000000 41.100000 0.000000 )"
                 fontsize="10.000000" linespace="1.000000" caret="0" caretshow="false" text="150.00" family="74" style="90" weight="90">
                
                <properties>
                    <property classname="wxCanvasStringProperty" name="__NAME__" value="__XTEXT__">
                    </property>
                </properties>
                
            </canvasobject>
            
            <canvasobject classname="wxCanvasTextDc" id="479" flags=" selectable visible shadow filled bin" hitflags=" visible"
                 transform="matrix( 1.000000 0.000000 0.000000 1.000000 56.700000 -17.880000 )"
                 fontsize="10.000000" linespace="1.000000" caret="0" caretshow="false" text="140.00" family="74" style="90" weight="90">
                
                <properties>
                    <property classname="wxCanvasStringProperty" name="__NAME__" value="__YTEXT__">
                    </property>
                </properties>
                
            </canvasobject>
            
        </canvasobject>
        
        <canvasobject classname="wxCanvasMarkerShow" id="487" flags=" selectable visible draggable shadow filled bin" hitflags=" visible"
             transform="matrix( 1.000000 0.000000 0.000000 1.000000 240.000000 120.000000 )"
            >
            
            <properties>
                <property classname="wxCanvasOneColourFill" name="505" colour="#00FF9B">
                </property>
                <property classname="wxCanvasOneColourStroke" name="504" colour="#194600">
                </property>
            </properties>
            
            <canvasobject classname="wxCanvasTextDc" id="489" flags=" selectable visible shadow filled bin" hitflags=" visible" fontsize="10.000000" linespace="1.000000" caret="0" caretshow="false" text="Time =" family="74" style="90" weight="90">
                
                <properties>
                    <property classname="wxCanvasOneColourFill" name="505" colour="#00FF9B">
                    </property>
                    <property classname="wxCanvasOneColourStroke" name="504" colour="#194600">
                    </property>
                    <property classname="wxCanvasStringProperty" name="__NAME__" value="__XLABEL__">
                    </property>
                </properties>
                
            </canvasobject>
            
            <canvasobject classname="wxCanvasTextDc" id="493" flags=" selectable visible shadow filled bin" hitflags=" visible"
                 transform="matrix( 1.000000 0.000000 0.000000 1.000000 0.000000 -17.880000 )"
                 fontsize="10.000000" linespace="1.000000" caret="0" caretshow="false" text="Voltage =" family="74" style="90" weight="90">
                
                <properties>
                    <property classname="wxCanvasOneColourFill" name="505" colour="#00FF9B">
                    </property>
                    <property classname="wxCanvasOneColourStroke" name="504" colour="#194600">
                    </property>
                    <property classname="wxCanvasStringProperty" name="__NAME__" value="__YLABEL__">
                    </property>
                </properties>
                
            </canvasobject>
            
            <canvasobject classname="wxCanvasTextDc" id="497" flags=" selectable visible shadow filled bin" hitflags=" visible"
                 transform="matrix( 1.000000 0.000000 0.000000 1.000000 41.100000 0.000000 )"
                 fontsize="10.000000" linespace="1.000000" caret="0" caretshow="false" text=" 40.0" family="74" style="90" weight="90">
                
                <properties>
                    <property classname="wxCanvasOneColourFill" name="505" colour="#00FF9B">
                    </property>
                    <property classname="wxCanvasOneColourStroke" name="504" colour="#194600">
                    </property>
                    <property classname="wxCanvasStringProperty" name="__NAME__" value="__XTEXT__">
                    </property>
                </properties>
                
            </canvasobject>
            
            <canvasobject classname="wxCanvasTextDc" id="501" flags=" selectable visible shadow filled bin" hitflags=" visible"
                 transform="matrix( 1.000000 0.000000 0.000000 1.000000 56.700000 -17.880000 )"
                 fontsize="10.000000" linespace="1.000000" caret="0" caretshow="false" text="140.0" family="74" style="90" weight="90">
                
                <properties>
                    <property classname="wxCanvasOneColourFill" name="505" colour="#00FF9B">
                    </property>
                    <property classname="wxCanvasOneColourStroke" name="504" colour="#194600">
                    </property>
                    <property classname="wxCanvasStringProperty" name="__NAME__" value="__YTEXT__">
                    </property>
                </properties>
                
            </canvasobject>
            
        </canvasobject>
        
        <canvasobject classname="wxCanvasMarkerShow" id="516" flags=" selectable visible draggable shadow filled bin" hitflags=" visible"
             transform="matrix( 1.000000 0.000000 0.000000 1.000000 80.000000 90.000000 )"
            >
            
            <properties>
                <property classname="wxCanvasOneColourFill" name="534" colour="GREEN">
                </property>
                <property classname="wxCanvasOneColourStroke" name="533" colour="RED">
                </property>
            </properties>
            
            <canvasobject classname="wxCanvasTextDc" id="518" flags=" selectable visible shadow filled bin" hitflags=" visible" fontsize="10.000000" linespace="1.000000" caret="0" caretshow="false" text="Time =" family="74" style="90" weight="90">
                
                <properties>
                    <property classname="wxCanvasOneColourFill" name="534" colour="GREEN">
                    </property>
                    <property classname="wxCanvasOneColourStroke" name="533" colour="RED">
                    </property>
                    <property classname="wxCanvasStringProperty" name="__NAME__" value="__XLABEL__">
                    </property>
                </properties>
                
            </canvasobject>
            
            <canvasobject classname="wxCanvasTextDc" id="522" flags=" selectable visible shadow filled bin" hitflags=" visible"
                 transform="matrix( 1.000000 0.000000 0.000000 1.000000 0.000000 -17.880000 )"
                 fontsize="10.000000" linespace="1.000000" caret="0" caretshow="false" text="Voltage =" family="74" style="90" weight="90">
                
                <properties>
                    <property classname="wxCanvasOneColourFill" name="534" colour="GREEN">
                    </property>
                    <property classname="wxCanvasOneColourStroke" name="533" colour="RED">
                    </property>
                    <property classname="wxCanvasStringProperty" name="__NAME__" value="__YLABEL__">
                    </property>
                </properties>
                
            </canvasobject>
            
            <canvasobject classname="wxCanvasTextDc" id="526" flags=" selectable visible shadow filled bin" hitflags=" visible"
                 transform="matrix( 1.000000 0.000000 0.000000 1.000000 41.100000 0.000000 )"
                 fontsize="10.000000" linespace="1.000000" caret="0" caretshow="false" text="120.0" family="74" style="90" weight="90">
                
                <properties>
                    <property classname="wxCanvasOneColourFill" name="534" colour="GREEN">
                    </property>
                    <property classname="wxCanvasOneColourStroke" name="533" colour="RED">
                    </property>
                    <property classname="wxCanvasStringProperty" name="__NAME__" value="__XTEXT__">
                    </property>
                </properties>
                
            </canvasobject>
            
            <canvasobject classname="wxCanvasTextDc" id="530" flags=" selectable visible shadow filled bin" hitflags=" visible"
                 transform="matrix( 1.000000 0.000000 0.000000 1.000000 56.700000 -17.880000 )"
                 fontsize="10.000000" linespace="1.000000" caret="0" caretshow="false" text="135.0" family="74" style="90" weight="90">
                
                <properties>
                    <property classname="wxCanvasOneColourFill" name="534" colour="GREEN">
                    </property>
                    <property classname="wxCanvasOneColourStroke" name="533" colour="RED">
                    </property>
                    <property classname="wxCanvasStringProperty" name="__NAME__" value="__YTEXT__">
                    </property>
                </properties>
                
            </canvasobject>
            
        </canvasobject>
        
        <canvasobject classname="wxCanvasPlot" id="536" flags=" selectable visible draggable shadow filled bin" hitflags=" visible"
             transform="matrix( 1.000000 0.000000 0.000000 1.000000 400.000000 150.000000 )"
             autoPlace="true" topPadding="2.200000" bottomPadding="2.200000" leftPadding="2.384000" rightPadding="0.000000"
             showgrid="true" showtics="true" showxaxis="true" showyaxis="true"
             ticx="0.000000" ticy="0.000000" ticheight="0.000000" tictextheight="0.000000" sidetic="true"
             xmin="0.000000" ymin="0.000000" xmax="200.000000" ymax="200.000000"
             formatx="x=%3.0f" formaty="y=%3.0f"
             ixmin="-30.000000" iymin="-160.000000" ixmax="240.000000" iymax="120.000000">
            <property classname="wxCanvasOneColourStroke" name="549" colour="#EF7A05" pixelwidth="true" width="2.000000">
            </property>
            <property classname="wxCanvasOneColourStroke" name="538" colour="BLACK">
            </property>
            <property classname="wxCanvasOneColourStroke" name="548" colour="#7F7F7F" pixelwidth="true" style="5">
            </property>
            <property classname="wxCanvasOneColourStroke" name="540" colour="BLACK">
            </property>
            <property classname="wxCanvasOneColourFill" name="547" colour="#171914">
            </property>
            <canvasobject classname="wxCanvasPolygonLClipper" id="543" flags=" selectable visible draggable shadow filled bin" hitflags=" visible"
                 transform="matrix( 0.740741 0.000000 0.000000 0.714286 22.222222 114.285714 )"
                 points="4">
                
                <xy x="0.000000" y="0.000000">
                </xy>
                <xy x="0.000000" y="200.000000">
                </xy>
                <xy x="200.000000" y="200.000000">
                </xy>
                <xy x="200.000000" y="0.000000">
                </xy>
                <canvasobject classname="wxCanvasBarCurve" id="563" flags=" selectable visible draggable shadow filled bin" hitflags=" visible" barwidth="5.000000" depth="2.500000" angle3d="0.523599" points="15" rendermode="1">
                    
                    <xy x="-20.000000" y="-140.000000">
                    </xy>
                    <xy x="-10.000000" y="-130.000000">
                    </xy>
                    <xy x="0.000000" y="-120.000000">
                    </xy>
                    <xy x="20.000000" y="-100.000000">
                    </xy>
                    <xy x="50.000000" y="-50.000000">
                    </xy>
                    <xy x="60.000000" y="-30.000000">
                    </xy>
                    
                    <xy x="70.000000" y="-100.000000">
                    </xy>
                    <xy x="80.000000" y="-50.000000">
                    </xy>
                    <xy x="90.000000" y="-30.000000">
                    </xy>
                    <xy x="100.000000" y="20.000000">
                    </xy>
                    <xy x="110.000000" y="30.000000">
                    </xy>
                    <xy x="150.000000" y="50.000000">
                    </xy>
                    
                    <xy x="160.000000" y="60.000000">
                    </xy>
                    <xy x="170.000000" y="70.000000">
                    </xy>
                    <xy x="210.000000" y="80.000000">
                    </xy>
                    <property classname="wxCanvasOneColourFill" name="567" colour="#1D18A4">
                    </property>
                    
                    <properties>
                        <property classname="wxCanvasStringProperty" name="__NAME__" value="curve22">
                        </property>
                        <property classname="wxCanvasOneColourFill" name="566" colour="#1DF5A4" style="4">
                        </property>
                        <property classname="wxCanvasOneColourStroke" name="565" colour="#FF0100" pixelwidth="true">
                        </property>
                    </properties>
                    
                </canvasobject>
                
                <canvasobject classname="wxCanvasBarCurve" id="571" flags=" selectable visible draggable shadow filled bin" hitflags=" visible" barwidth="5.000000" depth="2.500000" angle3d="0.523599" points="15" rendermode="1">
                    
                    <xy x="-20.000000" y="-90.000000">
                    </xy>
                    <xy x="-10.000000" y="-120.000000">
                    </xy>
                    <xy x="0.000000" y="-100.000000">
                    </xy>
                    <xy x="20.000000" y="-80.000000">
                    </xy>
                    <xy x="50.000000" y="-30.000000">
                    </xy>
                    <xy x="60.000000" y="-20.000000">
                    </xy>
                    
                    <xy x="70.000000" y="-70.000000">
                    </xy>
                    <xy x="80.000000" y="-40.000000">
                    </xy>
                    <xy x="90.000000" y="-20.000000">
                    </xy>
                    <xy x="100.000000" y="30.000000">
                    </xy>
                    <xy x="110.000000" y="40.000000">
                    </xy>
                    <xy x="150.000000" y="70.000000">
                    </xy>
                    
                    <xy x="160.000000" y="80.000000">
                    </xy>
                    <xy x="170.000000" y="90.000000">
                    </xy>
                    <xy x="210.000000" y="100.000000">
                    </xy>
                    <property classname="wxCanvasOneColourFill" name="575" colour="#1DE040">
                    </property>
                    
                    <properties>
                        <property classname="wxCanvasStringProperty" name="__NAME__" value="curve33">
                        </property>
                        <property classname="wxCanvasOneColourFill" name="574" colour="#1DF5F4" style="2">
                        </property>
                        <property classname="wxCanvasOneColourStroke" name="573" colour="#FF0100" pixelwidth="true">
                        </property>
                    </properties>
                    
                </canvasobject>
                
            </canvasobject>
            
            <properties>
                <property classname="wxCanvasOneColourStroke" name="546" colour="#1D0000" pixelwidth="true">
                </property>
                <property classname="wxCanvasOneColourFill" name="545" colour="#42F7F7">
                </property>
            </properties>
            
            <canvasobject classname="wxCanvasTextDc" id="551" flags=" selectable visible shadow filled bin" hitflags=" visible"
                 transform="matrix( 1.000000 0.000000 0.000000 1.000000 81.437500 220.395000 )"
                 fontsize="5.500000" linespace="0.000000" caret="0" caretshow="false" text="Simple Plot" family="74" style="90" weight="90">
                
                <properties>
                    <property classname="wxCanvasStringProperty" name="__NAME__" value="__TITLE__">
                    </property>
                </properties>
                
            </canvasobject>
            
            <canvasobject classname="wxCanvasTextDc" id="555" flags=" selectable visible shadow filled bin" hitflags=" visible"
                 transform="matrix( 1.000000 0.000000 0.000000 1.000000 93.070000 -20.395000 )"
                 fontsize="5.500000" linespace="0.000000" caret="0" caretshow="false" text="time" family="74" style="90" weight="90">
                
                <properties>
                    <property classname="wxCanvasStringProperty" name="__NAME__" value="__XLABEL__">
                    </property>
                </properties>
                
            </canvasobject>
            
            <canvasobject classname="wxCanvasTextDc" id="559" flags=" selectable visible shadow filled bin" hitflags=" visible"
                 transform="matrix( 1.000000 0.000000 0.000000 1.000000 -45.234000 105.102500 )"
                 fontsize="5.500000" linespace="0.000000" caret="0" caretshow="false" text="voltage" family="74" style="90" weight="90">
                
                <properties>
                    <property classname="wxCanvasStringProperty" name="__NAME__" value="__YLABEL__">
                    </property>
                </properties>
                
            </canvasobject>
            
        </canvasobject>
        
        <canvasobject classname="wxCanvasPlot" id="579" flags=" selectable visible draggable shadow filled bin" hitflags=" visible"
             transform="matrix( 1.000000 0.000000 0.000000 1.000000 900.000000 150.000000 )"
             autoPlace="true" topPadding="2.250000" bottomPadding="2.250000" leftPadding="2.480000" rightPadding="0.000000"
             showgrid="true" showtics="true" showxaxis="true" showyaxis="true"
             ticx="0.000000" ticy="0.000000" ticheight="0.000000" tictextheight="5.000000" sidetic="true"
             xmin="0.000000" ymin="0.000000" xmax="200.000000" ymax="200.000000"
             formatx="x=%3.0f" formaty="y=%3.0f"
             ixmin="-100.000000" iymin="-100.000000" ixmax="200.000000" iymax="250.000000">
            <property classname="wxCanvasOneColourStroke" name="591" colour="#EF7A05" pixelwidth="true" width="2.000000">
            </property>
            <property classname="wxCanvasOneColourStroke" name="592" colour="#09E8EB" pixelwidth="true" width="2.000000">
            </property>
            <property classname="wxCanvasOneColourStroke" name="590" colour="#FF111B" pixelwidth="true" style="5">
            </property>
            <property classname="wxCanvasOneColourStroke" name="583" colour="BLACK">
            </property>
            <property classname="wxCanvasOneColourFill" name="589" colour="#D5D7D2">
            </property>
            <canvasobject classname="wxCanvasPolygonLClipper" id="586" flags=" selectable visible draggable shadow filled bin" hitflags=" visible"
                 transform="matrix( 0.666667 0.000000 0.000000 0.571429 66.666667 57.142857 )"
                 points="4">
                
                <xy x="0.000000" y="0.000000">
                </xy>
                <xy x="0.000000" y="200.000000">
                </xy>
                <xy x="200.000000" y="200.000000">
                </xy>
                <xy x="200.000000" y="0.000000">
                </xy>
                <canvasobject classname="wxCanvasVertexListCurve" id="606" flags=" selectable visible draggable shadow filled bin" hitflags=" visible" points="75" rendermode="-842150451">
                    
                    <xy x="-100.000000" y="164.402111">
                    </xy>
                    <xy x="-96.000000" y="127.432678">
                    </xy>
                    <xy x="-92.000000" y="87.711009">
                    </xy>
                    <xy x="-88.000000" y="51.508281">
                    </xy>
                    <xy x="-84.000000" y="24.540109">
                    </xy>
                    <xy x="-80.000000" y="11.064175">
                    </xy>
                    
                    <xy x="-76.000000" y="13.208033">
                    </xy>
                    <xy x="-72.000000" y="30.633214">
                    </xy>
                    <xy x="-68.000000" y="60.588665">
                    </xy>
                    <xy x="-64.000000" y="98.345080">
                    </xy>
                    <xy x="-60.000000" y="137.941550">
                    </xy>
                    <xy x="-56.000000" y="173.126664">
                    </xy>
                    
                    <xy x="-52.000000" y="198.345466">
                    </xy>
                    <xy x="-48.000000" y="209.616461">
                    </xy>
                    <xy x="-44.000000" y="205.160207">
                    </xy>
                    <xy x="-40.000000" y="185.680250">
                    </xy>
                    <xy x="-36.000000" y="154.252044">
                    </xy>
                    <xy x="-32.000000" y="115.837414">
                    </xy>
                    
                    <xy x="-28.000000" y="76.501185">
                    </xy>
                    <xy x="-24.000000" y="42.453682">
                    </xy>
                    <xy x="-20.000000" y="19.070257">
                    </xy>
                    <xy x="-16.000000" y="10.042640">
                    </xy>
                    <xy x="-12.000000" y="16.796091">
                    </xy>
                    <xy x="-8.000000" y="38.264391">
                    </xy>
                    
                    <xy x="-4.000000" y="71.058166">
                    </xy>
                    <xy x="0.000000" y="110.000000">
                    </xy>
                    <xy x="4.000000" y="148.941834">
                    </xy>
                    <xy x="8.000000" y="181.735609">
                    </xy>
                    <xy x="12.000000" y="203.203909">
                    </xy>
                    <xy x="16.000000" y="209.957360">
                    </xy>
                    
                    <xy x="20.000000" y="200.929743">
                    </xy>
                    <xy x="24.000000" y="177.546318">
                    </xy>
                    <xy x="28.000000" y="143.498815">
                    </xy>
                    <xy x="32.000000" y="104.162586">
                    </xy>
                    <xy x="36.000000" y="65.747956">
                    </xy>
                    <xy x="40.000000" y="34.319750">
                    </xy>
                    
                    <xy x="44.000000" y="14.839793">
                    </xy>
                    <xy x="48.000000" y="10.383539">
                    </xy>
                    <xy x="52.000000" y="21.654534">
                    </xy>
                    <xy x="56.000000" y="46.873336">
                    </xy>
                    <xy x="60.000000" y="82.058450">
                    </xy>
                    <xy x="64.000000" y="121.654920">
                    </xy>
                    
                    <xy x="68.000000" y="159.411335">
                    </xy>
                    <xy x="72.000000" y="189.366786">
                    </xy>
                    <xy x="76.000000" y="206.791967">
                    </xy>
                    <xy x="80.000000" y="208.935825">
                    </xy>
                    <xy x="84.000000" y="195.459891">
                    </xy>
                    <xy x="88.000000" y="168.491719">
                    </xy>
                    
                    <xy x="92.000000" y="132.288991">
                    </xy>
                    <xy x="96.000000" y="92.567322">
                    </xy>
                    <xy x="100.000000" y="55.597889">
                    </xy>
                    <xy x="104.000000" y="27.217353">
                    </xy>
                    <xy x="108.000000" y="11.906377">
                    </xy>
                    <xy x="112.000000" y="12.082227">
                    </xy>
                    
                    <xy x="116.000000" y="27.717141">
                    </xy>
                    <xy x="120.000000" y="56.342708">
                    </xy>
                    <xy x="124.000000" y="93.439582">
                    </xy>
                    <xy x="128.000000" y="133.150983">
                    </xy>
                    <xy x="132.000000" y="169.207351">
                    </xy>
                    <xy x="136.000000" y="195.916181">
                    </xy>
                    
                    <xy x="140.000000" y="209.060736">
                    </xy>
                    <xy x="144.000000" y="206.565778">
                    </xy>
                    <xy x="148.000000" y="188.825207">
                    </xy>
                    <xy x="152.000000" y="158.639869">
                    </xy>
                    <xy x="156.000000" y="120.775365">
                    </xy>
                    <xy x="160.000000" y="81.209668">
                    </xy>
                    
                    <xy x="164.000000" y="46.189332">
                    </xy>
                    <xy x="168.000000" y="21.243297">
                    </xy>
                    <xy x="172.000000" y="10.309993">
                    </xy>
                    <xy x="176.000000" y="15.115550">
                    </xy>
                    <xy x="180.000000" y="34.901275">
                    </xy>
                    <xy x="184.000000" y="66.543438">
                    </xy>
                    
                    <xy x="188.000000" y="105.046436">
                    </xy>
                    <xy x="192.000000" y="144.331493">
                    </xy>
                    <xy x="196.000000" y="178.196362">
                    </xy>
                    
                    <properties>
                        <property classname="wxCanvasStringProperty" name="__NAME__" value="curve3">
                        </property>
                        <property classname="wxCanvasOneColourStroke" name="607" colour="#62191E" pixelwidth="true" width="2.000000" style="2">
                        </property>
                    </properties>
                    
                </canvasobject>
                
                <canvasobject classname="wxCanvasVertexListCurve" id="611" flags=" selectable visible draggable shadow filled bin" hitflags=" visible" points="75" rendermode="-842150451">
                    
                    <xy x="-100.000000" y="74.039061">
                    </xy>
                    <xy x="-96.000000" y="61.339445">
                    </xy>
                    <xy x="-92.000000" y="62.200188">
                    </xy>
                    <xy x="-88.000000" y="76.470802">
                    </xy>
                    <xy x="-84.000000" y="101.649923">
                    </xy>
                    <xy x="-80.000000" y="133.290121">
                    </xy>
                    
                    <xy x="-76.000000" y="165.718879">
                    </xy>
                    <xy x="-72.000000" y="192.961154">
                    </xy>
                    <xy x="-68.000000" y="209.716804">
                    </xy>
                    <xy x="-64.000000" y="212.237199">
                    </xy>
                    <xy x="-60.000000" y="198.961028">
                    </xy>
                    <xy x="-56.000000" y="170.807180">
                    </xy>
                    
                    <xy x="-52.000000" y="131.076599">
                    </xy>
                    <xy x="-48.000000" y="84.976739">
                    </xy>
                    <xy x="-44.000000" y="38.841893">
                    </xy>
                    <xy x="-40.000000" y="-0.829233">
                    </xy>
                    <xy x="-36.000000" y="-28.368223">
                    </xy>
                    <xy x="-32.000000" y="-39.808158">
                    </xy>
                    
                    <xy x="-28.000000" y="-33.494721">
                    </xy>
                    <xy x="-24.000000" y="-10.341326">
                    </xy>
                    <xy x="-20.000000" y="26.311767">
                    </xy>
                    <xy x="-16.000000" y="71.212243">
                    </xy>
                    <xy x="-12.000000" y="118.003652">
                    </xy>
                    <xy x="-8.000000" y="160.199754">
                    </xy>
                    
                    <xy x="-4.000000" y="192.172633">
                    </xy>
                    <xy x="0.000000" y="210.000000">
                    </xy>
                    <xy x="4.000000" y="212.039566">
                    </xy>
                    <xy x="8.000000" y="199.141588">
                    </xy>
                    <xy x="12.000000" y="174.467899">
                    </xy>
                    <xy x="16.000000" y="142.947852">
                    </xy>
                    
                    <xy x="20.000000" y="110.458866">
                    </xy>
                    <xy x="24.000000" y="82.862583">
                    </xy>
                    <xy x="28.000000" y="65.050252">
                    </xy>
                    <xy x="32.000000" y="60.149203">
                    </xy>
                    <xy x="36.000000" y="69.016540">
                    </xy>
                    <xy x="40.000000" y="90.100509">
                    </xy>
                    
                    <xy x="44.000000" y="119.691533">
                    </xy>
                    <xy x="48.000000" y="152.523057">
                    </xy>
                    <xy x="52.000000" y="182.626736">
                    </xy>
                    <xy x="56.000000" y="204.305995">
                    </xy>
                    <xy x="60.000000" y="213.073029">
                    </xy>
                    <xy x="64.000000" y="206.399785">
                    </xy>
                    
                    <xy x="68.000000" y="184.162694">
                    </xy>
                    <xy x="72.000000" y="148.709109">
                    </xy>
                    <xy x="76.000000" y="104.533090">
                    </xy>
                    <xy x="80.000000" y="57.609872">
                    </xy>
                    <xy x="84.000000" y="14.492346">
                    </xy>
                    <xy x="88.000000" y="-18.689405">
                    </xy>
                    
                    <xy x="92.000000" y="-37.168912">
                    </xy>
                    <xy x="96.000000" y="-38.277016">
                    </xy>
                    <xy x="100.000000" y="-21.853367">
                    </xy>
                    <xy x="104.000000" y="9.728841">
                    </xy>
                    <xy x="108.000000" y="51.928785">
                    </xy>
                    <xy x="112.000000" y="98.737154">
                    </xy>
                    
                    <xy x="116.000000" y="143.598854">
                    </xy>
                    <xy x="120.000000" y="180.414621">
                    </xy>
                    <xy x="124.000000" y="204.464760">
                    </xy>
                    <xy x="128.000000" y="213.110717">
                    </xy>
                    <xy x="132.000000" y="206.165464">
                    </xy>
                    <xy x="136.000000" y="185.876067">
                    </xy>
                    
                    <xy x="140.000000" y="156.523052">
                    </xy>
                    <xy x="144.000000" y="123.701658">
                    </xy>
                    <xy x="148.000000" y="93.400156">
                    </xy>
                    <xy x="152.000000" y="71.022285">
                    </xy>
                    <xy x="156.000000" y="60.509405">
                    </xy>
                    <xy x="160.000000" y="63.701964">
                    </xy>
                    
                    <xy x="164.000000" y="80.041732">
                    </xy>
                    <xy x="168.000000" y="106.662087">
                    </xy>
                    <xy x="172.000000" y="138.852035">
                    </xy>
                    <xy x="176.000000" y="170.820235">
                    </xy>
                    <xy x="180.000000" y="196.637595">
                    </xy>
                    <xy x="184.000000" y="211.208513">
                    </xy>
                    
                    <xy x="188.000000" y="211.116007">
                    </xy>
                    <xy x="192.000000" y="195.205696">
                    </xy>
                    <xy x="196.000000" y="164.814653">
                    </xy>
                    
                    <properties>
                        <property classname="wxCanvasStringProperty" name="__NAME__" value="curve4">
                        </property>
                        <property classname="wxCanvasOneColourStroke" name="612" colour="#051900" pixelwidth="true">
                        </property>
                    </properties>
                    
                </canvasobject>
                
            </canvasobject>
            
            <properties>
                <property classname="wxCanvasOneColourStroke" name="588" colour="RED" pixelwidth="true">
                </property>
                <property classname="wxCanvasOneColourFill" name="587" colour="#101111">
                </property>
            </properties>
            
            <canvasobject classname="wxCanvasTextDc" id="594" flags=" selectable visible shadow filled bin" hitflags=" visible"
                 transform="matrix( 1.000000 0.000000 0.000000 1.000000 86.640625 223.131250 )"
                 fontsize="5.625000" linespace="0.000000" caret="0" caretshow="false" text="List Plot" family="74" style="90" weight="90">
                
                <properties>
                    <property classname="wxCanvasStringProperty" name="__NAME__" value="__TITLE__">
                    </property>
                </properties>
                
            </canvasobject>
            
            <canvasobject classname="wxCanvasTextDc" id="598" flags=" selectable visible shadow filled bin" hitflags=" visible"
                 transform="matrix( 1.000000 0.000000 0.000000 1.000000 93.109375 -23.131250 )"
                 fontsize="5.625000" linespace="0.000000" caret="0" caretshow="false" text="bigs" family="74" style="90" weight="90">
                
                <properties>
                    <property classname="wxCanvasStringProperty" name="__NAME__" value="__XLABEL__">
                    </property>
                </properties>
                
            </canvasobject>
            
            <canvasobject classname="wxCanvasTextDc" id="602" flags=" selectable visible shadow filled bin" hitflags=" visible"
                 transform="matrix( 1.000000 0.000000 0.000000 1.000000 -54.436250 107.309375 )"
                 fontsize="5.625000" linespace="0.000000" caret="0" caretshow="false" text="in space" family="74" style="90" weight="90">
                
                <properties>
                    <property classname="wxCanvasStringProperty" name="__NAME__" value="__YLABEL__">
                    </property>
                </properties>
                
            </canvasobject>
            
        </canvasobject>
        
        <canvasobject classname="wxCanvasPlot" id="616" flags=" selectable visible draggable shadow filled bin" hitflags=" visible"
             transform="matrix( 1.000000 0.000000 0.000000 1.000000 200.000000 550.000000 )"
             autoPlace="true" topPadding="2.250000" bottomPadding="2.250000" leftPadding="2.480000" rightPadding="0.000000"
             showgrid="true" showtics="true" showxaxis="true" showyaxis="true"
             ticx="0.000000" ticy="0.000000" ticheight="0.000000" tictextheight="5.000000" sidetic="true"
             xmin="0.000000" ymin="0.000000" xmax="200.000000" ymax="200.000000"
             formatx="x=%3.0f" formaty="y=%3.0f"
             ixmin="-100.000000" iymin="-100.000000" ixmax="200.000000" iymax="250.000000">
            <property classname="wxCanvasOneColourStroke" name="628" colour="#EF7A05" pixelwidth="true" width="2.000000">
            </property>
            <property classname="wxCanvasOneColourStroke" name="629" colour="#09E8EB" pixelwidth="true" width="2.000000">
            </property>
            <property classname="wxCanvasOneColourStroke" name="627" colour="#FF111B" pixelwidth="true" style="5">
            </property>
            <property classname="wxCanvasOneColourStroke" name="620" colour="BLACK">
            </property>
            <property classname="wxCanvasOneColourFill" name="626" colour="#D5D7D2">
            </property>
            <canvasobject classname="wxCanvasPolygonLClipper" id="623" flags=" selectable visible draggable shadow filled bin" hitflags=" visible"
                 transform="matrix( 0.666667 0.000000 0.000000 0.571429 66.666667 57.142857 )"
                 points="4">
                
                <xy x="0.000000" y="0.000000">
                </xy>
                <xy x="0.000000" y="200.000000">
                </xy>
                <xy x="200.000000" y="200.000000">
                </xy>
                <xy x="200.000000" y="0.000000">
                </xy>
                <canvasobject classname="wxCanvasVertexCurve" id="643" flags=" selectable visible draggable shadow filled bin" hitflags=" visible" points="75" rendermode="2">
                    
                    <xy x="-100.000000" y="74.039061">
                    </xy>
                    <xy x="-96.000000" y="61.339445">
                    </xy>
                    <xy x="-92.000000" y="62.200188">
                    </xy>
                    <xy x="-88.000000" y="76.470802">
                    </xy>
                    <xy x="-84.000000" y="101.649923">
                    </xy>
                    <xy x="-80.000000" y="133.290121">
                    </xy>
                    
                    <xy x="-76.000000" y="165.718879">
                    </xy>
                    <xy x="-72.000000" y="192.961154">
                    </xy>
                    <xy x="-68.000000" y="209.716804">
                    </xy>
                    <xy x="-64.000000" y="212.237199">
                    </xy>
                    <xy x="-60.000000" y="198.961028">
                    </xy>
                    <xy x="-56.000000" y="170.807180">
                    </xy>
                    
                    <xy x="-52.000000" y="131.076599">
                    </xy>
                    <xy x="-48.000000" y="84.976739">
                    </xy>
                    <xy x="-44.000000" y="38.841893">
                    </xy>
                    <xy x="-40.000000" y="-0.829233">
                    </xy>
                    <xy x="-36.000000" y="-28.368223">
                    </xy>
                    <xy x="-32.000000" y="-39.808158">
                    </xy>
                    
                    <xy x="-28.000000" y="-33.494721">
                    </xy>
                    <xy x="-24.000000" y="-10.341326">
                    </xy>
                    <xy x="-20.000000" y="26.311767">
                    </xy>
                    <xy x="-16.000000" y="71.212243">
                    </xy>
                    <xy x="-12.000000" y="118.003652">
                    </xy>
                    <xy x="-8.000000" y="160.199754">
                    </xy>
                    
                    <xy x="-4.000000" y="192.172633">
                    </xy>
                    <xy x="0.000000" y="210.000000">
                    </xy>
                    <xy x="4.000000" y="212.039566">
                    </xy>
                    <xy x="8.000000" y="199.141588">
                    </xy>
                    <xy x="12.000000" y="174.467899">
                    </xy>
                    <xy x="16.000000" y="142.947852">
                    </xy>
                    
                    <xy x="20.000000" y="110.458866">
                    </xy>
                    <xy x="24.000000" y="82.862583">
                    </xy>
                    <xy x="28.000000" y="65.050252">
                    </xy>
                    <xy x="32.000000" y="60.149203">
                    </xy>
                    <xy x="36.000000" y="69.016540">
                    </xy>
                    <xy x="40.000000" y="90.100509">
                    </xy>
                    
                    <xy x="44.000000" y="119.691533">
                    </xy>
                    <xy x="48.000000" y="152.523057">
                    </xy>
                    <xy x="52.000000" y="182.626736">
                    </xy>
                    <xy x="56.000000" y="204.305995">
                    </xy>
                    <xy x="60.000000" y="213.073029">
                    </xy>
                    <xy x="64.000000" y="206.399785">
                    </xy>
                    
                    <xy x="68.000000" y="184.162694">
                    </xy>
                    <xy x="72.000000" y="148.709109">
                    </xy>
                    <xy x="76.000000" y="104.533090">
                    </xy>
                    <xy x="80.000000" y="57.609872">
                    </xy>
                    <xy x="84.000000" y="14.492346">
                    </xy>
                    <xy x="88.000000" y="-18.689405">
                    </xy>
                    
                    <xy x="92.000000" y="-37.168912">
                    </xy>
                    <xy x="96.000000" y="-38.277016">
                    </xy>
                    <xy x="100.000000" y="-21.853367">
                    </xy>
                    <xy x="104.000000" y="9.728841">
                    </xy>
                    <xy x="108.000000" y="51.928785">
                    </xy>
                    <xy x="112.000000" y="98.737154">
                    </xy>
                    
                    <xy x="116.000000" y="143.598854">
                    </xy>
                    <xy x="120.000000" y="180.414621">
                    </xy>
                    <xy x="124.000000" y="204.464760">
                    </xy>
                    <xy x="128.000000" y="213.110717">
                    </xy>
                    <xy x="132.000000" y="206.165464">
                    </xy>
                    <xy x="136.000000" y="185.876067">
                    </xy>
                    
                    <xy x="140.000000" y="156.523052">
                    </xy>
                    <xy x="144.000000" y="123.701658">
                    </xy>
                    <xy x="148.000000" y="93.400156">
                    </xy>
                    <xy x="152.000000" y="71.022285">
                    </xy>
                    <xy x="156.000000" y="60.509405">
                    </xy>
                    <xy x="160.000000" y="63.701964">
                    </xy>
                    
                    <xy x="164.000000" y="80.041732">
                    </xy>
                    <xy x="168.000000" y="106.662087">
                    </xy>
                    <xy x="172.000000" y="138.852035">
                    </xy>
                    <xy x="176.000000" y="170.820235">
                    </xy>
                    <xy x="180.000000" y="196.637595">
                    </xy>
                    <xy x="184.000000" y="211.208513">
                    </xy>
                    
                    <xy x="188.000000" y="211.116007">
                    </xy>
                    <xy x="192.000000" y="195.205696">
                    </xy>
                    <xy x="196.000000" y="164.814653">
                    </xy>
                    
                    <properties>
                        <property classname="wxCanvasStringProperty" name="__NAME__" value="curve44">
                        </property>
                        <property classname="wxCanvasOneColourFill" name="645" colour="#1DF5A4">
                        </property>
                        <property classname="wxCanvasOneColourStroke" name="644" colour="#051900" pixelwidth="true">
                        </property>
                    </properties>
                    
                </canvasobject>
                
                <canvasobject classname="wxCanvasVertexCurve" id="649" flags=" selectable visible draggable shadow filled bin" hitflags=" visible" points="75" rendermode="2">
                    
                    <xy x="-100.000000" y="164.402111">
                    </xy>
                    <xy x="-96.000000" y="127.432678">
                    </xy>
                    <xy x="-92.000000" y="87.711009">
                    </xy>
                    <xy x="-88.000000" y="51.508281">
                    </xy>
                    <xy x="-84.000000" y="24.540109">
                    </xy>
                    <xy x="-80.000000" y="11.064175">
                    </xy>
                    
                    <xy x="-76.000000" y="13.208033">
                    </xy>
                    <xy x="-72.000000" y="30.633214">
                    </xy>
                    <xy x="-68.000000" y="60.588665">
                    </xy>
                    <xy x="-64.000000" y="98.345080">
                    </xy>
                    <xy x="-60.000000" y="137.941550">
                    </xy>
                    <xy x="-56.000000" y="173.126664">
                    </xy>
                    
                    <xy x="-52.000000" y="198.345466">
                    </xy>
                    <xy x="-48.000000" y="209.616461">
                    </xy>
                    <xy x="-44.000000" y="205.160207">
                    </xy>
                    <xy x="-40.000000" y="185.680250">
                    </xy>
                    <xy x="-36.000000" y="154.252044">
                    </xy>
                    <xy x="-32.000000" y="115.837414">
                    </xy>
                    
                    <xy x="-28.000000" y="76.501185">
                    </xy>
                    <xy x="-24.000000" y="42.453682">
                    </xy>
                    <xy x="-20.000000" y="19.070257">
                    </xy>
                    <xy x="-16.000000" y="10.042640">
                    </xy>
                    <xy x="-12.000000" y="16.796091">
                    </xy>
                    <xy x="-8.000000" y="38.264391">
                    </xy>
                    
                    <xy x="-4.000000" y="71.058166">
                    </xy>
                    <xy x="0.000000" y="110.000000">
                    </xy>
                    <xy x="4.000000" y="148.941834">
                    </xy>
                    <xy x="8.000000" y="181.735609">
                    </xy>
                    <xy x="12.000000" y="203.203909">
                    </xy>
                    <xy x="16.000000" y="209.957360">
                    </xy>
                    
                    <xy x="20.000000" y="200.929743">
                    </xy>
                    <xy x="24.000000" y="177.546318">
                    </xy>
                    <xy x="28.000000" y="143.498815">
                    </xy>
                    <xy x="32.000000" y="104.162586">
                    </xy>
                    <xy x="36.000000" y="65.747956">
                    </xy>
                    <xy x="40.000000" y="34.319750">
                    </xy>
                    
                    <xy x="44.000000" y="14.839793">
                    </xy>
                    <xy x="48.000000" y="10.383539">
                    </xy>
                    <xy x="52.000000" y="21.654534">
                    </xy>
                    <xy x="56.000000" y="46.873336">
                    </xy>
                    <xy x="60.000000" y="82.058450">
                    </xy>
                    <xy x="64.000000" y="121.654920">
                    </xy>
                    
                    <xy x="68.000000" y="159.411335">
                    </xy>
                    <xy x="72.000000" y="189.366786">
                    </xy>
                    <xy x="76.000000" y="206.791967">
                    </xy>
                    <xy x="80.000000" y="208.935825">
                    </xy>
                    <xy x="84.000000" y="195.459891">
                    </xy>
                    <xy x="88.000000" y="168.491719">
                    </xy>
                    
                    <xy x="92.000000" y="132.288991">
                    </xy>
                    <xy x="96.000000" y="92.567322">
                    </xy>
                    <xy x="100.000000" y="55.597889">
                    </xy>
                    <xy x="104.000000" y="27.217353">
                    </xy>
                    <xy x="108.000000" y="11.906377">
                    </xy>
                    <xy x="112.000000" y="12.082227">
                    </xy>
                    
                    <xy x="116.000000" y="27.717141">
                    </xy>
                    <xy x="120.000000" y="56.342708">
                    </xy>
                    <xy x="124.000000" y="93.439582">
                    </xy>
                    <xy x="128.000000" y="133.150983">
                    </xy>
                    <xy x="132.000000" y="169.207351">
                    </xy>
                    <xy x="136.000000" y="195.916181">
                    </xy>
                    
                    <xy x="140.000000" y="209.060736">
                    </xy>
                    <xy x="144.000000" y="206.565778">
                    </xy>
                    <xy x="148.000000" y="188.825207">
                    </xy>
                    <xy x="152.000000" y="158.639869">
                    </xy>
                    <xy x="156.000000" y="120.775365">
                    </xy>
                    <xy x="160.000000" y="81.209668">
                    </xy>
                    
                    <xy x="164.000000" y="46.189332">
                    </xy>
                    <xy x="168.000000" y="21.243297">
                    </xy>
                    <xy x="172.000000" y="10.309993">
                    </xy>
                    <xy x="176.000000" y="15.115550">
                    </xy>
                    <xy x="180.000000" y="34.901275">
                    </xy>
                    <xy x="184.000000" y="66.543438">
                    </xy>
                    
                    <xy x="188.000000" y="105.046436">
                    </xy>
                    <xy x="192.000000" y="144.331493">
                    </xy>
                    <xy x="196.000000" y="178.196362">
                    </xy>
                    
                    <properties>
                        <property classname="wxCanvasStringProperty" name="__NAME__" value="curve43">
                        </property>
                        <property classname="wxCanvasOneColourFill" name="651" colour="#81192C" style="4">
                        </property>
                        <property classname="wxCanvasOneColourStroke" name="650" colour="#62191E" pixelwidth="true" width="2.000000" style="2">
                        </property>
                    </properties>
                    
                </canvasobject>
                
            </canvasobject>
            
            <properties>
                <property classname="wxCanvasOneColourStroke" name="625" colour="RED" pixelwidth="true">
                </property>
                <property classname="wxCanvasOneColourFill" name="624" colour="#101111">
                </property>
            </properties>
            
            <canvasobject classname="wxCanvasTextDc" id="631" flags=" selectable visible shadow filled bin" hitflags=" visible"
                 transform="matrix( 1.000000 0.000000 0.000000 1.000000 86.640625 223.131250 )"
                 fontsize="5.625000" linespace="0.000000" caret="0" caretshow="false" text="List Plot" family="74" style="90" weight="90">
                
                <properties>
                    <property classname="wxCanvasStringProperty" name="__NAME__" value="__TITLE__">
                    </property>
                </properties>
                
            </canvasobject>
            
            <canvasobject classname="wxCanvasTextDc" id="635" flags=" selectable visible shadow filled bin" hitflags=" visible"
                 transform="matrix( 1.000000 0.000000 0.000000 1.000000 93.109375 -23.131250 )"
                 fontsize="5.625000" linespace="0.000000" caret="0" caretshow="false" text="bigs" family="74" style="90" weight="90">
                
                <properties>
                    <property classname="wxCanvasStringProperty" name="__NAME__" value="__XLABEL__">
                    </property>
                </properties>
                
            </canvasobject>
            
            <canvasobject classname="wxCanvasTextDc" id="639" flags=" selectable visible shadow filled bin" hitflags=" visible"
                 transform="matrix( 1.000000 0.000000 0.000000 1.000000 -54.436250 107.309375 )"
                 fontsize="5.625000" linespace="0.000000" caret="0" caretshow="false" text="in space" family="74" style="90" weight="90">
                
                <properties>
                    <property classname="wxCanvasStringProperty" name="__NAME__" value="__YLABEL__">
                    </property>
                </properties>
                
            </canvasobject>
            
        </canvasobject>
        
        <canvasobject classname="wxCanvasObject" id="658" flags=" selectable visible draggable shadow filled bin" hitflags=" visible"
             transform="matrix( 1.000000 0.000000 0.000000 1.000000 80.000000 -10.000000 )"
            >
            <canvasobject classname="wxCanvasTextDc" id="660" flags=" selectable visible draggable shadow filled bin" hitflags=" visible" fontsize="10.000000" linespace="1.000000" caret="0" caretshow="false" text="Two LineTitle" family="74" style="93" weight="90">
                
                <properties>
                    <property classname="wxCanvasOneColourStroke" name="662" colour="#000A00">
                    </property>
                    <property classname="wxCanvasOneColourFill" name="661" colour="RED">
                    </property>
                </properties>
                
            </canvasobject>
            
        </canvasobject>
        
    </canvasobject>
</cvg>